38
51
41
49
46
39
50
47
48
45
49
44
47
41
46
47
48
50
48
37
39
45
46
49
45
48
45
47
49
51
35
50
50
49
45
35
43
50
45
49
49
33
49
40
39
35
40
46
42
48
30
45
50
51
48
49
51
51
50
35
40
37
38
50
50
46
49
43
45
32
47
44
51
38
50
51
40
50
45
51
46
46
50
49
48
45
36
46
42
48
50
21
48
44
48
44
41
45
38
33
51
46
48
43
33
39
44
46
27
34
44
45
45
48
49
38
50
45
43
35
51
46
45
51
24
47
51
44
49
49
50
37
49
50
49
48
33
46
51
38
36
50
50
50
40
51
45
44
49
36
34
49
48
49
32
50
26
43
50
45
37
49
48
37
51
50
51
51
51
37
45
51
44
45
48
42
51
32
49
49
17
50
45
40
48
51
47
45
39
35
48
45
49
49
49
49
47
46
37
44
45
41
51
51
44
51
39
41
49
43
51
48
50
40
50
35
38
38
46
45
45
50
46
41
49
47
35
51
49
48
50
37
23
49
45
46
46
46
50
51
51
22
49
48
24
48
48
51
50
47
46
24
48
36
41
46
50
22
46
39
43
51
51
33
48
37
38
46
46
50
42
37
51
29
46
43
49
50
19
51
47
50
51
50
40
51
35
47
48
20
50
49
40
48
51
41
45
48
50
40
44
31
49
46
49
39
47
35
18
51
23
46
49
46
48
49
45
16
45
43
33
51
50
43
46
50
49
48
42
40
34
51
45
40
31
47
31
31
50
40
49
47
44
45
46
50
45
50
48
36
46
46
51
36
47
51
36
51
46
41
35
50
35
46
49
48
29
51
39
24
43
45
44
39
45
42
44
36
49
46
51
44
46
51
50
45
49
45
51
46
20
48
42
45
46
46
49
51
21
45
46
46
40
49
40
45
33
50
49
51
46
