56
33
51
47
57
57
33
45
50
33
56
57
56
33
57
57
27
54
39
35
44
50
57
56
57
44
47
31
56
50
45
42
42
44
46
30
57
34
44
52
39
37
48
57
57
44
49
57
46
54
51
48
26
55
54
57
30
31
45
54
40
47
52
3
56
42
52
51
57
39
55
55
47
56
49
28
55
44
42
51
54
57
46
29
11
57
27
32
57
53
51
50
36
44
45
39
50
41
23
52
40
48
34
56
44
40
37
48
18
52
57
50
37
46
48
53
57
53
48
57
39
37
51
52
33
51
54
47
26
56
24
54
46
44
16
38
54
35
49
46
51
54
54
45
46
48
48
43
45
54
51
44
54
22
54
56
51
48
52
43
32
55
36
55
50
57
57
54
43
48
46
46
38
46
47
34
32
