17
20
14
27
25
27
14
25
16
27
15
10
23
20
24
24
16
26
25
22
27
22
18
24
11
25
23
25
23
25
25
19
22
20
27
27
21
27
22
24
23
21
23
22
22
23
27
22
27
16
22
27
25
20
26
22
19
26
25
27
27
25
12
25
17
23
24
21
27
22
27
27
27
24
16
23
20
27
23
25
23
25
25
19
27
27
27
26
20
23
25
25
27
27
26
27
16
25
21
19
17
25
23
27
26
24
13
22
22
27
18
24
23
21
22
19
19
20
22
27
27
26
27
25
27
23
23
21
25
25
25
23
22
27
24
26
17
20
27
27
20
22
24
21
27
24
25
27
15
21
26
22
