39
25
43
44
35
45
44
34
39
38
42
36
38
45
16
37
46
34
45
45
44
45
36
44
39
37
45
38
41
38
43
33
40
41
34
46
31
44
42
44
43
40
39
36
37
33
35
41
42
41
40
46
36
44
43
43
40
44
46
46
44
34
46
38
35
24
32
42
38
27
45
45
35
29
45
41
40
40
43
30
37
34
42
33
43
41
36
40
40
44
45
34
42
44
45
46
45
31
46
27
34
38
45
45
36
38
38
46
43
43
21
46
46
44
45
36
41
45
27
42
44
32
41
36
45
39
43
41
38
40
45
43
36
46
11
16
42
33
45
28
43
30
41
43
46
45
38
45
20
38
38
44
43
37
46
39
16
40
44
28
45
43
34
36
42
32
15
27
28
43
41
33
42
35
39
46
41
42
42
46
45
44
36
46
24
44
41
41
42
44
44
45
30
38
42
42
30
36
34
42
40
31
45
43
38
42
45
44
39
44
24
43
31
44
41
36
43
35
45
30
39
46
43
39
44
36
44
24
45
44
44
38
42
41
45
40
36
45
27
42
30
45
46
37
42
45
38
42
39
39
44
45
29
46
28
38
46
45
28
45
18
36
42
40
45
39
41
35
43
28
43
44
40
34
44
41
46
44
45
39
27
44
45
42
38
44
33
36
26
26
42
42
42
31
45
44
44
23
40
38
46
44
35
46
28
24
30
15
46
45
28
42
36
44
42
44
42
37
44
46
26
44
45
19
45
45
24
40
43
41
9
21
44
38
23
45
46
38
33
44
33
41
45
40
40
38
26
27
46
36
37
40
41
32
38
35
43
46
41
41
27
43
29
44
31
35
34
32
40
41
44
42
45
44
42
42
43
44
46
