29
21
27
27
29
25
21
13
24
21
28
20
19
22
24
27
28
21
20
29
19
28
23
21
22
23
22
22
24
21
29
21
23
26
27
26
13
25
29
25
16
21
22
26
21
21
17
29
29
29
23
21
23
18
28
29
16
29
24
26
23
20
28
29
27
29
12
23
21
19
29
29
27
27
26
13
27
25
23
26
13
20
15
17
29
29
29
26
27
29
19
23
24
23
16
15
28
21
28
29
19
17
21
29
29
18
26
29
21
21
28
21
23
15
29
26
29
23
28
27
27
18
29
27
17
28
28
27
18
28
29
29
18
21
24
22
29
13
28
27
28
26
18
21
19
22
20
17
13
20
26
13
21
23
28
29
21
29
28
16
19
29
16
25
28
15
29
28
26
29
24
26
23
27
26
21
28
27
25
29
25
25
15
21
27
21
21
29
28
29
18
27
12
26
24
24
29
26
24
18
29
19
29
27
10
