50
30
43
44
53
53
52
50
50
52
48
46
38
54
50
44
44
50
31
51
52
53
42
57
51
57
57
53
52
55
56
50
50
49
54
45
54
54
50
45
32
53
45
31
54
57
50
49
48
53
57
52
55
50
57
47
45
57
49
49
38
48
55
28
49
44
56
57
50
56
28
49
45
56
47
57
50
52
50
48
48
51
53
37
55
48
53
54
52
50
56
54
48
57
52
17
53
57
17
51
56
56
57
55
51
51
24
47
37
39
45
53
57
57
56
54
55
26
49
50
55
51
50
51
49
53
54
50
53
57
45
41
56
43
53
55
31
50
50
31
57
18
51
57
39
57
50
44
57
54
55
42
55
57
49
51
51
48
56
57
50
50
42
55
52
52
44
50
49
47
25
53
48
53
27
53
55
29
40
47
51
54
48
50
52
54
53
22
50
55
49
57
55
57
54
57
57
49
57
48
49
53
51
57
48
54
45
50
45
54
50
50
52
57
56
56
54
50
56
18
39
31
53
36
54
22
56
50
47
45
39
50
34
46
26
50
57
50
57
54
52
56
56
44
35
54
55
49
57
53
53
56
50
50
57
50
44
52
57
54
51
45
53
56
49
56
49
49
57
46
39
54
37
50
57
50
47
56
51
56
45
51
21
51
46
57
51
57
49
56
48
47
57
53
45
52
33
55
52
57
49
56
54
52
53
54
50
57
50
54
50
55
49
49
53
49
40
37
38
54
49
50
57
55
53
50
50
50
56
46
55
55
48
54
47
50
55
50
56
53
15
31
50
55
55
56
44
54
51
54
50
51
53
50
55
45
57
49
54
57
44
40
52
34
56
36
49
29
50
47
57
52
52
47
50
56
56
57
46
33
53
55
44
55
50
57
53
52
51
53
53
49
57
56
53
56
50
53
50
53
43
53
45
53
46
57
49
50
52
55
56
50
44
36
56
24
26
47
53
57
53
48
31
50
47
24
57
49
49
44
53
49
57
53
45
50
50
45
37
52
56
57
56
52
54
57
57
56
34
49
55
53
57
43
53
52
57
30
49
54
56
50
50
45
55
41
57
50
52
49
52
13
52
50
33
49
40
53
56
50
46
25
54
50
55
56
54
47
49
56
46
57
52
56
57
57
56
38
57
57
45
24
57
44
45
47
57
50
56
56
51
51
34
54
53
37
51
54
55
53
57
53
50
49
45
53
55
50
57
43
42
56
50
57
50
29
48
50
51
55
39
46
54
46
51
57
50
54
53
50
47
49
50
51
49
50
56
45
46
56
45
53
32
53
45
57
45
37
52
39
45
54
48
53
50
54
26
51
50
49
45
37
29
49
45
36
46
57
52
55
49
49
57
53
50
49
57
52
57
51
52
51
51
56
53
45
50
50
57
55
52
33
57
22
51
53
50
54
44
37
57
52
55
52
45
56
57
51
44
51
40
48
55
28
45
50
56
50
50
57
56
55
29
57
57
52
49
50
45
57
53
33
51
57
29
50
29
57
53
50
57
57
57
50
56
57
44
49
54
57
57
54
53
45
56
52
56
57
50
57
49
47
51
34
54
52
56
26
57
55
50
51
51
52
50
45
52
45
15
57
41
48
32
57
54
52
53
44
46
52
55
50
52
53
50
39
50
46
54
36
57
56
56
46
41
46
50
57
56
17
34
54
54
56
50
55
56
57
53
44
36
31
57
57
54
53
34
56
50
56
56
52
37
50
52
33
49
46
54
56
37
49
29
54
56
55
13
22
42
27
57
57
31
52
49
57
49
45
54
57
52
50
50
44
49
48
44
56
45
56
51
54
47
43
51
51
57
53
54
39
52
36
48
54
50
40
54
54
57
55
