48
46
42
47
50
29
48
30
52
52
44
43
50
35
40
50
51
39
40
39
51
48
48
32
43
41
37
50
31
26
51
48
47
50
52
48
47
52
44
50
40
32
52
47
52
50
50
47
48
47
41
51
52
41
43
50
47
33
51
50
49
51
40
47
52
44
49
47
38
52
43
46
46
46
43
49
51
52
48
49
49
49
45
44
45
34
52
44
52
30
52
44
34
40
39
43
51
48
39
29
43
52
45
48
27
46
52
33
30
52
40
47
43
48
47
25
48
50
51
41
52
27
47
48
43
52
46
48
48
52
44
48
47
31
52
38
50
51
52
49
47
37
49
51
51
31
47
52
47
32
51
48
49
51
44
52
52
45
48
51
39
51
51
49
48
52
48
51
51
41
44
31
47
38
50
50
52
37
45
52
48
48
50
37
32
41
45
28
52
47
33
47
52
42
44
52
39
52
52
50
48
30
46
46
52
45
45
51
52
48
52
48
52
48
52
51
29
42
45
49
36
39
46
46
32
44
45
51
40
47
52
43
48
49
48
45
22
35
48
49
26
52
43
52
46
52
52
52
42
49
50
42
52
38
48
46
47
48
44
45
52
44
42
37
45
52
52
45
47
46
51
46
42
48
52
51
42
48
52
43
39
48
39
20
44
52
32
39
47
49
43
49
51
50
38
52
37
45
36
45
52
50
52
47
52
43
50
46
41
39
50
43
51
46
17
51
51
47
40
44
39
50
43
52
51
32
49
52
49
46
47
46
35
49
41
51
52
46
24
24
36
47
42
41
43
51
52
36
49
39
49
51
51
37
44
50
52
48
32
49
50
41
52
52
52
40
42
46
48
48
43
48
50
43
52
42
51
48
48
51
52
45
45
46
45
46
43
44
34
52
51
43
52
39
42
43
51
46
47
45
44
52
48
47
52
47
28
45
43
46
42
43
41
52
50
45
44
41
44
50
27
31
47
46
48
52
42
52
