36
35
37
36
37
36
36
35
32
37
37
35
37
31
35
33
37
37
36
34
37
36
23
32
36
35
36
35
37
15
35
30
32
35
30
37
30
33
35
36
34
29
33
37
35
34
36
35
34
21
37
37
37
33
23
17
37
35
37
37
36
27
36
34
37
31
31
35
36
36
37
8
37
36
35
36
31
16
34
35
31
35
37
37
37
34
33
37
35
30
37
37
37
23
37
33
36
35
34
36
37
30
27
35
36
36
27
28
37
36
36
35
36
37
33
35
37
26
22
35
31
37
37
34
37
31
37
33
36
36
37
31
29
36
35
36
34
34
33
36
36
36
33
36
36
31
37
36
36
36
35
36
29
37
36
37
35
34
18
33
25
36
37
34
36
23
37
36
33
37
35
36
33
37
35
37
37
36
37
35
37
26
37
35
35
33
32
33
35
24
19
37
37
18
35
37
31
35
37
35
37
33
36
36
36
36
37
36
37
37
36
37
37
36
34
36
30
35
37
34
36
22
36
32
36
37
27
37
35
26
35
37
37
37
37
24
34
18
37
33
33
36
37
37
36
31
33
27
32
30
33
36
25
37
37
36
37
34
37
37
9
36
37
24
35
37
36
23
27
35
36
37
37
35
36
32
30
20
37
37
15
37
35
37
18
36
37
36
34
29
28
4
35
34
35
37
25
37
37
28
34
35
35
36
26
35
27
37
34
35
37
35
23
36
37
34
37
31
35
37
35
36
37
37
35
33
33
33
37
36
35
36
37
36
33
33
36
36
36
34
34
37
21
35
33
22
31
35
34
29
36
37
35
35
35
36
35
32
33
37
35
36
34
34
21
37
26
33
37
29
37
37
36
23
36
35
29
19
36
37
37
36
35
37
37
35
28
36
34
36
36
35
37
30
37
37
36
35
37
29
28
35
37
35
37
37
35
35
37
37
22
37
32
37
31
37
37
34
34
37
36
