543
592
574
539
531
593
493
467
453
587
358
552
555
552
578
554
575
497
598
583
551
582
560
599
576
493
534
573
573
436
459
518
540
492
557
296
404
564
419
221
499
557
592
574
588
503
470
480
597
542
581
468
457
404
572
586
575
525
491
552
597
588
489
491
224
592
479
357
562
582
596
578
513
598
559
572
557
582
485
532
582
417
575
518
420
399
456
578
514
397
480
593
488
578
454
569
445
518
545
585
545
578
417
535
564
486
463
563
555
468
420
599
585
456
596
551
588
587
516
332
580
522
591
538
573
481
574
589
520
596
580
584
550
578
586
587
589
534
597
527
577
563
584
327
523
491
573
480
478
584
579
546
365
593
589
478
526
528
496
351
526
599
561
335
580
421
588
591
585
573
559
557
510
580
574
592
574
470
578
495
556
461
573
579
535
592
586
560
537
590
587
579
553
589
595
566
598
596
525
516
574
296
325
538
577
447
590
468
566
526
493
492
547
539
571
346
587
539
589
555
595
588
584
562
593
596
479
556
597
441
563
398
577
513
532
572
520
440
513
445
590
597
561
588
575
526
588
589
568
586
578
519
576
568
484
583
489
569
577
541
284
589
497
554
559
514
574
501
160
570
527
592
562
551
549
571
550
524
444
598
518
523
585
211
592
504
379
391
502
556
583
422
579
594
573
543
554
450
594
592
573
599
592
428
482
585
596
583
594
561
593
474
588
579
571
575
484
579
499
464
399
588
567
599
562
505
380
584
546
583
494
582
586
589
547
563
597
588
521
581
573
464
513
552
438
424
538
599
472
593
554
598
579
494
537
565
578
595
577
556
364
568
573
505
580
492
593
555
436
593
558
565
434
588
568
440
334
546
488
568
587
404
256
499
545
454
431
567
584
444
536
576
554
125
528
472
572
506
598
598
570
587
578
572
356
523
457
589
596
477
597
592
581
218
572
567
586
580
450
592
544
566
313
493
585
506
586
595
586
488
521
567
587
574
574
491
326
565
501
556
530
467
579
287
520
595
345
556
591
564
588
586
584
442
592
585
593
427
527
570
456
353
550
547
506
377
482
428
536
563
408
420
589
579
514
528
596
590
588
550
564
552
552
576
598
583
479
577
584
520
592
574
368
523
559
487
592
594
314
532
577
312
435
574
588
539
521
595
570
452
359
514
561
583
559
522
581
550
567
332
599
380
448
514
545
487
580
563
508
573
459
591
421
344
306
547
590
334
321
519
597
521
594
486
548
410
486
511
588
514
595
271
586
326
491
406
585
539
569
588
514
584
568
599
519
583
534
538
572
598
437
596
569
538
594
586
573
577
505
530
381
463
582
507
506
583
517
448
536
588
561
595
583
557
567
594
364
584
213
414
592
594
452
525
401
599
419
582
598
472
565
448
590
587
440
535
570
485
422
594
549
569
569
586
532
571
533
589
591
592
499
333
487
505
412
591
575
571
521
587
570
473
441
554
532
592
588
554
572
598
589
188
597
586
584
269
573
199
441
583
313
582
557
588
577
593
570
449
434
576
304
479
461
203
588
562
592
525
493
431
339
387
594
445
479
586
596
531
491
500
551
556
506
551
559
548
405
330
567
598
342
598
515
520
573
496
524
567
537
565
421
396
284
587
463
594
543
555
591
481
547
533
313
546
586
446
584
539
463
573
392
571
571
564
578
541
452
571
581
447
560
598
590
455
585
577
591
588
587
518
316
518
588
478
506
577
583
598
396
571
569
582
597
580
271
418
586
563
575
599
484
593
381
519
471
452
511
394
565
582
360
542
528
541
592
506
381
472
456
574
552
553
584
594
563
544
598
448
593
580
564
584
428
580
597
589
595
493
247
577
239
582
574
511
520
570
585
595
401
535
534
570
589
599
561
207
587
571
537
480
569
584
538
550
595
593
367
450
478
543
566
401
327
462
534
466
518
406
597
505
574
581
528
520
547
444
570
557
416
583
578
575
589
381
599
535
536
584
585
490
484
526
593
401
584
431
543
401
549
444
564
493
457
553
495
479
580
589
416
590
532
367
244
536
570
588
593
431
473
513
541
596
476
496
599
531
536
486
572
595
493
411
523
326
565
504
549
538
506
538
527
591
535
474
463
514
436
597
467
583
539
576
425
585
439
581
578
587
526
449
579
577
583
520
544
531
593
520
482
579
486
598
570
484
494
565
593
584
592
270
587
578
536
360
256
412
335
392
475
592
557
584
571
491
589
588
586
583
492
563
574
563
590
559
572
589
506
573
549
501
584
582
588
516
591
586
592
534
581
570
344
583
541
451
566
355
581
529
570
589
569
539
584
388
595
567
589
594
538
545
540
381
418
453
571
584
558
579
592
473
593
595
570
537
328
472
269
535
591
574
579
586
476
486
566
597
573
586
571
579
524
303
355
565
513
287
493
571
515
586
574
492
594
598
539
585
502
596
597
560
354
506
579
596
326
536
556
596
238
461
597
572
429
516
470
521
591
461
581
565
464
456
566
422
595
490
579
566
411
470
521
515
583
495
574
474
587
442
591
550
366
577
518
587
599
443
547
526
597
556
569
584
534
599
516
548
545
443
519
570
544
578
547
531
376
592
573
244
577
591
527
480
462
458
334
556
576
586
323
598
390
443
520
530
449
577
571
589
492
521
593
594
246
519
591
441
585
574
576
583
477
540
571
487
387
557
594
596
578
544
594
386
553
473
292
507
471
538
545
555
447
400
558
533
574
442
559
466
434
597
589
217
593
587
520
475
386
594
579
575
589
593
132
558
590
588
458
587
576
596
587
550
578
550
566
595
297
537
496
567
529
538
558
529
567
410
537
586
312
594
484
566
595
461
567
557
530
532
594
281
541
565
528
516
576
588
555
597
460
521
578
585
596
465
484
586
589
500
566
546
470
494
409
569
593
526
482
543
571
575
223
578
596
582
442
582
586
577
592
574
593
588
588
582
593
413
488
515
525
488
542
571
170
595
559
554
580
578
372
519
460
573
541
547
575
427
423
552
553
594
567
592
587
587
537
552
596
588
588
556
575
318
583
592
567
597
539
537
540
502
588
420
597
588
495
564
517
579
598
591
576
583
476
545
458
413
552
556
414
575
350
527
583
485
580
566
556
528
592
519
568
481
597
396
284
576
432
580
569
594
400
578
502
596
597
432
431
534
356
558
514
504
571
585
585
471
589
520
560
596
501
536
388
593
587
572
588
573
461
486
378
345
544
322
589
373
580
598
483
374
500
256
575
556
596
580
559
569
558
586
578
574
272
528
544
351
504
404
586
432
596
538
598
578
584
571
579
592
560
519
435
572
573
588
588
554
592
345
512
553
359
556
534
590
592
538
594
495
561
417
597
490
492
543
594
595
419
507
587
542
545
552
536
598
595
413
400
593
549
553
530
524
569
413
465
571
569
537
482
584
479
595
549
573
504
592
584
577
586
397
573
538
586
525
394
564
536
569
567
598
324
520
546
577
447
581
543
574
595
587
510
358
577
573
593
555
541
543
446
565
583
347
573
598
589
406
589
571
377
555
487
521
573
577
503
596
547
346
578
498
433
563
572
505
280
589
512
359
392
265
343
594
387
451
593
599
543
584
511
553
498
595
487
597
556
506
589
573
594
534
472
424
546
583
588
532
497
499
485
588
353
553
215
575
574
569
559
572
458
567
583
556
506
463
562
550
585
530
580
514
587
589
562
564
599
523
547
500
560
586
540
478
513
377
596
587
537
493
590
498
573
346
557
584
564
586
596
529
596
584
563
543
468
537
505
547
544
570
569
529
564
566
585
484
585
428
405
333
598
572
537
593
598
550
489
574
588
584
596
507
558
586
565
574
568
479
597
414
230
562
458
481
540
442
348
574
486
597
487
573
574
558
328
572
488
312
580
355
451
593
425
491
554
455
591
585
570
599
470
549
365
535
513
584
580
587
547
589
572
487
468
594
553
576
459
460
588
528
596
568
377
597
572
596
585
537
400
535
481
542
592
568
575
536
500
593
447
565
550
513
585
526
390
578
572
451
561
468
514
464
588
589
514
564
487
420
585
582
544
589
479
540
556
496
502
593
583
584
584
506
590
566
537
598
370
585
582
568
558
374
572
516
392
562
483
589
550
570
577
583
459
592
544
411
542
543
563
585
443
576
436
497
457
416
487
496
550
404
451
565
580
599
443
550
411
503
583
568
372
593
557
437
304
561
564
533
595
591
557
595
499
584
545
533
594
500
482
596
584
583
474
549
537
587
566
584
344
596
595
461
567
592
488
275
392
474
598
552
467
458
380
581
568
423
570
518
590
568
543
580
539
588
589
597
496
489
561
398
270
462
472
595
511
171
461
377
518
534
494
130
518
481
599
564
596
438
308
570
572
588
478
371
329
384
545
586
537
462
584
583
580
592
539
393
478
563
457
501
581
598
577
577
589
590
410
589
570
493
555
593
338
580
558
555
551
547
586
586
586
546
585
440
348
581
578
583
371
557
171
575
524
518
444
465
588
426
586
592
583
530
582
581
583
515
519
553
468
579
494
589
595
498
590
433
563
541
563
233
576
480
546
537
554
586
529
545
588
282
543
591
582
507
556
464
587
393
465
496
582
558
576
583
584
594
598
572
436
524
521
588
586
555
580
329
578
370
594
564
338
282
463
570
515
524
574
512
592
591
465
536
557
498
561
525
513
550
433
591
343
530
474
563
260
570
599
576
488
499
558
530
570
291
340
326
559
594
347
550
597
509
549
591
595
577
564
572
493
562
480
576
535
394
318
423
421
535
574
523
573
348
558
584
569
551
518
523
589
458
489
490
556
542
591
572
585
503
577
595
588
576
574
554
521
416
594
569
515
567
597
534
543
458
594
518
573
514
598
541
449
587
404
592
579
521
582
586
384
418
538
427
525
547
509
407
435
582
486
590
487
583
569
536
428
573
403
572
554
541
486
506
591
464
495
447
495
594
594
591
591
516
488
583
550
370
585
499
587
509
559
430
570
578
562
363
553
571
568
478
558
253
595
520
595
595
486
586
573
303
456
588
556
520
583
469
524
546
580
516
525
533
589
471
594
546
591
350
575
559
538
546
586
515
492
579
579
585
589
579
586
572
413
583
577
561
535
544
315
598
580
349
584
365
553
571
573
457
571
583
598
588
593
590
433
551
461
584
331
572
579
339
329
565
591
578
574
536
595
521
595
597
447
496
594
578
573
573
591
571
489
524
514
571
536
514
581
489
577
587
511
580
576
504
508
356
594
498
310
215
522
590
595
568
550
588
587
588
531
587
548
578
592
558
525
593
575
516
592
594
583
573
414
539
592
580
573
499
488
566
563
334
431
584
568
535
588
547
552
568
524
423
583
584
496
537
577
147
589
591
572
581
554
548
584
588
598
527
572
573
536
430
479
504
570
592
515
583
592
555
595
521
595
231
408
484
510
566
473
524
568
592
449
589
541
449
494
551
546
580
557
560
575
591
284
322
599
577
365
125
589
596
444
589
443
589
576
473
553
594
478
526
589
579
552
580
519
568
594
561
590
578
459
493
448
579
442
538
332
586
596
485
396
545
449
580
536
543
571
583
579
577
569
598
593
573
585
577
522
588
456
589
485
412
555
589
467
483
438
522
590
481
587
379
585
550
485
599
547
544
590
352
596
586
518
386
461
586
584
451
593
553
399
596
589
563
528
381
552
589
535
577
583
543
468
544
542
558
589
369
545
576
539
599
535
593
520
419
589
479
533
532
399
390
580
596
579
536
443
479
585
531
418
593
525
530
583
563
532
560
454
546
586
586
529
573
582
590
311
583
483
568
467
558
580
480
515
571
590
289
545
388
585
384
586
579
563
594
584
450
267
594
526
474
513
548
572
395
590
485
549
509
589
488
407
592
570
406
586
329
553
572
560
415
307
393
595
581
265
593
468
569
354
539
530
565
536
579
579
545
564
579
577
350
415
489
527
595
588
513
249
182
475
531
571
576
432
574
591
489
572
496
591
506
574
322
593
582
595
522
596
593
586
426
546
593
565
543
571
557
522
583
565
489
545
443
535
598
595
482
562
530
504
365
572
573
588
523
579
564
562
547
592
588
591
583
554
578
586
579
584
552
215
579
588
594
533
459
495
412
568
396
392
504
572
536
571
477
506
475
513
467
363
579
520
598
571
588
486
592
592
393
299
556
538
481
454
548
585
590
424
571
457
594
589
590
567
542
554
591
573
573
593
579
572
468
595
595
466
443
588
503
581
566
537
587
419
531
587
356
445
597
517
486
577
558
549
465
579
503
563
301
566
547
579
573
492
578
572
469
486
578
261
488
593
591
358
572
532
542
560
586
539
519
567
561
465
584
533
578
291
580
584
377
580
588
324
545
587
267
542
567
538
487
593
586
538
589
487
506
588
525
576
516
572
506
592
585
519
573
588
495
571
563
588
573
573
556
543
493
477
538
532
538
542
484
399
397
588
594
427
582
281
591
498
582
292
590
579
594
579
413
596
480
596
545
584
470
572
553
473
517
519
334
483
570
595
474
551
579
458
511
545
560
491
585
552
563
251
387
335
476
582
588
589
566
437
590
515
574
525
590
562
542
577
415
546
565
580
319
576
598
574
583
599
505
506
508
189
571
480
457
582
419
571
451
527
526
379
556
533
591
594
542
543
582
589
509
508
536
591
519
511
505
595
489
514
551
584
579
584
494
583
564
571
562
599
270
533
349
598
418
561
590
598
597
507
598
472
526
560
276
570
563
462
598
512
543
562
563
590
558
589
578
589
390
580
570
513
471
531
596
415
391
532
374
541
536
484
388
585
524
592
556
592
322
521
578
595
584
584
591
558
589
593
599
597
573
597
598
572
581
518
578
567
477
553
577
539
518
584
556
484
557
595
523
530
380
529
589
589
397
510
531
597
504
550
438
448
485
518
588
598
589
500
548
453
574
596
516
358
525
506
553
576
491
507
588
525
587
546
463
516
522
496
584
401
562
588
531
543
518
481
567
549
525
595
531
599
576
514
599
597
588
330
458
594
535
592
583
592
595
587
587
310
560
584
545
556
584
521
585
589
400
522
508
589
591
569
592
572
535
588
596
584
332
444
584
589
572
471
498
293
523
598
584
588
585
598
432
599
563
547
547
541
462
593
574
536
542
556
544
554
552
579
546
525
175
519
563
577
597
585
413
528
588
589
587
203
550
475
598
565
585
509
568
525
597
515
556
498
535
326
434
345
473
547
573
563
572
592
499
588
325
501
569
587
509
550
429
579
589
588
526
235
537
495
588
579
500
592
539
558
545
558
415
576
586
553
586
542
490
550
290
589
577
543
570
569
350
582
572
579
564
469
589
545
393
558
585
504
592
465
526
425
373
570
449
404
519
506
538
513
345
562
599
563
573
510
555
539
502
542
588
481
526
535
513
520
395
584
447
517
562
253
570
575
540
523
520
505
581
588
339
599
449
530
591
586
546
589
587
401
273
592
536
599
505
528
514
565
597
523
580
589
342
209
470
355
573
536
560
586
564
564
477
447
590
525
590
240
589
550
543
577
541
586
502
557
545
573
541
598
593
598
541
486
437
463
589
577
584
590
576
545
573
556
599
515
587
277
494
302
590
329
514
562
455
593
431
584
573
587
599
247
534
540
593
322
546
558
537
550
291
591
580
587
277
563
538
585
532
412
585
517
508
452
307
589
280
551
552
599
598
302
598
560
531
298
585
575
570
592
550
375
585
565
468
570
445
481
480
589
540
562
325
560
553
573
574
550
577
585
466
495
544
554
581
419
557
589
594
516
494
563
468
514
595
575
444
529
594
590
372
485
574
283
598
584
587
426
430
590
558
490
588
506
392
557
486
444
563
528
314
599
467
564
481
573
407
578
594
508
585
592
342
576
597
583
517
507
549
250
397
571
585
587
385
542
585
528
538
588
587
596
224
559
587
595
588
492
571
581
597
457
578
564
456
490
436
579
587
527
570
574
558
571
492
591
599
564
490
452
536
593
535
583
440
598
262
575
584
267
590
503
595
596
447
537
504
483
449
590
588
552
203
469
586
567
586
428
587
593
540
585
568
577
586
595
410
521
588
580
588
599
556
373
579
592
595
542
595
375
543
599
521
527
584
368
493
403
589
592
536
596
441
593
563
584
589
476
570
354
510
588
494
556
588
578
480
502
396
457
497
248
567
530
550
193
573
333
556
591
362
490
573
597
577
544
465
588
535
562
427
385
599
538
570
595
596
592
383
520
587
546
591
591
546
574
553
595
525
573
595
496
592
565
572
363
501
536
415
593
457
577
388
543
586
546
540
537
592
542
496
574
578
535
585
459
586
585
573
598
456
589
571
463
403
554
536
572
584
595
593
264
395
489
595
547
299
584
404
572
569
596
559
582
550
535
599
472
556
583
586
572
593
581
551
583
561
479
435
322
584
598
566
520
594
421
597
543
509
594
596
368
404
498
458
582
471
345
585
595
588
592
567
231
128
388
578
597
502
487
584
594
585
417
584
330
445
581
586
596
494
595
531
575
590
449
380
565
555
486
596
557
563
476
349
590
582
319
584
452
553
507
593
563
586
483
472
422
481
563
587
584
575
596
578
518
588
588
500
484
573
595
399
596
596
579
586
580
454
551
596
591
448
594
561
563
351
599
558
573
562
471
515
572
588
579
503
348
598
532
470
363
552
507
587
579
430
563
496
591
426
507
597
593
571
494
344
587
581
537
321
588
571
413
394
499
420
471
595
592
531
533
595
575
422
367
506
587
460
592
593
501
553
591
570
468
564
508
594
493
344
534
356
199
587
477
598
507
581
368
574
578
583
576
430
521
566
588
592
589
580
592
334
598
561
576
593
556
592
599
512
584
390
470
599
586
568
577
522
559
390
377
579
357
478
569
577
580
481
455
552
419
444
536
547
584
576
358
531
533
334
582
588
578
522
592
583
272
593
533
441
558
587
577
534
553
98
511
559
569
552
595
574
427
571
281
535
584
588
457
506
560
578
597
543
266
417
515
526
408
592
557
586
581
581
571
591
584
582
456
587
504
531
596
283
496
562
532
525
473
583
414
394
594
523
599
564
570
564
464
234
488
573
412
573
520
537
584
583
545
542
563
551
575
378
399
549
530
529
568
597
364
522
491
595
589
568
414
541
536
558
595
569
514
540
587
542
595
580
599
589
576
544
582
587
577
596
568
509
581
468
588
591
490
573
529
539
565
574
536
594
597
588
578
439
599
588
574
595
511
548
590
509
371
588
419
599
540
527
586
572
598
309
573
520
560
496
529
502
589
508
473
551
462
550
596
589
573
191
574
582
582
572
597
594
573
580
584
592
537
587
586
597
584
410
568
535
588
587
456
574
577
524
583
599
492
559
242
426
573
594
595
575
590
529
557
432
594
532
588
562
468
593
549
586
497
483
348
424
589
598
584
591
502
492
577
576
561
475
444
370
594
585
586
548
545
180
495
224
311
532
571
545
588
585
558
573
589
463
582
598
544
545
586
569
585
526
536
282
588
533
286
598
596
584
587
504
425
515
566
553
475
598
559
530
449
504
283
532
471
598
527
538
417
377
526
473
439
569
594
589
559
347
497
428
577
458
562
521
547
441
586
576
548
518
553
257
284
587
455
475
408
532
556
341
591
526
473
577
302
576
595
506
489
588
549
577
360
536
599
394
516
586
471
532
584
586
594
574
507
580
527
541
539
563
527
585
588
576
483
398
487
569
366
579
584
294
542
555
554
554
584
499
564
591
592
591
510
570
462
581
417
494
557
560
257
296
549
491
561
280
569
451
539
592
562
566
581
502
514
433
515
598
584
590
269
597
583
554
581
576
400
573
509
419
428
591
448
567
556
550
586
584
348
578
549
543
510
550
568
524
596
573
586
587
565
571
557
571
103
518
506
347
599
466
481
530
444
543
472
538
561
405
481
411
593
581
534
554
556
569
225
583
570
535
592
544
580
460
439
581
557
564
520
580
361
514
585
500
585
596
575
589
453
582
529
495
555
584
584
492
472
554
592
390
593
591
584
583
350
348
557
540
590
543
578
550
572
596
578
465
599
430
588
552
541
593
586
552
582
359
584
541
398
536
472
549
588
563
476
579
568
511
595
492
556
587
584
461
471
305
539
577
592
487
592
555
575
574
584
534
514
537
306
570
592
305
588
505
586
491
512
582
536
565
490
509
544
596
595
579
455
583
518
562
576
570
597
577
589
556
583
362
592
592
323
592
475
560
550
597
436
545
593
310
518
577
547
428
526
530
468
586
538
563
382
439
573
593
518
507
484
512
392
598
579
543
513
572
444
568
550
525
595
554
520
536
542
406
528
587
586
588
575
506
582
582
589
593
552
415
586
540
510
520
540
399
425
401
420
585
69
542
536
596
277
474
563
441
389
537
542
598
568
407
546
534
393
453
541
264
588
584
585
442
576
579
484
571
559
417
569
521
529
589
574
589
398
465
493
496
391
559
585
497
490
395
557
593
586
569
586
586
536
589
535
575
473
434
310
575
589
415
552
586
499
569
378
571
482
441
568
501
407
528
547
595
447
443
568
579
584
519
580
570
591
411
545
581
578
583
568
515
467
581
351
496
521
598
571
566
583
543
549
430
352
330
514
495
589
585
510
534
552
471
522
579
577
586
537
510
518
581
577
411
551
556
575
353
584
479
531
576
586
344
444
582
543
548
551
507
480
594
572
589
590
418
575
596
516
512
582
584
576
595
589
560
557
576
549
586
539
586
595
128
585
588
515
591
406
426
586
540
269
508
586
574
588
585
574
585
589
584
576
296
383
584
436
585
500
534
587
546
382
530
586
440
552
589
588
588
577
572
315
456
587
596
530
597
585
248
425
557
457
467
553
476
582
540
586
563
587
577
573
571
551
541
525
586
549
562
540
521
592
472
579
553
516
536
589
479
501
516
584
481
478
570
425
565
562
570
482
498
581
454
533
580
418
595
576
529
526
587
563
570
596
566
593
207
587
580
486
598
551
594
574
241
556
584
418
589
586
499
522
580
488
389
588
406
583
570
580
588
593
579
572
551
549
498
578
584
588
553
543
518
460
537
586
494
591
368
519
597
406
586
526
506
535
518
594
588
445
565
595
563
579
551
585
562
559
595
344
463
470
585
412
598
584
570
565
465
408
594
520
499
575
594
545
386
507
221
588
439
583
571
587
568
445
518
587
362
593
400
497
596
532
592
589
521
586
498
580
513
585
547
590
574
574
478
538
516
561
574
360
585
592
594
568
544
420
597
578
467
506
384
585
563
583
577
548
454
564
587
582
425
540
359
501
584
542
459
561
579
491
572
595
517
592
456
570
540
520
366
587
499
595
556
500
569
578
538
594
581
527
582
461
596
521
578
531
544
592
576
583
547
400
508
591
482
449
567
573
584
578
559
595
527
593
590
378
550
523
498
433
576
495
598
499
548
416
539
586
595
591
591
290
567
584
573
470
595
582
563
592
468
495
573
584
599
537
441
392
571
408
166
532
588
464
582
573
552
419
586
505
566
577
592
587
575
523
571
522
461
576
598
438
583
592
554
594
560
480
588
595
580
439
573
577
587
567
294
570
564
594
558
397
506
390
589
562
586
535
472
351
515
564
594
594
542
583
467
582
598
440
462
527
332
524
596
516
580
551
433
573
391
514
574
599
587
539
588
326
573
560
595
571
586
514
597
576
460
584
520
570
557
285
488
443
593
565
575
580
579
502
570
589
585
579
492
577
580
287
435
200
452
563
440
558
583
498
580
418
585
511
592
546
579
570
446
488
516
398
521
592
559
581
556
500
597
580
571
434
590
543
561
506
539
521
547
579
597
565
391
463
201
568
590
482
598
491
589
346
159
564
494
598
559
564
596
536
352
584
589
579
560
544
499
430
584
474
519
592
358
572
215
595
427
275
448
438
592
586
596
593
583
415
584
599
594
560
586
583
594
574
471
502
470
580
494
581
583
471
492
441
584
595
588
585
585
552
461
370
554
598
567
587
595
533
378
507
526
552
596
582
583
506
574
583
596
536
595
538
577
591
586
485
569
381
406
572
583
481
567
486
440
563
582
590
478
566
453
554
541
563
493
559
598
438
591
558
575
586
575
590
535
495
562
409
568
572
567
459
584
525
551
457
595
585
598
592
573
587
589
518
573
578
555
464
585
506
591
514
476
463
590
577
536
442
589
554
504
533
585
560
568
497
584
528
536
568
587
420
372
570
574
524
571
466
554
575
570
578
470
206
571
533
590
582
586
524
482
427
591
450
573
575
591
544
577
429
421
315
588
483
585
592
235
551
513
597
322
553
544
542
581
584
560
597
325
397
567
374
546
484
441
486
596
585
502
591
359
568
582
203
583
465
579
561
503
521
599
443
463
526
590
592
579
543
572
588
548
570
572
552
509
537
464
579
345
338
539
584
584
525
444
417
564
575
523
543
563
575
541
483
419
537
593
452
576
558
566
583
495
589
577
361
592
584
588
456
589
507
594
374
125
579
517
583
558
478
561
558
589
562
418
520
594
527
599
568
588
584
574
584
569
598
588
321
428
571
494
569
508
532
517
209
592
592
582
535
587
432
589
530
454
576
540
563
527
541
587
510
420
588
586
348
587
518
596
492
576
579
480
595
561
597
595
574
556
567
575
586
347
581
583
503
566
560
595
561
586
587
585
482
588
418
488
489
352
573
592
597
562
505
373
575
529
583
584
584
549
532
585
468
591
576
587
573
499
587
595
473
559
545
503
555
547
576
596
584
561
470
502
578
406
555
480
576
484
540
544
553
577
492
471
598
563
505
435
585
229
506
585
584
447
580
579
482
594
532
420
533
566
595
550
371
523
556
425
587
593
575
557
590
591
567
526
558
592
575
589
574
592
470
534
586
563
507
578
567
553
484
587
507
569
437
486
592
446
489
443
566
598
518
597
597
557
527
598
345
596
556
556
593
576
224
523
589
588
579
585
535
588
536
491
554
576
331
552
544
451
519
518
382
553
523
592
440
505
599
586
309
553
546
546
425
560
596
587
581
553
578
498
536
465
551
589
587
579
574
222
596
364
580
589
443
443
511
535
591
484
568
567
586
474
578
547
587
444
585
545
533
569
563
530
597
330
520
376
577
581
535
558
574
372
596
530
431
405
462
588
444
580
484
589
584
596
504
556
593
415
576
591
549
592
595
591
574
473
494
516
446
599
552
547
524
473
575
522
471
595
489
575
450
520
585
499
574
568
271
416
476
453
579
579
578
518
494
456
592
547
538
533
370
523
499
557
578
578
582
524
594
595
568
501
435
576
585
595
423
583
195
588
486
498
521
428
574
542
594
556
559
478
585
580
524
578
573
298
592
588
579
588
497
579
571
379
145
410
562
584
469
515
541
519
536
598
277
395
450
436
491
564
592
309
472
366
423
474
440
508
576
476
423
587
598
596
544
387
562
585
378
542
448
489
563
412
594
494
566
563
595
540
592
570
591
595
494
497
191
589
425
599
568
441
583
579
552
307
592
473
499
160
594
461
569
549
519
568
556
591
394
577
586
495
512
599
557
581
596
564
543
383
516
570
595
467
472
595
439
575
597
490
540
582
424
190
438
597
374
578
302
598
545
526
569
588
307
568
597
179
579
582
569
560
519
591
592
582
539
523
593
585
313
227
502
521
542
571
573
416
586
560
598
447
447
563
585
584
400
453
480
492
326
483
591
561
538
574
591
589
552
590
585
584
591
588
595
586
199
311
586
570
598
598
590
362
595
590
533
470
582
589
590
524
555
586
569
560
559
576
572
577
588
475
327
589
536
528
565
572
555
585
380
353
533
566
554
368
470
427
383
542
453
584
572
581
550
301
595
584
374
575
565
595
415
541
573
548
524
530
545
597
584
510
598
493
532
584
355
537
580
585
378
371
577
303
554
387
593
591
518
591
456
556
516
585
577
564
580
540
273
557
352
439
435
572
573
380
581
582
490
403
532
597
571
544
577
584
570
355
587
471
583
376
574
507
589
425
570
586
598
498
591
432
501
465
573
341
589
562
403
188
561
382
577
554
560
497
499
585
597
522
531
529
548
563
565
591
496
552
599
505
500
526
592
576
449
551
591
579
438
563
590
586
580
553
576
580
589
513
598
582
580
594
514
574
559
561
494
568
525
566
550
468
593
568
569
435
290
463
484
588
381
526
514
556
569
593
585
505
569
589
592
598
517
456
563
522
583
592
570
407
592
568
536
411
588
514
531
592
519
502
572
568
589
568
597
140
383
587
537
572
579
590
533
575
516
421
357
592
583
569
441
587
573
520
538
596
520
558
554
595
585
559
578
488
529
593
542
550
530
561
482
517
590
539
486
583
570
576
563
490
580
440
571
583
464
178
597
588
571
439
528
546
583
553
587
560
529
519
558
590
296
451
546
507
577
371
584
477
588
573
590
512
596
593
482
588
564
447
542
595
588
419
576
593
599
566
369
499
537
559
590
545
467
551
563
597
568
531
582
588
584
596
530
557
568
550
559
571
533
572
531
566
577
549
491
561
495
583
583
580
596
533
593
515
595
585
508
573
581
575
355
421
465
540
423
381
435
583
590
512
576
507
585
591
537
545
596
589
515
583
538
555
497
478
461
492
441
422
583
544
514
509
593
596
577
467
552
550
561
588
599
444
587
541
448
507
497
572
549
509
563
587
587
592
578
599
547
312
424
549
570
510
426
537
563
589
554
493
585
597
588
572
563
424
580
590
553
599
535
553
535
584
552
542
509
579
595
595
573
468
193
571
469
472
550
270
583
586
586
581
508
371
460
494
572
377
586
541
439
547
579
568
565
549
536
216
505
376
589
595
537
565
479
547
461
595
597
478
458
461
587
597
466
523
588
580
536
478
520
587
448
589
575
541
561
522
596
526
587
391
510
592
572
591
566
493
574
582
571
474
543
424
586
585
556
488
586
577
579
451
375
574
578
463
571
491
593
554
458
596
586
446
595
556
565
458
539
211
573
572
569
537
330
592
555
533
586
547
546
560
470
582
593
556
521
598
475
480
180
561
552
597
557
152
573
563
588
586
560
427
420
298
598
488
578
508
461
379
532
576
582
541
595
581
464
422
585
516
435
586
595
540
554
534
587
579
251
527
285
492
583
575
595
593
491
563
508
493
580
596
590
520
591
480
506
485
392
360
584
515
550
420
558
469
549
573
574
437
584
536
546
581
570
389
598
464
583
590
483
516
578
593
581
427
563
422
556
597
573
497
576
538
589
580
573
577
480
581
570
498
595
579
592
504
509
527
537
586
546
598
549
563
587
595
511
581
458
468
588
551
575
479
513
597
450
568
535
567
581
583
458
597
598
486
593
550
385
577
548
489
550
590
517
250
345
507
526
475
594
543
539
573
568
588
515
592
576
546
555
594
490
440
582
597
572
570
574
550
558
476
395
534
540
551
514
521
581
589
549
351
585
596
520
468
550
514
588
483
218
526
476
597
150
579
557
589
445
485
420
599
521
589
421
392
581
459
577
522
585
457
451
555
470
543
419
588
597
499
552
376
308
530
576
596
506
578
465
536
403
373
446
488
551
545
489
509
585
460
570
496
494
576
564
595
599
567
418
534
333
475
488
589
521
581
398
593
442
581
596
553
595
584
584
442
591
567
596
496
482
566
585
591
596
579
542
581
591
585
362
486
597
553
487
361
591
553
573
546
567
598
580
513
341
570
554
416
489
589
559
572
599
587
574
555
576
489
564
436
587
599
586
555
580
495
580
547
580
543
574
578
596
563
435
458
421
481
595
558
560
570
591
440
582
366
586
592
550
415
559
570
573
530
479
573
541
567
589
597
593
555
593
494
520
554
465
590
592
588
594
540
595
381
597
556
589
565
425
565
543
574
593
578
571
543
568
426
405
510
508
380
572
557
523
591
502
580
599
543
412
581
555
587
577
591
561
525
594
516
554
569
561
371
542
586
584
387
483
564
574
590
460
548
566
562
406
406
559
351
588
422
505
508
591
575
579
503
434
578
413
573
577
508
441
563
577
575
563
583
586
583
556
591
503
572
561
570
576
594
598
594
553
542
356
493
466
537
586
571
587
394
482
577
464
580
576
581
549
546
451
393
570
517
461
463
592
574
285
459
539
565
588
573
392
539
599
545
570
415
585
572
585
582
554
564
463
524
486
541
549
306
451
558
547
499
360
536
595
500
465
318
479
371
574
584
587
569
559
584
472
534
547
584
591
571
576
484
386
512
532
576
550
584
537
514
505
588
539
490
344
589
539
468
547
536
370
545
523
575
492
562
595
590
566
542
538
589
560
576
581
586
585
591
415
536
409
598
434
567
578
579
459
400
597
583
418
572
530
557
580
526
579
536
515
582
553
523
593
566
431
599
410
556
573
571
579
332
491
473
505
597
578
597
598
531
597
567
488
574
599
582
461
434
589
508
571
518
544
586
561
426
561
590
460
579
585
586
578
566
526
550
558
569
568
502
591
580
291
588
450
384
387
567
591
589
596
566
441
453
587
594
523
573
586
586
547
589
596
212
452
593
581
537
509
464
591
587
580
519
575
459
579
579
368
587
589
549
443
552
502
581
573
577
584
514
349
570
575
499
535
570
580
578
546
513
568
454
471
480
417
563
229
582
344
436
573
594
588
572
385
457
589
544
554
527
542
433
582
595
545
501
499
452
586
564
577
589
522
485
594
582
501
514
548
576
564
313
541
434
564
446
468
469
573
520
591
537
576
584
549
595
416
588
585
530
544
514
576
582
577
445
587
592
268
492
584
522
457
532
581
581
177
413
473
347
335
512
579
584
515
589
578
585
584
489
534
594
552
523
573
479
548
516
570
586
546
488
593
539
575
586
518
557
568
592
588
559
468
592
588
518
354
567
539
521
585
485
573
507
583
541
588
593
579
598
514
578
552
589
589
485
591
367
595
588
584
458
598
501
405
551
583
589
586
566
320
430
556
567
570
552
589
510
531
476
572
587
469
585
514
567
498
585
541
540
377
594
425
593
599
468
525
115
587
582
591
501
597
572
569
535
569
576
562
585
532
488
559
583
330
580
478
547
576
297
547
584
411
574
587
583
461
560
586
588
569
591
598
577
560
560
513
554
571
571
415
574
584
597
543
588
540
598
426
577
429
517
463
587
244
488
586
572
164
550
458
449
496
481
573
532
523
500
590
533
565
411
414
451
578
312
586
542
575
564
521
550
575
470
584
599
573
467
579
547
596
589
556
593
410
575
589
581
512
550
568
599
376
334
458
586
457
587
472
596
365
599
592
584
533
505
543
442
500
580
572
531
593
579
584
553
433
508
558
570
555
560
526
574
583
464
527
598
370
243
426
572
504
544
588
510
538
557
402
593
527
544
520
571
592
599
593
584
445
492
546
553
580
514
535
559
570
598
577
593
578
555
594
554
597
555
553
77
590
511
592
395
594
542
514
491
583
546
356
524
544
591
321
516
588
588
574
475
551
566
569
574
567
385
584
538
591
586
436
511
577
537
442
562
482
560
542
497
464
552
428
584
409
581
529
593
499
537
588
534
513
575
452
460
568
583
473
543
575
580
516
447
590
589
594
591
508
573
567
443
519
588
315
467
587
521
416
552
577
584
566
501
569
453
562
540
591
589
527
586
597
473
545
502
459
587
580
575
275
538
270
553
578
552
438
593
585
583
555
580
589
431
247
537
510
521
590
589
523
542
249
195
568
588
542
452
591
175
578
591
549
572
599
490
583
321
598
586
533
412
564
578
426
415
597
557
574
575
590
587
578
570
320
320
514
572
582
574
559
349
539
562
554
594
480
494
467
479
586
512
262
595
491
562
435
590
593
326
563
427
588
536
554
595
560
596
586
409
589
511
527
561
552
562
228
588
399
562
585
577
554
474
483
569
426
586
580
432
486
547
596
216
594
447
588
414
475
519
487
592
318
373
584
314
514
594
589
533
590
473
490
501
532
553
587
564
573
471
538
550
598
588
556
593
573
528
570
582
536
536
493
555
555
497
590
533
553
569
568
477
557
588
570
400
534
412
529
597
554
551
540
588
383
590
580
584
589
595
599
527
547
532
596
596
549
576
579
527
455
595
554
599
518
454
578
518
553
535
582
530
557
574
579
588
505
590
509
579
546
573
522
584
518
357
525
581
569
428
586
498
591
389
523
587
580
583
586
472
492
426
584
559
597
588
488
589
503
459
599
585
475
567
522
551
528
565
411
537
593
553
594
556
423
319
592
557
588
579
532
585
443
480
586
550
475
420
563
580
542
586
560
495
598
563
543
477
595
595
573
465
572
595
419
519
578
429
405
562
597
484
461
585
569
597
495
574
451
598
323
567
568
358
563
585
589
570
544
587
501
584
346
580
570
580
487
580
588
594
580
489
545
334
571
563
564
578
594
510
344
580
570
578
443
591
348
583
480
586
535
416
584
553
585
576
405
582
476
535
563
528
443
506
564
478
492
560
528
589
563
582
445
262
195
377
545
202
594
447
545
472
512
562
592
525
593
568
597
588
502
317
441
580
592
597
584
548
585
539
589
405
239
420
481
561
542
269
486
594
572
587
597
570
583
556
424
389
506
592
534
527
592
599
576
590
526
566
580
539
524
511
433
568
536
512
588
431
508
595
407
427
589
491
597
585
553
578
536
585
595
527
518
579
504
360
594
583
446
480
469
492
491
568
586
517
578
352
505
598
576
572
521
531
591
479
565
570
433
543
581
587
595
481
537
366
550
597
533
588
543
501
596
412
583
534
586
546
456
588
555
523
516
527
502
348
292
553
497
557
584
559
451
456
482
575
584
542
479
397
578
440
599
261
531
447
498
588
561
362
564
415
492
526
567
517
560
577
503
564
551
593
593
579
357
558
592
477
589
554
439
295
532
510
526
575
576
372
160
459
447
598
598
466
592
592
373
524
534
487
561
581
443
532
492
545
587
557
598
589
508
586
470
581
545
534
581
496
587
570
461
563
584
578
501
565
556
420
502
564
518
391
557
560
352
481
570
275
464
499
586
575
578
597
596
579
490
550
540
547
397
564
422
582
546
558
504
595
311
539
561
578
415
513
542
402
426
481
532
590
551
583
538
482
485
552
587
439
418
529
505
531
511
558
447
427
556
587
537
589
589
497
541
584
576
503
583
586
535
586
575
571
567
594
568
583
224
576
550
385
579
567
450
584
568
579
566
575
568
390
199
360
515
546
579
584
593
556
595
466
590
529
540
554
451
588
413
596
554
557
574
422
514
586
417
579
587
422
483
582
530
418
514
553
541
288
576
558
583
585
575
546
249
523
599
579
542
587
542
513
551
502
560
588
599
563
593
586
395
532
570
530
534
586
198
507
556
597
594
276
519
594
515
540
587
492
586
531
540
285
262
556
438
569
474
377
561
456
493
592
591
556
589
589
513
427
596
561
541
551
549
589
559
597
504
585
570
524
565
473
478
530
582
443
591
327
442
560
481
591
598
478
500
581
584
438
300
556
462
577
354
591
554
370
568
575
593
580
364
513
598
439
532
468
593
524
587
580
547
553
511
589
426
570
549
339
565
407
558
515
532
586
559
559
208
518
423
594
532
254
389
350
583
566
532
557
537
599
345
590
584
590
456
580
580
563
594
552
421
534
569
548
595
224
572
507
528
574
573
561
533
585
468
555
530
570
594
583
541
581
576
567
450
574
595
450
595
583
355
582
467
573
572
563
586
443
579
573
592
550
580
566
544
589
588
584
405
571
536
583
589
451
578
297
560
517
583
437
476
580
569
550
589
577
527
568
404
553
590
582
574
268
585
508
456
589
570
555
404
566
364
583
586
513
563
521
292
595
586
482
586
577
530
593
588
471
581
563
570
551
422
474
452
501
580
572
525
500
521
579
575
576
459
540
445
533
517
545
586
587
563
581
533
540
529
593
511
422
542
588
553
179
592
459
589
591
577
581
369
562
342
581
466
585
595
570
582
594
536
507
595
579
592
235
518
497
406
561
514
545
422
571
540
462
518
518
596
591
485
407
386
590
403
578
595
565
445
593
599
586
571
592
598
426
579
570
598
264
560
410
572
576
577
595
463
507
573
559
573
473
587
514
588
564
577
586
570
550
333
461
488
547
176
537
570
553
431
217
589
584
598
570
341
438
453
349
580
570
598
509
568
483
540
569
458
535
467
505
575
466
589
580
589
577
597
320
531
565
585
574
415
595
505
595
494
318
590
562
591
568
230
516
453
479
596
516
599
576
498
589
582
578
589
320
595
584
598
587
580
580
375
394
586
524
596
574
491
506
566
554
585
512
595
572
436
476
517
386
560
554
518
573
574
561
439
532
338
549
327
539
586
599
579
584
576
575
599
585
574
572
396
449
587
446
529
484
423
385
586
552
557
564
591
594
563
598
595
579
584
583
559
589
599
572
588
559
583
463
577
393
579
589
548
383
583
476
459
592
472
561
584
554
584
570
530
509
572
561
555
590
486
537
582
582
338
580
557
502
523
483
527
472
588
468
569
576
583
553
593
484
588
532
554
453
542
593
429
585
196
350
516
511
576
564
590
417
579
587
447
577
588
484
577
542
572
580
551
367
592
574
577
394
519
598
588
586
581
350
510
574
550
488
498
567
597
430
589
399
405
522
516
587
577
564
585
543
433
395
498
536
455
484
584
398
588
549
573
595
546
573
482
570
590
425
528
565
584
595
566
599
380
550
592
528
535
506
540
593
578
269
580
528
583
591
587
595
542
596
520
586
592
565
455
572
590
571
289
571
512
552
377
584
538
574
573
576
490
486
406
558
573
519
570
574
281
584
572
585
419
417
539
515
572
384
584
397
272
555
561
480
576
593
583
592
586
394
584
567
590
520
475
358
578
553
259
525
550
514
476
583
220
500
453
338
563
356
577
585
596
547
589
589
586
521
529
346
553
402
568
508
592
237
581
547
569
595
539
598
578
544
532
588
555
554
586
446
510
565
525
165
554
541
564
586
563
513
533
596
564
599
588
514
488
476
583
581
437
442
462
589
537
575
476
534
462
587
588
465
527
594
566
574
577
478
537
541
593
557
589
583
556
579
587
556
579
565
347
581
439
580
537
578
482
572
598
541
598
385
284
595
489
519
565
578
559
590
536
597
478
595
555
580
431
583
589
593
597
426
574
482
573
513
553
495
495
439
598
585
481
595
410
574
523
444
534
496
556
562
486
440
583
304
557
571
564
367
598
597
596
576
594
524
484
295
560
537
567
590
537
479
439
498
401
570
563
485
588
581
589
401
584
578
522
559
513
520
440
598
534
577
586
424
583
538
588
584
462
588
596
538
570
339
551
533
529
527
545
567
336
579
597
546
563
592
581
577
475
418
589
594
435
517
574
543
576
595
332
584
578
587
588
588
593
476
551
292
577
549
597
557
427
597
576
387
596
373
538
376
532
598
568
589
595
586
539
584
148
187
341
494
599
476
373
580
582
577
586
460
593
572
593
470
566
580
482
554
293
458
570
259
517
583
539
540
585
596
556
587
529
599
501
590
577
592
579
580
549
470
440
576
553
479
559
579
572
596
565
487
539
558
583
569
372
457
592
509
563
589
591
599
512
581
567
537
529
540
528
586
575
524
543
587
463
278
586
524
585
398
320
594
485
559
599
476
555
511
590
560
425
371
558
545
562
577
461
579
281
584
585
593
575
555
271
548
589
585
491
521
578
509
470
589
563
489
518
371
499
595
575
268
431
555
599
589
436
554
521
530
551
596
518
549
584
588
542
502
533
535
589
554
583
439
589
411
587
553
588
566
545
550
525
537
540
559
586
564
456
546
562
440
585
533
560
504
454
590
509
578
490
488
510
578
587
547
593
454
538
509
522
596
484
584
577
361
530
563
574
584
516
575
582
584
516
506
553
586
592
573
589
534
596
577
254
253
532
442
426
584
547
574
526
591
309
576
588
548
582
595
427
599
578
345
412
544
588
549
540
583
494
506
568
589
552
580
593
523
597
547
584
201
549
532
504
547
595
507
585
584
542
490
595
561
589
465
586
559
566
509
585
567
562
572
530
505
391
564
583
440
556
584
593
518
596
572
592
559
502
532
565
537
595
475
571
570
461
581
323
594
583
246
428
585
572
501
555
599
333
399
593
463
446
586
597
571
526
573
475
429
482
414
385
591
570
496
572
511
595
589
593
525
587
587
593
520
430
588
577
582
287
593
333
598
585
396
569
436
496
360
572
579
587
464
586
438
516
550
529
592
546
303
527
523
584
582
592
453
545
577
450
503
592
581
589
522
594
472
461
583
590
545
513
580
594
487
583
575
597
492
534
410
585
575
575
581
562
535
547
573
592
579
555
575
384
418
387
542
508
548
455
555
522
525
591
539
544
361
595
578
599
408
586
413
589
578
486
476
583
531
589
510
597
583
525
454
491
411
389
530
597
552
350
212
527
569
579
598
456
491
422
569
496
280
598
521
589
412
371
481
443
551
595
590
599
586
555
584
412
589
586
483
588
566
403
561
295
589
487
393
592
594
550
589
446
578
581
585
341
505
549
561
282
593
588
499
589
542
461
530
598
560
589
591
564
579
571
494
594
539
597
572
525
575
479
464
480
538
378
546
450
558
454
164
534
536
488
570
567
598
569
491
599
520
527
503
578
434
543
563
564
561
501
585
553
492
465
598
425
131
564
324
438
567
524
542
500
563
560
529
543
589
556
495
512
480
562
418
589
550
551
565
598
586
478
553
587
588
373
550
559
516
522
533
524
518
463
572
524
592
537
114
580
382
530
516
577
516
592
493
548
572
456
590
518
380
485
597
336
517
464
577
587
537
564
584
380
522
577
578
539
579
596
520
578
414
514
451
584
446
435
345
416
588
497
589
483
581
513
547
576
579
425
590
562
585
587
182
522
535
587
555
588
519
469
544
593
577
518
589
494
399
578
575
577
542
590
589
579
357
519
535
549
580
563
598
317
588
552
515
516
536
590
513
542
596
349
467
486
510
568
598
564
587
536
562
248
552
496
550
586
539
507
377
571
413
565
588
594
374
587
589
549
506
584
585
499
386
557
529
497
259
512
573
581
568
573
581
583
522
553
594
546
512
443
447
286
561
595
536
595
470
552
559
550
557
591
572
590
477
525
520
593
596
397
547
530
553
572
578
334
567
487
578
583
437
579
519
525
571
594
248
594
596
587
586
584
283
583
580
511
569
503
599
542
570
549
480
598
543
586
570
540
595
396
434
557
584
551
483
571
192
594
580
581
578
543
528
477
567
427
599
456
588
556
252
521
575
489
586
462
546
552
504
522
501
592
282
485
558
599
483
480
443
556
559
537
578
530
534
573
447
595
570
583
510
571
598
430
598
492
582
555
450
337
585
529
267
580
391
572
559
561
583
584
565
502
599
597
573
570
542
575
545
520
490
593
494
540
530
558
579
456
443
576
517
553
561
551
537
577
597
503
587
586
599
586
583
554
556
240
545
571
521
419
584
599
470
546
530
562
583
446
589
571
411
583
447
584
579
494
584
428
363
521
169
544
531
476
583
510
537
473
594
354
496
596
557
592
582
579
484
461
464
502
582
536
575
449
589
561
585
464
587
563
466
586
439
485
533
592
424
361
597
459
275
583
522
533
556
502
315
575
375
526
583
524
586
456
534
567
471
587
596
595
572
449
565
572
305
550
422
535
366
583
578
409
557
589
540
519
576
570
364
570
589
369
590
574
578
584
394
565
371
450
584
594
536
321
597
599
564
451
543
556
589
492
414
598
434
497
424
560
562
526
599
541
584
572
589
516
528
537
324
506
519
456
427
314
572
552
572
598
594
564
599
521
536
578
550
576
589
586
338
595
590
591
299
563
474
597
570
593
519
509
567
526
597
489
324
496
585
497
588
565
559
583
593
573
509
599
571
586
572
559
388
363
597
469
585
586
567
492
573
595
440
453
539
538
381
530
542
592
562
554
593
577
579
576
482
561
523
442
549
284
599
488
591
537
408
557
573
574
411
597
585
590
463
528
590
471
541
590
443
510
525
509
538
515
587
516
538
459
337
594
578
583
202
588
582
596
515
548
585
469
431
576
543
530
595
599
358
587
519
564
536
289
581
458
559
407
560
492
587
591
545
568
377
520
534
444
596
556
552
583
453
525
577
572
507
596
591
560
308
551
544
553
584
572
589
453
440
317
488
583
550
544
517
576
529
436
479
477
562
587
581
583
597
584
547
552
525
548
586
572
594
570
594
414
592
567
576
413
488
597
582
585
578
585
410
521
580
554
469
559
392
426
555
249
556
526
542
586
573
586
585
537
580
591
558
470
598
543
589
471
385
534
493
545
555
586
405
552
584
534
576
597
593
590
486
587
564
499
587
568
588
372
584
535
578
585
412
548
517
520
532
558
543
562
576
566
585
583
592
540
577
587
379
585
435
572
549
338
444
562
586
458
595
589
529
597
531
515
588
576
546
595
597
577
522
446
596
577
532
527
584
492
563
501
534
550
572
502
580
570
580
459
372
583
117
566
561
489
509
594
537
566
585
454
585
528
450
581
557
598
574
569
543
564
584
560
594
597
569
558
568
590
533
586
516
595
580
545
586
581
595
551
558
522
553
527
570
599
596
332
597
538
464
586
492
594
554
319
589
487
374
436
597
474
401
587
455
551
586
541
579
577
583
554
596
413
539
582
579
577
399
510
565
519
562
580
555
456
593
570
596
550
547
525
588
460
591
549
550
397
466
443
439
539
593
547
598
333
558
587
568
597
588
498
515
454
430
552
349
593
502
489
545
573
582
502
597
317
423
586
473
597
597
591
578
380
561
506
570
570
533
556
592
598
561
517
583
575
512
474
412
579
417
368
568
346
469
534
587
593
595
580
582
499
324
565
551
521
379
544
576
552
507
488
579
592
505
314
576
561
579
533
436
341
534
340
379
589
405
595
418
227
570
575
584
532
456
550
535
498
518
584
520
516
520
583
597
334
560
506
562
577
584
525
496
593
428
578
583
559
447
596
359
578
588
314
593
555
571
583
599
515
587
519
328
594
592
437
547
582
520
493
547
514
581
308
565
591
528
526
513
479
489
588
581
586
474
587
594
484
597
598
547
362
488
563
587
411
534
588
596
524
572
588
387
474
548
555
465
588
549
578
522
571
443
482
588
469
463
428
280
499
401
488
569
441
566
577
551
518
343
593
452
537
528
569
586
586
514
570
581
537
516
508
563
502
401
539
587
597
578
567
583
564
557
581
562
450
598
463
454
583
569
450
491
592
584
578
447
581
462
589
587
581
522
536
515
593
554
579
576
242
595
322
518
595
585
404
589
563
596
543
561
573
395
565
465
595
428
591
355
558
499
588
591
522
577
522
542
594
599
569
577
367
550
589
440
585
590
597
403
532
597
405
557
579
475
503
503
521
433
596
595
481
561
560
438
598
562
379
584
559
352
555
476
593
481
503
563
581
564
595
568
599
569
421
490
586
597
465
509
564
497
251
483
569
583
592
426
521
587
566
596
576
596
596
536
524
553
584
541
579
591
328
364
592
484
589
570
561
584
538
587
597
585
506
230
582
553
470
582
527
442
571
521
496
164
457
533
579
555
376
558
423
448
509
486
580
344
417
587
367
214
577
572
538
385
590
589
511
421
599
596
393
585
323
596
394
328
579
582
475
363
466
550
553
593
586
548
588
223
133
570
598
595
557
576
545
507
569
458
544
514
590
493
586
587
519
578
496
540
593
379
590
351
505
575
463
366
325
573
527
543
587
571
142
553
569
479
576
580
569
492
534
594
546
578
553
279
593
581
515
574
396
567
334
569
427
516
488
556
585
473
557
579
484
585
506
588
395
591
578
519
456
467
486
586
501
579
173
585
591
358
360
578
571
529
572
380
597
565
594
491
599
290
598
555
589
598
597
534
545
573
329
565
546
591
541
495
572
568
518
586
564
589
488
445
506
549
475
545
523
569
534
544
450
542
433
596
573
579
548
578
510
589
485
565
591
589
553
449
468
391
579
494
526
546
369
580
598
594
584
562
498
564
577
591
562
557
532
534
528
550
577
588
549
543
557
540
573
587
577
401
522
569
590
545
550
571
559
469
447
461
542
540
539
596
527
534
498
547
488
279
509
537
566
415
518
579
589
575
538
536
599
546
484
533
589
598
596
477
536
538
585
583
572
232
579
584
514
592
543
545
388
458
227
585
593
595
508
497
593
568
387
556
593
587
537
568
263
562
567
501
440
593
318
591
515
527
440
592
411
413
522
579
586
399
403
533
434
435
578
478
594
498
572
593
445
589
373
575
362
550
479
523
545
375
591
531
307
579
471
544
587
492
442
459
566
576
417
595
584
545
466
460
491
557
589
569
586
539
479
547
503
551
562
400
522
292
583
579
461
589
379
486
543
599
584
597
596
456
539
540
540
588
516
533
581
410
505
578
515
582
596
577
594
594
362
490
558
195
587
578
443
586
568
592
584
585
562
469
426
562
595
573
567
585
587
501
593
429
495
579
586
594
595
307
532
586
589
495
574
553
572
583
589
476
501
568
570
495
532
570
596
572
591
335
345
581
587
572
526
523
521
506
586
570
560
490
348
389
484
574
457
580
594
485
560
502
381
525
558
588
522
594
558
490
520
341
598
585
589
594
573
584
518
472
583
433
470
383
586
423
194
163
566
548
589
433
517
567
541
314
527
534
486
582
523
585
543
490
504
509
588
598
598
599
572
560
401
495
582
587
576
574
519
550
471
546
505
466
519
503
550
564
460
495
557
588
366
362
528
579
565
502
579
514
588
589
599
547
499
377
494
478
592
561
585
588
587
594
560
586
569
560
588
571
472
573
582
585
598
548
597
569
598
587
126
592
552
581
493
404
585
548
533
597
420
386
598
539
540
572
551
536
307
571
564
565
508
536
528
577
564
472
572
580
331
577
592
539
597
526
461
569
112
428
596
589
595
580
564
464
518
589
554
303
580
525
452
551
591
455
563
495
555
434
540
597
571
533
544
550
598
288
479
401
564
296
581
571
547
560
580
568
553
538
592
438
530
116
586
338
597
573
555
570
227
289
562
558
527
439
458
582
597
598
537
503
581
588
295
589
543
577
546
549
437
583
590
584
489
182
361
582
530
421
494
583
577
573
584
596
566
586
587
577
549
551
316
540
518
421
586
544
548
518
489
512
527
593
473
589
550
598
438
378
585
554
341
360
110
472
568
584
594
535
543
369
550
402
564
367
592
592
597
569
89
586
570
465
589
581
288
572
576
534
515
556
561
492
588
537
459
598
496
537
588
578
594
459
367
558
588
316
356
586
404
469
597
328
558
587
556
540
599
413
583
589
582
483
596
565
449
567
403
584
565
599
589
584
595
564
535
442
537
414
521
556
536
587
546
567
536
577
592
576
588
554
586
481
588
569
542
310
572
532
526
599
585
574
588
587
589
584
255
475
529
585
450
579
426
555
599
597
571
514
569
550
470
598
542
581
596
590
558
595
510
569
571
540
580
573
482
512
546
553
519
589
442
417
577
467
574
591
546
457
535
465
560
584
583
594
576
571
584
582
561
570
593
588
578
561
594
421
341
586
564
561
413
512
569
572
473
578
567
564
300
283
504
334
543
566
337
374
593
578
513
532
483
577
486
583
230
522
539
495
524
485
574
596
560
492
535
208
549
517
506
372
566
590
539
599
563
589
429
313
539
380
557
571
596
580
573
442
596
591
505
481
514
565
460
591
571
328
559
587
580
566
484
225
583
590
450
433
498
583
437
586
465
531
534
557
555
538
429
369
579
574
484
584
577
555
577
569
546
548
567
589
562
569
571
589
396
551
584
538
593
589
571
594
597
512
499
578
580
426
553
564
591
563
434
580
589
573
485
537
587
506
362
552
585
564
535
470
553
574
574
568
458
579
574
554
415
491
359
430
551
552
468
580
505
588
254
588
546
595
585
513
521
284
575
560
392
595
480
589
578
524
452
555
544
567
506
580
592
340
581
447
424
340
574
565
486
431
316
582
584
529
521
593
592
408
415
565
491
547
387
526
584
499
561
195
511
584
498
561
487
562
588
578
475
520
556
585
521
431
582
589
415
588
568
232
545
399
512
585
557
528
579
565
557
432
247
586
460
537
572
550
589
516
563
599
584
422
501
511
579
424
535
572
589
490
595
592
306
582
538
493
585
497
495
557
507
389
585
550
507
373
390
592
586
369
585
354
338
383
477
588
585
484
589
522
553
534
242
542
592
586
562
511
587
561
592
558
588
599
596
520
527
508
594
590
597
595
598
248
584
582
515
597
523
565
524
500
575
585
536
577
532
581
470
465
589
588
599
585
521
587
581
540
536
523
537
406
549
587
488
555
596
529
585
534
584
594
585
587
513
529
305
586
576
493
552
580
545
584
382
494
591
570
554
555
446
446
587
296
427
583
571
180
531
556
592
583
576
564
585
560
597
556
298
552
598
444
410
550
569
568
515
571
589
490
556
549
514
378
431
595
553
597
518
545
476
562
494
590
355
557
484
574
470
505
565
595
517
487
519
528
483
388
599
525
577
522
497
574
591
571
483
408
586
434
595
578
541
576
412
597
509
496
363
597
480
527
588
538
559
593
555
575
574
571
583
572
477
593
490
452
569
586
534
589
530
585
577
595
430
596
445
594
488
574
360
530
415
576
551
335
588
594
340
524
585
584
571
272
568
500
459
554
585
539
481
345
596
539
581
569
545
584
588
572
362
571
591
401
309
589
587
558
501
501
584
583
514
522
596
463
581
599
557
591
379
584
573
591
544
526
485
471
363
160
532
565
586
348
566
538
538
523
560
534
569
510
539
539
596
588
498
525
478
444
588
584
579
263
340
508
574
574
450
569
592
516
598
586
563
596
518
573
586
595
475
493
592
597
449
576
277
519
505
423
535
593
576
555
488
594
590
464
521
592
511
467
518
597
590
502
348
518
588
563
463
579
598
376
596
501
467
472
577
286
451
578
584
444
527
367
556
472
456
577
595
556
482
584
521
554
580
590
547
518
366
592
586
595
582
457
592
274
523
413
591
591
514
413
411
526
543
432
580
592
485
535
505
584
331
572
209
597
504
483
591
483
547
541
516
422
554
578
564
565
430
266
583
557
499
569
592
552
581
588
577
594
438
364
539
595
520
589
519
576
391
578
570
585
544
570
529
599
583
587
483
584
504
452
584
492
587
413
488
560
509
565
585
556
594
516
548
598
493
566
399
598
523
536
587
582
590
555
595
483
584
523
597
536
333
551
492
589
210
562
589
591
213
569
511
558
594
537
511
537
462
418
495
471
401
437
549
587
582
591
551
540
572
542
565
572
536
486
379
394
588
560
574
580
573
588
309
508
577
159
584
571
456
562
414
511
477
535
480
578
437
586
502
570
584
550
221
357
540
589
572
414
589
537
595
436
463
497
478
524
593
591
526
560
401
381
584
598
501
413
573
569
372
589
506
443
581
566
585
577
570
496
578
471
457
580
589
481
565
346
526
597
592
571
552
587
590
542
503
384
471
474
468
530
572
538
523
370
511
554
494
588
286
584
294
416
516
326
385
488
323
572
537
545
498
584
529
593
334
499
486
327
598
302
583
513
576
485
328
355
428
595
312
569
483
599
587
590
446
557
592
587
599
589
586
592
581
568
586
488
588
532
525
580
590
490
561
518
585
365
477
568
504
515
461
546
573
582
557
575
242
543
426
299
586
544
441
580
548
595
532
598
591
420
443
509
564
526
284
576
576
435
584
535
588
454
571
587
570
578
595
530
558
142
590
482
581
576
589
567
560
588
537
360
395
579
568
515
598
470
510
561
575
530
546
448
523
390
425
381
553
598
492
328
561
585
571
589
596
346
541
595
585
536
593
593
551
486
409
571
573
332
389
595
521
507
591
557
550
594
560
474
543
489
539
542
574
509
564
580
508
594
594
527
598
588
376
588
585
590
579
455
589
571
262
583
598
519
592
595
515
593
587
444
519
579
575
589
586
586
529
588
563
561
551
507
573
516
540
275
574
420
477
523
559
520
448
581
589
586
584
555
590
391
587
589
502
554
511
509
518
586
585
462
543
571
557
430
553
553
546
489
587
588
348
534
330
596
573
382
501
573
492
566
583
573
388
543
547
558
595
597
564
520
521
547
573
562
579
573
505
584
498
520
565
585
527
569
502
568
589
459
562
595
391
585
306
513
454
319
574
595
508
379
540
399
541
392
531
432
586
587
543
556
580
391
581
568
453
525
532
593
588
413
592
599
589
391
407
590
297
428
315
476
500
565
564
405
523
565
589
582
573
334
583
271
558
556
585
402
449
585
579
580
539
329
574
597
561
484
572
565
546
390
501
478
591
569
558
576
523
554
490
591
572
536
590
464
403
583
324
572
536
580
598
572
413
523
555
567
594
549
548
534
540
583
512
554
532
589
314
535
336
555
505
574
596
593
497
593
529
495
585
575
512
586
462
588
428
578
594
585
540
456
523
214
587
519
544
483
319
564
545
554
589
536
598
545
589
595
547
515
551
411
526
586
567
596
534
535
436
383
549
526
597
327
586
565
572
383
528
560
597
576
588
523
582
562
571
502
583
545
536
525
536
558
584
486
597
525
593
436
564
372
543
420
511
533
273
583
237
573
315
537
343
525
371
569
534
590
441
476
339
496
585
572
586
597
439
522
578
560
545
577
586
427
542
486
527
490
585
595
578
539
564
547
536
570
588
546
526
569
445
440
460
493
587
597
573
587
327
559
566
550
311
479
597
442
544
522
485
252
573
599
545
296
284
589
567
494
585
567
528
460
590
426
580
590
420
581
416
504
453
592
594
588
561
560
597
582
469
592
535
590
444
524
581
461
535
500
463
539
384
542
528
562
525
561
546
575
449
556
595
440
599
471
577
545
536
420
451
518
555
577
490
579
586
572
538
580
592
593
513
192
387
467
517
592
341
373
592
583
597
511
524
570
521
551
539
588
458
507
549
589
521
579
563
569
552
455
586
444
576
450
598
475
587
286
576
573
182
365
424
498
477
590
393
497
413
446
564
550
592
156
570
570
558
558
523
597
525
586
587
547
585
571
425
508
556
586
407
564
576
599
486
536
584
591
574
586
561
439
584
461
578
496
543
592
549
571
583
580
440
583
590
515
549
588
578
395
558
556
547
599
553
423
487
596
573
406
588
364
540
410
589
568
409
561
556
588
540
556
586
450
576
588
578
593
582
535
590
342
471
517
490
411
524
595
470
379
556
595
595
518
584
535
481
583
599
504
575
573
592
348
567
578
584
317
419
587
575
564
472
372
529
512
511
525
573
579
588
574
575
588
585
546
573
599
515
523
526
404
491
566
595
587
512
296
584
564
564
480
584
334
586
457
581
522
567
594
421
571
549
588
517
553
510
369
515
554
550
558
598
471
532
531
509
588
559
549
566
567
587
577
595
435
583
484
525
460
597
159
586
582
585
552
495
562
579
597
475
584
404
597
580
456
587
442
587
576
588
582
560
551
531
361
488
589
528
597
595
311
585
587
595
592
554
580
515
579
526
484
526
584
570
543
521
550
405
545
582
560
578
579
592
443
486
560
579
564
590
522
576
371
472
555
548
589
402
595
589
518
585
479
409
529
558
567
556
589
551
547
576
359
588
572
546
552
566
540
565
558
252
598
466
496
473
536
503
541
574
455
584
464
436
593
598
380
596
499
540
567
587
590
599
508
555
521
485
277
447
524
568
571
579
590
446
599
512
462
475
553
588
568
514
566
493
582
575
520
584
419
499
395
583
474
493
592
429
556
423
548
449
529
574
595
584
394
579
592
546
450
563
553
575
542
582
596
426
593
348
598
587
584
574
473
573
457
410
564
584
534
484
523
498
558
379
579
592
586
402
401
507
409
497
523
572
518
599
559
589
509
523
591
420
400
585
581
507
570
560
505
545
588
584
598
599
510
508
350
580
394
473
506
531
580
391
393
588
578
558
515
506
543
285
574
562
429
594
598
427
532
586
527
584
553
294
571
598
537
568
504
544
470
471
440
489
533
570
478
567
584
522
440
592
578
505
580
534
446
589
552
545
574
551
572
586
539
514
584
586
579
580
495
583
341
581
511
552
588
429
533
455
536
430
585
556
402
534
450
582
593
561
587
520
513
488
511
449
562
480
366
557
591
374
527
591
516
464
584
214
591
589
590
544
545
337
472
577
353
596
571
594
326
588
537
405
571
580
412
596
597
539
560
507
576
577
574
583
578
488
587
490
546
390
541
586
558
586
558
582
337
578
594
571
479
598
548
563
580
461
582
577
584
513
564
563
580
578
579
429
368
597
478
536
568
505
597
573
557
572
379
433
587
581
496
566
579
518
571
591
530
575
541
367
598
597
586
354
461
555
573
581
566
560
424
568
462
544
517
572
591
579
543
500
579
577
595
374
521
556
330
470
598
453
525
544
597
536
560
589
595
217
564
585
560
158
525
591
543
580
588
562
556
510
550
460
554
594
512
455
581
593
450
438
592
580
510
591
511
533
596
580
563
553
490
301
271
288
587
519
530
599
394
472
585
521
587
582
496
565
483
469
322
533
430
587
547
579
546
573
574
592
161
551
483
486
453
510
469
565
592
594
311
598
477
567
586
429
417
517
552
588
593
595
564
596
598
547
530
471
411
580
587
525
520
450
410
423
579
578
562
597
557
503
597
492
418
553
548
260
471
473
544
579
586
512
564
569
471
567
448
582
594
570
586
418
580
582
556
567
553
503
521
589
485
326
544
567
593
421
520
534
547
512
524
573
552
188
490
516
470
583
422
574
529
251
515
551
590
563
527
598
572
576
377
571
591
589
395
440
410
283
438
573
580
552
381
578
542
568
594
598
425
286
543
451
544
477
432
483
400
533
511
544
539
443
506
470
564
325
523
586
583
567
313
599
444
381
563
452
581
558
551
586
546
599
596
575
558
583
563
591
538
539
589
506
311
514
513
585
562
552
451
511
509
559
359
551
595
366
578
485
592
578
471
534
469
577
573
438
478
525
587
557
575
585
570
487
598
560
591
597
380
534
590
591
554
496
584
572
550
570
595
505
591
594
588
590
587
498
560
566
439
502
562
508
584
564
441
584
456
580
564
470
562
590
583
503
592
591
553
570
508
514
359
586
467
515
502
329
595
515
486
478
599
543
366
550
576
515
380
586
268
520
527
526
549
592
497
577
539
525
559
571
478
575
586
567
518
502
521
594
578
478
586
581
537
576
343
188
577
587
549
596
589
587
580
505
590
565
572
315
589
521
579
523
577
596
586
497
522
497
599
528
521
552
596
596
589
575
582
516
584
391
270
477
582
561
586
578
572
570
538
416
593
308
543
278
495
490
533
550
578
580
564
565
579
556
214
551
568
578
576
325
525
545
534
595
481
571
578
468
594
572
522
425
412
540
532
572
568
564
501
483
562
569
323
591
261
342
535
516
245
579
471
586
599
521
589
508
400
594
123
493
593
513
417
564
371
476
495
412
573
494
550
586
576
596
564
483
474
543
526
404
355
474
473
554
536
436
559
444
568
551
286
497
594
588
403
599
589
307
584
565
427
425
519
534
551
565
553
521
355
587
591
572
579
581
400
417
594
503
550
481
598
598
588
586
586
588
575
353
589
450
598
465
510
593
562
534
463
510
571
408
569
554
576
589
462
598
583
467
546
506
589
587
538
577
588
596
593
517
589
417
587
593
536
496
498
346
595
591
350
574
424
531
470
550
597
500
497
238
584
327
477
554
397
574
597
594
502
510
477
570
564
588
588
585
575
577
581
571
568
596
440
590
547
589
534
436
544
509
446
592
597
462
488
585
511
440
567
520
581
579
567
555
576
318
591
595
415
575
291
364
476
468
566
598
580
584
595
576
553
582
482
578
597
596
585
472
446
571
599
599
568
586
580
563
599
458
577
296
594
564
431
598
581
537
532
591
544
492
589
590
575
522
534
464
557
585
592
505
191
540
568
596
572
468
542
440
553
289
524
537
592
460
475
554
572
586
451
567
575
540
562
570
469
532
569
557
560
584
386
495
594
578
594
556
592
538
597
510
592
566
392
598
598
471
216
467
599
421
586
595
589
555
275
567
474
525
570
562
362
590
528
556
464
327
556
543
586
592
575
541
589
418
587
564
493
597
564
507
559
542
565
518
373
402
515
584
490
562
580
479
583
420
588
369
590
598
571
554
529
520
591
591
598
307
584
528
582
583
597
569
513
599
569
392
437
514
387
591
409
193
314
515
577
542
576
524
573
589
510
550
582
492
467
527
495
578
521
524
540
452
401
575
592
575
583
592
552
587
582
591
498
347
585
440
597
554
476
546
519
459
556
573
548
518
579
581
533
465
571
593
486
517
475
595
561
598
286
597
595
567
472
439
592
412
562
398
543
523
583
583
560
418
581
511
486
549
594
571
453
553
588
565
571
281
454
563
387
476
538
577
414
552
586
451
595
593
353
591
592
414
593
595
560
360
586
577
510
570
478
544
520
574
545
488
509
598
554
416
574
579
504
557
461
578
516
557
557
470
593
547
519
523
524
598
569
560
586
572
544
206
290
508
473
538
495
492
391
565
598
593
318
355
586
579
597
526
569
598
585
589
585
572
552
566
528
520
575
496
588
525
254
529
576
591
567
308
593
596
495
561
589
593
425
583
589
578
478
468
526
597
425
564
379
218
594
496
331
420
585
586
545
562
557
540
594
410
276
572
550
473
593
300
402
591
574
557
565
524
550
585
452
598
432
599
586
558
353
526
205
591
586
559
424
357
529
499
571
553
577
580
545
472
563
593
586
543
559
443
592
564
336
507
547
571
585
424
591
495
420
587
570
595
525
581
508
570
527
529
521
207
555
585
540
580
573
384
566
554
586
593
517
548
393
487
485
573
573
483
384
271
595
553
482
582
396
588
561
593
554
517
428
556
596
590
475
378
542
512
584
444
574
564
406
544
557
579
590
456
586
574
594
565
583
596
566
591
554
512
547
376
569
480
549
500
586
563
461
464
415
344
575
549
584
389
581
512
565
586
371
417
444
595
562
538
529
508
586
569
541
595
574
569
578
594
521
485
528
486
380
575
591
567
549
587
472
375
550
572
475
407
577
584
592
583
582
592
564
570
522
587
573
574
586
562
439
527
547
542
586
598
503
565
524
580
415
528
552
584
446
513
199
571
488
569
591
439
513
479
593
241
592
533
440
527
508
580
585
514
551
596
446
591
562
533
274
592
441
507
594
592
569
421
569
568
578
592
494
588
592
476
579
568
590
586
514
501
565
465
590
550
533
446
472
117
597
524
591
555
593
577
572
595
421
596
597
392
516
518
542
573
579
492
560
583
551
559
557
555
450
586
505
312
526
592
588
584
586
594
492
515
427
573
590
521
584
592
584
446
534
592
588
539
586
448
473
497
532
472
599
564
596
581
439
578
595
535
579
564
551
564
577
565
497
485
586
567
586
534
559
428
528
557
558
580
571
544
589
599
450
598
592
592
533
597
342
569
582
587
439
326
589
555
582
557
581
599
597
594
535
371
597
543
587
560
555
559
579
462
590
450
527
597
553
570
371
422
526
574
590
584
580
586
589
590
401
572
568
583
586
520
232
430
553
570
589
583
439
595
518
572
256
375
576
591
341
506
531
571
518
553
514
366
587
405
590
545
388
455
577
550
294
471
587
525
582
492
564
571
560
525
573
407
580
348
481
220
501
576
595
595
584
585
237
583
562
486
496
592
588
593
582
587
561
591
571
597
599
514
411
214
588
361
585
556
566
578
535
493
418
585
575
568
593
551
476
461
585
502
551
578
507
570
473
533
403
578
582
552
579
521
580
599
570
540
584
545
565
579
426
222
564
563
378
577
478
576
597
558
434
522
583
555
550
527
593
483
563
318
586
557
549
521
548
575
546
586
577
555
570
580
511
457
572
443
513
562
585
545
578
494
558
404
597
592
556
581
482
525
588
590
393
573
487
587
553
577
291
588
581
547
536
296
537
476
538
596
529
574
535
553
582
586
433
560
593
552
539
538
466
595
512
458
586
565
598
599
565
445
576
500
523
227
582
441
594
571
351
566
595
549
524
538
507
577
586
573
437
552
598
572
538
588
456
424
589
451
565
433
547
524
563
509
347
352
580
454
262
552
520
553
577
376
588
572
543
524
552
572
564
218
458
585
584
564
395
529
490
578
564
542
598
590
527
577
535
570
598
445
501
328
393
558
466
400
590
590
448
594
499
495
444
559
598
599
255
496
549
326
514
566
515
579
556
486
585
285
303
569
446
526
444
575
586
575
319
437
561
365
459
598
551
596
506
537
568
431
467
530
594
577
490
537
532
435
580
485
587
561
573
381
510
594
526
422
323
453
567
487
437
435
510
433
592
537
586
448
576
563
599
520
587
561
556
594
539
434
572
597
547
366
516
570
556
578
595
522
582
546
585
505
537
533
573
487
383
591
598
526
597
497
509
520
593
589
400
552
532
599
594
507
592
520
589
573
569
502
435
262
484
548
529
557
569
588
572
533
574
563
411
505
578
407
526
592
532
400
537
560
595
582
593
589
462
589
548
583
573
434
584
566
189
512
596
517
534
588
519
568
571
440
583
464
164
541
582
489
459
504
474
521
593
591
590
583
355
365
591
586
545
386
574
529
553
591
300
547
498
582
575
399
582
563
567
593
386
549
521
575
532
487
571
584
530
579
520
547
490
596
582
544
405
379
415
590
577
596
550
480
538
385
592
592
528
552
576
302
552
591
389
563
578
514
434
595
584
597
597
566
535
586
532
583
484
468
579
579
490
566
545
589
238
534
572
578
589
573
562
589
586
362
594
454
510
542
540
508
467
469
519
589
432
547
599
486
550
584
568
575
583
518
596
579
554
559
553
541
580
580
593
593
536
468
570
570
430
584
508
568
458
569
554
298
445
534
514
454
579
581
567
417
550
451
586
461
540
595
461
589
537
399
593
552
406
499
589
587
525
583
574
589
414
583
538
480
568
586
522
524
571
495
587
548
577
576
422
515
446
589
590
582
595
341
584
524
588
585
495
440
450
444
532
525
492
588
585
585
483
353
361
506
593
281
553
584
527
596
453
569
569
549
546
410
566
472
485
509
534
574
584
580
536
583
507
378
490
593
541
582
593
592
584
396
579
582
550
542
421
589
598
599
554
594
566
524
569
595
551
588
524
537
548
477
376
552
583
573
596
594
570
510
570
566
587
573
597
592
588
481
573
552
584
598
593
543
504
557
522
583
489
559
490
597
486
596
572
588
421
592
579
569
552
590
558
559
544
280
577
574
597
573
599
593
560
543
582
490
223
456
583
519
585
499
527
492
550
503
204
582
464
371
412
587
576
588
460
527
572
157
589
594
341
587
454
586
427
338
516
581
581
408
590
589
559
584
598
303
599
564
580
597
502
541
582
541
387
480
575
565
588
549
574
591
593
574
369
471
570
515
592
548
526
495
591
494
449
570
510
485
598
488
307
408
376
366
388
595
336
581
595
581
279
598
591
594
591
584
573
490
591
587
590
536
445
573
461
596
585
434
489
565
533
565
492
598
520
486
508
583
454
560
581
584
588
500
464
591
375
585
541
566
585
509
498
517
591
561
584
502
564
592
580
503
528
526
586
272
581
494
557
575
486
592
545
592
571
579
516
443
513
468
575
242
581
576
565
581
550
595
582
481
515
564
575
573
534
559
561
500
495
580
443
581
401
581
588
540
579
541
553
589
580
578
491
501
554
564
567
547
592
576
530
528
542
585
520
598
591
543
589
519
451
571
486
494
535
443
536
561
595
589
483
536
349
533
591
591
539
514
475
536
562
559
578
580
581
583
460
591
594
552
439
490
580
503
588
568
587
585
431
551
434
595
586
543
579
477
592
569
406
527
576
494
575
588
571
588
573
591
412
591
455
576
573
590
478
592
527
508
541
573
380
533
583
519
536
504
587
536
450
308
521
598
589
586
562
568
571
436
578
521
590
462
232
580
597
592
579
595
515
300
521
587
571
592
505
565
567
566
576
482
450
597
539
592
572
507
561
538
573
570
597
557
586
568
489
513
261
572
586
586
590
472
574
553
573
510
544
536
529
538
476
579
542
581
591
588
543
598
594
591
550
589
593
576
598
577
587
567
588
485
531
547
576
543
560
583
541
459
582
484
524
492
583
460
445
530
485
470
594
554
589
456
560
540
579
599
588
464
581
567
423
559
579
447
597
588
535
471
591
579
586
287
586
594
548
560
571
553
557
550
584
301
542
389
560
556
590
471
593
570
572
386
590
516
598
586
595
500
497
593
444
490
412
483
300
346
562
425
586
467
583
596
563
571
588
544
508
575
589
549
477
555
581
449
584
406
593
578
446
456
418
514
381
579
588
591
529
571
585
502
571
592
572
561
459
594
447
572
495
242
322
485
532
492
574
394
597
393
589
588
592
499
291
540
414
538
455
589
589
533
529
594
467
580
549
457
285
593
589
501
568
592
540
485
569
584
575
553
564
536
575
577
589
585
577
391
570
241
523
578
581
479
463
436
567
503
593
599
505
518
585
589
573
596
471
582
594
588
509
532
571
500
574
206
417
257
585
359
571
491
463
526
545
554
449
595
363
553
592
520
512
515
564
580
592
593
593
562
599
599
582
561
510
335
492
586
557
351
418
402
397
559
508
151
592
588
496
591
503
598
557
295
507
508
593
589
556
579
540
590
529
326
504
548
592
591
410
542
500
450
363
304
296
598
580
596
579
180
522
525
561
372
592
545
576
595
599
555
566
74
581
525
550
579
580
510
552
463
533
411
545
563
476
595
597
584
497
577
425
594
588
589
590
530
461
572
456
578
588
574
585
371
584
569
595
587
587
549
489
503
577
575
527
592
565
584
586
589
442
584
502
581
503
493
474
571
593
506
580
500
581
575
362
397
542
525
576
166
580
481
559
570
542
594
492
495
577
262
533
588
451
513
550
495
550
571
410
589
537
580
521
538
595
571
588
364
595
415
416
428
468
587
528
582
579
579
577
266
526
478
573
452
504
532
498
593
583
317
576
486
398
591
577
402
333
564
485
474
306
565
574
559
568
561
595
414
587
560
548
496
586
586
573
585
522
543
534
500
580
561
597
550
541
571
575
580
574
430
565
518
397
492
410
501
541
591
573
584
564
579
599
333
525
586
581
593
561
578
591
516
570
544
586
573
361
595
586
431
545
494
537
561
585
579
599
528
597
312
549
492
594
595
558
576
492
545
571
275
593
597
584
447
572
569
582
599
571
574
583
554
558
320
562
471
552
571
586
521
382
515
588
442
573
538
561
587
553
427
582
575
570
444
280
534
568
551
586
585
596
574
597
464
599
580
579
536
397
598
563
547
586
488
438
599
588
554
569
568
541
592
539
577
594
508
272
577
596
570
573
589
543
527
550
589
584
510
577
555
575
563
408
590
572
581
447
592
521
594
474
592
420
589
575
514
582
584
404
485
500
585
574
587
569
510
322
436
589
406
486
584
336
588
415
484
464
597
520
385
551
560
488
595
575
504
436
555
577
503
523
547
470
596
578
583
450
567
555
578
381
413
599
383
599
578
533
264
572
543
537
488
584
575
549
589
579
596
496
542
477
550
588
576
590
404
347
577
560
365
589
374
540
569
577
567
597
383
435
450
468
505
380
589
583
576
531
517
586
494
581
550
597
556
596
587
584
596
352
592
525
530
551
527
503
393
553
381
598
497
527
595
552
586
579
588
473
568
567
591
586
323
557
537
477
542
369
515
565
586
515
596
577
575
545
502
355
593
587
545
596
588
574
571
474
584
592
576
533
565
559
469
595
571
580
461
463
563
593
539
570
590
514
546
567
447
560
562
558
456
526
534
506
570
405
562
423
539
594
474
563
387
565
503
595
575
475
493
567
507
225
576
553
506
306
596
491
589
545
435
573
520
539
579
449
579
586
547
570
509
576
560
577
481
587
585
288
445
586
598
596
420
544
313
582
540
533
415
555
592
576
477
584
554
584
591
589
480
597
324
409
348
555
529
438
367
521
536
595
508
503
579
567
538
564
579
556
575
573
517
444
578
568
547
537
497
581
564
584
579
585
534
568
539
464
582
566
436
408
561
592
596
489
499
572
523
588
566
535
587
555
520
578
507
524
514
577
488
356
438
528
560
592
583
597
527
541
592
586
578
520
561
538
548
577
546
598
573
500
581
525
571
564
582
587
288
550
563
545
558
552
578
588
588
414
568
534
507
571
443
594
542
514
480
394
429
461
418
410
535
590
583
471
571
573
596
404
598
515
567
394
589
567
523
513
561
488
564
590
540
585
463
450
581
561
599
440
530
596
591
550
538
279
517
510
294
565
581
520
496
428
586
595
466
578
414
591
466
593
516
281
535
595
573
574
591
567
408
513
549
540
534
501
576
505
574
585
519
499
522
471
557
424
521
575
430
582
533
557
318
595
591
460
517
570
590
443
471
579
318
599
599
598
558
516
554
471
546
586
581
588
569
542
583
423
571
599
593
593
583
530
556
588
484
545
404
494
485
586
578
405
344
595
579
568
399
503
572
520
446
586
508
500
279
481
560
587
469
575
490
534
365
323
588
566
495
435
584
383
539
580
501
440
570
596
561
554
596
598
454
573
589
584
586
544
577
592
421
587
536
555
584
586
491
589
563
569
564
454
550
236
501
443
452
466
534
427
593
591
539
595
571
578
597
573
454
582
579
575
544
519
535
591
532
521
468
589
591
585
596
432
410
594
511
561
573
592
598
537
572
594
591
597
588
576
505
240
594
407
587
545
494
346
530
587
552
501
374
571
596
559
408
589
592
592
574
571
595
593
569
599
539
523
385
503
475
491
560
306
572
553
422
484
589
376
537
558
580
493
555
584
596
556
584
533
594
568
565
572
525
433
372
594
549
514
569
519
565
573
472
586
594
572
592
507
579
494
594
578
599
586
192
569
572
599
585
491
248
597
596
579
325
556
529
567
283
558
597
589
577
504
597
566
430
517
599
592
481
479
324
553
561
514
593
405
538
583
417
586
583
413
507
592
577
303
587
528
540
483
488
314
535
436
518
595
593
453
550
592
396
367
589
588
345
353
588
379
479
507
306
302
584
508
172
503
598
332
452
520
543
592
589
589
504
567
579
424
526
