694
640
678
577
697
587
671
589
558
649
679
668
677
691
554
687
501
623
576
585
633
433
508
653
654
688
675
593
673
644
681
659
677
690
671
647
540
522
598
698
679
662
638
699
628
555
612
690
650
651
639
652
653
628
538
702
491
517
691
691
664
692
693
667
664
669
567
694
690
702
674
496
687
646
516
695
677
683
640
358
695
671
694
501
692
694
465
637
692
697
671
698
693
700
536
657
681
641
657
572
577
670
559
490
587
700
645
635
565
677
621
573
659
673
604
395
658
681
605
594
600
701
606
654
672
565
679
679
669
652
680
640
476
698
698
683
583
697
342
587
641
698
643
529
656
451
647
700
587
654
676
695
586
684
670
641
697
588
567
689
345
602
701
694
699
698
439
686
697
665
493
611
625
688
680
657
581
676
659
671
607
680
649
344
695
684
701
702
617
640
520
569
246
697
537
681
695
693
611
662
685
693
675
686
651
675
655
699
599
698
601
476
697
476
671
553
697
691
653
642
674
581
677
698
612
620
682
698
624
225
648
640
439
695
669
363
535
606
322
665
634
640
689
677
511
700
684
700
515
650
647
494
638
561
599
333
698
701
692
700
697
192
339
540
317
602
618
698
544
680
637
697
677
699
500
697
541
671
696
693
509
396
613
329
676
632
675
607
664
572
658
667
584
702
461
635
677
665
694
671
531
702
564
693
654
685
616
682
597
478
688
654
573
669
698
662
453
695
671
641
668
670
701
673
674
630
393
617
579
539
639
702
659
537
578
631
657
699
678
672
637
701
631
700
629
688
698
425
594
680
594
641
689
693
632
537
654
619
669
673
570
585
539
679
546
609
683
694
657
693
433
508
702
574
545
692
615
692
679
550
575
617
612
644
673
683
684
695
686
508
686
499
683
635
504
700
653
642
697
591
546
654
636
545
563
674
606
696
501
605
506
573
688
542
611
661
620
513
607
573
671
673
668
590
599
573
555
547
698
394
638
699
697
677
640
604
679
687
328
597
474
663
421
696
654
583
552
533
689
637
671
333
602
700
420
654
555
642
571
554
702
664
675
616
692
579
699
644
438
665
578
527
571
592
662
673
679
651
645
694
700
261
600
546
669
698
497
653
608
554
581
663
681
600
537
479
701
650
702
529
548
214
435
691
684
672
701
213
688
643
299
642
678
549
672
584
690
694
680
664
697
656
691
555
502
635
517
376
663
695
646
679
556
658
624
349
686
687
628
686
541
701
615
554
598
670
697
684
693
671
295
696
680
687
702
504
543
696
680
675
675
698
684
690
619
687
696
694
685
658
658
681
672
674
536
662
697
621
687
572
699
576
467
660
694
529
632
181
696
586
459
686
638
655
702
410
698
697
641
700
665
403
436
634
685
657
647
639
583
692
679
693
626
697
654
632
620
702
662
679
562
679
625
685
650
669
677
671
670
692
598
666
546
591
562
580
561
668
648
677
693
560
698
492
666
528
651
662
677
349
458
296
702
699
676
697
506
657
674
679
592
699
699
660
546
700
563
678
690
382
604
642
677
667
676
588
666
658
698
382
698
678
702
630
679
602
689
697
691
647
454
682
698
699
539
659
694
678
675
644
681
569
693
679
480
540
689
405
563
598
657
662
656
626
695
680
656
668
684
649
689
494
584
696
696
696
589
439
609
582
595
702
624
553
507
365
697
373
700
455
684
677
656
670
651
618
593
671
695
674
644
415
695
635
698
520
700
696
662
629
671
674
699
675
615
580
493
637
702
546
474
700
696
689
676
659
696
335
691
644
677
702
701
361
666
672
616
701
557
674
539
675
608
565
693
622
532
546
695
700
693
642
699
696
667
412
555
674
661
692
641
548
689
315
641
673
683
601
468
688
701
494
365
596
152
642
696
694
658
687
698
641
694
649
560
617
691
696
698
556
693
700
342
674
561
700
611
684
694
657
694
630
545
698
586
514
670
689
626
697
580
697
694
671
699
674
680
699
684
676
673
386
633
696
693
619
694
702
427
631
634
695
604
448
438
615
689
662
696
695
699
688
671
688
675
502
473
273
700
682
698
607
590
670
696
673
649
666
698
601
394
655
670
578
693
659
515
671
657
676
489
604
449
635
702
649
667
691
695
650
679
611
454
446
695
667
648
552
619
702
549
560
672
648
495
654
686
696
695
662
694
685
572
647
687
701
679
701
701
702
662
621
454
697
410
599
616
700
571
413
620
565
599
365
602
443
701
636
590
583
685
590
634
698
692
649
683
644
470
695
700
695
306
669
699
605
637
680
677
676
686
504
684
699
621
493
696
668
469
701
647
524
684
693
676
677
644
328
692
597
530
640
695
595
577
694
478
618
213
693
684
697
659
612
687
656
626
676
663
650
657
692
567
584
691
651
684
653
621
696
485
632
492
488
527
580
664
696
679
668
598
696
603
687
529
644
657
702
683
395
702
679
679
580
380
603
469
626
610
694
620
692
504
561
698
623
364
674
296
350
667
644
680
632
571
678
626
558
328
689
335
689
690
442
675
624
547
664
616
679
570
683
692
697
621
696
622
643
676
682
634
699
665
689
594
678
681
701
310
692
685
629
669
666
699
492
607
517
496
657
670
575
572
672
652
663
668
357
634
273
511
691
442
575
699
673
659
656
687
697
452
675
621
676
573
674
652
633
699
587
603
698
678
566
619
612
673
539
585
682
468
492
569
697
696
677
606
496
634
680
689
693
501
647
659
700
702
560
700
654
641
691
578
532
667
619
421
462
623
675
691
524
695
619
605
662
677
696
634
671
696
637
686
648
633
652
689
669
613
556
642
398
451
684
696
648
560
693
625
497
637
662
643
695
696
687
601
409
552
697
701
692
599
615
699
620
505
606
679
575
700
693
682
566
654
153
693
698
633
682
615
616
582
696
583
693
555
631
688
665
584
503
686
699
551
647
281
589
424
700
655
700
597
510
698
649
616
697
445
700
670
523
467
471
594
649
683
701
610
624
641
624
658
693
613
700
613
647
634
553
601
511
438
504
665
659
699
432
687
697
602
597
692
491
578
690
630
670
598
666
431
651
702
242
447
674
692
668
545
696
698
508
687
428
570
637
696
452
646
685
684
603
698
671
634
539
536
510
642
682
686
678
610
694
669
643
430
549
332
655
353
579
549
695
608
700
668
513
660
582
673
645
661
689
567
672
591
701
574
695
463
640
467
268
641
687
540
570
658
601
556
701
662
653
678
644
537
490
677
692
668
551
464
610
638
669
699
617
676
680
687
678
702
647
637
619
669
342
576
470
678
280
699
529
544
682
688
634
368
689
650
693
560
702
701
504
694
477
688
585
678
662
694
593
673
692
702
684
622
547
685
657
673
700
678
632
679
381
549
307
500
702
674
642
652
686
654
591
685
700
672
615
596
550
661
478
692
682
545
635
599
674
534
630
616
690
684
701
415
689
494
673
621
674
524
700
469
669
687
630
337
426
676
538
609
630
664
560
626
607
580
658
674
699
446
435
399
632
693
656
607
622
509
568
517
639
702
552
608
676
562
701
630
695
302
690
484
696
495
636
660
700
697
445
693
482
695
697
662
697
671
631
701
613
438
699
627
609
685
634
639
605
700
605
665
428
612
630
262
532
640
628
657
600
523
690
678
689
295
699
700
689
650
675
700
445
607
538
683
664
690
490
444
687
622
591
676
390
655
377
699
702
685
668
669
632
674
611
701
695
487
682
549
147
541
585
677
646
519
677
676
676
697
