515
574
563
426
552
580
511
440
600
412
596
581
590
597
598
597
379
586
588
586
476
597
291
574
598
498
600
259
437
449
568
534
552
597
598
599
437
602
535
600
422
593
469
594
597
594
474
260
597
550
472
599
597
598
123
603
600
564
569
600
520
406
530
570
566
564
490
552
596
590
500
598
490
579
375
574
588
524
442
563
581
527
503
600
598
580
580
597
544
555
550
599
543
366
600
596
544
531
500
581
511
409
594
574
564
554
305
508
518
583
553
514
585
570
520
430
594
566
546
601
522
584
528
540
204
542
596
458
596
601
555
599
597
377
579
601
497
516
602
573
600
572
592
500
572
601
527
599
586
584
530
602
585
432
570
194
232
504
484
571
599
585
581
598
582
489
588
343
597
413
544
582
544
470
599
576
595
240
357
554
254
599
392
595
590
494
581
458
519
588
517
273
560
578
584
358
577
538
566
165
589
445
594
558
309
597
551
602
545
505
585
594
589
582
569
591
571
583
473
493
601
602
581
284
228
225
597
518
348
596
603
598
395
553
575
593
599
572
587
509
436
587
559
474
584
512
592
597
545
542
590
603
369
597
583
590
574
581
396
552
543
565
596
510
140
593
590
592
595
596
375
591
573
431
544
571
546
594
573
570
601
541
588
603
589
595
551
598
543
600
579
479
509
561
563
571
585
590
590
519
509
583
552
598
599
548
567
598
393
601
526
599
485
473
583
552
588
557
600
414
563
591
589
601
554
497
535
496
530
599
297
600
600
598
573
595
351
441
555
598
597
598
598
547
601
573
568
591
558
523
594
595
550
601
597
479
595
596
595
396
551
373
558
592
546
600
591
464
444
577
595
579
582
590
562
467
543
599
599
367
600
420
602
601
559
600
600
540
506
465
428
599
551
550
573
556
602
594
592
551
406
553
423
572
580
570
467
474
545
583
524
573
206
574
594
596
603
599
392
603
577
570
550
448
595
597
573
564
345
583
582
598
396
591
329
557
594
444
603
484
534
601
598
521
487
600
532
515
596
368
568
548
575
468
485
560
502
597
547
547
597
406
557
160
558
445
566
555
546
572
545
555
572
588
558
587
553
548
546
487
361
429
598
582
271
476
596
599
598
599
249
587
579
601
592
601
595
401
558
596
603
600
548
595
559
452
584
590
537
398
506
435
578
399
530
457
442
569
558
595
602
601
568
602
552
379
582
407
330
598
472
461
461
601
600
554
524
487
402
532
597
553
591
325
316
456
391
588
430
443
503
595
432
586
545
454
542
578
488
350
564
584
475
568
550
586
500
570
584
494
600
491
487
593
590
579
368
591
598
602
544
472
585
586
597
581
593
501
602
600
524
544
598
576
523
600
531
558
497
272
546
546
564
550
575
462
598
429
540
562
454
598
284
541
573
473
598
519
539
600
593
592
584
586
579
597
535
540
430
486
383
564
565
303
573
574
285
597
594
543
582
556
573
589
601
599
596
477
537
553
405
536
507
597
581
526
582
546
584
601
540
541
440
552
591
598
593
595
337
526
556
596
594
347
596
331
473
586
508
510
587
567
593
389
601
595
549
550
586
577
594
496
603
566
577
508
603
597
557
467
578
572
423
497
552
565
593
593
582
584
538
596
464
562
562
587
586
590
581
407
249
445
577
603
477
573
583
430
587
594
524
594
360
601
500
601
598
588
561
549
482
399
456
498
594
443
599
579
523
591
586
561
542
539
508
497
558
415
587
583
576
522
598
572
324
405
353
566
584
596
599
505
602
598
565
590
490
446
581
372
570
597
555
601
532
538
405
588
573
595
452
598
588
562
419
600
550
568
411
581
428
592
525
569
493
440
582
519
539
601
581
299
594
491
531
361
438
596
547
577
476
576
481
597
596
590
543
582
596
598
524
598
582
551
407
439
588
585
407
574
591
532
598
531
577
574
581
587
519
576
603
598
580
575
526
486
474
580
523
562
596
595
552
575
600
597
587
548
600
589
584
482
520
601
406
597
592
589
254
582
477
600
431
594
562
586
483
460
555
580
504
591
595
594
583
594
496
600
581
557
603
597
460
583
577
548
569
391
505
432
586
596
597
582
566
602
594
411
580
599
602
570
571
541
597
502
478
499
597
418
528
579
378
579
596
548
566
519
594
510
509
601
505
555
337
536
603
540
347
603
496
582
591
587
593
526
425
594
474
573
574
560
601
589
535
558
597
601
599
552
596
337
591
599
583
428
562
599
575
550
579
420
575
486
532
603
580
554
596
594
542
460
549
573
514
588
561
586
532
601
600
602
362
595
535
600
591
599
601
318
521
577
603
543
587
589
467
329
581
532
249
507
543
583
600
509
433
591
562
510
588
595
427
276
595
486
593
573
586
531
596
571
468
600
585
539
508
596
589
578
551
478
502
565
589
429
601
582
546
450
598
505
575
599
517
598
504
559
574
582
551
597
595
562
599
586
567
601
526
589
466
597
597
552
546
479
539
588
535
599
596
589
583
598
589
547
593
595
573
565
576
599
599
580
529
402
527
572
594
598
486
515
587
400
599
572
545
574
577
596
547
600
570
509
575
599
598
407
581
581
538
603
514
592
414
285
391
565
443
572
511
581
582
452
589
589
568
477
234
526
559
553
595
583
482
224
457
600
566
599
323
550
603
542
473
587
557
584
581
543
595
458
584
562
476
599
545
575
567
579
573
566
600
595
557
577
492
456
585
529
538
480
595
593
595
583
595
528
521
585
575
594
601
512
376
577
582
598
596
485
423
551
548
600
555
523
517
568
592
522
581
380
442
543
548
291
595
474
436
558
600
538
454
597
581
463
521
564
521
596
462
574
545
594
580
598
603
599
597
536
602
589
519
568
440
286
588
438
562
561
402
437
488
497
566
599
434
575
599
595
587
584
578
415
454
541
424
503
579
597
391
528
350
568
577
594
285
460
317
530
545
502
431
574
552
575
556
456
593
599
599
587
506
544
574
588
601
586
599
580
548
437
580
597
598
408
593
487
471
497
442
582
590
360
443
533
594
492
584
558
596
580
526
598
521
420
480
564
512
534
422
578
392
572
574
501
519
598
593
596
600
558
597
552
598
596
536
586
487
544
588
603
449
595
581
572
465
466
595
448
576
509
598
574
589
593
599
535
591
598
578
527
566
599
541
595
459
598
455
588
600
590
599
493
500
581
600
566
575
507
488
578
553
524
456
601
553
599
487
587
523
583
592
588
410
595
554
583
592
548
399
461
562
600
447
558
582
586
557
571
575
582
568
548
457
546
495
520
570
503
318
489
598
408
437
345
594
479
288
584
584
601
581
585
572
257
573
599
595
572
431
539
401
581
595
556
564
583
473
469
281
510
541
511
374
597
484
504
553
537
561
596
586
155
602
586
531
564
459
531
516
600
541
539
436
561
600
592
598
519
582
541
570
601
600
598
551
559
585
510
552
577
559
434
368
393
572
554
553
360
584
547
566
580
537
544
579
572
499
288
499
522
559
594
582
598
580
307
507
551
577
596
582
304
576
558
591
582
596
497
574
422
369
583
482
444
522
600
587
500
476
598
581
546
556
555
569
578
403
584
556
602
601
560
596
595
583
594
423
584
261
563
593
571
597
380
552
507
597
601
418
596
553
509
564
577
503
571
599
597
590
426
563
597
598
522
570
601
585
540
461
578
600
600
544
505
417
428
576
521
599
599
540
581
551
583
574
599
406
554
501
558
598
588
392
472
529
603
556
580
511
557
599
527
587
494
601
485
511
588
507
590
597
575
597
591
601
478
600
588
363
588
597
566
524
399
490
583
548
582
496
600
569
521
591
581
599
598
591
597
371
577
600
592
594
602
550
587
483
241
574
514
334
592
343
448
572
597
543
575
580
583
528
577
261
554
584
579
574
377
597
583
597
595
597
520
466
579
582
587
550
602
600
578
603
570
516
602
151
580
485
582
565
600
554
442
417
602
602
564
571
440
592
384
424
584
591
597
439
550
475
564
584
603
462
563
598
390
509
582
287
582
419
585
596
485
471
554
541
597
597
587
577
591
440
467
588
515
581
587
544
557
553
404
486
551
381
453
466
334
587
463
597
444
496
598
578
602
575
599
567
585
537
577
589
429
602
303
584
486
597
452
578
601
579
576
562
595
410
376
599
485
555
553
545
506
574
581
487
408
578
598
581
578
587
598
440
556
596
316
587
592
522
591
475
582
512
515
600
578
598
599
597
603
506
400
579
599
550
487
581
552
561
563
592
579
596
594
539
557
450
542
590
576
598
599
580
601
585
583
492
586
595
598
599
569
600
603
544
425
558
546
598
544
592
205
558
549
597
470
601
444
601
494
331
597
586
601
573
588
361
481
553
572
595
597
581
594
595
492
600
463
529
518
582
578
573
415
459
549
603
452
582
588
596
550
440
425
596
428
600
562
440
535
549
558
583
600
538
583
562
594
588
535
300
602
603
442
585
603
495
584
535
536
590
500
589
590
468
575
596
601
598
601
196
566
579
596
504
590
445
600
543
492
599
477
252
572
576
599
358
593
598
541
373
587
454
581
595
542
389
585
590
507
593
264
520
586
592
597
564
597
597
600
547
603
597
569
595
417
523
179
600
562
565
575
596
552
512
547
571
565
447
577
322
421
468
298
581
600
578
562
559
600
448
569
507
514
330
599
408
496
586
451
599
514
446
330
538
565
564
599
552
602
539
542
583
602
547
519
553
584
600
339
558
480
501
576
599
570
595
588
575
571
597
532
591
592
599
592
528
379
586
399
202
545
600
550
572
243
579
597
511
469
597
601
603
528
498
571
583
595
463
543
496
600
492
539
555
535
587
591
538
563
578
509
382
483
491
549
596
592
571
601
584
575
364
399
546
538
223
601
458
597
578
527
573
592
597
601
601
591
472
528
519
583
596
600
597
469
563
601
587
589
543
559
585
564
582
586
583
596
546
493
596
508
585
508
533
533
572
584
578
327
573
555
594
585
590
496
600
491
589
595
588
586
568
457
567
494
598
549
578
542
597
598
520
568
564
587
555
592
320
601
559
160
544
582
550
573
550
597
500
538
304
587
553
445
377
545
597
588
599
594
601
601
517
599
599
582
443
591
534
600
601
598
585
583
572
580
477
544
432
602
591
503
583
597
548
547
490
602
323
518
482
428
430
592
508
593
585
560
596
598
469
552
522
598
473
595
571
526
485
520
558
514
588
574
599
581
600
519
593
548
590
439
516
484
598
598
518
587
497
200
588
415
414
566
567
566
542
597
508
575
515
348
550
508
507
602
600
493
476
575
569
520
564
597
596
547
348
504
594
482
514
556
475
594
573
519
593
540
564
361
595
603
240
417
595
553
599
574
590
598
517
550
519
310
579
457
526
596
565
600
546
533
439
557
561
523
489
582
580
509
597
580
568
574
601
555
597
590
575
540
522
365
468
529
602
559
532
495
455
529
537
426
457
596
597
566
587
530
206
552
587
545
568
490
571
564
594
584
403
599
493
554
596
593
568
471
588
513
580
595
511
601
581
583
529
583
563
580
588
552
582
594
573
551
584
584
579
597
591
597
552
483
487
584
534
584
493
595
533
571
556
521
564
246
313
486
552
578
485
462
533
571
601
485
594
448
583
419
603
586
550
416
596
544
538
598
598
351
603
477
541
544
463
315
541
398
558
577
602
424
479
496
394
462
575
397
568
580
597
593
542
389
362
513
584
594
532
565
551
581
543
586
500
588
586
579
150
535
591
516
598
584
586
582
446
545
598
550
486
593
600
549
557
587
599
603
600
547
392
369
557
599
548
569
468
587
547
580
555
601
423
422
597
461
597
558
577
527
596
321
593
555
580
590
363
525
474
599
593
554
488
519
584
593
601
215
599
599
599
477
589
570
584
596
581
480
557
541
558
586
600
595
602
583
587
472
544
486
554
547
498
388
602
473
574
472
600
601
595
583
427
500
408
560
589
597
481
477
513
578
525
595
498
598
542
576
603
493
571
539
573
563
553
602
585
588
373
594
490
518
590
542
598
567
593
561
466
599
583
582
598
579
284
546
467
602
550
405
528
463
598
598
563
432
582
552
583
571
594
476
595
589
595
575
589
598
593
504
545
597
588
561
340
578
534
564
516
475
552
494
581
533
571
516
552
581
539
592
445
540
566
597
601
578
571
581
599
587
413
591
555
491
592
360
522
565
265
589
576
592
587
514
556
481
459
592
462
598
480
548
474
527
597
293
562
585
571
488
599
264
542
595
599
528
446
401
572
597
583
588
584
560
601
596
603
586
552
584
585
488
601
462
507
578
559
580
548
420
567
603
601
546
539
541
587
546
564
597
533
568
544
601
567
499
554
508
592
456
597
522
596
462
513
594
514
498
584
533
362
555
438
522
509
580
598
535
421
600
552
596
434
401
582
553
569
480
569
568
594
569
589
425
601
491
600
445
593
542
531
543
583
389
601
572
593
592
579
573
594
599
599
548
435
551
574
578
574
580
522
347
597
448
594
548
577
595
600
568
552
599
586
587
575
567
580
489
581
499
453
571
603
270
570
572
602
527
468
479
376
564
577
502
586
420
596
581
603
532
528
589
584
592
575
600
597
492
589
580
572
538
595
585
552
590
587
599
398
568
585
580
495
603
576
600
506
394
297
557
601
596
584
555
560
456
556
568
355
387
326
577
588
527
587
600
602
495
509
562
487
522
566
576
568
488
571
413
578
545
601
550
330
598
581
597
581
382
595
531
577
497
343
598
552
600
570
566
534
456
541
573
600
603
550
295
562
600
555
477
341
544
602
584
597
569
519
541
545
593
584
528
518
575
477
562
584
336
567
411
462
563
596
595
595
337
494
597
573
603
590
553
596
379
588
549
587
445
593
540
595
559
526
543
394
550
298
600
420
599
511
599
537
543
600
600
499
525
573
474
548
523
597
577
408
555
603
581
598
560
485
599
546
578
601
529
578
482
553
582
595
538
564
534
569
583
386
510
483
586
565
564
179
393
542
599
379
542
350
537
521
592
544
418
572
596
306
494
457
417
583
426
573
582
360
594
582
531
579
569
566
357
554
490
438
483
557
594
596
602
596
496
540
493
471
597
295
599
452
597
555
601
593
601
573
515
515
427
596
578
584
570
389
543
327
472
594
589
546
418
599
603
596
601
581
580
545
550
462
480
544
572
598
594
326
594
563
581
539
598
376
600
495
539
593
598
582
507
598
350
538
595
487
579
467
602
590
549
504
496
394
564
601
492
602
496
567
579
540
457
422
589
594
485
407
583
590
591
468
485
592
477
591
596
588
580
347
437
537
560
565
555
507
565
600
354
597
477
541
602
600
400
396
531
550
539
568
348
572
567
409
598
413
581
560
487
600
587
484
601
419
528
597
375
587
541
411
577
436
577
595
395
559
489
544
583
586
573
586
492
550
577
487
558
595
509
482
565
584
540
587
541
599
593
597
584
595
476
524
547
481
539
420
555
485
353
544
595
414
553
446
567
493
376
576
361
545
510
573
567
572
574
561
571
596
555
598
594
523
547
541
592
596
458
522
600
585
222
553
600
597
310
479
541
556
552
577
587
541
553
514
584
583
502
545
563
584
546
577
596
456
593
529
597
597
467
542
302
466
600
543
597
570
485
461
585
601
594
585
474
563
600
583
579
550
600
598
550
558
402
568
445
596
549
582
602
490
312
283
245
551
575
356
580
595
598
574
526
559
561
574
582
526
596
599
590
309
564
588
573
597
576
597
552
544
547
550
461
596
572
588
514
504
469
595
549
591
259
252
463
541
517
552
600
588
597
497
577
590
458
584
459
591
582
549
584
458
444
551
585
597
599
422
572
461
601
591
512
603
425
408
509
595
519
551
588
463
598
598
580
517
581
599
373
518
597
285
571
457
410
594
572
581
597
565
597
481
581
585
582
532
527
587
517
596
599
464
350
504
587
600
208
500
518
601
560
582
467
417
597
388
585
599
491
479
495
557
592
595
597
592
509
549
527
594
566
599
528
603
593
573
381
601
594
561
549
592
591
576
600
522
600
548
601
601
590
557
497
574
566
559
568
534
581
546
602
563
426
596
434
600
522
426
585
485
531
567
511
573
552
594
600
591
522
573
485
548
564
430
481
574
538
460
583
501
550
589
564
560
557
599
583
559
534
250
223
603
494
300
588
481
379
601
592
516
541
588
593
551
591
598
506
601
599
522
582
534
582
368
593
406
432
557
396
597
591
584
599
587
601
455
291
596
602
224
566
440
405
460
600
598
594
385
386
589
586
603
541
583
583
589
598
590
465
582
441
519
590
581
528
582
598
600
582
412
581
414
488
594
586
596
557
553
594
529
490
490
597
548
366
562
582
593
590
601
600
575
590
580
597
549
498
579
577
581
552
520
598
593
585
533
581
600
603
538
602
483
541
602
583
596
561
552
587
535
584
585
499
582
491
477
600
488
591
467
599
535
603
380
528
569
540
582
600
577
477
476
404
414
595
438
582
482
476
338
358
568
406
533
552
542
462
294
439
521
517
535
580
539
597
485
600
416
519
490
580
584
603
514
595
515
491
458
568
598
513
578
574
580
566
541
571
539
544
173
602
587
113
601
585
385
585
566
572
594
568
562
545
540
593
584
587
458
484
578
596
571
593
597
498
579
603
580
511
507
545
545
569
597
586
402
551
584
487
560
573
397
597
582
279
576
587
601
589
584
536
597
522
601
583
487
591
535
509
599
591
325
597
602
584
504
344
552
601
570
472
509
593
600
497
576
539
517
546
602
377
485
555
400
427
494
278
586
463
566
602
579
477
497
543
595
594
601
475
553
602
596
600
551
576
414
385
543
579
588
517
602
554
589
545
571
597
348
575
596
551
338
516
538
569
598
473
601
550
272
583
453
532
465
545
503
600
597
594
597
599
374
595
587
524
597
599
428
562
538
599
600
599
599
527
442
530
601
246
501
572
560
576
580
512
419
595
593
568
572
585
600
581
414
572
486
511
580
595
595
460
553
599
561
201
309
544
440
534
561
528
595
540
579
413
527
596
550
569
567
549
559
473
452
522
589
564
493
497
598
602
589
527
554
269
597
581
556
207
451
549
598
507
564
601
600
586
432
598
594
582
447
544
486
601
575
541
593
567
303
584
597
555
549
597
462
448
552
576
600
602
526
555
520
594
333
587
597
562
375
603
600
567
560
546
580
594
559
593
540
596
592
588
579
460
590
593
482
556
568
594
353
603
600
460
529
535
544
383
519
503
537
403
589
588
467
583
575
404
517
595
233
525
594
561
495
559
592
531
447
596
584
587
589
534
574
587
593
550
468
601
541
534
517
481
554
422
500
571
580
571
571
598
509
533
590
332
381
233
585
562
386
550
573
574
485
597
573
575
553
572
506
550
589
595
575
592
547
599
289
511
589
594
601
595
318
594
554
440
600
547
440
567
592
318
601
592
600
428
413
218
552
90
580
580
350
547
538
532
516
581
598
529
579
603
551
589
580
588
485
577
364
251
561
551
602
556
591
528
559
595
603
509
512
573
564
547
546
579
488
582
518
526
553
526
603
346
593
585
473
596
562
532
471
565
579
583
459
488
594
597
575
353
536
582
589
544
288
601
577
532
599
568
142
411
295
324
564
551
596
159
387
595
391
471
399
570
548
584
603
449
584
601
218
594
603
575
587
529
595
334
521
603
549
548
576
560
599
593
557
365
458
589
600
579
550
489
371
535
552
513
455
588
568
593
597
499
512
511
577
552
395
599
506
552
600
603
549
581
584
421
464
600
562
513
597
539
514
600
602
575
602
600
566
572
597
548
598
590
594
602
385
574
447
337
546
513
601
542
572
534
582
447
600
576
579
596
578
545
216
348
495
538
591
597
594
534
594
596
602
598
583
593
529
367
566
590
580
264
353
526
546
578
582
592
552
585
596
603
602
464
582
573
570
560
578
532
562
562
525
568
567
562
529
563
582
601
472
540
591
539
593
568
305
577
416
594
586
574
603
593
596
424
395
566
499
516
338
551
580
552
398
587
501
600
572
254
581
230
569
592
598
478
351
601
455
560
558
599
403
593
603
591
591
308
576
296
590
473
528
591
574
580
571
545
444
587
354
588
381
599
599
582
517
512
562
591
602
463
490
576
597
581
541
428
601
599
421
331
576
490
246
539
591
533
553
494
370
596
490
601
600
576
489
580
484
603
211
548
597
573
573
535
523
580
581
601
598
597
523
504
601
599
574
479
594
601
596
561
578
348
503
535
565
557
590
532
544
532
596
497
553
599
549
467
524
601
581
594
541
591
600
580
595
599
596
588
509
591
561
530
502
581
599
469
441
580
502
585
576
577
552
487
477
600
562
599
466
595
391
532
596
537
565
597
582
575
599
601
542
575
599
499
578
558
469
534
433
565
483
509
530
491
598
523
589
445
596
596
542
302
476
601
499
537
599
558
585
363
558
523
509
599
579
573
581
458
478
230
572
553
521
563
585
596
360
599
601
583
283
582
573
584
350
602
597
595
600
493
580
596
600
582
600
569
577
532
355
598
597
494
594
486
594
590
295
484
580
596
599
550
438
600
601
588
594
533
483
592
500
407
522
590
555
578
597
595
597
501
458
601
559
592
380
552
522
586
558
596
536
381
601
431
599
468
538
592
363
579
587
516
494
572
73
465
599
600
556
493
448
593
459
496
464
595
597
561
543
426
538
439
598
569
602
595
585
535
493
592
548
601
596
513
589
594
370
479
560
477
477
599
551
602
514
503
565
462
588
555
458
502
358
585
592
598
535
591
574
600
318
410
598
556
596
420
455
595
446
538
583
521
303
597
581
502
536
599
526
598
582
603
583
488
600
572
547
495
596
571
533
236
600
587
493
596
398
572
578
577
423
579
582
503
369
601
563
533
600
566
581
602
583
552
596
522
577
492
594
597
578
598
585
468
600
393
554
550
584
461
598
445
585
365
575
598
363
443
583
551
586
589
559
550
599
599
587
538
496
419
579
597
601
546
306
580
510
589
594
587
341
550
600
456
587
591
598
553
589
591
587
573
546
476
597
387
579
550
584
502
569
552
472
560
544
567
591
578
552
478
597
596
598
582
561
601
593
601
588
599
591
601
394
415
574
569
595
371
598
598
531
393
600
437
515
584
558
588
598
551
428
562
596
586
599
599
568
596
597
582
478
594
599
580
363
593
538
596
552
551
535
594
259
538
595
603
464
532
545
563
325
574
401
582
579
573
593
518
558
595
595
584
485
596
597
585
553
564
562
551
348
595
572
585
588
330
582
596
599
589
448
544
599
527
593
579
593
519
582
523
600
590
556
496
599
601
539
530
531
596
600
589
584
598
597
597
543
584
598
573
380
541
601
586
593
601
548
494
453
566
584
581
599
572
600
449
524
566
306
288
502
603
561
601
561
355
576
577
594
448
540
519
542
597
501
534
231
276
391
594
535
482
598
553
592
374
582
537
538
596
598
580
536
581
569
585
436
600
552
575
567
526
603
597
602
461
597
600
571
339
588
603
354
567
580
599
601
601
597
505
567
601
520
600
477
515
579
599
600
538
160
589
576
205
573
557
558
527
565
592
423
601
472
603
570
596
581
497
599
567
570
565
573
587
590
602
579
547
562
597
552
596
582
552
515
496
559
579
596
503
588
587
358
311
603
583
554
602
441
518
563
481
568
581
596
552
577
545
568
595
602
528
520
600
502
514
403
473
596
292
594
340
600
573
574
590
569
603
579
556
589
591
524
564
574
557
593
570
577
563
577
597
327
530
467
509
591
600
588
601
543
574
439
583
598
575
492
313
547
535
531
575
598
578
577
552
531
354
551
579
571
585
557
441
540
589
306
481
562
546
575
523
588
544
579
601
367
505
558
539
592
564
583
576
601
439
577
560
581
510
502
582
597
493
536
591
497
376
568
575
547
592
597
447
483
542
420
534
582
537
570
542
547
409
590
598
596
597
564
599
598
599
323
579
598
600
419
602
601
598
594
565
544
590
596
600
574
485
581
392
566
343
579
428
582
385
598
572
535
539
600
541
590
596
597
518
586
552
600
551
598
593
594
533
555
597
600
420
541
588
544
575
578
574
598
572
600
515
556
598
350
574
428
552
361
603
514
459
589
530
531
570
548
538
601
595
598
593
588
487
570
584
563
505
582
232
209
453
485
512
506
556
599
596
578
372
601
596
508
544
580
599
599
576
596
585
574
534
523
381
598
596
599
524
598
565
582
599
492
551
394
576
599
567
583
581
593
567
590
585
591
340
595
509
587
584
566
218
590
593
521
468
580
598
580
398
542
592
560
315
534
565
600
573
601
598
589
599
597
452
602
596
599
594
597
508
584
550
540
579
316
594
587
587
561
577
594
519
561
601
593
595
596
408
591
486
584
599
481
269
408
588
568
508
487
603
342
597
509
598
384
580
552
443
518
467
583
418
598
600
509
564
582
393
452
590
517
573
598
478
506
602
591
557
556
506
435
561
594
590
559
358
584
501
504
595
492
516
433
569
599
600
493
576
566
601
588
603
565
600
474
574
581
603
407
578
442
463
568
596
400
588
575
565
474
481
517
603
518
478
551
371
579
603
573
599
397
418
597
345
579
591
580
568
592
382
603
489
597
531
598
221
544
490
531
589
358
560
598
557
481
601
574
224
581
600
597
367
602
594
600
603
597
596
437
580
566
586
521
258
601
603
580
597
578
552
603
521
598
593
580
274
601
543
600
459
580
591
603
434
522
601
517
569
469
419
234
595
596
597
571
600
589
601
571
582
524
545
601
578
602
455
578
565
569
599
603
598
602
595
535
597
588
560
575
553
575
522
594
552
577
594
596
594
603
412
536
566
598
488
357
462
579
561
596
587
546
547
515
241
578
551
598
474
251
567
499
545
334
415
454
595
581
480
581
601
594
354
589
520
566
497
461
506
586
428
578
502
559
542
578
566
535
588
581
586
534
584
523
520
601
283
488
584
546
410
527
599
584
507
546
556
538
289
270
587
586
593
595
491
272
580
595
551
436
594
600
549
429
537
291
336
553
422
596
392
528
596
587
596
505
564
510
559
575
524
600
519
581
535
582
598
601
495
571
586
399
596
572
453
593
597
380
267
576
598
384
572
560
587
602
467
584
579
597
602
583
543
584
408
581
580
451
581
596
370
512
579
596
583
599
533
328
378
581
516
411
201
593
598
595
409
496
597
576
576
469
576
600
587
535
603
550
598
507
528
518
415
435
583
600
595
570
574
596
599
592
440
445
542
598
579
573
514
479
560
514
524
601
580
515
601
347
585
583
521
564
601
535
559
566
448
504
541
548
592
603
538
502
599
508
588
593
602
579
596
591
567
600
597
579
464
416
598
472
600
553
519
565
531
574
602
400
586
565
580
467
586
601
590
591
374
588
584
511
596
597
554
422
500
567
596
578
534
209
513
602
581
527
581
334
522
581
580
564
587
492
544
577
584
408
574
227
601
475
546
408
596
588
586
564
599
322
597
587
599
601
572
462
596
597
446
591
325
540
600
583
588
440
568
589
585
361
541
596
548
534
493
171
551
309
555
581
558
597
580
558
584
577
591
467
591
556
588
593
587
598
493
583
548
423
524
575
545
436
596
485
542
593
599
560
567
583
581
461
390
563
588
601
591
561
491
284
549
597
487
601
573
579
579
592
557
480
564
548
499
476
577
562
442
595
409
466
576
594
540
551
573
597
549
289
565
524
595
568
555
546
550
537
593
533
552
576
596
551
546
117
537
598
582
579
556
588
521
508
562
494
579
238
447
559
532
436
579
547
439
579
575
486
519
598
572
354
559
350
601
526
480
590
489
561
594
574
597
549
493
502
580
581
576
487
568
532
592
602
601
583
541
483
529
214
600
416
537
555
552
595
488
599
597
519
595
438
594
595
567
600
565
573
489
478
528
580
479
580
584
603
476
436
539
532
327
489
520
556
571
574
592
439
428
360
524
497
597
591
590
571
575
558
377
370
490
552
597
558
512
600
580
447
587
544
499
537
547
309
569
511
599
330
599
448
599
602
594
518
577
468
502
528
481
538
601
586
228
586
585
575
361
601
271
420
601
553
543
556
573
523
524
586
559
362
456
587
568
462
528
601
600
601
543
602
602
580
456
576
592
589
597
599
583
366
588
582
360
421
554
261
371
598
579
569
595
515
564
572
598
594
591
595
504
588
570
573
432
389
421
561
556
550
445
326
550
339
468
602
594
538
594
603
540
575
588
599
581
597
424
445
548
547
597
597
599
585
532
576
565
496
579
595
601
132
595
587
513
551
363
556
594
578
600
591
426
589
564
426
517
476
361
550
573
322
601
569
599
588
600
396
552
534
601
583
458
602
585
599
514
445
575
547
597
585
544
600
567
370
571
432
531
600
560
588
594
445
549
496
569
602
307
598
571
339
600
577
600
576
529
274
591
578
305
516
592
460
570
462
597
506
551
557
575
560
459
586
594
496
428
510
411
559
592
597
490
402
478
598
585
571
603
566
527
522
442
566
588
581
603
586
601
598
466
575
591
574
592
558
551
603
602
529
549
540
540
563
431
596
554
581
581
507
445
451
550
539
556
546
513
556
463
576
559
602
558
408
572
591
571
541
460
594
549
598
600
595
564
574
553
577
442
602
562
573
531
576
572
601
320
569
475
570
576
481
553
588
571
523
533
588
495
573
594
489
582
600
594
579
594
544
587
304
590
597
573
482
594
582
316
465
580
591
492
548
598
507
386
431
513
381
598
597
593
523
437
582
541
586
584
534
591
494
564
563
450
596
564
597
528
390
600
600
601
596
542
584
599
598
489
600
419
531
460
532
380
540
589
597
317
601
483
571
407
550
565
597
463
597
585
575
599
229
588
600
509
553
595
591
595
462
580
349
500
603
236
589
508
444
597
442
518
600
597
417
467
409
557
588
513
594
477
578
576
580
408
576
526
564
572
516
269
473
385
331
589
479
559
595
599
598
569
598
589
317
398
578
554
557
564
595
542
421
555
452
528
589
574
388
603
602
552
601
566
580
560
585
571
565
447
557
577
451
597
502
467
501
278
505
276
451
570
551
488
602
565
598
580
520
597
552
574
563
326
389
585
601
582
480
518
533
542
524
543
594
337
600
595
581
521
562
588
505
585
443
540
601
501
598
582
564
455
587
476
602
571
532
391
564
596
514
582
520
477
566
468
412
592
380
584
599
420
600
240
545
470
470
503
582
599
597
489
598
510
510
592
591
528
603
479
579
491
603
515
590
601
572
592
568
280
520
532
456
363
580
594
576
601
442
564
601
530
406
574
426
598
403
594
591
598
584
572
506
583
601
526
436
565
594
523
572
603
560
603
172
544
487
597
578
286
591
597
541
481
595
597
595
432
600
560
585
581
296
592
582
472
597
420
539
597
598
328
529
543
600
598
588
589
572
600
601
601
292
429
560
597
599
588
576
487
595
476
552
582
589
584
598
446
593
340
595
535
579
553
420
584
83
597
480
518
401
601
569
403
578
594
568
592
586
