375
363
292
379
368
364
362
349
367
358
342
363
342
338
338
376
347
378
354
375
349
368
358
334
351
354
312
309
362
307
241
336
187
359
256
355
292
344
327
359
378
342
66
315
373
268
342
195
321
366
364
267
374
257
346
255
334
330
371
341
365
351
356
333
294
346
370
349
372
370
376
371
317
334
345
369
302
306
345
310
369
308
360
296
207
358
371
362
374
372
366
350
372
347
353
314
336
223
336
208
358
349
374
357
238
377
247
340
367
375
371
303
319
346
372
233
288
354
372
329
336
256
366
380
231
348
371
170
377
373
337
370
373
345
202
357
292
353
371
319
380
373
369
379
375
342
347
277
372
375
377
294
327
379
373
279
375
89
273
372
359
222
311
336
304
374
319
312
313
332
378
173
205
314
371
292
335
366
363
344
334
333
379
369
356
295
354
208
369
346
322
371
293
347
323
298
354
319
297
370
299
350
219
357
268
312
378
367
352
318
370
344
200
371
256
379
380
277
304
373
364
360
373
351
370
375
325
297
357
243
377
374
313
373
313
370
251
371
359
371
297
358
357
372
372
377
373
370
305
317
309
332
345
371
332
355
375
275
318
357
371
378
265
344
363
378
223
238
216
237
372
376
133
371
337
348
345
355
370
367
333
231
342
371
348
372
112
258
363
365
366
372
317
370
361
362
379
145
281
357
321
284
94
346
211
194
273
372
345
340
369
272
328
272
374
325
369
380
347
373
247
358
364
373
375
214
368
362
346
342
351
357
332
278
317
341
271
355
246
327
378
376
376
370
352
361
377
379
361
120
312
346
372
343
376
373
352
374
371
376
352
372
375
338
356
369
225
365
326
369
372
377
372
374
171
360
372
282
370
312
289
365
376
321
353
273
366
363
288
372
352
270
375
353
363
341
306
373
247
103
376
336
212
197
319
371
363
374
240
315
266
376
368
320
179
369
265
216
351
380
374
360
257
365
326
357
336
340
356
361
345
374
205
309
369
378
342
199
377
330
304
361
343
333
181
340
328
332
345
300
361
346
299
348
241
316
364
366
312
368
374
338
369
372
261
349
337
303
324
378
371
340
272
377
339
365
348
342
371
353
380
368
250
313
206
309
246
271
290
347
380
368
344
356
324
369
372
314
323
362
354
257
372
357
373
263
166
379
148
268
332
347
346
296
328
314
334
374
366
372
376
370
376
330
376
327
371
156
330
243
346
377
358
378
370
344
377
371
312
343
364
373
172
378
361
354
378
372
351
368
379
328
359
292
351
281
326
349
361
304
365
267
371
252
346
354
358
372
376
357
348
360
279
263
316
289
345
375
364
265
367
373
279
321
321
358
318
260
341
367
286
341
353
303
358
307
372
322
370
349
379
255
349
346
369
356
361
357
362
368
373
354
318
371
355
365
279
327
344
361
260
351
335
278
167
361
342
252
241
264
326
359
376
372
347
356
339
380
307
353
326
374
346
354
375
343
346
304
369
344
372
362
343
311
346
372
372
338
317
248
379
372
347
351
326
196
373
139
312
374
271
374
332
357
368
313
234
368
249
328
379
311
371
370
374
344
326
379
375
347
377
346
310
371
369
274
372
378
200
252
297
341
378
357
354
244
377
315
378
342
342
305
373
271
371
371
375
117
374
328
380
217
272
263
317
372
348
251
347
285
378
203
372
358
338
321
344
253
378
273
370
207
360
377
346
359
336
376
365
344
231
293
318
369
283
339
226
377
333
368
325
368
368
369
352
376
299
358
339
368
354
379
380
296
377
331
328
367
333
374
339
370
368
374
275
252
334
328
371
336
312
343
369
344
370
369
294
363
380
371
239
319
352
343
362
253
319
356
256
346
317
330
354
263
374
356
372
376
347
368
312
379
324
316
355
358
369
305
370
371
364
266
373
373
380
326
369
353
294
344
355
314
379
368
363
373
212
370
306
364
368
346
288
228
348
349
273
216
372
355
334
295
380
372
370
369
306
337
185
365
378
369
376
369
371
348
363
366
357
336
341
370
370
370
322
180
232
235
257
368
232
368
379
227
361
369
289
356
245
352
365
351
370
346
339
296
283
369
378
368
296
366
373
352
332
368
315
369
342
361
358
373
372
370
268
329
353
356
375
287
312
372
369
361
348
238
349
297
347
286
357
343
327
359
372
236
334
327
378
374
338
357
283
266
377
289
352
317
376
376
314
234
370
337
356
336
370
376
370
372
333
317
269
370
322
370
329
322
369
354
357
202
379
344
348
348
372
365
318
327
379
372
321
327
363
379
374
273
368
165
371
358
343
370
376
351
376
352
378
380
321
160
370
377
376
357
372
375
278
355
379
379
351
296
367
362
335
334
278
235
370
335
351
136
243
350
378
372
380
346
362
239
372
375
207
223
362
326
370
357
347
370
311
364
371
269
377
336
360
320
262
341
359
300
346
338
337
359
363
286
371
355
370
374
293
372
245
357
369
328
371
339
320
342
350
361
287
345
304
380
355
356
356
302
286
368
357
318
322
377
335
357
299
241
333
223
354
378
354
371
345
308
326
150
152
375
310
366
362
370
373
376
301
299
368
369
358
376
302
343
379
370
378
343
325
358
359
355
374
313
374
342
379
332
270
378
290
380
376
351
376
268
287
350
315
312
378
345
331
361
345
373
280
361
369
258
355
375
125
323
358
378
372
347
358
359
199
345
199
324
359
277
350
101
377
344
338
261
322
234
284
368
296
378
357
347
365
372
361
356
380
348
284
346
361
370
370
355
365
333
296
360
329
355
251
365
361
196
314
331
363
310
372
374
341
342
230
358
346
320
377
307
341
317
374
379
328
379
309
368
287
378
289
373
295
371
378
220
379
327
350
357
302
346
354
350
377
371
219
345
340
241
357
349
279
367
367
341
354
336
165
346
380
378
339
341
361
261
333
372
293
355
338
156
342
338
372
352
325
354
347
342
167
215
372
373
203
355
252
379
347
320
372
379
370
275
371
367
239
312
336
297
367
327
351
357
237
378
337
374
361
293
377
374
344
364
338
307
368
358
302
233
358
327
361
377
362
366
337
369
323
252
318
335
368
379
378
329
377
368
306
351
348
378
342
376
368
338
342
315
290
312
354
344
380
293
356
159
301
207
371
361
347
116
284
255
372
377
345
321
272
346
372
363
252
177
313
374
354
372
372
366
344
183
365
371
366
371
368
318
349
371
327
365
366
333
335
374
361
347
341
377
359
185
365
354
347
346
346
190
371
376
319
371
334
188
372
257
371
347
376
250
373
321
364
284
370
175
372
293
366
365
373
361
242
239
336
355
379
370
358
368
294
375
327
267
366
368
262
268
310
379
265
362
339
327
346
353
374
292
367
371
346
222
367
379
377
336
356
379
372
360
373
368
369
222
331
369
378
320
300
332
360
252
309
368
166
347
366
376
163
305
378
364
349
370
361
160
307
355
252
365
350
180
323
244
276
192
373
380
360
363
373
321
343
192
372
318
379
327
307
371
373
306
271
246
79
130
330
376
256
365
301
368
348
307
380
373
313
293
375
371
349
347
264
354
358
331
372
348
310
330
334
324
377
351
358
374
202
367
367
370
257
366
217
360
326
182
374
380
346
371
286
348
345
351
380
206
347
372
334
371
374
248
372
372
372
377
319
356
235
367
349
373
377
375
318
335
373
374
370
333
376
301
379
317
370
367
358
320
299
373
378
325
346
236
377
376
364
359
374
369
131
376
349
366
369
360
153
351
357
349
334
342
346
280
345
378
369
379
371
367
379
224
366
379
371
350
316
316
377
370
376
350
360
357
344
370
326
333
371
295
314
264
360
325
334
380
374
206
379
374
369
375
217
376
361
354
317
344
366
359
370
357
332
368
374
347
331
372
353
237
370
371
373
310
359
374
366
377
361
339
379
307
380
369
325
240
321
348
289
346
291
363
351
290
320
380
262
363
366
357
346
364
259
374
349
345
192
274
329
322
309
358
360
335
366
131
350
373
364
370
294
374
373
299
269
358
378
366
314
286
334
264
372
323
306
348
357
344
369
340
344
345
379
370
379
364
348
365
371
350
372
336
324
225
312
372
366
374
375
365
340
376
379
229
373
376
319
219
374
343
322
358
365
312
298
377
373
343
374
374
347
359
371
368
345
362
371
367
377
357
291
346
372
373
265
340
371
327
231
363
355
380
378
370
378
365
341
253
380
238
326
368
319
321
370
351
312
328
336
375
323
336
376
372
275
359
349
356
310
377
379
322
253
376
357
348
363
377
367
379
380
371
379
340
361
380
326
378
355
376
328
373
373
375
326
355
370
378
362
282
376
244
287
280
262
377
323
316
342
354
237
372
263
327
314
371
368
351
380
374
336
295
328
352
281
357
377
337
345
227
370
351
304
373
352
346
376
286
377
307
307
370
315
308
298
304
371
287
331
204
327
370
377
284
378
377
342
357
246
363
371
371
367
264
370
248
338
269
369
317
369
347
369
286
368
264
330
257
369
323
345
189
339
364
352
372
357
348
378
352
334
306
211
376
374
324
368
358
376
351
312
373
372
326
216
376
379
360
347
319
368
327
367
331
331
312
380
344
360
299
336
371
272
375
320
378
370
302
341
327
271
375
380
373
334
379
367
370
156
314
377
375
345
340
374
366
324
358
285
346
329
370
364
293
359
352
339
355
356
284
212
294
299
357
235
374
379
304
336
360
354
370
378
213
247
353
347
367
335
216
331
370
327
147
355
374
372
370
371
317
171
380
264
348
330
290
374
378
365
369
290
183
379
378
341
330
286
332
366
345
366
174
356
375
195
368
317
293
277
321
359
375
341
335
338
351
323
373
370
373
347
376
376
192
359
370
350
373
193
327
282
269
353
286
378
351
356
295
337
372
238
377
294
371
372
371
309
354
329
363
188
247
375
374
376
259
245
366
94
312
374
296
359
372
326
307
372
380
355
330
167
337
326
275
375
369
374
330
352
355
369
374
327
356
357
335
370
335
379
373
355
320
371
373
346
334
307
379
269
378
359
368
375
380
159
359
380
367
312
332
283
371
365
362
347
369
345
328
380
328
233
379
369
373
374
379
328
373
366
327
367
349
367
336
376
380
374
350
280
275
318
325
288
346
361
354
167
371
351
346
377
369
352
366
323
195
313
349
353
324
173
336
368
141
372
297
373
365
351
359
361
358
377
256
333
359
342
372
319
379
365
362
368
319
344
304
198
189
245
379
323
356
374
376
338
340
297
371
369
319
279
323
361
371
371
353
347
191
325
351
243
263
369
361
286
331
369
226
326
338
356
351
325
369
227
357
352
378
289
379
340
313
356
358
365
297
376
340
343
288
356
317
369
368
374
376
276
357
370
379
367
370
374
372
269
261
366
367
378
355
375
372
377
336
180
236
364
370
378
246
307
377
313
201
245
346
290
346
370
367
207
365
380
369
333
370
370
327
255
372
340
350
372
337
272
201
372
334
372
296
371
325
358
373
284
345
255
372
348
346
379
253
370
376
188
360
267
326
308
301
349
139
290
341
376
263
269
377
336
370
364
352
343
347
377
372
362
337
326
334
333
378
372
351
361
360
380
339
372
337
311
357
335
369
295
360
372
379
313
371
343
303
380
248
349
273
341
357
327
308
356
326
378
377
373
370
262
378
370
344
147
352
370
317
355
376
372
339
368
307
309
352
271
331
368
373
336
373
359
291
369
298
368
368
366
259
277
264
377
259
363
307
354
328
380
338
368
378
348
338
299
373
372
369
293
358
313
318
143
355
340
376
329
249
375
273
356
369
351
374
363
378
372
241
302
326
377
325
366
346
372
226
359
376
365
368
377
310
362
377
317
356
362
355
350
254
327
251
373
375
331
290
321
302
358
370
347
372
362
377
367
319
285
360
211
272
348
367
366
322
358
374
280
356
344
371
310
300
337
370
238
348
282
357
277
374
359
368
367
375
290
319
359
306
179
272
366
194
374
314
380
368
355
237
361
187
371
356
342
351
363
372
251
254
371
357
208
331
302
253
230
360
188
330
370
364
376
370
342
314
316
312
376
373
305
377
293
369
328
337
348
356
361
378
165
319
303
370
366
353
349
374
362
329
357
372
295
331
287
377
372
378
375
182
341
333
158
290
298
369
380
358
378
377
368
326
372
343
318
379
357
345
263
368
268
369
369
373
360
327
355
355
369
347
270
376
351
372
376
373
367
371
370
316
369
330
352
220
369
311
377
372
328
380
344
329
373
316
273
364
238
362
343
338
257
369
352
369
336
374
332
339
359
280
124
371
281
172
348
269
372
359
372
258
372
243
336
334
378
359
347
289
374
330
345
325
194
246
365
358
306
378
310
345
347
369
370
349
239
357
357
371
379
319
315
379
379
379
361
310
358
352
378
301
361
373
278
371
344
371
376
376
236
284
338
328
364
369
275
339
349
351
252
375
232
340
362
359
363
373
369
372
310
327
373
369
375
177
377
380
271
350
370
319
316
276
360
370
296
378
372
329
279
367
276
319
364
340
325
357
361
378
330
272
371
302
358
372
193
357
369
370
373
246
328
292
370
372
380
339
367
360
378
351
312
380
240
376
336
341
276
319
357
277
335
355
375
377
349
290
296
351
311
315
347
373
377
368
380
162
239
365
350
358
356
125
351
344
339
308
370
372
247
368
373
351
284
303
324
378
354
361
374
365
283
377
342
317
356
378
297
369
339
292
346
375
345
355
375
262
293
335
329
315
373
333
369
319
370
377
354
370
338
379
354
360
343
354
375
308
377
377
358
371
361
374
254
357
355
275
325
288
353
277
309
365
240
372
374
295
372
377
336
335
321
375
372
320
340
373
372
365
362
321
372
295
358
375
352
364
321
321
324
255
359
306
369
377
272
367
371
380
312
362
300
331
372
340
306
362
367
344
333
207
377
309
227
348
359
365
331
260
358
351
373
358
373
277
288
328
370
329
362
261
155
378
339
348
334
330
370
219
197
380
339
258
368
358
365
365
332
374
269
371
263
268
370
366
380
319
372
372
373
302
319
379
213
336
371
369
315
374
374
285
371
297
306
367
346
350
366
358
358
373
321
370
289
375
346
378
305
339
359
236
372
365
93
358
273
380
284
309
84
369
334
365
356
297
351
288
288
356
356
251
355
380
369
345
355
238
211
351
310
351
376
328
372
327
347
358
345
348
373
299
355
369
285
359
371
356
350
347
291
228
313
353
277
373
373
370
267
351
369
377
331
166
374
349
373
342
373
355
270
377
370
362
367
312
346
379
208
363
343
376
339
199
373
363
352
366
377
370
373
361
297
316
346
365
320
371
376
289
320
220
341
353
337
362
373
339
277
368
271
289
346
257
216
297
346
368
354
371
367
339
343
318
365
374
378
273
325
361
358
367
303
190
361
185
242
357
302
339
264
206
360
367
380
374
285
366
365
313
347
150
341
328
377
362
341
284
334
131
346
361
336
369
339
330
322
358
327
372
335
348
378
379
343
376
336
359
329
371
336
155
372
309
261
377
372
368
378
361
294
368
306
379
356
266
328
358
362
335
346
366
336
308
292
351
269
332
346
300
290
363
378
342
377
365
222
332
362
342
377
372
317
355
315
347
357
375
351
358
360
372
329
348
379
265
336
378
370
359
379
284
334
248
294
307
281
357
288
373
322
312
375
377
187
365
375
377
359
314
299
353
337
374
228
327
229
267
362
326
363
378
380
316
109
375
344
344
334
371
278
353
366
352
351
262
347
226
374
373
255
364
378
336
336
373
378
375
353
376
199
289
319
357
321
326
324
379
378
368
318
227
278
339
359
288
253
379
297
370
355
288
310
313
259
373
355
329
357
336
333
254
378
228
375
344
370
379
373
368
299
368
300
378
210
360
379
328
376
365
342
370
344
359
343
353
257
366
182
367
372
212
322
369
375
380
344
291
374
377
286
356
370
335
327
262
125
364
327
378
370
349
365
336
372
371
367
219
366
209
193
368
280
370
371
324
355
364
364
310
289
346
370
349
372
339
376
334
372
368
233
331
370
370
312
157
379
372
355
373
353
370
377
363
369
371
348
368
281
180
374
329
365
233
281
302
376
322
362
367
372
333
336
249
364
347
314
377
380
376
365
320
277
311
369
361
373
356
311
351
379
247
380
373
367
372
360
369
370
358
194
273
372
378
344
368
377
380
263
318
328
377
307
374
367
349
229
269
376
359
374
342
377
343
255
334
328
305
371
369
317
272
264
321
350
274
198
369
321
343
367
369
312
369
348
366
357
342
352
356
376
371
321
315
339
373
308
373
355
372
369
363
312
331
226
364
367
321
359
229
329
274
327
344
331
302
369
300
197
350
361
349
191
370
337
358
335
358
366
277
365
377
371
244
356
332
372
370
348
373
369
277
375
340
318
373
378
228
365
287
302
322
373
351
276
376
295
337
371
351
274
373
370
314
355
376
365
357
378
372
324
362
211
347
377
374
373
349
371
357
287
337
371
376
355
252
380
170
374
318
339
347
356
372
372
349
371
360
365
373
309
284
236
100
138
233
268
374
372
371
210
378
228
277
376
361
371
377
378
373
353
307
321
314
319
368
360
371
285
213
197
370
373
369
355
357
375
357
334
309
218
355
346
378
362
380
365
350
233
368
365
369
324
373
369
285
285
365
312
375
222
322
373
354
315
344
354
370
358
365
364
325
280
376
368
317
337
374
251
283
161
369
247
261
356
375
355
342
377
348
343
333
374
372
369
347
342
371
372
267
379
363
370
376
339
340
375
349
321
302
305
375
307
279
355
246
359
122
365
293
343
373
216
346
300
358
257
356
372
286
273
372
321
369
346
360
357
375
357
379
270
275
348
378
372
270
353
345
348
371
309
357
311
379
377
362
358
345
371
365
371
372
374
377
379
371
205
227
372
372
367
335
376
361
339
173
333
352
348
259
366
371
276
360
350
370
364
367
376
292
345
362
329
296
238
298
364
379
370
356
358
366
360
274
199
249
277
373
370
139
150
342
376
305
229
367
345
344
205
345
208
339
370
377
364
299
372
373
347
356
347
369
346
371
339
341
377
363
378
370
301
326
366
325
341
375
373
374
353
328
157
371
359
357
368
368
306
360
367
350
330
371
332
277
346
365
350
272
353
314
377
374
367
334
337
372
360
252
372
360
379
376
376
372
379
309
377
375
314
372
317
361
372
378
370
376
342
318
378
273
301
284
220
376
375
283
234
288
294
373
293
368
376
272
375
378
332
199
348
214
363
323
349
365
370
343
366
378
377
302
346
319
368
378
348
312
375
377
320
356
329
371
369
134
238
347
349
356
377
364
367
366
305
333
293
370
352
363
314
346
371
277
368
306
327
312
351
377
277
223
271
378
292
355
347
374
372
377
371
320
333
327
230
369
179
378
371
372
305
342
309
248
349
328
273
379
356
336
326
334
342
371
312
370
371
351
239
228
302
305
373
372
305
342
284
329
371
354
373
377
380
198
328
314
342
268
375
340
302
364
322
271
377
233
377
372
318
291
360
369
370
360
372
374
363
378
378
375
327
334
290
350
184
352
177
375
368
318
363
369
327
180
262
270
377
340
346
353
197
248
230
163
357
364
191
355
357
369
315
371
341
376
368
333
341
344
350
245
304
363
333
301
362
285
292
374
301
353
342
372
318
343
338
345
322
233
335
372
374
271
373
372
367
345
166
313
247
346
363
371
283
159
380
321
369
290
372
371
379
350
373
315
358
373
351
319
347
180
377
357
341
286
345
320
279
336
228
371
367
372
350
336
347
369
358
362
355
353
371
373
284
371
370
364
378
335
345
145
173
289
370
347
337
372
317
373
249
348
296
372
358
367
372
357
219
343
375
379
352
365
373
369
373
335
319
355
332
357
378
304
316
359
296
311
329
361
378
310
288
341
348
366
295
304
375
310
327
370
301
352
294
329
308
374
308
355
364
377
334
190
379
308
283
364
321
320
310
326
270
376
352
374
372
336
331
244
333
375
353
372
373
332
328
193
367
351
372
358
377
334
368
280
303
274
307
173
167
154
245
360
370
282
351
368
292
378
380
309
371
315
249
350
370
196
281
373
341
302
239
281
370
184
371
315
375
341
328
230
369
373
378
302
236
376
368
375
367
370
350
340
287
342
356
318
216
378
227
371
350
357
373
375
353
377
219
372
313
361
302
267
367
356
357
135
319
369
374
379
358
364
368
372
374
371
370
371
359
372
354
378
371
378
371
355
350
372
329
380
347
356
349
373
337
332
368
375
378
379
306
347
362
306
366
344
358
98
363
376
313
356
370
336
237
369
370
328
229
190
363
324
379
356
371
342
330
290
362
262
225
362
271
357
374
377
300
351
380
365
357
367
369
261
312
355
305
369
262
377
357
376
377
359
370
371
340
359
372
373
263
344
377
354
376
287
345
314
239
376
255
371
371
368
370
275
378
373
199
378
371
216
226
269
371
342
350
263
355
379
326
362
371
369
274
377
369
337
379
330
370
363
362
365
363
330
378
346
164
244
337
350
348
272
218
341
363
353
358
217
264
353
370
367
279
336
241
186
352
368
358
348
290
361
248
371
380
305
331
369
335
352
278
166
379
350
234
335
368
364
346
369
353
374
370
380
247
354
368
307
348
328
321
375
370
370
302
307
371
373
216
220
230
370
376
155
361
376
286
347
376
319
362
362
335
361
186
325
378
301
337
362
358
373
379
276
369
261
377
132
353
364
379
371
376
270
345
371
333
375
362
226
328
378
294
380
357
371
369
370
379
376
347
325
365
370
358
370
345
346
380
372
368
357
359
329
199
307
370
226
235
370
345
155
341
376
368
325
326
373
379
370
341
375
331
211
263
358
289
368
377
344
369
327
329
304
369
376
348
227
346
345
266
278
357
342
365
356
346
362
368
362
170
319
298
302
373
378
309
283
315
369
344
294
333
374
354
245
354
368
367
378
334
357
371
158
345
371
357
334
332
347
232
370
312
363
307
377
351
357
333
370
369
323
313
316
372
341
288
365
165
346
364
357
370
302
259
369
378
369
361
359
341
369
287
371
368
350
321
376
160
203
368
245
371
296
299
339
346
363
363
368
302
336
379
364
319
375
280
177
370
300
256
326
212
354
342
346
305
275
239
370
355
344
377
357
339
253
354
318
322
356
266
345
380
361
295
320
372
363
368
367
327
364
369
292
359
359
337
336
347
342
380
304
358
331
311
357
364
331
362
351
251
374
344
355
376
379
316
315
285
319
367
292
352
342
370
343
380
380
242
314
353
314
364
339
327
337
354
368
350
320
363
333
338
338
359
349
371
371
375
373
311
373
331
380
356
371
345
368
260
354
375
346
371
371
370
132
306
359
379
336
371
372
230
345
362
376
347
279
357
370
377
314
292
352
369
356
372
372
376
371
380
351
374
340
345
380
315
378
356
368
253
233
211
337
367
241
370
264
205
379
346
293
376
289
379
378
265
285
349
365
273
282
359
332
288
356
372
367
372
337
341
328
332
316
348
320
351
216
370
373
333
292
365
346
371
348
349
320
378
343
337
358
225
263
358
378
174
354
368
361
374
346
355
378
338
370
366
370
369
378
202
372
357
353
370
231
365
241
346
362
361
278
351
302
377
221
228
344
336
380
368
252
299
291
356
350
380
358
295
349
217
280
280
379
377
317
377
369
375
377
371
366
370
328
351
314
252
322
332
250
354
365
366
379
377
308
372
378
341
374
372
293
301
373
358
326
348
357
372
370
365
343
321
348
269
278
355
370
376
294
374
336
370
304
339
369
370
369
281
372
371
373
372
343
363
375
370
373
352
375
370
377
366
335
351
339
347
279
379
287
350
358
354
364
224
375
351
357
355
366
202
338
352
305
363
372
379
340
340
350
337
367
343
372
371
371
336
379
372
331
356
365
379
320
336
280
347
378
333
330
351
373
380
379
316
290
363
373
376
296
371
372
284
347
375
376
362
293
365
320
376
375
369
373
370
295
370
367
335
373
354
269
372
364
359
329
370
277
281
317
351
351
196
329
346
274
367
375
290
353
273
302
348
367
342
263
161
354
358
368
363
348
374
257
326
372
372
351
372
363
372
357
360
171
326
338
248
364
314
361
335
376
322
343
324
376
328
260
285
377
273
327
372
371
368
380
367
286
337
379
354
371
376
284
365
250
328
347
247
149
377
369
294
369
378
283
139
198
252
358
373
376
356
370
318
227
364
163
334
379
379
228
336
376
375
330
358
350
354
363
376
374
368
376
367
265
263
359
237
370
315
357
363
374
367
356
266
261
375
357
365
362
356
344
332
154
370
367
356
374
369
272
297
372
380
372
313
377
371
269
374
226
324
240
236
354
373
251
374
364
373
243
374
97
345
336
301
365
342
262
377
211
341
354
369
352
363
311
194
330
304
373
271
367
339
364
275
370
248
285
273
373
193
279
366
119
352
269
313
344
375
207
305
288
366
359
376
351
374
346
350
358
291
341
270
372
377
351
377
366
319
360
320
320
351
291
41
286
309
355
375
324
369
370
290
379
371
370
373
352
362
369
316
277
371
368
371
373
369
368
318
340
307
297
357
370
311
377
221
362
289
286
379
369
376
314
329
314
314
347
357
361
368
268
162
378
357
366
367
373
368
356
337
372
367
291
365
347
199
360
206
347
327
351
347
359
374
374
286
371
318
370
346
355
372
335
332
303
348
245
369
256
379
355
370
347
315
365
358
314
369
205
264
193
363
377
338
376
360
209
259
341
351
337
363
319
351
376
373
314
314
373
376
335
375
348
336
375
328
269
309
346
356
360
317
379
371
320
343
351
296
358
279
360
369
356
356
331
347
332
358
378
359
354
221
375
358
236
349
342
213
321
339
370
357
239
371
378
358
369
379
377
348
341
295
341
263
341
294
333
371
369
306
261
371
366
376
341
370
371
375
327
378
328
367
369
260
279
359
371
350
371
375
308
274
373
368
366
337
367
371
378
356
372
333
373
377
359
378
327
280
372
373
378
363
373
367
250
380
230
378
361
360
372
233
377
286
371
334
365
228
361
376
346
365
350
377
373
355
372
370
342
372
377
369
268
368
370
373
377
363
368
313
376
209
358
318
329
378
365
349
366
364
268
189
336
361
368
366
332
154
344
376
371
367
362
370
379
349
317
241
289
352
377
311
369
316
334
286
340
175
367
377
342
352
325
360
371
259
358
165
344
378
331
110
371
376
358
338
364
351
362
347
275
353
166
335
357
309
289
225
307
340
347
360
357
368
327
336
361
298
370
303
248
380
249
310
376
346
353
369
335
357
345
364
317
281
287
339
347
340
264
370
379
373
374
378
368
354
341
374
369
364
310
348
186
323
148
349
357
377
351
319
357
358
376
284
357
379
374
368
287
368
335
265
374
342
250
347
356
297
305
305
298
347
207
341
376
320
349
305
358
376
314
351
251
267
373
313
379
335
360
334
379
376
344
371
289
324
356
326
302
377
321
365
362
371
366
372
344
303
320
378
371
375
329
368
377
353
354
375
327
373
341
348
372
245
370
358
335
332
348
235
222
356
369
331
330
379
220
345
254
271
372
370
373
371
369
356
359
324
373
331
355
328
335
315
379
370
373
344
279
340
277
327
362
322
291
362
330
372
274
360
369
281
370
357
358
359
272
372
376
322
345
378
379
328
369
175
329
322
357
321
372
347
328
243
362
326
364
349
366
373
139
353
379
339
347
363
341
359
114
370
368
348
371
371
370
322
372
300
373
354
379
371
365
131
258
374
377
370
129
372
335
168
346
355
370
377
347
301
359
256
346
333
376
339
278
254
288
246
372
368
350
355
369
373
370
369
335
358
372
321
378
350
375
371
369
252
351
370
343
301
357
291
375
377
244
360
314
358
355
316
371
304
346
271
239
334
364
285
283
302
370
369
294
364
355
376
368
308
376
370
370
191
371
347
376
307
250
326
323
368
336
377
373
377
288
375
347
355
357
219
376
308
330
336
377
364
364
372
375
276
364
345
334
370
267
345
109
373
357
318
371
373
378
331
369
368
298
344
359
335
354
302
361
268
362
290
321
365
331
368
380
347
297
351
371
351
334
377
348
373
321
365
349
247
258
342
378
331
292
372
367
285
343
336
370
380
352
377
204
330
287
358
367
378
268
372
273
293
369
370
375
356
355
349
369
373
369
353
196
269
374
374
350
264
375
212
369
282
376
325
208
377
347
348
368
373
377
376
265
301
378
267
338
344
358
357
372
376
335
357
369
361
320
359
378
329
358
376
352
379
370
380
356
374
359
367
345
366
375
209
286
341
349
359
342
277
318
283
339
379
358
375
368
340
223
354
377
162
125
350
373
369
374
351
378
318
312
378
328
314
325
275
351
344
148
183
374
344
276
375
380
365
369
311
377
376
156
321
334
348
370
366
311
374
304
369
346
318
318
347
361
294
363
328
314
169
372
338
206
372
323
255
373
275
335
372
347
293
182
372
348
375
370
355
349
379
368
373
364
350
362
354
346
373
335
369
336
378
335
373
289
377
369
321
347
220
371
340
332
319
289
299
301
217
307
380
332
356
319
365
304
379
372
369
357
324
376
344
360
342
333
231
365
378
273
367
355
366
352
292
365
373
359
287
369
300
325
365
370
261
371
359
358
371
351
354
233
371
348
367
314
372
333
339
352
365
322
340
292
254
337
189
366
357
361
316
378
359
347
368
280
377
293
344
137
263
271
329
307
356
369
372
351
312
369
353
374
329
357
323
286
371
358
274
366
365
373
331
324
340
370
345
298
368
358
344
196
374
376
371
350
379
371
359
351
266
377
323
338
367
375
370
334
358
259
361
334
342
377
288
330
343
297
266
379
296
361
315
362
219
313
370
362
347
373
353
372
363
347
190
363
333
346
368
328
368
253
174
374
284
344
339
308
380
365
367
312
333
380
333
344
299
369
373
367
298
354
338
366
380
250
372
251
332
355
327
366
374
328
366
267
359
370
215
357
340
351
290
370
367
369
208
283
378
234
376
319
287
376
321
376
328
273
326
316
352
357
344
238
216
371
357
307
259
335
372
356
364
368
290
370
307
290
238
355
342
357
232
363
355
245
378
364
371
230
351
254
368
343
368
346
340
337
180
349
315
170
253
361
288
362
374
323
373
338
343
371
319
355
302
332
335
376
325
376
249
371
364
220
302
371
357
355
336
207
369
333
169
357
371
364
378
345
165
328
358
255
185
340
321
250
333
359
343
368
243
294
377
338
377
332
354
351
380
370
334
373
355
328
261
191
183
316
307
271
143
316
357
349
354
362
325
372
312
350
363
369
274
332
315
369
344
371
368
288
364
369
227
353
371
203
375
255
214
336
286
346
346
283
368
374
360
377
372
322
219
358
339
116
371
281
370
378
363
258
311
241
192
365
212
377
376
351
359
259
379
376
378
306
354
360
322
199
379
350
370
352
329
343
187
365
371
305
376
359
374
373
265
342
331
242
120
377
366
363
367
328
363
362
316
363
375
306
369
324
365
368
269
378
361
377
378
379
375
357
307
298
351
376
351
334
334
346
355
294
333
358
365
316
351
266
370
242
248
366
169
267
256
362
349
305
376
219
371
289
357
244
344
359
319
333
289
327
372
367
134
377
375
368
361
239
374
369
365
281
340
372
343
368
368
179
376
356
366
369
356
372
378
372
372
370
339
379
374
369
332
377
370
359
362
364
350
259
378
268
359
372
370
358
377
353
283
348
376
317
207
308
342
341
342
372
352
374
354
368
376
370
352
277
351
372
377
367
357
264
221
308
376
366
347
372
321
374
359
357
331
336
378
375
371
342
351
379
378
290
333
354
372
350
353
330
369
117
376
284
378
344
357
371
371
316
355
333
312
332
351
371
368
375
373
344
370
372
359
258
369
300
347
380
259
351
328
339
230
368
359
376
371
285
341
356
312
229
358
371
378
367
211
363
352
347
372
375
343
361
364
342
370
334
362
228
343
364
345
374
377
142
345
297
370
242
248
357
363
374
377
355
291
173
372
345
339
212
322
316
378
379
365
301
368
372
369
302
316
286
118
121
368
363
368
299
335
343
192
316
318
365
279
125
378
377
380
378
346
336
370
378
362
379
280
377
183
380
378
379
355
315
358
251
378
337
375
245
361
362
318
363
292
365
365
373
377
374
356
375
319
369
345
254
220
292
371
371
317
370
368
349
373
373
376
352
340
327
247
361
368
369
362
374
351
321
357
305
336
375
372
349
232
125
375
332
377
359
289
294
310
376
354
261
303
223
358
344
300
250
287
331
268
347
351
335
352
366
338
345
359
354
363
373
336
346
379
200
179
373
304
298
249
360
237
306
372
335
319
346
377
342
286
378
371
285
373
368
370
355
369
238
216
363
296
375
358
366
341
369
372
335
344
300
333
369
268
366
378
325
369
339
314
267
279
356
241
127
113
370
340
315
357
374
289
364
302
356
229
371
358
364
348
262
325
343
373
289
372
373
371
352
372
372
357
334
314
248
355
372
320
368
349
326
370
341
350
356
323
301
166
374
338
370
357
317
339
379
373
277
322
372
371
179
293
271
317
341
373
376
337
361
305
368
332
373
221
370
364
278
298
349
350
361
356
347
372
317
296
292
328
256
242
245
359
366
207
341
163
372
329
350
358
340
363
287
347
372
370
373
369
336
375
357
267
370
370
371
380
326
338
312
234
342
380
333
369
375
373
360
380
274
363
368
373
330
342
357
269
377
336
363
287
375
316
348
345
359
369
369
324
373
371
375
369
339
360
379
330
346
213
378
375
197
327
378
344
374
262
209
362
200
221
364
296
371
349
361
375
266
339
304
351
249
317
279
354
340
379
214
365
357
316
338
365
365
361
205
373
369
262
320
362
158
331
369
359
372
377
336
377
344
304
364
378
360
328
361
374
324
344
359
354
373
367
365
378
340
374
330
356
328
373
370
241
243
219
277
320
332
368
380
369
113
370
205
371
189
307
162
263
377
313
362
369
305
157
224
349
290
347
380
355
283
362
365
369
371
345
371
365
346
328
330
313
367
318
307
371
365
350
369
371
369
353
255
355
354
344
295
370
365
204
363
366
380
371
346
376
329
374
321
343
368
346
347
314
292
379
365
377
345
376
320
294
335
356
330
229
299
288
276
370
346
372
377
307
368
265
380
357
364
198
331
370
372
307
367
378
374
338
371
318
374
273
336
102
371
364
343
245
312
367
306
190
355
371
351
370
373
367
337
324
357
371
373
366
370
376
360
368
339
361
345
372
378
297
362
366
290
364
336
378
377
265
193
350
349
354
345
380
315
309
370
379
226
285
356
329
372
376
362
268
373
344
355
284
372
284
260
338
349
378
287
372
372
369
302
350
357
296
367
365
330
377
308
366
209
371
376
369
368
346
342
377
379
371
323
370
346
377
358
374
370
347
341
192
373
295
344
282
380
351
372
374
372
377
355
368
335
302
372
260
365
372
369
339
370
362
359
374
374
358
345
379
321
377
285
355
376
342
356
361
363
354
320
369
358
368
308
377
324
367
367
365
380
374
357
369
317
342
295
370
314
368
375
331
373
363
360
369
351
372
334
361
332
379
362
370
249
376
367
342
359
256
205
345
340
315
359
294
290
352
369
238
372
367
314
324
372
377
225
372
370
307
377
244
350
376
199
327
357
195
354
370
375
362
311
368
377
378
239
332
314
367
377
329
367
336
348
102
351
353
320
357
275
142
352
328
335
334
351
353
272
375
371
237
329
379
367
375
177
366
301
373
226
321
372
378
332
373
366
370
373
378
318
291
372
374
344
354
355
359
318
371
298
237
371
340
373
239
380
365
256
240
184
364
370
273
380
370
347
371
374
357
366
362
346
359
336
329
336
296
303
340
352
254
371
317
372
100
358
375
375
375
373
371
369
199
371
373
318
331
325
360
377
345
376
371
245
195
375
329
362
377
378
228
372
344
363
269
321
338
129
368
375
277
359
372
350
374
345
357
205
300
368
375
328
373
301
276
354
372
349
316
369
318
357
380
369
377
379
350
351
318
368
372
369
370
328
368
177
373
367
363
371
376
131
332
379
372
355
370
380
376
356
371
217
369
342
353
380
362
373
257
344
346
367
326
316
362
353
373
180
238
380
212
366
297
373
293
340
340
225
377
314
365
354
376
369
377
367
157
226
315
372
280
156
320
265
361
366
373
310
348
146
361
348
308
335
335
308
346
373
358
358
379
374
372
370
253
183
374
356
369
352
324
242
361
371
378
356
369
371
372
369
354
295
357
359
371
373
379
207
332
363
371
362
243
344
378
256
369
322
219
352
370
347
329
358
292
335
222
376
370
344
266
363
370
372
339
376
268
291
369
349
370
376
247
377
366
379
281
332
363
370
345
228
346
351
359
320
352
359
369
217
347
336
359
330
351
370
294
343
346
356
268
284
362
301
355
366
368
357
365
349
359
273
378
367
346
287
371
346
374
312
342
343
373
374
379
331
371
278
363
246
314
373
374
358
319
369
350
352
341
258
343
349
367
362
251
366
300
285
356
291
359
362
301
193
331
375
358
334
368
378
369
376
377
284
347
372
374
371
242
369
355
321
369
254
333
378
369
363
351
362
359
366
369
351
373
367
371
380
284
369
335
369
351
347
366
211
361
322
370
359
341
370
258
348
379
371
365
304
307
365
124
379
369
371
260
372
372
373
254
338
306
377
374
199
349
347
379
295
338
340
369
187
195
338
323
277
193
315
378
347
365
379
287
356
376
375
371
373
275
356
346
347
354
372
285
326
353
370
376
356
369
373
261
100
354
361
300
332
368
368
346
343
344
370
378
378
353
245
319
379
379
208
231
356
371
369
314
348
369
366
354
379
331
331
359
346
357
356
366
339
358
372
369
370
362
359
211
357
356
366
375
380
321
364
374
318
228
377
331
377
337
320
364
333
346
348
357
344
352
334
315
335
373
376
356
363
372
186
266
362
372
320
369
368
294
275
377
369
283
282
350
362
347
358
347
326
330
281
370
365
370
318
354
336
371
376
346
243
348
231
321
350
357
346
322
327
372
279
368
364
256
297
321
349
261
365
359
377
331
361
364
375
373
349
380
379
365
329
291
380
369
281
369
372
376
286
372
370
372
360
317
349
362
355
360
287
282
377
351
333
256
307
380
278
373
371
338
332
250
332
326
374
268
374
328
372
364
375
349
361
349
374
368
243
377
236
337
370
343
367
240
375
373
370
317
341
372
334
255
241
370
290
242
372
376
306
332
360
355
352
311
345
380
343
336
370
332
219
377
366
349
367
364
365
377
253
380
377
329
316
358
303
365
373
370
328
332
311
312
370
344
348
359
371
357
362
370
215
377
315
362
341
284
281
351
339
340
331
358
370
357
373
207
145
364
346
315
349
329
380
368
357
310
354
282
372
354
316
290
304
374
372
328
335
309
367
357
290
313
365
336
342
148
354
337
370
365
378
371
321
338
341
377
372
362
378
372
356
352
319
231
378
366
362
367
319
81
371
361
374
368
372
319
379
378
208
341
346
326
246
337
371
378
283
359
374
364
350
162
369
373
376
321
316
307
346
375
368
359
373
320
373
371
248
341
375
371
346
342
368
355
344
376
357
226
367
308
355
234
378
375
326
371
375
307
346
357
275
241
369
368
344
324
374
374
377
370
362
357
341
377
352
367
243
345
351
371
235
340
380
379
339
314
367
288
371
379
325
127
371
349
345
378
364
298
253
374
368
362
358
379
362
310
372
374
370
267
321
168
363
337
344
330
358
380
358
334
368
369
372
357
352
291
370
268
378
338
360
379
369
328
190
319
157
163
359
370
154
380
359
279
368
202
245
373
373
360
202
318
365
369
338
351
345
338
376
371
345
211
379
374
346
328
297
285
357
313
234
267
343
194
365
376
373
376
359
313
356
353
368
370
284
147
354
379
250
367
345
238
361
357
369
358
378
359
283
260
365
171
336
373
355
372
271
360
184
272
358
271
284
370
293
340
349
207
357
376
228
207
363
340
324
363
284
373
261
377
302
169
284
372
374
260
336
355
377
323
326
304
368
317
361
371
378
376
368
354
235
364
295
373
301
347
343
332
297
352
370
378
320
289
344
359
367
275
328
337
369
370
339
345
234
363
368
378
367
370
352
338
371
285
321
372
370
215
344
358
325
373
371
344
372
369
342
297
371
353
238
277
228
375
320
378
373
318
373
355
346
357
183
261
373
177
364
370
364
356
357
257
334
316
314
287
366
290
329
356
362
364
281
311
369
226
338
318
335
378
365
340
193
345
374
346
374
211
372
182
343
255
319
325
376
251
339
211
256
357
372
366
363
336
269
348
346
169
319
256
341
373
294
233
290
379
378
377
312
228
296
339
228
200
370
358
308
355
296
324
360
375
369
346
370
344
338
316
373
372
373
357
269
366
357
334
189
369
358
342
370
329
297
256
353
121
233
378
366
374
350
296
370
321
309
348
173
378
312
307
365
367
336
359
358
363
361
340
338
291
360
350
376
210
344
351
339
292
241
380
379
372
367
347
351
326
358
373
325
335
347
379
376
296
366
344
347
370
371
281
367
378
373
365
370
369
366
380
368
374
275
367
364
265
312
345
358
338
174
325
355
296
246
371
376
301
292
358
341
179
357
307
360
354
342
314
333
377
351
265
377
335
326
368
380
377
276
366
366
347
372
346
380
370
365
357
371
377
351
356
369
288
379
175
379
372
317
372
257
356
152
376
376
225
183
380
377
358
366
318
239
360
380
357
228
350
378
359
372
346
350
357
321
235
254
355
347
366
360
373
374
258
368
239
336
282
373
370
162
379
323
312
372
333
340
366
327
349
332
366
283
367
336
301
370
349
342
370
373
344
377
304
246
371
169
350
303
372
365
347
341
368
294
221
366
241
249
317
285
372
373
244
312
333
365
296
322
371
379
378
357
349
372
275
370
379
380
370
378
374
373
333
373
380
313
354
363
372
378
371
374
353
358
372
330
342
344
365
373
326
338
342
342
339
378
365
368
331
378
364
374
299
332
258
129
346
274
376
322
168
374
328
366
280
342
375
316
352
379
359
349
373
371
380
373
337
329
335
345
228
351
357
346
227
375
360
285
257
356
316
372
338
379
372
372
362
349
310
356
340
347
344
248
304
376
378
278
341
347
308
325
376
202
373
279
137
353
373
376
360
262
195
171
370
272
362
321
367
380
270
228
324
371
334
345
370
359
364
340
275
368
247
295
156
343
368
373
369
316
341
353
311
367
276
362
370
360
366
317
305
378
280
343
372
344
372
371
367
343
378
342
357
358
318
373
313
319
373
367
362
349
363
370
330
268
322
316
368
372
353
371
360
314
368
150
371
236
353
282
295
348
374
379
370
376
341
323
366
358
371
379
367
323
379
344
319
319
356
379
174
372
340
245
374
295
368
349
356
317
334
349
355
369
310
380
373
315
353
371
308
375
340
367
334
348
376
364
233
373
228
351
372
370
356
363
344
296
346
363
251
343
373
327
378
361
371
282
368
353
369
366
368
255
306
351
341
338
340
372
374
364
380
327
371
374
358
306
355
377
209
343
370
357
357
370
358
359
286
331
360
346
338
375
378
371
330
352
237
371
361
369
376
271
321
361
326
371
375
334
336
302
335
237
376
351
335
367
294
361
194
368
355
368
357
357
338
334
376
345
378
368
346
360
328
380
233
284
356
330
317
361
365
330
371
373
350
261
377
364
369
380
377
376
367
316
361
317
353
380
380
247
143
269
291
290
371
327
380
369
375
380
251
326
367
375
371
263
378
347
372
368
346
372
296
378
359
220
345
371
266
371
314
293
281
259
317
343
371
371
380
265
375
294
343
248
328
348
228
297
344
372
330
373
335
374
332
325
301
370
180
271
346
314
368
335
373
361
372
300
328
323
380
333
307
328
353
226
376
297
355
372
358
309
351
333
343
361
104
338
377
369
379
357
378
372
378
293
308
241
299
365
380
380
378
334
369
349
374
373
337
373
354
371
347
309
309
324
345
340
333
325
325
348
373
181
373
295
359
372
336
343
317
333
373
369
343
369
269
375
270
307
379
368
298
354
341
335
341
235
371
370
271
370
269
327
342
370
378
357
296
327
373
376
373
373
346
373
362
332
332
327
364
356
370
379
376
362
371
363
367
371
336
371
357
303
362
320
222
356
365
318
340
377
369
334
370
360
333
158
332
296
320
347
379
352
304
362
345
258
354
375
372
370
355
369
364
366
368
369
332
319
348
378
265
251
377
372
296
306
372
327
356
284
341
356
360
371
334
287
355
335
374
370
346
370
253
369
290
361
377
360
297
345
358
323
233
380
329
173
374
323
344
376
309
336
296
375
370
374
373
370
359
272
358
328
323
373
380
373
280
338
352
374
305
319
259
323
345
332
373
380
372
276
202
324
350
344
315
261
334
370
377
367
293
361
369
369
318
293
273
370
353
370
358
353
283
377
355
360
318
354
374
334
376
253
380
331
367
375
254
348
305
363
360
373
347
302
154
345
331
377
274
372
359
371
361
327
379
295
376
287
317
314
310
372
371
200
294
373
359
371
370
372
369
343
379
322
372
370
336
369
265
318
333
283
378
358
344
335
351
371
374
373
367
361
360
305
243
369
359
333
269
310
343
346
354
339
240
213
311
379
315
350
294
373
379
367
289
233
358
142
369
355
343
367
373
258
374
297
238
351
140
319
374
354
367
375
330
373
356
211
353
324
372
271
281
362
369
363
371
347
308
351
368
378
326
326
370
361
317
365
374
290
366
370
354
347
373
378
357
374
377
307
256
374
156
368
336
355
376
351
368
377
327
377
341
348
300
374
336
334
362
380
345
379
373
368
362
376
361
349
245
372
375
242
370
346
371
380
238
375
265
367
347
370
364
360
359
373
374
365
205
269
363
352
294
367
332
370
359
314
373
298
355
323
371
374
325
347
372
175
349
325
349
370
359
331
355
211
344
371
356
316
332
308
361
284
345
346
322
358
201
281
335
222
372
371
346
373
369
335
254
357
379
374
320
369
370
371
347
370
338
324
362
351
279
342
374
201
363
227
311
370
314
191
377
364
377
367
373
358
373
360
371
362
370
332
368
376
359
307
372
347
375
372
321
248
235
355
376
247
345
374
137
350
373
345
371
357
377
184
370
341
368
371
233
371
362
293
366
333
371
368
267
220
344
362
372
362
366
332
358
374
373
331
359
290
356
267
378
373
373
351
372
369
379
307
373
372
327
366
371
355
339
375
344
359
180
342
357
333
380
372
379
376
369
258
304
351
331
342
222
328
369
373
377
197
221
331
371
370
328
317
377
356
370
365
355
365
256
335
325
280
374
327
371
367
376
333
374
368
302
370
351
310
365
376
379
210
373
369
373
355
376
275
286
376
359
371
374
350
356
372
365
338
324
328
365
295
372
206
334
368
336
347
360
295
370
322
371
318
327
196
269
348
323
359
255
221
354
355
325
314
374
342
261
368
337
380
359
373
356
261
283
371
252
376
314
350
373
271
379
302
370
273
377
239
374
378
374
376
349
346
377
352
378
347
366
322
347
161
376
218
378
253
379
343
358
379
255
371
350
357
359
357
371
329
300
237
354
364
356
289
315
341
323
373
370
357
376
354
361
371
361
368
370
351
372
371
378
376
204
340
325
349
371
267
332
333
307
369
354
339
151
129
101
348
368
360
242
375
369
351
361
378
376
176
317
371
243
362
260
376
227
378
292
378
317
345
371
282
359
369
372
357
369
369
375
346
182
362
373
247
372
372
373
243
266
344
333
371
357
370
377
376
309
353
213
379
267
294
356
302
322
324
363
372
307
335
321
267
378
377
342
379
369
375
373
360
371
359
354
376
365
307
178
365
377
378
272
304
341
370
345
376
338
296
303
354
253
331
334
270
332
274
371
292
365
336
368
374
342
370
360
371
373
324
330
244
344
292
278
327
350
363
319
347
380
148
371
372
335
377
377
366
259
371
352
375
339
301
363
370
373
367
256
213
258
380
241
286
369
333
379
316
326
371
343
207
316
301
358
313
311
274
327
371
207
370
295
269
374
335
372
367
279
373
372
356
356
266
374
322
366
373
360
304
359
366
355
372
269
374
215
156
327
298
328
369
364
365
320
368
241
245
330
339
300
354
365
320
271
374
294
360
377
197
344
111
307
246
368
380
374
277
369
267
307
299
321
374
323
343
377
309
340
359
377
347
319
374
337
371
379
360
375
222
344
343
377
325
312
373
357
380
258
306
314
367
347
370
270
358
246
369
350
374
279
374
371
346
363
365
358
375
356
368
376
286
346
373
267
366
347
373
353
373
260
276
370
335
368
306
139
362
350
368
314
330
370
318
365
169
362
371
313
371
371
329
374
264
237
355
357
273
367
257
358
371
371
243
363
325
373
279
299
378
351
322
372
372
317
333
165
360
369
369
364
369
338
361
258
379
352
364
362
347
282
136
313
361
278
370
373
362
351
358
370
347
369
358
356
364
378
313
375
373
159
380
292
371
372
353
376
374
336
303
343
343
368
370
330
161
369
352
242
373
347
315
373
378
375
369
368
330
317
380
222
343
370
174
267
364
293
358
373
271
286
365
269
372
363
341
307
189
369
344
228
222
346
313
272
336
368
344
369
375
357
365
349
318
247
377
367
317
290
337
349
352
359
370
332
327
296
376
286
374
373
348
209
372
304
333
47
376
368
377
346
323
378
321
376
292
364
283
380
346
286
233
379
349
322
345
341
292
374
372
310
376
373
368
264
367
235
333
372
209
376
369
377
292
363
373
366
375
372
309
356
327
367
367
362
178
363
327
374
341
237
320
231
336
129
380
371
252
371
380
373
308
375
361
356
286
364
187
357
333
368
301
347
364
359
347
369
347
188
299
345
372
375
322
379
355
337
353
336
370
371
289
113
361
350
352
358
139
347
338
242
328
370
282
312
305
370
238
336
350
354
328
345
380
259
380
336
367
343
379
370
372
280
347
322
334
320
331
374
372
327
371
290
330
323
362
380
368
374
374
378
380
199
343
358
369
362
372
345
310
353
370
368
228
350
319
380
294
333
359
307
379
364
323
351
262
330
288
370
327
318
343
195
318
374
364
256
360
362
374
375
375
363
375
368
368
338
286
355
371
342
355
377
372
274
360
380
371
378
371
378
340
321
361
380
268
349
367
359
268
333
254
341
205
259
378
369
341
379
330
374
352
309
370
345
343
371
357
357
253
365
347
372
378
300
351
368
367
371
363
372
259
377
283
376
357
371
323
287
371
356
347
290
360
339
178
363
306
248
354
374
372
368
375
321
306
373
357
356
368
273
263
335
256
233
362
250
343
227
368
349
353
373
337
370
361
208
375
358
377
357
190
273
332
341
379
367
374
249
364
339
194
344
368
326
364
371
352
374
332
324
239
377
354
377
306
350
343
357
222
294
376
333
342
380
307
376
228
312
369
371
301
315
363
369
357
359
377
358
369
378
296
282
215
344
358
302
355
333
368
372
226
370
369
335
369
348
271
369
314
297
185
327
290
361
342
362
324
380
208
326
340
281
374
347
337
373
358
356
220
345
330
302
371
300
356
353
314
378
350
371
370
358
375
361
371
337
295
355
253
355
375
309
380
284
232
379
378
337
234
371
353
276
375
338
379
330
324
262
242
379
360
224
371
368
337
371
369
353
354
334
332
366
376
324
350
367
328
354
367
358
340
371
310
373
372
299
370
367
344
369
340
359
348
377
369
334
329
365
370
371
348
373
371
369
355
347
359
375
348
367
378
369
373
371
153
323
262
373
290
376
350
248
355
357
370
362
356
344
368
296
379
380
363
349
354
372
372
338
227
371
351
300
370
359
366
338
348
327
213
341
360
371
362
329
374
368
