1980303
1965349
1914282
1930140
1605603
1972499
2005591
1886129
706209
1989939
1985754
1637475
800681
1859534
2013594
1697812
2035871
2016513
2021477
1939144
1809869
1801365
1913328
1282145
2039501
1260950
1709999
1966589
2022607
2013990
2015245
1999070
1983697
1663543
2006550
1912642
1062598
1765286
2034007
1995474
1953789
2051699
1783915
1476077
1549249
1876759
1895666
1884590
746313
1385815
2010251
2021044
1939020
1912881
1998808
1833395
1978050
2011186
1928069
1323612
1994315
1607909
1840001
1776662
1864101
2011041
1705970
2007406
1878890
1430687
1866720
1280389
1873972
1981630
1987380
1986238
2014760
2009869
2028272
1483962
2009869
2049099
1975913
1793244
1387341
2051919
1828921
1912675
1451052
2017120
2018682
1936044
1200239
1598393
2022175
2037987
1834814
1994660
2044364
2022175
1863832
1449735
2005513
2001069
2041808
1998901
2013594
2009832
2012749
1471935
1746279
986828
1983697
1977883
1543414
1012055
1733686
1920334
1066919
1433916
1929108
1258645
2026216
2047495
1723959
1769591
2051919
926972
2006590
1872676
1773867
1588283
1985355
978019
1726311
1997488
1862423
1974741
2051919
1633353
1761488
1705970
1967679
1906245
1991282
2016537
1807281
1970518
2021093
1944888
1445565
1879527
972399
2051919
1971716
1967394
1904377
2005878
2009795
1983697
1461173
1917833
2028597
1871543
1866558
1726186
2033737
2006793
1855481
1807716
1986149
1984067
2034298
1622054
2009846
1992851
1972864
1977415
1908567
1559087
1907206
2014055
1970521
2034744
2039387
2036479
1867317
2007033
1754741
1515200
2009869
773710
1816767
2011696
2007821
1039429
1725251
1977818
1962465
1997000
1987380
1998444
2010238
2026211
2033271
1240784
1874957
1351558
707652
1596926
1956552
1986835
1990022
1994034
1765832
1674462
1894530
1891869
2004295
1999197
1787877
1906430
1525516
1987446
2037987
1647790
1947062
1872558
1860055
2007298
2011062
2008694
1974576
1822625
1777460
2000578
1055509
1350952
2034716
1358808
1798333
594231
1593546
2041808
2012809
2032136
2036431
1673303
1946102
1344181
1950077
1355958
2019927
1810263
1927662
1999963
2008585
1567854
2050070
1762201
2026428
1824774
1967932
1825084
1988878
1976839
1994334
1896184
1928921
1650693
1473913
1810887
1983513
827896
1847897
1928055
1810887
2026615
1934216
1427882
1838176
1790635
1985579
1935467
1681943
2035676
1851567
1997443
1806837
2018235
1903965
2011751
1880028
2032422
1482822
1541223
1976899
1943847
1966589
1549635
1135289
1119460
1758542
2007334
1650988
2020568
1984271
2024423
1983401
1524654
1866378
1556435
1609741
1878978
1336696
2020376
1614515
1946330
1689008
1777702
2020494
2026216
1946102
1942586
1276561
1973559
2012425
1410309
1972947
1817105
2024221
1994315
1751663
2020654
2009538
1421665
1900015
2025472
1914117
1997082
1987513
1875691
1984458
1862477
1794779
1956658
2009869
2026416
2037886
2035491
1946395
2051499
1811900
2011934
1874351
1540064
1974146
2005645
1795086
1661921
1403169
1919719
2011614
1819593
1639984
2006267
1829430
2022807
1057582
1746086
1884982
1726967
1975345
928301
2021648
1656710
2014222
1710268
1394115
1955309
2003342
2047549
2006665
2051919
1458663
1923444
1931009
1966274
2023308
1337594
2051919
1465654
1924888
1987891
2021515
1980220
1430486
1512704
892287
2000748
976366
1856350
1938036
1357145
2018351
1489806
2041808
2022175
1997380
1400699
1894844
2020632
2022175
2012489
2022175
2002028
1468397
1518997
1360162
2003351
1754859
1931733
1978292
2034400
1882338
1966790
1612825
1769530
1817637
1458595
2027988
1953094
2014034
788768
1981147
1550506
2036140
1949033
1997488
1828942
1641411
2017786
1639708
1907217
2021943
2014988
1968927
1764487
1533817
1875237
1410457
1993794
2026211
1809496
1939780
2023246
1993438
1991730
2001560
1621076
1353816
2021332
2026216
1449858
1945150
2022175
2044640
2023442
2035111
1987891
1523399
1658799
1828586
1760874
1941278
1995634
1048595
1992932
1982716
2005868
1916995
1832898
2018932
1863832
1983167
1870820
1661972
1892807
1707607
2024999
1975543
2051733
1494010
1866199
2011628
1478557
1211696
2006276
1819004
1962256
1995846
2004814
2039216
2019703
1943938
1865964
1574334
2036941
1516033
1986561
1954236
1912881
1819819
2028896
1272958
1594408
2039575
2024126
2051919
1597603
1789853
1828322
2009122
1876347
1210045
2010903
1239166
1062996
1972441
2022338
1573652
1710408
2024221
1525523
1727009
1995707
1480056
2044364
1963194
1879134
1949778
2016929
1641371
2022454
1246349
1995232
1967560
518375
2026216
1982124
2033086
1962925
1775858
1996744
1108317
1602864
1948062
1985186
2016631
1523952
2035095
1625831
1450452
1675493
2024692
1940279
1749627
1640204
715130
654324
1984605
1910415
1964222
1888244
1514114
1685352
1984838
1604246
2044227
2022653
1654444
2002755
1774574
2026022
2049121
2003422
1973994
1490832
1741519
1636670
2003587
1935185
1915099
2013594
1783837
1694597
1567585
2033086
1208979
1814453
2036099
1830857
2022495
2051919
2013241
2015349
1700148
1524536
1788030
1971418
2006444
1624002
1031501
1933909
2029811
1667734
1475359
2028599
1966589
2016864
1459212
1590641
2006002
1715692
2008332
1736720
2007641
1790209
1798100
1801039
1556435
1757011
1778363
1848294
1723809
2018920
1785800
368985
1522498
1902543
1644508
1829515
1931009
2035603
1982118
1947831
1963798
2002855
1789295
1949172
1901389
1906140
1187432
1967744
1357871
1923631
1317068
1465250
1778679
1710618
1990771
2044651
1924665
1987891
2037862
1792343
1948455
1935695
1794004
1803918
1415873
1108317
1964429
2041808
1334265
2006239
1465797
2027892
1810643
1127553
1810643
1456269
1694289
1990502
2023975
1621866
1619043
911826
1608730
2029099
1966154
2037239
1178381
2004984
1945150
1999393
1997488
1781776
2035884
1981437
1860329
1945714
1511794
1896041
2009017
1997086
2029686
1824809
1988421
2000312
1978181
1727593
1936523
1550537
1627242
1640296
1796258
1924928
1108977
2026810
2026216
1815676
1538929
1928692
1617126
1991544
2010383
1996689
1550441
1760741
1654753
1958445
1176022
1811919
902934
2030564
1121035
1970521
855675
1503582
1389216
2012410
1831046
1910563
1996465
1579290
1828284
1741316
1516033
1744717
1996713
2004593
1949201
1943996
1843703
2042697
1961107
1991451
1990110
2004124
2009122
1460992
658512
1961403
1312129
1932500
1733686
1881772
2051919
1894708
1979794
1967236
1040301
1991177
1275260
1849488
1403637
2013715
1752016
1732928
2011408
1960220
1056275
2037239
2016886
1363353
1958428
2041240
1851460
1796582
2021803
2026216
1889790
1763683
1634816
2020953
1809655
1537843
2012625
1998956
1860631
1470128
1763368
2017757
2022193
1968051
766725
1923453
1420812
1701002
1316831
1308624
1480656
2051919
1924603
2044443
865209
2014564
2011949
1950064
2043467
1729849
1866602
1677134
1137063
1212643
2015094
2015798
2007853
1469740
2051919
2051919
1983838
1419390
1708002
1934194
1792877
1985510
1751693
2022311
1847721
1919195
1971409
2051499
2014452
1983672
1580676
1987208
1390449
1340438
1700700
1828284
2001899
1986320
1813112
1931157
1414931
1886600
2038318
1943346
1999349
1548259
1513840
1447756
1991322
2009300
1934022
1634812
1796673
1846880
1907102
1984330
2048301
1653273
2026011
1651903
1813808
841819
2039726
2037987
1864541
2031230
1685766
1783144
1941424
2012248
1800116
2015300
1137105
1904395
1880404
2036694
1980051
2004670
2022175
2024221
1699595
1977552
2030667
1503261
1813834
903495
1846932
1394508
1872112
850363
1100312
2024791
1986046
1951441
1892638
1987416
1792013
1739305
2020889
1780829
1587963
1655653
1510223
1678656
2002777
2026801
1891411
2017439
1465040
1975448
1935869
1426759
2005589
1998095
714826
1006096
1878224
1780829
2021480
1785632
1970097
1129244
2005819
2005923
1866199
1848689
1694777
1812887
2019930
1511967
1230231
2013272
1995556
1633423
2015412
1864430
1633810
1734583
2007103
1903331
1803731
1947256
1995782
1682612
1428217
1121136
1620706
1991348
1978462
2026216
2015768
2046129
1664093
1772542
1993029
1867976
1041506
1617765
2001238
1264809
1668854
1034797
1980520
2009532
2017521
1802259
1947463
2005950
1979396
2006745
1942223
2013288
1992049
1871523
1997488
1985974
2006401
1993261
1465625
1334591
1370216
1733686
1984863
1984557
2008392
2018174
1753180
1761549
2047324
1681018
2020199
1968155
1849442
1759079
1982665
1895415
1760398
1749627
1552563
2045208
2035884
1919059
1618088
2023614
1917174
1553800
1320300
1739332
1983253
1974179
1668720
1990180
1878967
2012749
1787502
2041727
1854645
2026022
1591264
1932189
1831154
2025014
1741743
2048558
2014464
2014925
1997444
2047361
1631449
1513325
1460480
2043648
1324848
1845439
1903614
1992503
1996065
2020494
2051919
1977552
1999225
1746102
1393317
1971159
1995869
1750031
1944077
1289085
2036974
1951728
1969211
2024958
2005916
1994536
2007679
2019861
2027337
2017043
2029328
1700324
1941202
2014636
1997498
1291830
2024221
1881901
1835742
1665747
1741230
1751618
2001674
1111949
1929066
1915121
1796019
1702266
1156276
1890295
1818429
1427146
2037193
1957665
2032818
1590244
2005212
1698242
676593
2041808
1988286
1848127
1847426
1360136
1981852
1995369
1566248
2026216
2010624
1403379
2046423
1988520
2003585
1827864
1501580
1256529
2011493
1935484
2014760
2004457
2000172
1668140
1622043
2003118
1962345
2011934
967920
2030751
1826332
1827355
1435325
1554659
1687411
2009006
1805127
1566277
1458663
1688506
1684633
1891659
1917173
1466452
1218929
1284140
1649646
1808152
2043706
2036431
1239665
647570
1226722
1924928
1337062
1863979
1267287
1960116
2049124
1711421
2026216
2011233
1905701
1449432
2041808
2035741
1374445
1731665
1993261
1987773
1970367
1719800
1756557
2000395
1158398
1906265
1946302
1988783
1976670
2051813
1593127
1646110
1979156
1735815
1961735
1861401
1995201
1991548
1975754
2047362
2011751
1527258
1767414
1997863
2020662
2050448
995078
874239
1009522
1628260
1984067
1872609
1585002
1976492
1895481
1518807
1764164
1438859
1733686
1989152
1623309
1821491
2042680
2013128
1650537
2026216
1802615
2009573
1381697
2007298
1946329
2013594
1940279
2002204
2051499
1890558
1608817
1805366
2015482
1428901
2021017
1986983
884057
1866458
1665754
2022659
1995041
1831437
1992590
1946102
2039254
1963001
1741927
1063989
1900564
1597349
2037537
1878928
1901782
1803551
1760120
1959264
1970992
1850335
1924968
1970521
1419485
2011959
1723192
1759039
2051919
1831770
1501435
2009700
1749256
1662494
2004171
1328488
1912719
1915358
2009879
1150163
1812977
1803991
2051919
1941603
1985714
1973476
1852621
1617831
2041808
1641442
1674737
1393744
1580598
2002474
1759468
1413938
1998626
1754229
1990095
1946238
1924609
1022489
1742804
1705970
1746263
2008885
2040126
1671691
1806361
2027325
1691094
1248633
2021740
2011914
1984545
1612349
2031324
2002644
1819565
1908170
2042700
2018682
2006693
1573539
1439072
1957416
2024221
1949947
1427033
1761396
1753180
1731237
1516460
2012971
1681837
1865978
1598516
1986418
2022175
2021651
1502957
1631418
962764
1841071
1239419
1987310
970257
654045
1987769
1920192
1834501
1619888
1461957
1554794
1097582
1743650
1843809
1987681
1903223
1797866
1736087
1627902
1695803
1929161
2016741
1824774
2050295
1349126
1975682
676985
2051919
2014236
1743978
1997506
1882583
1987380
2036775
1922147
1200385
2026810
2042431
2039726
1779322
1911423
2012205
1752838
2017860
1829714
1696019
1969180
2013354
2037987
1743156
1686651
1962586
2051919
2027743
1979396
1940212
1547784
2028615
1948058
1976524
2006494
1157756
1989215
2043665
1899169
1858003
2036955
935738
2031258
1178668
1983624
2041194
1965298
1619211
1416047
1716871
2002314
1935611
1771521
1772334
1863418
1968982
1899340
950587
1972038
1581297
1968733
1968211
1989383
2012971
1996748
2026022
1238039
671450
1893387
2010971
1577557
1968391
1458175
2031671
1705811
1988142
1361097
1317157
1954143
1241065
1972120
1613652
2011778
1296825
1631158
1885380
2010317
1139272
1861166
1940670
1200936
1978690
1970062
1743494
2011667
2003115
1960080
1687797
2047454
2033875
1915103
2034852
1851260
1940794
1798200
1749256
1954143
2025801
1897024
1083540
1755432
1408189
1918455
1803890
1906265
1972158
2015280
1562515
2019079
1431841
1801843
2026022
1932192
1319497
1951805
2051813
2008125
1661836
1995823
1539846
2019025
2051573
2019939
1938376
1345914
1966789
1703643
1773693
1857228
1990747
1440470
1791168
1242093
2021885
1479975
2036031
2045648
1939455
2002798
1147680
1928510
1993996
1014527
2011412
1291744
2050017
1896838
2015300
2029683
1994494
1747935
1395766
1584680
2013999
2045679
1889167
969197
2047433
1541969
2037241
1921818
1875020
1940279
2015291
1970099
1958752
1707924
1982650
2029511
1843114
1480656
1709807
2044651
1122731
1409135
2021557
1827526
1870037
1579656
1832712
1948202
1896824
1855243
1859022
1987154
2020417
1529377
1865568
1946102
1861401
1800116
1963702
1960536
1614109
2010202
906414
1911172
1620706
1944048
2008772
1831314
2023587
1881881
1715878
2013070
1971426
1431846
1943038
1644419
1533547
2005934
1903185
1955218
1322917
1438857
1901961
1815558
2005612
1986212
2013407
2043228
1932192
1967051
1196350
1919798
2000125
2004831
1753383
2026216
1984942
1256529
1980049
1574988
1242044
1941504
1502966
1988438
1651816
1915187
1986614
1270640
1928692
1970521
2042517
1469421
1980470
2019635
2002809
1009920
1731450
2026216
1880028
1814345
1207859
1974073
2037983
1510833
973194
2045420
2013288
1803551
1717797
2051499
1632961
1783312
1625311
2022488
2021232
1968173
2036955
1924249
1864620
1952356
2014760
1212356
1988401
1983868
1805082
1229397
1463210
1740008
2006550
1842849
1940517
2034832
1864115
1567208
1923103
2041808
1951551
1510223
1952213
1997086
2021703
1208311
1859745
2017198
1933849
1593284
1899813
1924609
1793575
1817637
1972031
2012229
1643797
1985835
1769445
1723332
1661410
2011678
1068030
2008184
1641266
2005033
1568600
1961168
1662494
1764147
1877112
1855710
1163568
2035311
2034786
2051919
1988820
1746385
1417414
1931009
1826741
1995134
1210045
2018243
1670613
2026216
1924609
1800647
1740035
1940989
1131286
1946102
1984280
1925037
1795918
2024221
1356934
866173
1525767
988985
2031502
2029686
1324259
1994002
1548364
1643654
1186982
1631434
1540991
2042267
1812128
1451410
1515492
1807410
1487467
1995753
1956396
2013653
1980353
2003351
1969202
2030393
1951149
1782738
1767414
1936473
2038635
2026976
2014403
1584824
1575769
809567
1580387
1610057
1913762
1903005
1920595
1994119
2020282
702204
1449741
1972129
1762696
1965464
1510061
1950456
1850982
1822412
963985
1803402
1898186
1942080
1665078
1981538
2024805
1380048
2038250
2041808
753834
1863344
1957500
2042801
2014760
1973157
1994905
2010382
1977586
1988280
2017523
1974746
1743315
1670456
1788005
826166
1971290
2020095
1839892
2051919
2000405
1819362
1495068
1917811
1830754
1948149
1874799
1879203
1915497
1703941
1992888
2030379
1981995
2025603
1844771
1721348
2006483
2009122
2029189
1935611
1921686
1337336
1440797
2018300
2024221
1720073
2005211
1793719
1856798
1910870
1321551
1022489
2009869
1974352
1724239
1856555
1936700
2007954
1892037
1967679
1925229
1926340
936589
1535313
2009654
1084168
1996506
1585960
1669775
1720106
1888895
2005430
1986720
1830151
965906
1608075
1656373
1886475
1656924
2032996
1803551
1590103
1604204
1801687
1675799
1709555
2019732
1669114
2011973
1519131
1977166
1997488
1972155
1719563
1975563
2014896
2022757
2007826
1931575
2036030
1855703
1893033
1993092
2023147
1995985
2020440
2014464
1486900
2020590
1971291
1157424
1114770
2016148
2049323
1873865
1216841
2007902
1163092
2035450
1637284
2022175
1914528
1973743
1997046
1943660
1756721
1993087
1858172
1315607
1908963
1828219
1938316
2011934
2045357
1907102
1122654
1674703
1993087
1545643
1926528
1882661
1625557
1911995
2006979
1983604
919147
1671352
2018897
1925146
1633141
2012600
1818879
1324966
1703679
1984516
1995929
1501208
2025142
1969299
1838638
1989322
1842150
1935611
1991325
1852949
1375083
1785582
1960651
1946643
1804597
1096423
1253938
1830355
2029726
2014464
1829689
1786021
1263026
1377894
1791229
1808316
1911703
1997553
1756326
1776205
1441798
1985532
1941655
1751693
2032295
2035992
1761317
1739977
1916621
1968898
2048594
2050531
1114623
647585
1314292
2014258
1582125
1992055
2022231
1650988
1951627
1107164
1980536
2045420
1879626
990283
1574865
1844787
1902638
1973350
1592519
1991730
1945341
1730917
1899310
1996506
1979699
1922896
1830223
1948149
2032153
1372786
1243369
1731344
1619413
2014464
1939085
1901841
849789
2023246
1957838
2010166
1951999
1600005
1873252
2004624
1592040
1823934
2024221
2041808
1968733
1112742
1629231
1054220
1971519
2026216
1914972
1682403
1953004
2006550
1831311
1794386
1941794
2049050
2034285
1858287
1873772
2004531
2037987
2033086
1847966
2025472
1731210
2023356
2046712
1927393
2009170
1639979
1900253
1913381
1428124
1992812
1701467
2014464
1951116
1158185
1533505
2015485
1278935
2003593
1880633
1958010
2010857
1975256
1573075
1987075
1082004
2000685
2020029
2022175
1833745
1717275
1840661
1609237
2012385
1909170
2007119
2005682
1374608
1899961
1713503
2012600
2007728
2021803
2027901
1210045
1890941
1968407
1655783
1991730
1998626
1286064
1983338
2020121
2017273
1880237
1832631
1922325
1981591
2001579
1944640
1956160
1566448
2012749
1974054
1088355
1684111
2043906
2006401
1625829
1889009
2014695
1915168
1996007
1834535
1926851
1991857
1984280
2013288
2006743
1097338
2041808
1760296
1999869
2022175
1832741
1960760
1528467
2036161
1940840
2047171
2047437
1582648
1893907
1830575
2051919
1319167
1254273
2007615
1910110
1949776
1838078
1072280
1955597
1995289
1714645
1361076
1362889
1924928
2011083
1984067
1413391
1874351
1506255
2047411
1423845
2009017
1944035
1967158
2041334
1809107
1993092
1758715
2002360
1957252
1717568
1641011
2004303
2041547
1985735
1940292
2020286
2021389
1565130
1997572
2042697
2051919
1807768
2008392
1749034
2009429
1312609
2015094
1770726
2044112
1780384
1300292
2031134
1975885
990031
1717111
2033086
2014623
754092
1929754
1927852
1653649
1768030
1900477
1874170
1858262
1717403
2051919
1802302
2021700
1993087
1808316
2022175
2008845
1804219
1992785
1502874
2009532
2016828
1433648
2033816
1896975
1410683
1953094
1978920
1982394
1361097
1471266
1728949
1129400
1963245
1471215
1911599
1184525
2004484
1866558
2038342
1958505
1526988
1567854
2017773
1693230
1976684
1852788
1963798
1327723
1840448
2036962
1675505
1707244
1425295
2024221
1727669
2010674
1259078
1982854
1611627
1932840
1616648
1743330
2020544
1802418
1796379
1921394
1947385
1729507
1847096
1332826
1426369
1627740
694796
1988795
1991891
2047788
1127865
2003367
1249713
1969924
1323692
1214593
2024221
1648188
1959435
1824565
1466128
1981913
1988173
1987933
2005726
1775858
2013594
1349430
1944637
1971216
1851260
1952077
2000125
1919125
1827346
2010112
1953094
1993087
1805785
1662928
1418719
1887831
1580314
1192033
1985439
1392371
1983513
1163871
1802254
2021495
1742616
2024657
1884780
1215225
1547545
1850670
1715979
1780687
1908294
1809871
2051919
1993707
2005068
1999652
1882301
2015392
1593284
1803918
2034716
1740611
1277414
1014308
1692500
1827845
1975591
2019163
2005212
1829515
1497336
1984130
1879871
1273828
1893664
1818252
2051919
1975337
1768260
1856629
1996595
1565130
2009869
1954236
1333786
1997488
1989958
1983786
1993087
1739079
2025546
1991730
2045344
1882302
1809881
2004467
1926900
1552173
1992904
1668618
1788221
1829591
2038943
977946
1554084
2005033
1891023
1574988
2003422
1918674
2031959
1893690
1290420
1765896
1848761
1865978
2022175
1736944
1944244
1326776
2003326
2009869
1990803
1903072
1988344
1887422
1668724
2040306
2045420
1653916
1838931
1850799
1362351
1860940
2030745
2026613
1848249
1580598
2051919
1986476
1997066
1730595
1397890
2025394
1964976
1994462
2016575
2021735
669087
1718567
1930123
820907
1824290
1888470
2049314
1595043
1876375
1997334
1992473
2015891
1986938
1792403
1978692
2011678
1998671
1607494
1690669
1941792
1952888
1922183
1953094
1236925
2029726
1923702
1395559
1925073
1995018
1413218
1929755
1542751
1404916
2048082
1972762
1585466
1218062
1636196
2042792
1602379
2022896
1911752
1908374
1455544
1727112
1887893
2024221
2009919
2023185
926957
1984314
1779808
2051919
2016810
1928975
2017162
1864984
1884207
1756389
1748657
1872558
1775954
2021121
872998
1981169
1867656
1896786
2022175
1654744
1621071
870805
1985770
1733765
1748174
1474024
1744849
1486145
1898194
1921250
1651273
2032930
1947167
1917195
2036042
1609786
2004435
2051919
1800221
1848898
1987075
1891656
1946681
1892783
1440213
1974669
2000694
1796941
1909272
1972597
1970408
1916632
1604438
1937491
1970415
2016289
1340705
1638181
1816115
2033271
1582086
1394006
2051919
2011828
1765571
1813498
1335817
1848830
1658924
1484744
1929161
1973743
1827298
1045894
1996091
1658610
2014464
1766451
2051919
2029612
1856629
1929422
1986320
2023104
2035884
1945190
2005003
1415726
1321240
1924609
1653708
1743156
1918787
1608817
1975969
1386109
1701772
1684077
1678056
1876451
1991730
1997488
1741956
1238011
1719297
2013715
2024221
2025768
2020548
1828635
1974688
1675717
1895040
1731534
2040713
1972036
1404343
1916748
2016883
1997086
1617165
1521206
1935353
1833535
1960467
1873864
1688050
2020591
1908852
1485931
1638222
1615425
1923601
829893
1834474
992510
1688529
1978305
2014932
1912849
2017723
1043255
1923683
1960773
2042046
1949871
1440462
1635123
1408136
1379235
1827209
1975543
1996826
1719980
1901704
2044492
1816186
1897966
1503771
1977301
1910261
1967428
1900253
1874296
1873705
731749
2045675
1763244
1857039
1951365
1892037
1002926
1897919
1998375
1856804
1947187
1100312
1857695
1996019
1890924
1858287
1493076
1382096
1462134
1552056
1999365
1654627
1950988
1972276
2015798
1984261
2005100
1874799
1336392
1348446
1705140
1800116
1832973
1475616
1982856
1211987
1805082
1939642
1912675
1828284
1898403
1968777
1812272
1279251
1124836
2051919
1780270
1970926
1039259
2034716
1993087
1972414
1972252
1631262
2020958
1703396
2007879
1972151
2017087
1949106
1739305
2026216
1802012
1997637
1975496
1889837
1984508
801729
1107524
1791952
1741348
1977387
2043648
1808863
1972603
1956594
1960899
1705473
1433895
1870310
973188
1688678
1970827
2021351
2001721
1535367
2044532
1696839
1018367
2026467
2051919
2015285
1427033
1560194
1853856
1753962
1732463
1453881
1526935
1694428
2036907
1453808
1486849
1861745
1360033
1961815
1692683
1987267
1549937
898820
1965193
2020843
1797889
1853170
1948678
1999266
1990175
1934897
2007058
1726854
1820782
1940108
1880891
1493364
1374376
1998794
1800913
2010029
1728516
1533795
2007438
2015788
1932373
2030139
1875691
1421773
1831770
1778928
2025595
1634812
1515685
1968867
2003636
2040571
1829121
1219150
1729047
1614583
1601917
1930140
2008948
1681203
2027140
1483591
1839585
1739588
1637278
1760497
1954482
1662559
2036572
1825891
1826005
1798407
1904752
1890591
1891574
1737511
1659358
2021881
369558
2011892
2024140
2007085
1448693
1810887
2038416
1947256
1771521
1657880
1350920
1680624
2027235
1752714
1923705
1867215
773710
2032849
1969391
1231785
1291744
2006536
2026255
2029746
1848249
1736944
1588019
2012820
1654627
1871059
1982470
1299711
2037616
1992102
2050556
1998255
1653552
1734172
1991177
1918420
2026216
2014449
1893984
1445121
1962586
1093558
1979617
1599274
1973371
1455823
2051919
2020028
1678533
1860163
1640411
1992236
1892037
2010743
2017860
1422806
1882350
2015664
2013225
1980857
2017805
1874874
1370803
1679927
1858817
1816492
1677588
1345554
1899702
1715930
1810887
2010271
1262527
2012205
856510
1700674
1975968
2011588
994372
1030177
1762936
1988933
2012175
1808323
2035146
1913533
1477148
1906394
2035334
1746402
1686891
1828723
2002030
1882301
2014925
1673630
1981658
1997190
2026022
1766381
2011934
1979016
785901
2009501
1916772
1896322
1895187
1795911
1991730
1983626
1691493
885978
1763078
1776545
987742
1964039
2022175
1678966
1896393
1831770
2019494
1559115
1663590
1876606
2026022
1570189
1986347
1399015
1868225
2045167
1950294
1967428
1954561
1896707
1708283
2013068
1969121
1440205
1980807
2003422
1747051
1963992
1614922
1962027
2000530
2032197
2025472
1973288
1792185
1897071
2037987
2041808
1942761
2012312
1832841
1327077
855581
1998086
1717079
2020250
1909552
2047551
1637787
1848964
1287614
1636266
1580061
671300
1823624
1887973
1402005
1188360
1866311
1910166
1753340
1676865
1994504
1768228
1979585
2031050
1554305
2029139
2034873
2024998
1670191
2014728
1982686
2009626
933801
1459815
1450938
1991609
1974194
2000625
1995081
1631585
1956470
2007651
2006965
1997488
1615844
1963663
1725267
1993960
1907102
2050070
1275145
1994477
1032788
1969597
1169404
1918092
1702602
2014476
1609467
1157108
1869294
2019369
1617861
1502874
1663148
1912881
1972027
2013312
1346107
1863832
1919425
1530136
2022175
2027901
1147870
1976848
1550753
870858
1962291
1853856
2034716
2015899
1834242
1981261
1290578
2020417
1483886
1815333
2015349
1805598
2003422
1970933
1764723
1947840
1972639
1751318
1923048
2007581
1893336
2020591
1936520
1656943
1846999
1869686
1867307
1913733
1201796
1831770
1076546
2004201
2024764
1920162
1940108
1963798
1995534
1837534
1884455
2013158
2048082
1935353
1771597
1857228
1929939
1835995
1755661
1011029
1993087
1187138
1894007
1980946
2012600
1021860
1769299
2024834
1930046
1999455
951739
2010781
1625730
1761396
2010201
1865946
2036499
754143
1866911
2006534
1996506
1800632
1875685
1746390
1792343
1345108
1866835
1262287
1997936
2007140
2003737
1994120
2020434
1782678
2011604
1993671
1597662
1788977
2014783
1515744
1988344
1492897
1510215
1653075
2009935
1121260
2025576
1909245
1881732
2005047
2013185
1873974
1867857
1252985
1658995
1525092
1897373
1567696
1794063
1381444
1936236
1983744
2018810
1173183
1391510
1499178
1641266
1697948
1817445
1717149
1896600
1638675
1824735
1995397
2009869
1992013
1795086
1639576
1846912
1617546
1847897
2015392
1691274
2025100
2006962
1937161
2027901
1823897
1781097
1999816
2024221
1910998
1899522
1553166
1570409
1585954
1847557
2024690
2051919
990791
1490251
1925073
1660398
1963726
2015172
2010815
1654252
977502
1382056
1890161
1934686
1964647
1799162
1880904
2022886
1978812
1702447
1940279
1780984
1229533
1942931
2047703
1991985
2037543
1500706
1925073
1936828
1887197
1475328
1735891
736069
2041808
2003023
1969226
1106948
1820996
1839472
1733639
577338
1932192
1797014
1549257
1637278
2022272
1862362
2020617
1930840
1492897
2022874
2023133
1680288
1018325
1419304
1920488
1992825
1982066
1909552
1641377
1567585
1934178
1754838
1800940
1991677
2049188
1808348
1888597
2036030
1619888
1171281
1983672
1517020
2045675
2013872
2017950
1910837
2051919
2020095
2011863
1993223
1470349
2009697
1759246
1456624
1466343
1979773
1270760
1882365
1930660
1840791
2043118
2032194
1922742
2022175
1911845
1472798
1946932
1992653
1869380
1879656
1824776
1972499
1935022
1791676
1901078
1870831
1998538
2001672
1997531
2030732
1904972
1569058
1871803
1337328
1994351
1690522
1490835
2012005
2005212
2029686
1469722
1331681
2027901
1575220
1945664
1528310
1893779
1121858
1745467
1979699
452349
2018337
1905478
984013
1900133
2047195
1661347
1750373
1861401
1721584
1983497
1940031
2048106
1954143
1893365
2001528
2022349
2051499
1810887
1655855
1278914
2047436
1329580
1986528
1449245
1765761
1807679
1941287
2036255
1995977
2048082
1966790
1901760
1895162
1878530
2007710
1956343
1298553
1635425
1083419
1883002
2035358
1925073
2014199
1861401
2046056
2016956
2019931
1571625
2026216
1804697
1133461
1996701
1579165
1223734
1967576
1753433
1271314
1974747
1861935
1720071
1318216
2017348
1336124
1633077
1559221
1884923
1710506
1901045
1139413
2011416
1922768
1910905
2000001
2049512
2025170
1921537
1829411
2029099
1917561
1779846
1987085
1707312
2007414
1729849
2002589
1913156
2017206
2007103
1954136
2010900
2034716
2024692
1996373
1861401
1827298
1629426
1699448
2024053
1904641
314851
1974831
2033017
1977552
2049699
1967239
1993890
2004973
1988341
2020250
1172645
1723250
1588819
1875954
1610009
1901342
1482237
2025577
1763815
2000188
1756784
1809734
1994739
2019044
2004973
1698156
2022975
1747798
1921479
1979391
2005136
1988253
1119967
1960699
1930900
2036431
2024221
1818713
1661486
2029686
2032694
1850572
1916278
1749145
1948725
2025104
1995397
1938764
1275473
1968502
1885552
1768863
438751
1976143
2041337
1923477
2022394
1892986
2026022
2023227
654671
906658
1993275
1894847
1676903
1708336
1610409
2014427
2019715
1987122
1784698
1953094
1872375
1770309
1927859
2011564
2010170
2018263
1991730
2022175
1952770
2040766
1140079
1980121
1714818
1861824
2048558
1843177
2025833
1437080
2031475
1328388
1987433
1883002
1972441
1949499
1892037
1729849
1837888
1892841
1884444
1969639
1803781
1719686
1828539
2051919
1790216
1681203
1995908
1587963
2033867
2010717
1923311
2024221
1974478
1905609
2051919
1542480
1843682
1680098
2019322
2017622
2024363
1996467
1343484
1941609
1256824
2004410
1840454
2051699
1729394
1939536
1971181
1566860
2019693
1357673
1898188
2004054
1988757
2028809
1818879
1565295
1541687
2016773
1738280
1600574
1750474
2010719
2022850
1981666
1931426
2033086
2023049
1214154
1471398
1779739
1502489
1774357
1313307
1968820
1947397
1569427
1920595
2048558
2044740
1626306
1960686
1895069
1948759
2009822
1340760
1495809
1966591
1676491
1832164
1986534
1852748
2004201
1643823
1975944
2022420
1869294
468617
2029182
1946158
1297804
937008
1234329
1903005
1954143
1832753
1986888
1579016
1974688
2021232
1828895
2005934
1753896
1637353
1428350
1337336
1713190
2028653
2036479
2051919
2024423
949897
1889107
1896992
1800993
2049068
2045675
1773440
2012155
2017120
1678705
1836515
2012043
1929161
1539942
2020591
1978993
1863126
1532988
1884455
1671444
1332814
1936115
1982849
1835742
2019059
1540488
1189711
1285880
1988005
1748096
2024221
1430486
1560634
2019706
1936236
1960825
2051919
1986508
2024221
1940743
1998603
2006719
1862531
1869937
1869819
1878282
1945039
1976496
1895228
1423906
2010771
1721882
1589776
1908660
1993087
2025104
2051919
1505856
1491863
1712711
2045420
1945581
1534935
1921288
1810887
1990667
1485947
2002284
1954950
1994572
2036397
1349273
1998915
1846956
1978693
1829492
1750395
1897864
1809734
2051663
2014653
2014464
1087941
1774859
1661330
1906786
1862419
1752943
1965585
1916358
1963798
1983835
1983378
1472695
1905478
2017915
2035095
1861367
1880986
1551585
1667521
1963069
1641753
2044272
1774712
1794386
1545108
1680549
1986542
2022175
1510012
810905
1751618
1997556
1759994
1725251
1848453
1632127
1907329
2045364
1953324
1996216
1101787
2024221
1437952
1988689
1680670
1955462
1234749
1965162
2017723
1124395
1857001
1977701
1861935
1912640
2008772
593813
2019125
1902710
1372214
1376495
1904861
2046624
1684706
2018489
1912647
2006303
691930
1993849
2032775
1521956
1704598
1872558
1841816
1501824
1316728
1415981
1649270
1711837
1450346
665742
2040295
1944242
1977813
2020087
1463439
1932284
1853154
1451052
1777255
1910681
2051733
1792942
1754137
1956326
1567854
2010317
1970884
2007888
2031343
2038649
1869293
1883661
1569429
2010044
1989349
1987310
1993590
1111929
1934153
1987380
1989476
1709021
1996942
2011423
2008682
1982232
1265362
1831729
2006994
1451113
1991730
1846527
1599063
2044761
1948052
2004640
1062487
2051919
1795611
1897818
1813889
1977848
2012523
1058760
1756972
762270
1370372
1952785
1203988
1589118
1772190
1915358
2004227
2024611
1874799
2005430
1076242
1603600
1884600
1864897
1621333
2022089
1671488
1936579
1781809
1395821
1312663
1783985
1477895
1673761
1640228
1753180
1407574
2034234
2037935
1411273
1853006
1988063
1705836
1228866
1673120
1991055
1852159
1970667
1915506
1993150
1967894
1647472
1939532
2012968
1517149
1524224
1990650
1911755
2017217
2000367
1741436
1542308
1903223
2016883
1463637
1876079
1587801
2001974
1861401
1617362
1970340
2041295
1771521
1875382
1915358
1635737
1855893
1975862
2022311
2023246
1650397
852736
1968733
1893145
1929355
1810887
1976653
1969862
1963316
1252321
1886821
2027080
2010999
1962280
1804850
1451123
1914875
1400122
2019083
1496899
2045321
2051919
1756750
1803233
1677420
1611816
1688132
2024221
476217
1234302
1525812
1703590
832100
1467532
1420515
1800821
1993086
1824565
2022056
2013645
2039305
2006656
1350384
2024621
2024141
1640714
1821678
1931009
1730086
1733936
2007922
2003006
1400009
2020026
2014564
1980960
2013070
1089940
1538058
1624244
2042994
2030373
1995177
788394
1883342
1765226
1992769
1539545
1593546
1668929
1948401
1867103
1654226
2026356
2022999
1872558
1463189
1999044
1997222
2016647
1506687
1975859
2004482
2041295
1733639
2034969
2014464
1899653
1746574
1987891
1780481
2031799
1997134
2029624
1834814
1952458
2015232
1998507
1966656
2022630
1953859
1657266
1735668
1988101
2021019
2027408
1870625
2023006
1794536
1201710
2023637
1501580
1921818
1641266
2000350
1927056
1096476
1468078
1091482
1920595
1313307
1002612
1851566
2007531
2008400
1926628
2014760
2003585
2049699
1900794
1948149
1587784
2051919
1129935
1771226
1939638
2045554
1993087
1648001
2042283
1788352
1897442
1805881
1872558
1836159
1995538
1807944
1502610
1650989
1981949
1521367
1903800
1341411
2029686
1758490
1839259
1992178
1332102
1290753
2031851
1976047
1581656
2028653
1282875
1724384
2028700
1780014
2002082
1366752
1984508
2016765
1917630
1912881
1962087
1873278
1943722
1811760
1914347
1942432
2011322
2050402
2009899
1966269
1937550
1771521
2002510
1924928
1623479
2010771
1986772
1672276
1931766
1713709
2015172
1561374
1548301
1974584
1996436
1989958
1848438
1760874
1993702
1582826
1983513
2040332
1724811
1231591
1591124
1356167
1993935
1997488
1561229
1834012
2005862
1710073
1673987
1296520
1985477
1947521
1852910
1263276
1995132
1988538
2044031
2028385
1903005
2002229
1928663
1960856
2040374
1469601
1797191
2010044
2019252
1924012
1743978
2017143
2013016
2024221
1744073
1998417
2005512
1965727
1350750
1010180
1969202
1708619
1644570
1654207
2032099
1544260
825388
1990085
1922276
2050474
1596083
2004585
1793352
1811372
2011751
1998290
2022175
1582726
1450249
1665044
1971159
1978886
2051919
1998159
1797054
1969055
1043236
2006167
1405204
1738591
2031885
1480024
1966589
2023831
1994283
1865902
1340591
1851595
2001676
470388
2049506
1080838
1831770
2035524
2037010
1124596
2040604
1897872
2023246
2050539
2026022
1746770
1622845
1781184
1402806
1788840
2030219
1169185
1759994
1873527
1570459
1376062
1676918
2025975
1844863
1975093
1445275
1970706
1972167
1981658
1989096
1925388
1791322
2044364
1653250
1634181
1996506
1780829
1737322
2009697
1980885
1899522
1982831
1884710
2029686
2013915
1675799
1823070
1982854
1841584
2051919
1719557
1883002
1422993
1976358
2011751
1831633
1426245
1890941
2022175
1631616
2012749
1008475
2005388
2015191
1743119
1705970
1485931
1907154
1680887
1825242
1860979
1675579
2020781
2008118
1980174
1996577
1457784
1780052
1934690
2042496
1997086
2011560
1823484
1996860
2004553
1740986
1987891
1914393
1215527
1031088
1948538
1078474
1852401
2009655
1892895
1968541
1926528
1868762
2039366
1226475
2028272
2033086
2022745
1893984
1961590
2006476
1894374
1991730
1869380
1913131
2030422
1656373
2045357
1991255
1973928
593855
2048082
1955500
2021087
1925834
1533547
1909103
1719262
1899340
1680681
1979794
2004040
2028272
2013842
1982232
2012365
1900391
1408993
1946352
2035976
1440815
1287549
1989152
1813372
1387768
1932257
1917378
1906169
2024221
1938729
2019643
1964047
1978021
1939085
1766090
1847721
1995360
1605802
1703730
2020824
1948998
2023761
1933873
1911038
1665078
1906161
1324647
1908700
1944680
1459212
1877688
1641588
1859340
1567740
1991358
1865265
1894725
1816660
2008342
1908070
1902271
1445076
2040939
2012354
1743420
1516460
1731193
1834640
2017659
1974513
1634248
1743650
2028247
1825536
1445565
1934838
2011238
2036251
1097906
1391624
2016160
1847096
2014988
1845642
2013432
1410660
1908502
1530915
1993982
1503372
1816122
1644991
1939336
1951441
1752943
1630619
2029677
1803551
2008218
1901045
1789215
1892901
1542616
2045364
1993087
1984448
1618850
2014055
1983672
1861848
1700525
2004127
1446573
1986668
2021963
680895
2006683
1724093
2020534
2014324
1922881
1225156
1910018
1988383
971376
1372714
1921594
2003422
1969108
1978445
1673031
2043222
1963972
1924165
382443
2001969
1177438
1898040
492344
1857344
1870871
1998834
1637224
1728266
1955774
2045511
1893049
1601396
1070314
2000464
2013259
1872558
1818980
1838600
1586171
1495383
1944368
2013128
1516088
1900656
1936911
2020591
1844702
1997086
1876594
1328488
1918756
1947310
1567626
994757
1821353
1703824
2050289
1756528
1714645
1995863
1594218
1818505
1857228
2011146
1970211
1249651
1717079
1708336
1449209
1473874
501862
1514472
2050753
1203200
1940794
1924165
1997506
1557325
1939642
1619413
2020692
2031516
1966205
1994572
1790626
1874441
2016266
1983883
1914282
1737254
1922473
1926900
1827298
2021811
2020750
2018012
1460929
1898690
1801088
1282903
2027140
1950646
1744821
1158037
2042014
1976629
2018316
2024764
2037212
1966907
2049699
1680326
1852797
2039139
2014542
1763392
2006918
2002160
2022998
1991730
2031934
1850875
1966609
2020591
1978131
1999997
1572218
1903386
1706204
1564230
2017197
1608533
1540312
1951999
1990590
1790154
1688433
1412895
2019897
2014925
1970116
1995598
1912080
2051919
1540991
1996595
1814632
2041808
1599274
1618846
1899310
1994574
1804007
1863979
1709452
2021184
1992049
1872204
1317943
1675009
1126068
2051919
1456604
1892698
1601917
1852626
1823284
2026211
2016094
2029804
2007508
1979617
1992785
1516080
1937803
1977144
1896810
1158398
1915358
2009834
1523982
1846437
2051919
2006007
2006994
2032930
2002936
1909498
1771776
1837426
1892901
1991224
2001172
1981464
2011275
1419891
2000116
1993087
1371339
1930140
1997996
1767856
1858817
2051919
1637787
1129205
2047106
2038092
2011581
1924822
1693733
2000792
1733765
1413218
1777407
1948665
1550070
1653389
2036050
1566077
1608723
1229397
1963726
1944368
2006795
2047571
1701772
1823859
1554094
1644108
1853942
1853498
1496760
1957500
2024126
1705480
1791168
1982497
1766599
1909263
1207993
1592011
1980740
2011280
2048301
1547784
1732671
1758380
2045952
1822355
2021225
1806815
1937263
2015774
2013070
1705939
2018588
1892527
1996091
2011741
1761396
1364835
1987380
1696218
1658831
1902074
1788406
1889223
1673392
1940212
1887306
1264039
1797232
1913833
1806586
2003183
2031210
2024119
2012132
2042006
2026216
2020845
1881010
877490
1189586
1983786
1716871
2025708
1840516
1509247
1217786
1987891
1987891
1890131
2008204
1870503
2003963
2017238
2026216
1902376
796912
1537955
2035902
1682647
2005813
1628260
1398696
2038649
1907887
1753180
2042688
917359
2020987
1898569
2026022
1226586
2025301
1729055
1708476
899437
1973747
1940279
2011532
1905449
1803551
1942432
1781014
1434894
1556782
2024692
1782443
1616005
1926076
2003953
1894725
2040897
2034685
2012504
1952596
2029686
1981147
1647022
1981739
1078471
1906519
1673392
1411264
1857376
2019496
1722972
1621781
2040314
2015719
2026216
2041808
1999267
2035976
1704641
1990951
2009973
1899893
1882191
1270270
1478499
1547045
1894725
1873865
2013288
1749256
1057016
1153906
1988712
1691919
1991730
2024090
1348133
1935616
1862638
1921227
1242943
2006105
1974352
2011532
1981464
1431208
1502538
1659822
1702602
1380148
1999042
1989848
1712283
2014769
1811653
1931797
1735336
2007383
1766508
1960928
1839272
1500341
2035095
1675505
2013852
1937756
2002377
1886801
1998694
1572712
1274205
1810426
1705088
1720842
1992755
1917195
2002425
1641818
1846245
1510150
2051919
1959979
2051573
1948843
1913291
1858967
1997488
1714645
2047703
2051700
1934084
2002125
1942432
2004791
1851713
1763082
1637787
1354998
1981477
1780161
2045122
1912788
1780914
2026289
1970992
1889383
1997523
2023070
2028038
2015770
2020417
2017860
2051919
1987891
938561
1637278
2022488
1751693
1619888
1588757
1941568
1693733
1929716
876000
2024053
2040507
1792877
1264673
1644500
1594171
1891748
1704598
1616033
1788221
1910310
1618904
2051919
1977753
1659141
1881160
1756211
1759005
1744073
2018243
1998147
1280038
1546591
1707403
1885552
2012668
1125478
2012662
1756752
1885392
1887566
1278829
1825084
2005554
2018112
1699070
1658799
2030732
697088
1541487
1929457
1989941
1857920
1215221
2018087
1714771
1851613
2017796
1817105
1888584
2002370
1556778
2031992
1791012
740154
2035467
1897864
1865211
2008304
1382470
1207304
1997812
1996506
2035992
1998071
1690444
1717426
1939536
2002125
1966717
2013110
1928273
1498762
1426932
1843521
1793025
2027318
1346678
1799072
1246555
1616249
1485694
2021955
1901704
2046423
2024805
1888355
1863160
1520526
1805997
1781141
1612448
1681837
1968041
1845389
1567214
1916827
2045435
1865232
1901525
2000604
1858187
1964576
1792877
1871665
2014860
1821010
1899340
2009750
2026289
1954121
1678067
1533137
2037473
2009371
2017087
1548207
1638406
783248
1217710
786719
1940794
1897707
2050644
1992825
1397878
1602122
1629840
1541411
1980858
2017028
1983477
2020715
2012248
2022006
936352
2012232
1953094
1913048
1537109
2038204
1851905
1958304
1600085
1967921
2017253
1546906
1843242
1423481
1800298
1877688
2026430
2003703
1189370
1801925
2013288
