1870094
2080246
1424524
2314828
2106244
2401222
1953970
1399340
2376498
2295051
1558394
2211454
1868940
2345136
1984461
2208622
2168652
2398603
2199580
2082993
2341952
2198802
2329065
2234171
2081439
2025176
1907814
2379170
2181518
1949187
2378568
2072784
1809360
2322674
2392195
1958270
1327053
1686328
2050834
2265262
2334132
2302621
2326809
1061848
2281862
1925080
2097761
2057210
2119777
2101360
2138348
1916620
1919026
2022086
1848595
2032698
2289790
1492383
581821
2389535
2299229
875780
2017055
1946459
2295583
2324043
2373836
2261379
2026643
2186574
2213278
1218549
2296701
2375999
2171708
2214087
2338211
1691064
2203457
2391611
540499
1766391
2186447
2280558
1194652
2151843
2173878
2324535
2020933
1996604
1979197
2355065
2005360
2286548
1738742
2281433
940266
2108833
2368050
2184589
2350092
852078
1835231
2352769
1845521
2010294
1802208
2384832
2041638
2351336
1941067
2377826
2346335
1579700
2249447
1489017
2050000
1781364
2014017
2354739
2312419
2133936
2276487
2028327
2352205
1940281
2339611
2343979
2377328
2101135
2329065
2231744
2267264
2147337
2039520
2066897
2182152
1517187
1648326
1965665
2065481
2066049
2269053
1836489
2222929
2307291
2345104
1936418
2340177
1931305
2331222
2328952
2370215
2223626
2155930
2040727
2386406
1756168
2233270
2370970
2313760
2301104
551950
2209434
2282064
2207048
2336614
2322973
2296701
1997907
1950097
2076954
1999578
2279218
2110808
2249169
2345244
1900803
2034492
2147042
2334806
2279429
2120783
2026624
1889280
2038388
1409942
1283119
2285295
2210440
1904982
2144997
2187213
1549363
1551467
1982737
2393576
2346803
2184263
1085147
1962698
2361474
2224544
2007961
1527584
2361922
2331467
1965338
2126574
2355658
1787616
2347569
2128364
1981988
2357730
2377097
2388125
2395669
2149634
2072596
2257453
2388090
2175371
1508212
2284309
2231613
2361734
1806225
2351680
2393784
2393530
1635491
1755935
2356802
2362343
2351181
2375999
2055094
2269297
2207264
2363251
2359845
2238539
2137445
2187872
2146910
2173668
2005172
2105336
1537165
2350099
2253914
2375499
1954720
2366608
1597426
2313999
2284338
2281144
845367
1387562
2035447
2247665
2363642
983498
2028033
2391497
1725515
2180053
1594890
1333979
2136705
2305300
2018788
2350647
2326267
2139775
1434900
1998468
2339354
2209595
2283445
2152456
2106214
2382322
1993640
1532666
2386406
2145295
1674540
2038090
1902589
2116831
1838116
2041638
1939627
1111210
2296275
1633111
2173379
2169855
2063937
2258089
2360860
2365819
2224611
2382858
2192162
1719380
2047464
2111040
2355693
2201138
1879929
2106260
2381077
1788580
1999974
1643033
2324412
2091563
1578207
1780759
2089971
2312245
2256401
2106510
1831196
2391358
2272591
2348686
2086512
1164161
2047174
2230354
2118321
2312476
2355660
2290436
2377869
1616084
2176199
2267734
2351070
2402210
1942766
1941041
2036438
2289666
2375999
1598509
2032979
1781211
2216141
2274334
1737932
2353730
1467372
2332875
1684203
2023987
2154642
2294475
2340419
2376798
2247082
2367851
2277231
2029298
1547287
1795237
2312879
1912716
2235832
1766865
1890548
1856508
2181023
2271629
1957079
1589281
2058399
2120347
1698848
1761877
1164829
2393536
1624600
2274756
2350616
2361734
1578678
2272748
2238537
2003574
2307855
2093216
2322105
2289338
2199631
2301691
2270421
2302147
1264552
2268862
977727
2111423
2341545
2261946
2254672
1772519
1881566
2362985
2147450
2197094
979548
2254235
2276925
2247665
2306897
2332601
2058399
2354228
2077569
2279343
2384832
2307219
1805168
2236628
1944625
2337455
2339250
2004741
2227525
2221895
1674929
2380012
2101789
1727065
2125745
2238821
2382903
2369644
2102049
2273709
2222002
1812682
2086955
2365819
2329131
844152
2096855
2050000
2377862
2403285
1977006
2348499
2001029
1987857
2260254
2403285
2172013
1293825
1927819
2388540
1503662
2375261
2179352
2387325
2323512
2249699
2392958
1629259
2383325
1822741
1517005
2383325
2039793
2285200
1907379
1799625
2392049
2297016
2304693
1819204
2351239
1438178
2366882
2167287
2154592
2316475
2291942
2071732
1961141
2061844
1422680
2344124
2211997
1938968
1676349
2370998
1871714
1953440
2275967
2391129
2371045
2348659
2364809
2361708
2166305
2276509
2217861
2308954
2377895
2371280
1653375
2056460
2254136
2286528
1388234
1173231
2355123
2223253
2299736
2346743
1725818
2294348
2145678
2337209
2068044
1668084
2390469
2397900
2368785
2329065
1737357
2274008
1576650
2336523
1930922
1460214
2065481
2376169
2193688
2002694
2378003
2367403
2250104
1676181
970276
1085335
2164980
1954188
2015753
1608169
2356203
2080252
2280568
1925588
2391750
2235267
2346847
2233264
2259075
2300269
2233378
1964773
2365291
2384832
2035570
2159115
2376478
1335236
950216
2276098
2207490
1908956
2082620
2191236
1805054
1625987
1967463
1725389
2178163
1874698
2187944
2367491
2256541
2364963
2192245
2159880
2366492
2357348
2347620
2348306
2174745
1962289
2323702
1567451
2195377
2204862
1567401
2224611
2094528
1335014
2395669
1964299
2325855
2403285
2358139
2353020
2379081
2395221
2267298
2134313
2128893
1875542
1539722
2049583
2233873
2384647
2284020
2178832
1983445
1657441
2377124
1962674
1173967
2401356
2358713
2367975
2340681
2371448
2352769
2250074
2373479
2074931
2106615
2104305
1331428
2350958
2231021
2148019
2221685
1374400
2392042
2051114
2191197
2288346
1993671
1722537
1134852
2328450
1818272
2118860
1755299
2355004
2291017
1795375
2205024
2194694
2050834
2209358
2387424
1997958
2343697
2323320
2392501
2044818
2270924
2362312
2256122
2120031
2185531
2137209
1547517
1715352
1828637
2364050
1110789
2218041
2369936
2261470
2371297
2263302
2258548
1822995
1883308
2338756
2381581
1645341
2191418
2110910
2221929
2083127
2168271
2348912
1501669
1803874
2389966
1978214
2037334
1819168
2193447
2378179
2381792
2375748
2338386
1791126
2367789
2374617
1785379
1930922
1881261
2327355
1714097
2403285
1799570
1952021
1207712
2287889
2364996
2196222
2356853
2391977
2314137
1812086
2385241
2024869
2180204
2044545
2321495
2374075
2143339
2384105
1980517
2317037
2377539
2256415
2197718
2359763
1841647
1278382
2194494
2365819
2389629
2350203
1991459
2275867
2191861
2354656
1957940
1753469
2390585
1889719
2142120
2311839
2329633
2389661
2313369
2320234
2325406
2001779
2108544
2154805
2361734
2275967
1549814
2358904
1384243
2385241
2354365
2403285
2381191
2232952
1548817
2149627
2395419
2395186
2251619
2369438
2358652
2396867
2294475
2299898
2318007
2102451
2066657
2386406
1442478
2306579
1207198
1994259
2289853
2121031
2377692
2332017
2110030
2323712
2282097
2275655
2385289
1997642
2352406
2368336
1745096
2063654
2379219
2191214
2403285
2243901
2401810
1899513
1879880
2311826
2137692
2361551
1966879
1372159
2287534
2246514
2301370
2114906
2380953
1904764
2112402
793215
2355492
2189791
2146152
2273763
2403285
2373145
2059653
2186679
2182566
1113190
2103523
2205970
2283451
1998154
1387009
2328159
854639
1930710
2360215
2211746
1195599
2375857
2114217
1209522
1921108
2020974
2181707
2334358
1800005
2403285
2088008
2231073
1441810
2203109
2037600
2351765
2228055
1276684
2012911
2151446
2015510
1582528
1790210
2095544
2369732
2359655
1611614
2385101
2332080
2272627
1993863
1785382
2008744
2318690
2085469
2077605
2287889
2363121
2221991
1063639
2126390
2238895
1552969
1508212
2186401
2386406
2357730
2280986
2256484
2243056
1855934
2236699
2033131
2346733
2308906
2179951
2363883
1757026
2403285
1822023
1691561
1554695
2092918
2254896
2350783
1275800
1825106
2147766
2071732
2045413
2318463
2147431
2141383
2355004
2047182
2360577
2188467
2032940
2188870
2047593
2042224
1992938
2150278
2238849
1745267
2090713
1691894
1653257
2211561
2350233
1556908
1948756
2147963
2314828
2103565
2340909
2301377
2318508
2373937
2013009
1108815
2219334
2324663
2119890
2385241
2120647
2071592
2193269
2099408
2385241
2010066
2046786
2133594
1497195
2373183
1823974
1923625
2361474
2375979
1678218
2403285
2041638
2027400
2374619
2236260
1781122
2275967
1674509
1957957
2094212
2271858
2355448
2061844
1851958
1953709
2308864
2307713
2369287
1962990
1928732
2194525
1762104
1842767
2332432
2309344
1905162
2339397
2318618
2346803
2353165
2371970
2272029
2293742
1803330
1944940
1691576
2389384
1810838
2374577
1917024
2262854
2303339
2280458
2284575
2232272
2115782
2372856
1849397
1940550
1193446
2101617
2280082
1620105
2088966
1560700
1282089
2374026
2046136
2364614
2315052
2274321
2269460
2066428
2154817
2101410
2086254
1316151
2016526
1387956
2285152
2328530
2373127
2331079
2403285
2285595
2403285
2264780
1652782
1438630
2225753
2289326
2124420
2352820
2337015
2125186
1946459
2106214
2377328
2302349
1806334
1200790
2385164
2385720
2274095
2170414
2323789
2186022
2258948
2162232
2361922
2016061
2379070
2082721
2117586
2261030
1508608
2239888
1640439
2239025
2254587
1833724
2290425
2255528
1727488
2249770
1232471
1956727
1699497
2101336
1814464
2284889
1424304
1028348
2360259
2328228
2339601
1803888
1803349
2310915
2268738
1365129
2251174
2145118
2268490
2346013
1917251
1999974
1994266
1679826
2109599
1970075
1661535
1879721
1692155
2312245
1561094
2219109
2317519
2336483
969497
1964230
2382875
2334814
2335919
1058094
2148236
2114885
1907165
2340607
2066395
2315221
2367012
2213296
2118454
2365408
2248993
2391364
1642456
2314708
2270410
1130833
2261637
930789
1946459
2294348
2353143
2311996
2157327
2270042
2237001
1481129
1512642
2199486
1845268
2324908
2293725
1749120
2002694
2018922
2110862
2021979
2335339
2376494
1879901
2361545
2003488
2204341
2389217
2270899
2340149
2337383
1642037
2382730
1519385
2338866
2337209
1447711
2375974
1973518
2132723
2131060
2278222
2379501
1886629
1614415
2217223
1791511
2394361
2395186
1935318
2171849
2359940
1977079
1463330
2392596
2267843
1540142
2095375
2300387
1490037
2344881
1837641
2341641
2309682
2388999
2376778
1992824
2337455
2097499
2362808
1983847
1774616
2130310
2370998
2325447
1135033
2335387
2339250
2252973
1352346
2210871
2128061
1265087
2359276
1915266
2240469
2206653
2377328
2076702
1650431
1948932
1448647
1826691
2051694
2387986
862672
2251530
2357692
1790259
2326828
2016221
2054476
2230841
2209434
2176440
2216544
2029687
2283445
2261286
2106442
2380389
2353644
2221276
2101878
1797047
1511928
2365982
1521320
2232321
2178420
2058084
2301391
2354071
2235743
1902311
1052351
2392501
1555092
2274008
2283178
2369770
1528272
2287626
2148676
2398472
2244002
2165218
1367574
2343136
2327435
2214083
2327542
1976883
2308322
1787998
1923140
2245073
1283252
2244568
2245603
2401215
2168459
2359542
2384199
2264922
1356714
1668326
1575228
2045300
2135862
2320220
2373591
1856454
1858211
2224700
2064806
2310823
2125232
1811423
2376478
2355280
2251303
1678243
2021836
2320454
2363278
2400338
2269674
2354855
2257860
2387110
2235622
2185689
