632900
637746
493572
641883
510792
201760
639472
514715
582551
559716
651731
554371
566164
632169
601499
622835
642537
679897
658997
360487
652026
559423
643070
550929
674926
316213
660914
332597
545062
654016
599143
633137
656697
496636
640418
628532
659534
658219
546185
385369
527617
610642
628591
602350
656285
636556
642537
467658
244785
643070
427690
654973
619857
634298
634496
447806
658215
663233
610533
630553
659417
434815
654312
619013
600186
632861
606676
607411
649012
515263
604946
552637
643070
559716
670784
392450
643070
627395
534189
444306
679155
381440
430867
555666
645831
645831
570350
303247
643070
666002
599143
616222
675750
601193
635416
547537
634690
381372
483967
566164
620612
588713
608920
550700
517932
679897
642537
654244
624211
655140
635237
630907
669639
640241
499740
536743
523043
667361
524135
642537
644191
642537
635683
621014
596467
623880
635416
642537
661482
498087
670003
636883
638273
660852
474002
627311
614374
520269
635696
607411
636213
346402
559147
655000
586339
643067
666051
429866
598793
518126
587864
672744
597702
483726
447806
523428
406004
600569
419914
627359
442563
679897
669639
658326
602497
504013
453860
630128
644884
679897
490437
592968
592159
632357
490397
554196
506005
606510
246214
637951
628859
612883
643070
664901
672710
627359
637901
458470
544782
570150
642864
652540
622399
440276
668127
587559
235852
457731
523902
620072
631778
664699
531017
552637
429000
664901
637506
643070
658168
600106
657937
532654
631875
550721
579260
670036
650668
659737
675750
633800
645831
635074
624211
679897
669630
631438
617654
650063
517727
679897
483728
645831
338562
643285
639404
645853
625775
542215
662860
552628
642317
665886
640108
657937
627318
500627
616005
590250
447806
428744
540844
677757
675779
495426
400785
624262
633800
600309
598092
566784
634822
638129
356653
618585
678472
217251
593625
612662
601573
627317
494255
679897
610452
671361
666177
442880
537974
634822
578397
595220
560177
607844
664535
657652
666098
552045
653056
630708
659310
661762
645831
569424
664947
669865
634070
652636
549316
612667
569944
679897
674525
641768
656697
477543
645853
354719
641863
449929
599229
640134
553269
666098
116037
678503
318665
652806
573295
679897
617654
632900
638370
348743
160352
644958
657281
560180
629880
595535
609186
437496
662709
642537
643070
657361
410771
645831
597464
652228
652540
648118
572302
617860
642537
642317
598793
670469
606897
655300
455690
473712
578670
490532
535697
600409
607411
671693
637874
590250
679897
467077
679897
641906
679897
633800
640565
402139
549904
497529
659348
648773
644958
628778
520534
579531
636741
629063
535937
666064
674369
664943
645831
673555
509661
627160
660791
552637
267141
650784
642317
447919
560078
654820
600045
524603
632172
588575
586865
468712
679897
573887
679897
645853
632224
630585
645853
664901
679897
547537
595488
663002
454041
617986
649722
626350
611829
570798
574043
674926
514447
666177
650390
634897
577801
627397
525284
554175
613628
643330
555734
658997
516779
573887
577926
320331
526039
632900
484049
634884
633547
569498
565592
504586
666177
666098
304825
636556
641465
473485
637874
672759
521428
634588
579531
447806
541326
505038
654473
372574
672167
380941
570269
633723
634653
665429
643070
619101
409144
625027
647460
662753
624889
630664
607655
643070
452903
630409
517656
653543
619628
644392
458324
447806
672417
523338
643070
561861
658479
561542
654142
607411
641059
547021
612572
485788
426867
673079
662719
457731
561554
406313
653676
293932
596250
679103
625407
598364
640132
632118
607541
664943
614945
634181
642537
632292
566164
679897
594369
570897
626585
642052
443810
556623
669529
542215
651754
678304
522001
514786
596524
631118
378353
575718
601032
617740
620334
650662
632224
644317
600106
679155
484802
636862
643070
568680
653543
549742
665027
613769
619857
587836
580517
407506
585665
634172
422204
640418
583564
642537
635074
582719
467221
615123
386908
602301
652911
570150
663126
571573
506628
622287
671203
609988
444267
634897
643070
397364
549904
628910
590206
672034
595840
635074
628742
631229
614284
374904
635074
643510
635481
564794
473383
658421
668298
607150
671581
405405
539803
654016
658675
592968
436140
633819
676717
391082
457731
648146
431958
640498
679897
627112
572202
643492
532379
583936
656126
460025
662753
636837
679103
635306
180963
658326
509739
659100
608860
643597
631901
564555
341272
498055
676910
610788
491622
365946
552637
597343
602152
644725
621637
613136
676413
658168
679897
600808
530406
641231
657872
679897
542422
489525
598197
654101
640765
620097
637246
674607
592159
645831
584058
626786
588347
642537
666098
627994
395884
633158
679897
558424
490397
642317
664280
640175
419711
665027
645853
547537
470645
581972
630476
553269
619803
634406
672218
367080
638129
674926
495996
331723
447768
644967
495310
525561
563202
643070
610507
528241
520853
620608
618013
629978
552319
666177
447806
582706
644958
657819
642537
664901
615123
627359
488841
642260
653543
679897
676354
455690
640315
666088
262444
427537
674926
586897
679897
583711
655451
582551
642176
565592
554196
631772
656697
643070
638817
529384
570798
664613
641396
641766
676910
634864
520853
643070
515263
631627
613596
636536
582913
640065
559423
617654
595331
559425
660468
662111
633783
666098
578715
642537
468090
562148
641182
634384
607272
650506
668171
643070
575244
510065
632900
581304
570538
625597
428744
522588
526396
632634
664943
673834
237334
639414
625230
408356
495996
643070
664943
646048
679897
579531
579228
541326
646770
563541
515263
600106
658189
627160
638402
636964
588218
323746
608329
649771
553838
444267
579765
646914
642537
642537
493485
679897
641943
554196
590974
596250
676813
652240
465197
627298
666177
558768
593610
674926
374824
651293
633896
466096
671348
659815
672525
634822
619805
430497
642812
672155
660228
652839
620334
652839
552137
532679
538760
173598
632169
538391
455281
664613
445726
534415
632503
649727
670693
550617
443204
672590
614868
372191
545313
526111
643285
658765
639617
663116
679155
632803
596961
663420
658372
633758
673612
649722
383258
636073
646383
672883
502557
622814
436140
551310
623858
666098
656126
414634
641766
651326
517941
615123
679155
629873
657819
639617
629043
643957
638935
636587
630264
587311
656133
627174
664738
674617
662129
336095
664943
418386
483720
567190
426163
340139
671086
645831
649152
615364
641003
545721
645471
583728
665972
665409
654016
628148
259925
551612
645831
596392
474285
300258
618511
643070
642260
679897
654016
626358
633310
650678
625143
644093
559147
632900
608329
278983
309169
597807
606928
555858
674617
665234
634350
606432
645831
678030
637846
660468
396994
643067
549013
665867
323582
601193
669671
631260
586766
643070
549316
549780
606432
541140
627280
641182
668159
610786
597007
626039
632900
528241
657316
574834
586114
676439
643808
608054
307418
561412
679897
626305
609315
334203
627359
440199
515263
599613
675223
579794
645490
554594
573877
621226
679421
679897
658168
675746
641734
624615
613775
455592
574460
607272
635515
652657
658326
302223
655278
670404
554174
608407
669795
458925
677247
664561
508790
595713
643514
625175
579531
628250
443810
447806
640263
549904
665875
414634
643070
634897
674346
679421
520309
583928
574258
672883
679897
626987
662109
601193
656404
679897
517088
510326
632900
572912
662032
673079
637150
673079
678300
673079
462294
652540
537823
503084
493433
633710
441890
675324
607411
443483
547390
653405
665826
540675
631324
229401
675750
643070
521986
605485
502557
591811
534550
563148
230040
203516
639452
549187
679897
534224
563202
651836
599940
614439
471313
553269
641347
604128
665972
632385
604306
217173
600325
601311
666177
551753
661243
625586
667752
562557
654949
518126
369262
635754
611761
520309
383258
629666
404831
632374
476097
610507
656126
645831
585524
645873
631019
640175
644851
621226
679155
633800
663709
566164
670693
666177
409144
666177
611894
666098
566164
669861
664335
637850
431378
601187
652657
655300
665259
643916
634690
591824
666267
156025
658675
634897
660511
646596
444527
666177
664219
635190
639452
390322
607685
643070
566950
554196
382820
676443
606794
655336
447806
651513
494255
509166
536385
670066
673079
427432
664964
630387
416919
651619
549615
374848
656126
462303
570295
503735
642649
655329
502113
548824
679897
590206
641465
579228
603181
666098
677757
631118
637822
618957
610343
679897
652552
623358
643070
644641
674617
568149
587828
642537
418691
330968
652657
674926
630475
646048
636513
501469
433819
635859
679897
521731
669716
620892
570449
656133
664002
606959
626159
640498
477906
642317
660762
575539
601845
639834
607895
633247
657315
579531
662753
646048
620955
467199
590279
654227
395866
585910
669441
629880
587836
568545
675350
388117
520269
632900
659183
560335
630906
337074
617948
648822
667563
612667
457440
641332
642864
643906
666177
515500
447806
582748
676132
579794
619154
550436
625286
656126
362589
628742
520269
633800
616459
605824
363968
559423
637195
629873
632470
632140
660891
633248
671346
551612
595109
606676
543840
594041
612853
586217
644420
642748
606676
668910
632216
644725
602755
679897
613190
546185
604856
635074
638911
666177
547537
568154
626161
427577
656697
642312
662109
660272
608054
407071
644421
660998
659348
674105
633485
630596
646805
651138
607411
566164
642537
679897
635180
540368
652106
673937
669865
632900
253547
612763
643997
616796
581301
583030
634690
497100
665429
544905
657968
618769
490397
641732
665556
638801
664943
659260
631142
600472
537005
531258
645853
520872
664181
656362
662877
607272
640655
623462
641701
231056
620800
613742
628674
535608
466483
486505
607411
591697
648361
517911
662601
679897
665204
505637
666177
632774
659107
665972
635416
627095
437722
663791
662258
621734
666177
644958
559423
640108
311844
678901
597841
611467
536096
474218
473882
491727
499751
632900
673612
587994
447806
617740
636883
626612
642088
665084
655581
634822
635322
640976
679897
541505
656796
505104
504099
477273
628709
546306
674926
596392
664943
664734
513472
518160
679897
461565
640881
618299
531109
560924
662709
667131
600675
633053
570269
377918
666098
641631
665027
549904
470904
559147
560469
477273
654361
679897
643070
617092
203529
517855
467221
367845
642537
639492
674926
642491
499173
289409
513982
635074
545456
674926
647813
584653
630463
356096
632216
562165
666098
569388
642537
502865
432549
679454
658168
549904
658204
573867
663932
679897
645831
636532
672525
632900
549904
594334
679897
634864
615010
679897
667669
644958
272349
576079
640418
679897
598364
411574
347846
509045
656133
585665
666177
643070
678163
651900
579531
649890
646048
601137
486505
639499
569944
650217
633819
456828
679421
550162
632900
662753
502596
643595
604306
654236
601799
658039
640789
604305
630198
639124
535294
640976
360218
634172
616190
470834
607272
600309
558243
646331
630885
641549
525289
667528
645853
648323
477685
456672
632503
604306
679897
622287
632334
645853
552042
666098
558083
637951
641089
534928
674926
354088
651513
637140
551493
589121
440199
656133
632048
470834
554196
647316
638020
644421
643070
538408
606676
440170
659626
533282
443810
664866
639590
568221
631961
557516
642048
651324
588467
358273
490219
576656
653543
679103
452487
669867
612949
536712
624576
660986
434707
627359
666434
643070
621516
645831
600309
636532
614935
666546
568545
642537
566164
674116
622333
657138
639480
645831
635107
550162
579052
536701
647069
645831
663499
645831
627359
643273
550180
635179
679897
627416
525801
561861
677881
618159
377101
658326
441890
640806
581589
597464
629766
403888
636698
667752
607411
565736
621573
632523
619960
653543
666384
566095
679897
631811
618355
447806
645831
520269
529765
594369
666098
235320
638427
593615
528436
564469
670639
425122
638370
617654
570755
570798
663420
679897
561717
588347
642864
617227
565736
679897
627160
613136
641766
421205
675853
654236
660791
515263
674926
664177
657330
164745
596392
676147
659950
679897
486239
570295
525827
657310
634516
424019
640383
672077
632503
623780
646383
633450
660467
552599
638300
656798
596432
484235
580335
453771
592389
549908
662240
633485
600954
568545
666177
523443
412197
464845
518397
258946
238384
589888
663525
632169
656620
625116
473609
261438
269281
674926
449695
414338
552375
516483
658326
627684
679897
580211
498825
608950
403592
675681
284564
621913
643734
665027
162246
530011
679897
678715
550135
632900
666098
642537
328501
563202
497843
637551
644012
666177
648361
616420
593076
659100
343228
452969
371261
654016
661678
520682
677493
615123
679897
675915
622560
656126
274638
665490
641941
674926
623464
477134
646048
528135
627917
607127
629502
644093
615886
639472
651457
606113
641332
634070
674751
579531
515749
566164
433512
596043
640945
544758
632169
617227
441770
573163
586217
619917
549904
625542
563128
636532
676693
652921
591066
510590
520269
535111
504107
674926
559536
610818
657819
279341
653168
642075
625427
651412
355781
454901
642649
643070
571056
445181
672710
653392
549904
679897
543377
633723
580211
598358
615123
600409
596250
485090
548460
345451
601881
651923
253547
656697
666731
508048
554196
612539
616140
596958
574979
670036
648337
662032
664613
562788
636683
637901
641085
607411
638370
643067
463171
624501
375985
641032
620782
631913
633547
659335
652915
647813
484235
536701
656530
674067
643896
636434
642017
654859
663709
643070
580004
620815
594025
499538
599143
618176
641766
641766
590580
670693
629824
636188
622566
638617
658493
584845
634690
667361
621796
505266
569748
604306
546987
640108
477415
656697
389839
529815
422714
646383
574043
569827
491622
679103
559076
627452
581275
623068
541302
607844
670404
651642
637241
678715
646048
659222
654499
666177
570150
644058
570150
447806
502271
601716
433819
624074
619917
634383
371792
587311
645831
548406
371261
673897
602283
417623
472291
629873
679155
667361
643070
414618
679897
644312
631849
517664
640498
520872
332108
494507
643070
197790
635902
618491
634266
589349
625977
587311
446664
225821
679897
444075
659107
579531
457696
646914
592813
645831
547537
643595
651293
652257
566655
663709
530343
549533
679897
639078
643795
637805
604306
336198
674617
554020
384013
545726
652540
645853
617754
670693
490397
659222
578222
638911
352840
670523
663126
359231
468125
664150
559878
644775
662753
663709
601187
642317
602760
645831
431206
534964
622853
642317
514853
666177
677289
431609
468058
654909
545491
606434
666950
667752
473882
632980
645831
644093
663907
540368
679897
567243
552131
662032
625898
652540
664002
679510
596250
569286
621044
484049
649002
625069
569499
578013
674617
602417
656272
644690
604415
617754
355635
564794
656404
675779
629943
639526
611637
328487
637976
278346
632503
646687
652980
583780
525928
372044
645831
666098
635859
637140
651457
431609
638385
627267
639030
643070
666177
490397
646060
447806
646383
654505
625182
616024
658326
451613
413586
654895
637806
555379
626128
659844
537251
565829
445824
628910
434275
409144
599143
617654
646048
406397
636556
599143
550617
553269
248676
662709
638018
553004
579765
444730
508048
640993
429508
552599
650784
525367
576265
433512
658479
639212
633485
658493
670932
677881
576624
490397
590279
527606
665429
662753
631118
601050
295236
551417
597464
646865
589555
657278
632216
639258
632900
641635
629880
671348
643070
262882
447768
590353
527133
621943
677173
623874
679897
504669
633750
265003
578641
453393
431609
556290
634822
616084
552885
554196
391443
649722
529325
667920
627359
662356
585012
633247
446726
583875
650040
663499
630409
643333
540783
566168
640418
643070
633020
654316
645831
679897
648546
643070
446664
440415
573564
578504
673157
588321
627248
424699
676021
607411
463754
620097
587837
639179
618845
585214
652432
678715
633831
610788
264307
656133
643067
532654
666096
591778
645853
474431
470834
649722
627359
661348
494962
653391
627152
600883
666708
659620
652354
642994
634561
594043
555812
545053
620097
631173
555734
661426
529325
545470
589664
641294
627359
641712
426095
632216
645831
402795
544123
491148
568545
679897
536280
465283
639691
671392
679897
588713
516643
632900
411682
597807
650676
645831
630664
621652
331740
489248
565592
679897
613713
562082
445110
645853
389210
659109
485865
634822
604572
534355
633853
677998
665571
659261
593637
646092
472987
662753
350672
538613
437496
560187
640108
649736
91261
644317
573724
632437
318516
395866
411902
549904
603181
597234
638817
567243
637330
662141
642619
651620
630794
640976
634822
553269
566164
666177
663233
601128
637319
502956
547537
632169
591566
630409
616538
360876
661806
632900
229401
507086
500228
631400
509464
675382
500195
672155
659222
664986
642537
649321
558507
667943
676910
672112
676813
484233
628842
653543
623681
672026
632216
370492
679103
636590
643070
588435
644420
675746
660468
479095
666177
674607
633748
671693
638786
649722
654843
603561
592968
662032
669698
630271
510729
679897
505104
603993
621014
626149
508088
615443
611214
673079
646383
636741
370203
356604
674926
621573
654244
627943
637683
464026
568149
447584
551369
628757
566877
642960
626042
677631
665722
650612
585294
460525
482969
552131
638989
598779
642673
674617
570070
642537
467436
329984
666177
641425
475391
625748
541374
664165
573035
679103
646687
633798
522885
676813
620334
615121
516404
572263
574626
635515
676910
588713
479014
676693
648037
615397
639492
524737
451852
224050
545283
440170
528739
662753
593615
666177
640263
640576
646060
544553
608690
640820
