3316577
3352388
3222303
3143933
3345661
3348222
3258860
2479506
3150458
2572214
3334069
2964498
3192674
3325496
1653367
3225582
2660828
1966544
3305967
3327353
2702162
2866800
3242180
3263743
2544393
3216144
3077984
2881002
3325458
3335482
3316250
2081784
3284528
3273763
1996264
3151108
2334690
3232344
2697373
2499176
3319226
3291386
3317418
2373698
3205678
2415871
2488646
3343859
676356
1093886
3284993
3318227
3332520
2876863
1567341
3056309
2760829
1997303
3217646
3302791
3277796
2938028
1688255
3168912
3248828
2365449
2376828
3026394
3064479
3121221
3098154
3065904
3164311
2197693
3119069
3217640
2771475
2507005
3194725
2778202
2629879
3259685
2177915
3341505
3326321
3037669
3217473
3010769
3152716
2639141
3089041
3195239
3289951
3341696
3010780
3190496
3019429
2937183
2379975
2765303
2332293
2593425
3290877
3231749
3122718
3060241
3320800
2726449
3343805
3136134
2828979
3307386
2966740
3175304
2766557
3288224
2922685
2993581
2051699
2193030
2606369
3258884
2958633
3217558
2900713
975204
3063432
3296299
3217830
3315756
2812560
3117596
2957517
2758703
3243344
3342279
2929919
3160749
2827527
3172617
2106286
2348137
3106138
2925495
3091592
3259578
3291501
3278620
2819293
2834600
3050187
3331122
3326323
2442350
3332538
2617446
3283402
2461783
3340200
3240212
2777972
2663403
3269903
2992121
2925477
2754863
3313524
3242322
3069533
3202213
3101321
1486724
3172997
3062114
2983802
3025232
3222831
2487871
3339235
3203312
3236921
2118433
3109204
3315825
3247984
2615106
1875407
2327707
3065174
2447577
3175665
3314335
3138661
3338092
2100416
2906342
3256155
2946098
2845384
2905169
1546049
2925495
2672959
3040658
3347921
2920031
2653576
3095601
2839082
1956713
2971574
2789847
2235123
3308392
2547790
3196306
2750472
1710155
3156148
3304661
3340041
3328585
2337551
3028663
3338267
3306723
2596975
3103239
2303993
3310786
2893376
2409720
2689565
2073317
2886471
3123531
3145585
3168935
2948285
3215978
3256388
3318129
2869179
2877775
1912738
3224416
3297089
3074167
3306809
3291997
3128594
2755544
3262756
3224621
2212104
2287815
3029347
1965644
1801431
3317362
3307717
3071921
3077901
2990493
3310442
3146128
3289635
3319021
1879871
3295911
3284366
2921064
2803980
3313684
2735322
2806059
2678266
3007977
2691484
2038753
3351356
2309155
3275226
2484835
3078010
3087468
3174490
3309496
1915362
3289236
2903454
3102025
2899356
3030006
2524730
2534793
3055615
3181618
2920843
3010373
3326014
3295711
2772602
3265099
3191317
2144643
3189914
2952822
2938411
2097969
2594967
2321805
2932361
2777935
3001811
2716848
2944180
3174040
3302287
3182465
2947797
3192097
2729043
2219803
3341448
3153633
3208139
3050622
3353671
2552810
2085883
2697282
2886587
2963688
3259671
2746402
3078892
2994601
3023103
3329200
3292213
2276422
2027187
3251778
3159180
2946859
2399409
2850884
2980756
3067447
2965219
2639768
3161678
2899683
3341081
3085023
3183400
3234946
3284623
3230202
3270110
2753217
2830213
2448415
3035753
3279751
2510779
3240761
2611852
3087110
1509203
2324786
3001934
2963688
3254722
3321750
2863069
2357667
2682714
2420007
3252141
3254679
2766584
3290900
3353671
2661632
2668887
3167878
3152432
2598962
956059
3334539
2749678
1970199
2435251
3279751
3303999
3345533
3129568
2975118
3251836
1216038
3017889
3288496
3312300
2612852
3198141
3335881
3047416
3343849
3288696
3124395
3112175
3262627
3126184
1850654
2831198
3106462
1471972
2236475
2311337
3291885
2786771
3248335
2020263
3245993
1879256
1797345
2992198
3189669
3081769
3289060
3221744
3132455
3313556
3289846
3188264
3244613
1638496
3253799
2297685
2982426
3031108
3260847
2595788
2156189
2834965
2691240
2971121
3077310
3254511
3290823
2807999
2772397
2917236
1877766
3044131
3351177
1843310
3282664
3233237
3285979
3173197
3341696
3322967
2806500
3038837
3313551
2972743
2740938
3255928
2355507
3277843
2829902
3135510
3097201
3102008
3285977
2704390
3289819
3249483
2987431
2682826
1907232
2630567
3015774
3300648
3334835
3339586
2237535
3214657
3198770
2161790
1743953
2820627
1417230
2654841
3347395
2973779
1790849
1102121
3041394
2041159
3102008
3352174
3316067
2904628
3119732
2859503
3353671
3347395
3119565
2990590
2040266
3137588
1792286
2478770
3213887
3351503
2997978
3290122
3165282
3240789
3309341
3304334
3241105
3175000
3277353
3175054
2631250
3347281
2635375
3301840
2937598
3225556
2984505
3072206
3346310
3205986
2696829
1887072
2289812
2866186
3307652
2974931
2337880
2959773
3343037
3073711
3288496
3123454
527400
3256971
2555242
3207150
3001011
3295515
2832540
3185727
2407621
3320208
3285589
1573793
3288337
2577553
3348121
3204344
3233821
2896997
3300863
3185727
2648131
2858530
3209590
2921671
2796487
3235900
3151363
2742003
2941354
3285334
3034156
3330112
3287065
3253261
2726161
3234634
2510004
3060986
2530371
3300244
3282014
3273728
3298751
2865653
2942795
2987765
3264105
2994250
3166596
2498504
3333992
2498778
3310109
2715686
3079756
2365442
3085149
2348684
3249058
3311574
2676193
3298884
2125434
3300863
2824497
3068501
3291643
2947282
3015625
3179700
3334527
3099836
3342670
3232977
3125345
3022879
2311819
3140037
3020417
3336131
3058718
2034101
3240647
3049768
3285051
1023067
3088902
3209593
2340959
3338969
3297495
3274710
999266
3217542
3001521
2776250
3071921
1407646
3282285
3324006
3312067
3334292
2963105
2599781
2969661
2885621
2765987
3160623
2911354
742381
3303696
3241067
3320097
2310033
2841583
2457109
3214083
2499853
2969779
3235213
3303740
3303011
3240173
2202306
3203923
3003940
2965420
2026879
2266575
2941565
3093480
3345591
3189669
2847210
2980635
2996102
3205307
3008020
3252822
3068559
3266226
3090780
3333464
2114944
2685179
2314033
2785319
2044073
2034484
2520425
3286269
2490394
3217649
3005289
3230335
3248346
2801493
2702003
3287041
3328567
2568573
3258293
3307986
3070341
3210541
2930264
3341441
2979501
3310237
2713492
3287065
2068542
2439941
2745008
2906918
2738463
3186616
3258871
3068477
3339601
3265027
3261541
2692325
2863341
3293044
3327855
3131920
1621262
2390368
3101709
2989945
3351551
2617384
3311710
2099518
1526612
2571647
3248908
2703248
3051899
3191477
3256839
3261598
2466067
2943795
3326596
3099035
2399184
2808190
3098108
3180836
2763817
2974363
3053963
2617425
2721562
3229164
3082305
1668232
2277285
3210662
3282152
3264730
3185726
3209785
3295722
3321266
2068505
3006173
2838442
2247914
2230175
2304925
2706790
3063442
3087440
3238225
3330876
3336291
3106875
2819032
3333813
3172151
3222686
2903684
3284317
2870062
1946212
2456228
2466197
3316403
3120817
2782117
2934350
1495993
3175025
2761032
2877835
3129217
3130834
3213101
3072384
1618197
3032820
2535705
2538782
3327664
1798054
1312177
3163565
3138811
3049035
3236031
2243888
3226811
2158656
3263346
2821306
3241568
3122256
3281672
2352388
3326014
3282737
1403149
2930451
1751502
3169864
2560478
3141894
3144408
3109019
1730354
2864471
2963381
3144384
2814413
2921973
3211576
3163745
3298434
3064006
2902179
1771196
1556838
1996167
3222363
2578561
3338190
3064444
3336497
2406215
3330919
3209338
1377471
2807520
3122288
3316243
3261762
3309293
3125629
2490424
2388886
3263124
3100903
3342882
2695022
3011627
2752093
3260991
3347243
1451607
3340462
2818763
3210906
3331151
3141917
3171541
2704362
3308079
3062032
1711955
3317165
3309976
2682075
2892394
3270164
3121093
2762440
3085259
3039887
3162766
3240227
2877206
3298225
3263346
3324014
3270918
3303740
2857771
2885251
3331055
2662930
2837137
3046704
3215761
2553444
3116325
3353671
2571238
2887915
3316495
2921772
3126196
3264118
3099406
3298371
3289503
1649379
2960573
3322677
1159610
3209341
3326344
2316713
3251728
3203923
2619131
3327756
2654727
2808120
2865083
2844668
2279017
3312048
2361803
3162044
3269703
3320862
2202820
3270129
3230416
2103269
2986402
2275042
3079932
3324433
2787854
3050725
3319730
3340518
1901282
3302075
2514339
1415405
3163323
2724552
3120044
3201619
3308696
3198707
2258298
2998082
2296658
2822487
2684523
3249295
3193376
3340072
2651628
2813015
1690079
3253244
3219702
3295947
2758487
3280928
2353440
2578268
3048476
3043380
3244487
3038258
3245315
3339381
3276496
3153102
3298703
3183481
3334017
3118970
3078774
2309552
2389200
2928912
3272003
3326014
1970042
2880925
2920599
3146373
2808378
3279887
3310761
3326314
3099388
3263489
2652751
3050117
3002201
2958766
2289767
2620276
3348950
3353671
3300863
3327757
3110847
3011888
3256213
2713643
3120718
2427975
3274647
3286743
2845022
3296917
2543114
2715367
2785319
2154283
3162641
3275831
2528878
2526435
3019861
3299256
3270048
2945555
3055827
2865986
3190003
3105517
2951291
1577779
3273873
3107819
2672373
2945512
3037163
3049086
2703248
2244990
3195825
1869838
3044336
3010214
2876552
3313204
2342459
2590953
2879332
2924861
3266125
2448436
2768419
3171723
3114129
3276875
2947456
3215320
3174502
3263489
2965220
1490831
3041697
2812235
1448264
2705602
3154240
2981980
3353671
2588576
2997159
2989420
2154283
2156063
3349888
2997318
3259444
3312752
2631953
2903400
2921064
3186669
2635084
2282946
2046377
3315060
3102017
3105156
3115814
3282664
2894106
3146940
2216672
3260524
3313556
3112135
3002777
3259162
2963101
2311114
1081142
3208616
3257217
1882517
2882416
3113915
3077853
2601662
3244799
3323083
3288083
3347482
3305119
1818127
2897228
1520675
1390465
3280841
1592655
2171711
3275056
3290234
3328274
2653043
3286466
3345797
3018200
3129148
2466201
2701266
2875530
3333626
3137741
3304099
3300863
2503420
3326623
3331653
3303740
2770751
3348352
3254174
3283595
2842257
3154558
2644164
2791447
1737788
3247209
3292240
3246426
3336714
3258720
1999541
3034420
2315587
3159151
3280125
3300863
1476073
2718039
3154739
3284835
2868194
3034654
3330145
2766138
3017239
2919235
3353671
2599769
3253707
3215190
3317219
3295599
3015412
3131182
2358690
3122210
2867976
2865747
3024712
817765
3110880
3311095
3062278
3249468
2957537
1954651
2052404
3257652
3304805
2819409
3310857
3316288
1304101
1937931
3023427
2547744
3329098
3020120
2964541
815836
3001626
3161119
1066879
3223001
2872563
3328986
2488846
3120085
3259359
3273266
3298698
3016335
3244335
1861323
2506752
2409709
3311446
3321159
2662202
2945074
3211712
3265117
2655139
2374580
2425547
2921032
2529220
3177293
3313665
3254984
3309261
2498249
3329149
2593860
2739027
2718897
3346986
3240738
933970
2479735
3325500
3321264
3290848
3326194
2785699
3015774
2794181
2946631
3328596
2966929
3054425
3222783
2445339
3242012
3263823
2327661
3057772
3330393
2843730
2947019
3212652
3320579
3280803
3203761
2786487
1889962
3004166
3263021
3249334
2924451
3341490
3275733
3263178
3112335
3159808
3295319
3251823
3155724
3274651
3139098
3050725
1833639
2946839
3169204
2135235
2785892
2745123
3101845
3168069
3284649
3295750
1688122
3338867
3319667
1077103
2326534
3018486
3332973
3047235
2602994
3074138
2620790
3261114
3219301
3325511
3147502
3318073
3299741
3036221
2692482
3328502
3264807
2939922
2546171
2826830
2323794
2756115
2581661
3209590
2984757
2205911
3182138
1937734
3293828
3338590
3042928
3307528
2789286
3275056
2774438
2587670
3050187
2365679
3132962
3114591
3319521
2639389
3207928
2661159
3060863
3303452
3351440
3106957
2752717
2551039
3346904
2708697
2332145
3303740
3321522
3086151
2966838
2914815
3157480
3346571
3343782
2671755
3137856
3125731
2754034
3317298
2676629
2967463
2301604
3281978
3136329
2727164
2372269
3064892
2837978
3306809
3036492
3317825
3316026
2813875
2550908
3179549
3300895
3037897
3323024
2927155
3314993
3281532
3176763
3331916
3232842
2609107
3308281
3309077
2715524
3300863
3325630
3333851
3230023
2807621
2209279
3103308
2923866
3157480
3219017
2565054
2821862
2137164
3338895
2537238
2692219
2968554
2884485
2684374
2985510
1772047
3243528
3072120
2377956
2926117
3262673
3285988
2818276
3128320
3326593
3158038
3111984
3213939
3106793
3251988
3028774
2933606
2572778
2748931
2975118
3010781
2360979
2936364
3189664
3214084
3353671
3314082
3255958
3255166
3215531
2201700
2926423
3215728
3072063
1823344
3344950
2427810
2786326
2294491
3189186
2058197
3309249
2976189
3344682
3320080
3333581
2425903
1841735
2359573
3184361
2294427
3203132
3344675
2326599
2847041
3290975
3341193
2102734
2566182
2967515
2891764
3262314
3193811
1912344
3339103
3277796
3227081
3174356
3315163
3249238
3314046
3042028
3258657
3235333
3245715
3086339
2720298
2498267
3294191
2990548
2715066
3296895
2900021
2707722
3064960
3073990
3256356
3168590
3158942
2268379
2384983
2528009
3335645
3353671
3319059
2389177
2376397
3106137
2168248
1934601
2959207
2894194
3017245
3299382
2852673
2763255
3311194
2960387
2082905
2674380
2549549
3353361
3293550
2872923
3344704
2629595
3234975
2639589
2520875
2900590
712252
1869071
2812924
3274231
2902399
3258670
2890278
3098072
3324073
3209626
3224222
2707745
3226542
3303094
3138845
3036296
3208629
2962994
2715367
3331896
3009134
3115756
3337480
3238114
987595
3059797
3079579
2991050
1836779
3165228
3224225
2692595
2712439
3029333
3039840
2211234
2343234
3058116
2940795
3268961
3295625
2762739
3285796
2886876
3256581
2767740
3032194
2836218
3282516
3181630
3308703
2914168
2997395
2757591
3215531
3232842
3013853
3270854
3049345
3288588
3244277
2235401
2031585
3229812
2532444
3271475
3117126
3216782
3298262
3015029
1906274
2684491
2276070
2417601
3172514
2287105
3294238
1702284
3024453
3108931
2709379
3261745
3306430
2951543
2973683
2359778
3136803
3353671
2945239
2928166
3350777
3185221
3129174
2104773
3157480
3076745
3249747
3102571
2143828
2728214
2966988
3011865
3322100
3016099
3093336
3127181
3063175
2179116
3114653
3077798
3340750
3233656
2641317
2996606
2988603
3318198
3202614
3190625
2517980
2894340
3292246
2977366
3310164
1982254
2428379
2933824
3299176
3317922
1025647
2193202
3050497
3106095
3175665
2846023
2327964
3254939
3295553
3081498
3154460
3210249
3284749
2791188
2530357
3292735
1811288
2752629
2975170
2975072
3235584
3221153
2762108
1724213
2335630
3115043
3166649
3120847
2588864
3335825
2837487
3314506
3351650
3307386
3116814
2862805
3346986
2926628
3247545
1754651
3234871
1328486
3309506
3033160
3031777
2152587
3058742
3255890
3246918
3065787
1944552
2703935
2525201
3327612
3150247
3068258
3240257
3096236
2211533
3292637
2525160
3222921
3352388
1722461
3235213
2627161
2816246
3346024
3223329
3135751
3136769
2901697
3353671
3249012
3091605
3235213
2654663
2922162
2611751
1674074
3321430
1661728
3261200
2170621
3265443
3072475
3225471
3320135
3324818
3341920
1115581
2353004
3349706
3128154
3096925
2819178
3353214
2539777
2758901
3030944
3101662
3097241
2708035
3243421
3132455
2546699
3257953
3308448
2542750
2993155
3185031
3259952
1930732
2450246
3209596
3063278
3274980
1828210
3104093
3249720
3217170
3155041
1694483
1291545
2572479
2785319
3116642
2853972
3307521
3298317
3332398
3110588
3213722
1931120
3206991
733936
3337509
2920112
2801029
3136953
3337927
2685490
3051081
2965554
1561289
3183790
3160606
2926585
3261689
3335849
3109075
3059096
3348950
3252115
3289899
3235054
2809434
2157784
3327832
2919620
3115898
2411650
2869559
3031431
3192219
2513325
2033681
3327664
2569443
3345231
2345915
2465703
3296396
2086160
2766432
2962484
2973647
3270802
3330420
2668557
3335286
2521481
3147814
2925495
2881035
2740279
3106065
3081516
2647618
3267979
2787470
3319521
2904008
3020344
3331519
3349706
2970420
2666990
3092886
2782909
2374580
3058067
3036778
3305242
2991945
3146102
3311835
3188310
3291498
3320818
2313354
2752807
3175729
2571003
2916800
2901307
3129494
3338267
2468299
3033646
3323781
2761756
2647312
3181044
3288226
3343570
3301249
3313689
3217646
2081849
3317091
2901096
3139407
1410648
1630716
3074108
2766403
2762527
2948491
2309372
2080622
3344852
3036532
3314459
2216501
3127181
3296880
1825272
2520521
620847
3275226
2890011
3174526
3293828
1866460
3206553
3313915
2864134
2574735
2769101
3300863
2987833
3286494
3144072
3212497
3265027
3242010
1660181
3297809
3310104
3069774
2990887
3207474
3201419
3109892
2747299
2957697
2795511
2966791
2667897
2741121
3279274
3277074
3033925
3329633
3154128
2345211
2623982
2412589
3319667
2866969
3267358
3105201
3101184
3117305
2710306
3294225
2544640
2959798
3274496
2614219
3100910
2925200
3266944
3328265
3328718
2112792
2861771
3262049
2591402
2297153
2479550
1648019
2995598
1985829
695640
2952158
2130989
3071282
3213064
3222131
2439417
2961521
1830878
3353671
2781861
3294426
3321430
3211099
3267712
3041010
2557247
3307370
2747299
3214392
3314509
3114931
3319667
3171722
3283258
3058182
3237228
2720269
2754492
2219390
3288139
3140910
2506133
2684285
3328605
2099814
3287433
3094210
3265367
2921612
3158876
3265027
1594144
3277847
2720197
3124365
2945534
2319559
3348313
1964728
2444633
3301009
3290475
3301636
3293636
1865071
3265893
1608358
3196641
2797463
2859570
3101702
3199525
2705123
3095688
3293820
3303846
2731569
3221441
1640353
3337737
3069231
1572410
3269540
2748254
3111103
2802652
3187526
1631135
2703511
2701025
2798954
3050821
3209489
1870890
3304423
2608744
2842637
2585268
1406174
3182242
3217646
2029463
3215658
3113974
3348901
3140628
3249087
3113222
3342021
3146511
3345661
3239707
2936590
2801922
2928696
3258883
3350339
1887778
2434163
1996753
3225626
3170707
3188935
2707447
2859155
3052767
2162316
2823237
2997294
2115416
3342053
2837022
3341877
3122087
3011888
2984946
3345661
2321972
3293474
1016270
2453103
3286494
3154727
2990978
3311884
2594448
2458330
2076344
3205183
2960925
2619348
2196102
3336285
3208277
2854498
3283559
2230175
2999288
2718293
3348950
2900944
3277796
3185914
3310339
3249709
3044199
3138350
3031862
1286847
3289239
3183351
3318724
2625341
3299672
3165214
2352314
3088540
2450187
3132381
3291337
3211493
2556198
3315402
3115756
2128226
3337356
3318513
2967800
1365470
2920110
3205748
3273411
3066238
2385480
2860587
2936332
3270164
3075164
2777704
3347904
3155917
2841618
3308289
2955595
3121777
3292149
1598426
3337505
3230180
3093336
3103143
2805062
3277924
3074525
2786436
2934201
2601800
2503195
3200515
2973779
3038837
2168283
3305156
3158931
1977184
3340813
3349094
1328447
3203771
3318578
3064892
3307374
2886900
2677228
3227081
3314966
3101738
3138569
3155094
3308135
3348568
3122578
3041241
2927978
3164123
3236826
3326524
1429058
3307294
3193940
2858211
1854498
2690292
1841441
3347883
3289209
3191884
2779456
3111863
2666474
3270968
2966530
1973234
3250903
2304925
3221997
3188656
2916450
1568309
3148757
2851228
3274208
2184840
2920098
3081481
3299527
3134522
3105612
3313858
3314606
1867548
3314806
3343321
2289420
2042305
3142757
1307244
3204483
2664780
3177657
3181709
3324041
1968264
2228404
3050357
3271832
3123082
3116503
2590179
3113915
3151108
3206336
2860531
1981920
2691858
2806762
2786592
2674351
3113920
2938983
2922162
2837011
3335664
3126904
2643970
3050187
2629327
3221997
2406830
3196752
2400752
2162403
1755389
2676424
3315988
2517526
2646352
3276036
3309423
3158717
3108069
2837994
2579002
3307393
1637438
2922355
3269295
2895043
3280369
3321430
3005101
1552602
3343665
2656287
2815561
2100746
1118793
3211538
2796164
1948870
2620850
2351288
3153378
2181639
3313346
2117928
3294150
2354037
3079070
2052508
3350415
2416909
1228812
2487673
2663883
2655518
3017388
3304403
2383050
3263369
3302835
3179676
1936364
2966495
3268909
3166509
2774517
3341391
3089452
1916294
3111103
1613475
2941707
3318419
2549596
2939440
2230067
2654047
2672975
3302292
3153102
3154398
2674936
2705539
3147418
3098746
3143690
2017817
3320125
3070669
3293712
3101225
3291997
3287082
3350942
2632302
3200350
2434079
3147919
2733673
2208071
2396865
2031187
2528246
1786781
2816903
3149055
3240326
2828752
2225318
3299393
3090064
3302383
2815193
3293737
3051348
3030884
3317257
2855686
3106875
2172332
3201603
3161576
3236142
3207024
1855481
3080895
3315427
2673742
3305757
2397086
3005380
3077873
3166448
2734298
2818930
3338267
3204855
3346887
3302578
3101662
3148764
3132455
2850411
3027873
3128594
3182971
3079061
2899891
3304805
2239205
3321673
3249300
3122011
3079230
3075405
2656801
3280043
3319526
3092079
3147557
2943882
2919141
2344010
2825383
2789925
1704578
2230292
2835380
3006186
2956673
2935418
3311669
2553126
2972067
3319521
3342725
3328718
2630264
3332298
3334519
2549335
3115588
2849232
3147191
3285488
2920910
3341391
2929055
3262158
3016280
1368105
2007091
3176363
2765956
986554
3166461
2732719
3346383
3134879
2324429
3072492
3269723
3157089
2954450
2267979
3303311
3296724
2863568
3204956
3320856
2332145
3256438
2775726
3233759
3284606
3071006
3330358
3135428
2733677
2742187
2758578
3102119
3027210
3209563
3165021
3243010
3341932
2763255
1752111
3304886
3277913
3267132
3147286
3230643
2688209
3042536
2774415
3257091
2353031
3324475
2594510
3316374
1845954
2370085
2916496
2455471
2634464
3148191
3192075
3222968
3227111
1496732
3082100
3127181
3347000
2699358
3328118
3264866
3151432
2357464
3126039
3326853
2442403
2992263
2993391
3278304
2366810
2920914
2634736
3123501
3028880
3270838
2822412
2257771
3053564
3240290
3002860
3313979
3338717
3341339
3105387
2745437
3050725
2887556
3056495
3206009
2736928
2928435
2776754
3342014
3005681
2876266
2971603
2769620
3240246
2245086
2091031
2337880
1466657
2392098
2862832
3119662
1577604
2711814
1992055
3347847
3292744
3138396
3338718
3138269
3266488
2384494
2472125
3256039
2760413
2572844
3304576
2509902
3131920
3195951
3081025
3045628
2432007
3347000
2936598
2484022
3170538
2965219
2892778
3350417
2588939
3010970
2688350
2365442
3353671
1595229
2637808
3129741
2998362
3343869
3316175
2485553
1514397
2964749
3085999
2305892
3319526
2595597
3068854
2695109
3119432
2984014
2990936
2516888
2667875
2035796
3106875
3301733
3307427
3130526
3304418
3214378
2897218
3003275
3325475
2941242
3190108
3316429
3309822
2992916
2967859
2128331
1813661
1716155
2984042
2921445
3298654
3098433
3123068
3112496
1827397
3099400
3101318
2561951
2881456
2707626
1301857
3251255
3273038
2027953
2181002
2938028
2746477
3124186
3187526
2863097
2672676
3306270
2367456
2845960
2846563
1890045
3228423
2645288
2775806
3351264
3088121
3343869
1302291
3304805
1315617
2917767
2769989
3267993
3101475
3266090
3323800
3351947
2061685
3325748
3001122
2972579
2550540
2777026
2654735
2956464
2635314
3237295
3215245
1278744
2879899
2722663
3285589
3037870
2386866
2584052
2891634
3272642
3200462
2236876
2334817
3155089
2501840
1590884
3112972
2594720
3111593
3230335
3075551
2906490
2061875
3095137
2643412
3321064
1513651
1992654
2388997
2260830
2988228
3307675
3319936
3297838
2486676
3288538
2607850
3302257
2893392
2167629
2892290
2774622
3099449
2619543
2954684
2796027
2109130
2554308
2673586
3351359
2412571
1999275
2306650
2881661
2897804
3153436
3273727
3100199
3099831
2326693
2261595
3312833
3113205
2736299
2533837
2150094
3167616
3140388
3303197
3119288
2969570
3353671
1182670
2906870
2707494
3309590
3346342
3012701
2268509
3333227
3231020
894330
2926373
3090231
2512578
3099076
2826027
2068506
3229682
2819019
3158620
3322432
3176647
3238079
2384139
3248994
3070015
2365786
3045955
2203295
2998396
3270995
3319521
3083372
3160440
2855488
2181649
3061899
3317534
3308445
3056813
3285247
2903938
2857448
2473688
3163693
3218074
2456820
2707487
2932247
2828732
3347904
2205275
2965351
3317797
3124365
3082528
3131047
2360939
3329280
2395254
3153978
2772186
2191671
3282263
3144416
3200940
2878904
1502923
3121291
2539470
2789769
3326014
3224022
3297437
3012637
2970002
3288476
3348265
3092483
3091574
2857316
2585912
1483680
2639653
2563520
3259657
3319235
2449524
2245098
1461542
2987684
2770906
3050032
3316139
2705546
3290881
1889281
3072074
2910721
1595495
2612603
3324454
3221008
3304371
3303789
3327664
1738156
3001653
3238647
3104292
3280257
2793487
3185311
2672637
3040835
3325394
3074503
3151887
3315521
3296142
2369674
2969797
2993228
3102550
3351112
2086320
3218093
3135596
1437774
2841082
3325428
2705587
2480698
2474247
3125725
3039316
3117810
2255576
2735200
3101483
3259869
3305363
2834609
3325975
3213736
3141289
2733491
2744341
2387958
1697577
3202066
3201236
2853958
3280461
3172617
2941976
3072063
2060479
2775151
3343968
2099453
3127636
3154659
2968010
3050187
3233606
2535362
3028749
3272003
2661503
1950399
2327661
3286013
2589178
1932007
3186439
2961686
3204190
2288147
3221398
2945555
1614542
3188386
2994455
2555558
2279195
2479342
3256497
3266209
1477167
3295978
2747161
3118764
2994729
3296650
3346616
3310687
3193513
1642542
2458466
3229001
3353671
2827277
3029075
3187932
3202750
3339494
3319723
3070656
3106875
2697705
3170789
915380
3279456
3300863
1689644
3301382
2707964
3062629
2656184
2458263
2866550
3165370
3334991
3204274
3300863
2861360
2728540
3278779
3033094
3047896
3213558
2694761
3193660
2648898
2665976
2798954
2796715
2949134
2769317
3347089
1674096
3285507
3300648
3267759
3244531
3305510
3324475
3088938
3340595
3320121
3236082
2859901
3118339
2745008
2306530
2971427
3310481
3310628
3202114
2959632
2740403
3280427
3156375
1906865
2738041
3145976
2704556
3006025
2118916
3132455
3281439
3082304
3075158
1877656
3198094
2892524
3067742
1921810
2994455
3172245
3241353
3046790
2718017
2959459
3261889
2847695
3285983
3223272
1022054
2256916
2559182
3321430
3347117
3331712
3195991
2297725
3330038
3265117
3333996
1594653
2841608
3269723
3293828
3313556
1942007
3340515
2673110
2392781
3131047
3334508
3138923
3048530
2612257
2979950
2670055
3242062
3269449
3214084
3047770
2622774
3196018
3304609
1878844
3131846
2149075
3350538
2519583
3313588
2878328
2998453
1272020
2841864
2429813
3296917
3155332
3133212
3338867
2648135
2383545
2449024
2784281
3104267
3101086
2299637
1953973
3238945
3051622
3301061
3253758
2541226
2928912
3126254
3203821
2869694
3324680
3271475
2770580
3347904
2666409
3316597
3318965
2887901
3280510
2849659
2045488
3184810
3262823
3207748
3137994
3164412
3186439
2997684
3293404
2620523
3097078
3241353
