934594480 609866741
597524638 200908867
935846964 756618424
768288145 459657795
770630933 49064382
682893646 240933856
157911915 598216946
193232450 254301533
993006950 177104999
801460031 465771660
984092987 185797303
88334186 962919850
888488963 170072132
116972070 468147236
136051768 323802760
46230584 147195962
388730517 987665935
967140401 519435692
780673274 194312979
667499043 410448404
877250511 4869862
757530444 332017866
634241722 861912773
216076617 14293360
78658281 27277267
491734216 358545649
31761402 655792234
225305272 119323578
716118630 337270308
321604683 328062934
607577923 898717336
639279036 825813519
340048933 409785099
76837054 215293113
808403128 395887076
762728925 88663741
44067 597112772
434484843 427665618
508639542 14563801
372388275 727337576
975712256 530889309
1478693 134802465
532764562 63830224
846686554 377627877
864278529 882746180
743628970 261769681
899615967 600441404
849093422 785113772
276273027 185245082
699126562 714733570
65878219 394459926
508112405 719662465
438192577 375072003
337715231 950561044
893307764 781909449
290773540 950033708
740193766 272073353
974717124 63372672
717634460 446566124
179328015 910691067
774308158 708453580
397823014 233430849
887811126 522947892
571191094 118885192
112238663 31832772
928064873 510420473
470949905 353758718
993476572 468545153
22084205 121491269
227152987 559303167
436133062 577718581
265290605 818276660
411125074 9893594
666705742 600983009
545930993 456363119
950852456 515500605
855794947 827773937
868293299 587473252
988310296 345492201
580830615 435377631
12507759 506195740
947257582 95247055
358197406 787273754
63586444 836456955
367293095 48206687
300118615 962562416
77365229 102521510
800086722 58445
44983309 466897501
917182164 901510037
222755880 559559088
35068766 970808940
692082765 640400406
242549998 101992318
515592755 258767029
496384808 11254257
673464158 609034978
110141882 123021260
942122097 595082773
965161696 936455043
281095988 809372302
591735205 587255903
968949315 703543776
323471251 224720413
778904016 20528571
887673179 289596591
529837019 883058159
210131857 215502461
721539382 811904199
744977944 249291567
389764076 782367574
161545524 735847089
226907644 441408827
378016778 447406475
380538067 127166176
144275259 600584802
121467284 884623513
679199185 800215015
328801777 972572308
567398394 257485421
485740914 84208465
466141739 587473634
765875461 414292209
595052298 511773569
963405371 7179795
864626283 824644729
755976706 841187249
64273291 564234860
532340239 34258828
682655593 345949162
608978048 977184847
574930256 237462158
701681449 93257729
251221274 453872731
937960434 371504934
943078878 325160250
363791947 437580088
1687956 214320310
703737477 42468896
733791764 660831622
375188140 329277850
181630446 816913924
275843678 612438563
979654284 125732836
353659118 67234546
393130471 629653229
665281028 501988686
716159547 188484494
268550817 334513478
692750988 252787531
645430777 259777350
656860274 543887632
416082148 587781477
181124301 770013973
690396153 630461433
14314779 60899472
997990908 34075271
864192949 197222284
477886764 644437212
683160269 343484383
176675035 434188144
543942721 669025039
605743595 774174380
443937570 483439281
753859817 508630417
487225693 109036959
141035658 868744572
985570130 129516908
829267310 236073378
80731208 315656038
273422356 622273065
604797666 95162961
277714327 990636649
357516138 67856467
173229594 154924480
70348462 776975920
653785256 973279391
591907484 873998640
851939257 698221617
222422271 576346749
229324429 555660315
349565828 738589303
340372246 689610307
100507435 823945062
879053126 347306366
631186879 272858252
229895171 490516364
860048319 145504740
36953653 613098430
197426306 177638237
230285643 363196781
483056264 678808326
572986810 465663514
35999325 304301843
933462742 893130683
749435106 676686729
288159545 54278413
903328623 868538858
416292347 205606652
594307083 93913210
460603333 717681956
945730601 422645171
486189043 190642569
303178106 114596944
761672290 604113413
733391152 714623893
358370763 298618882
477560343 159299400
717235588 464873612
986976844 921199424
400183544 183296547
387111113 729715071
540452041 132583603
167100298 264567312
201978563 251456588
342387934 707637394
817341071 846827374
811066408 408088939
227258681 639575153
915514124 507463198
