631301608 170569970
347014100 673494214
177330456 643546301
24029247 567454455
418534000 85832783
878047208 516506823
856235126 825907723
588260186 192230315
435481581 405240406
22773097 808523497
163130425 562562024
512774211 869014719
412439065 259864804
280480775 256573834
806791500 15905284
453986054 741262060
549593509 965009027
91613638 111029953
348944404 847424766
915887004 936807456
943353100 359923574
499851127 920240221
922628775 627617017
861467901 189973859
726725212 341568279
466381655 330770593
796538549 248607528
620208007 335831184
758098788 797611066
288449019 865142712
474472999 162849466
203152935 466500004
95009087 608823658
385789918 57278453
166916441 500868464
115090142 280240710
844108520 923967461
922167633 926398419
805083906 331051163
1254671 182656928
703667453 430889337
617704625 732085729
937527187 745168490
106762745 506208700
380716687 476421648
185876985 636497086
780928246 186432974
332837748 4270
247358694 873570095
548062536 126333140
377999653 149173572
724064368 183635873
951052588 135023706
235629073 524986293
527042104 125841711
721722660 62645605
846458850 457118255
817031510 551067422
308560388 448288978
649213940 13063135
513100749 354378189
961076558 264786101
358437476 551698543
180039154 380949900
349824760 886549229
398020476 878583906
834626475 751463497
930230424 327261126
280260621 730498576
463625639 382788972
243745720 818514324
573851676 28805191
449408457 521162496
165646208 107117427
612823416 697188702
32308453 448215821
761727031 566212653
471967450 953744443
546510638 811750962
704401317 254187472
673914190 984329053
235794830 799718647
236356194 501933267
815977393 759669139
533603555 782791960
569249726 82553755
19743930 641285415
717126546 500923382
933894885 466167392
651311525 901259776
630719051 469342594
354070862 503082107
631256626 934693918
33934863 742797552
216070023 594760407
676860661 689577477
445185570 803990098
183944285 6609031
185642323 676776046
62479853 554159693
776524990 191153081
567142960 813577009
257644278 907423003
581293743 392614044
902826023 617765030
793438961 896196979
297816378 678610256
16639477 615953375
282948619 283062819
415743765 379288550
91903558 170052353
932618341 351198748
90974481 896579971
226462124 781151968
868534729 892147752
136485230 205207312
301740232 220543027
727258103 860842835
228338043 489955961
378655596 821808456
774663835 628960825
686388826 64761830
364413058 465009451
491313594 810466119
522245962 231001955
918864144 634604185
199918808 390975111
361338859 459351217
612560573 780079502
203678228 215084698
359287535 171028604
625102241 212955033
279785293 656615843
818933252 65911128
18072757 141190708
417886918 118006325
285968065 1879313
6208183 605683328
366985657 575755798
431266172 304037914
262574805 921281753
923879622 217947280
249643782 526601211
559727606 727714104
878399681 870330879
952925126 660899778
885374946 933547014
106991380 10239659
708458149 927927892
508366861 459062666
404422460 307136265
212839021 368448869
816818004 971855554
555445671 230470894
640210382 781176284
984506709 165117744
936625986 464394526
943669689 48654249
742066405 798699805
740007734 50376847
984594440 210174591
226324773 102514113
209295540 494398538
370384960 563707330
258595669 288242286
767813593 729378278
956807063 466532371
44397375 779591
505882323 651745476
434451314 77411830
855723307 684240188
427052742 755892115
755332864 245424880
611736115 443084229
257205592 281681147
525957155 925683467
130347135 257247467
985416046 59591729
715566675 618631308
674728558 89176521
661416379 157194916
592897877 389891306
151396763 61813280
911307448 769109224
682434129 770180860
171048533 392936271
224562803 490444047
359637915 819710807
416261006 383701518
667761433 287829139
836907043 463609040
190616520 669393810
957449734 915863732
489073080 715203288
866686095 795920618
559848397 220225182
233213374 409603772
242041088 107846469
789526099 203242269
471395214 822890154
161107319 900013653
153506173 228198294
233051819 338567977
297120715 219589890
942207426 333769474
15279888 271419184
960736473 12791103
687217648 925114076
538935528 471520487
266662052 235577397
169291530 459261183
729158703 642901509
43768131 640106997
254955848 135110266
939408411 567236543
224626682 366873835
863434275 777815983
117554448 663129398
722580287 745286670
639914165 504379138
438308772 403932177
15257665 335597886
667473623 658743595
806873240 811672988
428592856 409246460
995617859 474854972
503621002 564080522
303829018 732290387
465089085 644202994
777389562 697146219
974864659 417183261
49305064 811933659
579948646 117020047
329048652 83428834
764874921 704496614
278290331 913953137
954566964 158400078
550895765 843151509
126492760 682581637
689182372 192381477
368728264 410472386
738307551 455068839
430192331 318080415
84233400 8528680
915561948 870455705
361289931 452797224
360698125 118527795
93608154 510745518
9375820 59311006
350111312 564343420
576561443 46854928
988012864 157188272
475962388 9252040
513992763 30043773
4871898 912113890
7460564 821500306
874261267 243936989
744718117 709092021
209265706 358547197
809984880 188909853
689815134 155242454
619748575 50228379
208534192 967610316
846534029 899102185
232380036 429884517
522082617 433814042
664490243 895994972
257311638 596719110
716398097 496748225
20509459 841078215
527502834 747613123
494011694 134028177
987875673 433134301
90537349 596876674
704943969 637989173
478867967 656563267
9356986 637452698
908137843 77381267
574297010 373034437
983070779 36293186
1770387 474341802
98535550 431952455
643234952 762926694
752758079 65409935
928599408 885548513
508017912 977314740
346201824 193630925
201734283 44328453
157038362 429017511
220948273 15602267
140715306 36030228
762123547 165234185
318330175 541049715
300452211 527332927
166561119 557079025
593930577 400136397
456323902 578472606
568009386 87702199
406742238 914181544
813767602 202793949
218891581 241474083
234228713 162236652
150316430 706566362
743738156 985752485
815225658 140478944
469650309 107817954
278873371 245697343
20848556 381005177
232347586 771295935
225803611 795026704
774617480 722201997
975056762 927018705
868647588 815052704
465830210 366556952
221439496 263624644
313913744 799261607
210352031 837630271
928423685 770557414
956764129 966994164
847685655 359338953
133197213 244977024
527661940 964945130
804380044 873310475
394765436 611797523
581684350 98725407
764791685 314141521
382130828 881438664
100291 467917745
746778001 394541939
435249004 666269779
503788539 175910334
857460234 475506382
184725817 964048787
920510869 371467025
13435953 71385931
750072706 273096856
565079516 716888575
781239494 461764160
254944681 55911373
874776581 492208798
866434784 356617913
188861673 490839920
14782803 671379156
785688220 591010960
173821532 161704779
896594590 595948730
232791898 837719210
874671828 95714781
988268510 574496036
53688232 845949320
888561388 844675377
408632445 329740835
684736361 75906220
749188782 120601379
877651713 418927972
250387565 851409857
783326790 757415240
501520155 680587748
774468921 298139863
833784040 465258881
672467667 492549609
504286068 796838362
831545700 11704177
538578982 961074327
20009722 567858528
327574831 377522841
865360588 817017603
809108019 608037830
470773577 278854986
457796776 133769453
949247375 551023363
106078075 925016296
50510282 765862791
925730860 500060522
515462911 38977793
630778923 181895502
983623376 400642606
919755741 323238311
254046974 70237113
124105355 192154976
417620907 989032443
637500900 948488491
120815296 669562288
906445766 381540933
276542962 879472638
851147045 91049893
569745712 331296984
382136267 358137028
877471693 789001806
986241581 4362960
170878497 129616459
535008966 848216981
158782619 468441854
70676963 290040120
689738589 809012412
221210440 760052621
209459217 358645965
987104728 195902719
759632938 781981802
603024330 752474041
772599463 154125797
349102178 856538708
115413378 93993492
206965601 400766976
959437676 832014060
967501698 689354958
788226584 328010493
510085454 395597364
246391268 272089577
62424820 752650744
297437852 171664439
608250929 915673045
979203880 779767813
523504221 918430548
455105491 261983766
468567320 441322290
547950866 352423657
464424947 882683266
250735789 661530298
165151693 290585932
985080360 309092937
712398850 459170191
731528014 907676648
557013965 507156914
908993482 131572496
23393133 940752010
596820853 784621989
469341054 721606733
470901097 454929529
285004097 271757860
4121277 67194289
970668230 551534762
569131556 952651535
195636217 72611235
186249202 124731983
42251170 796107924
146605994 142897394
270965655 386467300
698040056 418292525
37195542 159059212
226794942 709006641
230221011 323318513
712987161 106457671
802274927 482160775
398610312 806728066
139921569 969715611
18032674 738013526
845768279 284488687
914512826 396901535
248338106 234874717
995522839 407893265
535121559 572079410
517979417 481436722
14697022 285011287
354860856 980868158
614750899 684033026
651599159 851536039
882895671 973063847
347389769 820922677
574038064 240970618
539512584 411973157
30334809 782963850
102372202 687888428
257272113 318660869
745753320 931530152
912348264 459905773
270596439 432456381
860923664 748339956
205466871 369246213
742369623 809792785
238301105 766879336
327294913 275832187
287153919 954401864
728347719 364405904
13275052 527493795
111770954 213876344
376335195 854343896
1834536 857805549
16375589 820431720
901248136 212814100
494178419 986081126
39855070 371044287
22224079 536516827
938666790 870982317
253236049 323768873
177084948 561875431
893232715 554627376
896379748 431150647
386119919 60331522
125310328 534110688
329255744 396436567
335706392 319114604
354277189 789903708
985410021 577056732
340404013 917266659
773672859 730795640
529988168 403617939
697634107 742222708
414956526 861890582
233625672 131589044
355402816 254477038
795168294 39467819
976525756 425984888
239603288 499153253
678957407 697785019
52050215 254662208
329103138 83627176
284136120 446179359
412699207 30567251
619295932 933398193
510280236 738571277
61664128 119276205
398127421 842226069
882568662 714849170
735375384 470447422
354946961 947936127
655635170 156796161
202325997 68444272
627251620 78817464
481761720 606514282
103992909 59654836
941549196 788604236
253314542 200603052
138553822 453152318
806220076 228512059
102248768 252171987
85570877 974185731
769539077 677720556
562656555 988821518
163232363 354642200
455794173 404733982
100262135 497751334
57718307 816098200
105082713 685799325
512912951 700871209
655150585 148353641
334725599 362831430
786095805 248301371
549012674 293619925
77845319 38571048
853142285 358953559
372618208 143745467
541065224 594829054
896125868 44043895
116611024 477036795
125253068 662897308
96980570 419764577
7712152 855127125
173609352 201361130
261079013 293123395
170022052 233657179
606556116 685629978
300815109 474148757
841772733 416873054
603014457 836366212
133499586 369295109
493057549 202335684
763230488 357892807
243428656 523424511
60050621 293296655
660860032 988218349
548722204 607946119
183396035 658831343
855485400 186834472
271748766 425251947
218056734 968600335
574692309 755654558
467077032 89686231
182908491 147870491
757255812 964486538
912351901 640542331
837838650 384811513
712253065 108787797
942598117 210791837
669283837 887727638
360889552 981956255
829038137 606043280
531277108 76599855
140346352 161876399
554344970 161575012
217392924 390559411
811540337 943517878
861633268 689224515
980359366 8047136
682215108 581074636
319467247 994423102
5785591 83030956
794348833 300878315
774720361 268971201
431361492 337274148
701356802 952907795
398377982 157947351
930521353 423855233
183890380 784852343
482686861 343735207
694114944 533298132
168016926 429885921
258682197 273521682
444610603 441378
548913705 493843343
251755799 26300042
883004806 349479248
748313592 869779215
554450310 83781379
170107414 355968983
288356261 566434852
142883541 77829491
868887256 889377303
255418026 322605499
68013638 435437249
226968490 625457486
632656609 31727162
374024226 931410272
395019048 764106567
222448515 404593337
32598686 308343883
108156762 182163650
876810794 358667642
846625537 672699804
169764351 366902340
785229404 978545196
539635994 222555897
862888590 282400981
276960701 961089180
983728554 388361850
818070743 881577646
407956111 976434092
478437732 483281381
651737855 748250638
178408504 560220012
936803835 755526688
658750277 609363044
361660624 403525905
857575017 238962985
843154147 491137552
34468476 552600800
560911955 277986669
610200054 505325029
234097897 561481583
128307008 779066201
928605235 791845412
241976319 447910496
454451623 933849891
168808267 418761869
954672505 335693751
370469610 510334731
459979795 130519166
405922335 295080382
912078171 100808179
744511863 305246667
291219922 946049731
438820051 614608468
396685264 317402573
77959624 740988787
725358732 648742988
345009223 947384752
233704144 272797687
76341590 314421848
137333044 619696016
753504865 388840164
24562604 447989833
692961469 469013067
828531714 748741386
202750598 128260487
583414869 494688754
854247884 682771785
768450285 949430338
134616145 33271698
524972950 343108888
695657239 458061919
405940998 945404335
933264045 311460972
158216042 82742041
81790574 373591181
297543580 378679878
141306119 294952475
378726660 509111360
614829130 626907557
489155687 969614881
501638247 700511954
11948418 923799534
168961079 875649455
863686804 606222152
763633464 41377091
763579740 466904783
516403886 90867059
873764818 667598419
137856335 356034288
9364487 775240575
824288274 574125331
416364717 249010895
931355227 220323383
50061774 716389912
497998520 347324182
123411247 82171240
839113706 15789728
28199427 864414906
346370950 820799811
697102224 320991155
637929429 153825193
472729255 559282219
467711379 424209949
679839193 558002771
715751874 78581114
937512363 752440195
440869110 747132133
841115807 20143474
479316 7083959
761718913 813204350
232532567 394100305
887376660 819200631
767308494 114902799
461265638 562859483
482980939 637415324
819237060 159987784
241355924 102762009
208577079 148256441
959448423 554150459
129584696 91949212
746532858 5414359
957424804 90966838
63116309 52611082
51894863 625607253
635476939 913352651
105766009 851673526
304312041 343829353
78909824 314765303
279068970 836706841
468684972 65544910
518795158 976757117
485060882 620113284
405169107 984630999
933434765 313681189
735737360 161931897
484793164 565222422
482028124 663234295
814506645 378916132
937507248 458775792
