180784222 651260511
463588505 524322504
254924133 559412860
944739386 381038749
596836588 35206432
752211647 641767998
360600943 899161034
16870483 711454335
924609835 960484397
557653755 724774929
69856013 706942173
32529295 175422177
50495387 236906932
637558086 806070009
745156965 671881461
302491849 886676526
40389008 848388231
958398385 250300972
309483230 388317342
615859007 339414537
72731583 477618217
888268210 363687211
596162849 373698307
52144727 955072675
317185635 185125854
541824450 987660218
632434209 746836371
567008819 736794753
44290652 960003468
178532648 755824765
998006656 923420147
800274511 231450552
681541653 802498717
840777256 620412436
387859716 653451435
344271363 778590279
562197247 492436144
675617179 933097883
551250064 894851428
272275015 52890758
242851700 33728363
908598554 719622454
532093641 745138814
736431909 556983459
234378239 199332464
651549111 141271079
18101686 403545227
275840067 111095944
380998785 480730924
681404935 694364590
226240562 399255522
148749623 848094660
680770425 885423680
963586391 715739273
287639389 829816159
612296773 805764766
671403201 794302976
2969488 120451509
812453131 947123542
484962148 925445595
994350104 537024073
445553288 505838709
958326142 727351872
804321282 257152196
527699923 90526104
197025249 947857857
498609995 240789478
404061042 140587351
433503940 254381263
482844870 35337400
252132755 810227753
29560508 61041387
225085975 78368382
896779415 889596821
940085741 759414994
403858720 90619654
314288615 110382006
823480892 380262314
208813823 930866099
110027836 48169606
829071349 706170115
570381412 104523807
537390125 345092444
915478932 517990260
2360306 424554476
954882228 891355695
236995282 837023113
688830612 730965004
500561193 385115642
192614045 981072318
697906649 920575188
396758244 782181260
155080238 270414459
990242675 50857927
933839338 462963641
958961487 821272876
938967023 425549005
167796380 358944549
238009549 386146773
534551708 943515486
295086697 493815830
471963818 699550901
263741504 873121396
259873014 633466421
786270043 117594971
922363340 535241924
59353999 60931575
775714394 753367719
23125489 934959330
123586869 747180427
889853567 668308423
372028075 506904881
332557583 802446825
71662284 493067014
560155321 908201629
384471711 267633030
129098639 512481441
203277377 760786778
358782793 588439206
526901092 958036590
384863481 949402439
794784387 336096287
87001257 128661490
585154001 367459306
108297146 493818630
517934543 567089594
648536497 489489221
600541016 564032956
427416932 932891052
786802693 744015784
992855002 39559311
452392630 197401436
994611781 26241487
960300813 755853818
87551231 976278269
489861617 957169675
758073009 628871321
669829230 467330230
519099313 318007851
882741259 363742583
382377271 154571972
25670171 877463016
870211250 103848448
488983751 431165523
632131761 836221204
862887614 595800147
757140459 29318851
246156516 713272782
706846367 246342953
702608893 338248464
342976493 729261645
890302872 750625574
79620400 413866485
420266308 677527877
751178618 45626703
716825291 441616230
103092775 511335184
169067346 64116278
348657989 703426181
436029256 797186776
291364469 830342832
950648471 788119665
669596067 380275373
475145542 182816508
898760072 986404379
362662991 802254196
582083380 669508756
291685349 497664057
646771480 465881913
747112995 849514414
197540941 162188019
828255084 473158185
161760660 409255420
782114497 570587384
126830955 872646048
223498677 683943330
404744750 731260333
440882940 471778097
607743404 798994532
155413299 197196548
233611511 382641690
182972138 225112455
947367615 107099084
774740614 787063976
804342087 318515414
926526795 803314912
977027311 869855576
443446302 662126615
768629059 794270451
242758836 848649069
213412238 406575717
287734973 126717473
720567848 583858396
969912050 73122061
117439320 93841268
369448709 726366307
261838581 580517680
224172837 3766806
949807338 341703168
547336763 429204166
471490028 192300381
870404945 450956500
6948287 691013865
776787959 572733323
451897858 554860198
909718450 618733236
905100369 946022406
273126430 742392303
738206662 660522947
598133590 32175143
690851505 668039164
243305887 477976076
476927512 823844248
228619451 280507623
513532238 388605904
817770364 34313654
368967933 393588344
527551783 215038051
402749410 587888743
21621399 968351471
51474796 275269283
135658785 9387376
951579195 612863453
648298539 397515434
811956176 370239205
393808667 861028110
782457364 795581743
394769809 974540997
169701139 159703536
136373526 827469327
220539205 785601534
62586481 722752618
942302239 385058178
69084030 554901870
208791663 142970380
762270128 975550495
532600472 741348677
399662170 768317777
658298003 597009159
333345429 924872572
967056387 559830619
502961234 707957510
293784795 127660278
435907529 338938495
860341373 607235334
83106604 913768139
435352042 514731230
948286633 399553118
384346061 603490592
94597729 388548913
901001947 417903281
931878909 213306015
833011731 528063820
191746166 597517628
254027940 107897568
493665635 785190025
116150547 403903813
532183626 394334583
47610856 440843936
185054641 800387080
273236290 278077538
299160031 262588918
147447635 860061887
58426833 357540595
621258372 215230992
324942485 111915218
369190270 669062578
256769709 269440045
904889215 354036024
972988521 806423854
503984937 979011046
213225229 353079942
263153708 238100727
981379674 818411095
678597168 263827491
46743453 998221081
13703188 842560728
8590699 419795747
562752332 25476286
652757052 631793057
425128009 339120879
195231592 318673563
276540615 624976274
540574941 48072143
622583704 142178919
62897219 656583161
465701863 619994467
475927886 831729190
378876906 44231371
577362251 763727261
889401787 247043906
409864750 485054422
274120602 354959444
184708708 752421194
106744332 551021935
756926654 400667986
373303147 572088712
414119895 125039756
595816592 439508183
681662590 188565387
732321661 245861005
554323584 883548250
806574023 970845776
516462684 799073840
682402472 922059394
437177876 142232798
449270320 58470786
66608657 131479052
654126897 599881932
795716687 189645900
4608799 710910972
830606278 77107007
526344569 628261
552966937 111310004
109812004 620997522
225039282 65949822
965800212 215295992
930270519 538500780
214389067 595983758
698699651 795238574
145687637 423640001
276932570 650048901
172329599 246913866
136842366 665942145
937123118 207079078
120786379 360528678
542255312 306448093
395983133 187993226
14842887 543154706
267358709 548667369
538008153 292852448
167963006 969463846
615067721 880474483
150301644 504771718
175865793 690129739
726547269 153016066
833205483 271138367
792859622 848118224
76815741 75437384
953219078 781520664
573622627 198030094
248359229 164615113
514700383 676656188
217298256 954449747
549339889 190322976
883905235 167193239
134397978 954483327
324769414 265476931
208558817 199829338
748172154 320175435
742084984 605996415
50915412 333879624
916444769 388601992
303614201 774970998
421592729 973297659
295184847 613942522
420939021 474113997
463261509 12362552
562691661 87349058
186323564 485015923
842529494 293629947
600647002 22076883
230868766 598548252
499618199 493672167
36976624 594037361
913631190 230780905
522570289 584800130
31268020 655694730
615474859 379023661
303130697 279854298
257421987 235346169
422577886 971655034
438270517 764082070
353388472 781859776
309875689 442581131
863660753 470859853
749282870 800497433
632259156 246950947
413435758 444075732
288471210 135944972
76464725 856152663
131930298 275299752
989978274 735163761
210909148 39979379
941379937 720352205
404492901 839508853
594754229 783531651
343784167 120311499
30148321 630692657
261992564 911805624
862726838 994082110
970180281 818339621
302282610 980930972
901354211 976123526
407989877 998187202
938656211 412925440
232014818 118144515
545916818 181381555
523845463 579930356
815415513 187253089
326060110 187320167
931872930 589218473
384771531 16975017
547000798 211066011
416534798 113632441
27535599 476658778
454983082 947065651
582219646 574122942
550566386 543853332
583650148 732524120
667438527 364760177
403330990 582123887
921448254 819095488
430714833 903837906
174168290 152085731
213045848 387903720
634646858 611785162
723091917 944743437
59962336 261516156
300543920 221691498
316704673 702344370
620709695 690449602
526793512 102047352
930777924 233190601
594147829 600726733
13144626 786105074
433827510 971447025
606464786 693972108
329690757 198642557
676545555 727932927
860948067 488240066
675211132 213314992
645002379 189824851
758354280 890818173
211667668 306729412
377014348 375026661
926463143 33969907
424724390 673597526
290571889 824719869
932940823 465183727
686738507 783410693
65824612 134851953
811176489 569193499
205865572 517826964
316158329 773010937
466759946 242600943
26463234 118612895
866790446 735517511
10315445 572834637
615653115 422488880
530180640 146239135
424733925 860193156
463662552 194631848
715649810 596098525
243472340 923618633
566192985 920612209
624930571 255958231
122010925 802625343
718397836 832332509
512848507 753151987
940016952 111594013
253901863 387312579
723231868 188654254
673593020 15446492
849067112 19816590
449737756 613040690
696610675 663102770
586303863 987316630
634767278 176574650
245066762 318360139
138194719 927756578
809541826 771972658
837414015 301831122
865620348 868761829
217417608 531422353
138893295 860042360
748388328 723230437
277303101 826667520
350006472 420009884
141554440 58578804
61956216 197340055
797186341 621850946
208594328 895584278
510484306 706184173
481608168 321876799
233683021 462274299
588576668 438210768
870976179 873083553
737485042 93477528
993132673 138746502
34761735 772935220
219655350 456344409
859381933 818620294
648163908 731917211
516755798 323892816
648403764 798087490
338626155 821939118
652527874 576918529
325629590 470686010
727585907 364362911
629824703 784530300
816424546 751240962
521341298 849425020
979830744 872283511
677584276 59642336
731389909 645413133
591078464 990537165
991577312 665915968
177737084 592204328
480332616 630457740
779385632 908118981
966371076 150466190
656328015 255853293
152893799 223281957
517049876 926095508
486513272 278550927
261704544 990803325
348337897 487796226
213424565 637718991
981732629 765795908
877557301 563845034
71762150 907023515
782160831 900461801
934985399 176573996
550542685 536355047
228219147 96247607
405817423 909793335
639755010 485428419
564035605 535635007
461305820 625487710
944800222 929596214
282855924 100217231
44888282 623125916
759057596 430665604
603779804 655353428
432309941 363889671
533382746 56597772
482564270 766226840
455450403 795738227
47434949 671757763
329355649 812732584
934443925 468388392
8548036 909311097
944149452 211500166
835727357 809145561
802138144 540562017
672364535 341181239
355320651 829530261
133114129 47158029
810243063 292341934
328018944 997081532
552533013 221345335
717326735 612847758
821894766 486685792
368554497 872183451
988276845 334402156
955384090 236987069
978350599 172222936
991809574 500601011
226631522 622265474
831734366 499008048
771096839 664822004
613394287 47359892
306547340 595013033
470585983 443533464
280860129 211936183
285281200 428636316
473461701 512992568
956143194 719471582
151216068 775863793
232555240 615838696
580499190 379131397
496078923 510394883
265417084 470871208
256283532 12891102
888100488 10432162
823877597 205610491
744220389 537339376
374840769 394146494
880783967 382592420
500610858 605600557
319669164 849141938
987730037 165200486
293125915 730004826
524698934 13685046
645227733 786648389
59806298 573254936
261637313 430190605
148618144 267270702
989495556 406545651
543778571 202941496
10878664 773585146
351207772 828808408
134674480 746343149
531515482 285567786
977330383 557761681
685980976 196781801
871167119 312987942
938619236 513646331
709427266 896533837
783932839 997040264
477358605 73774396
263856663 104976497
276635682 25273483
328304979 875657246
969129942 755159568
26058385 311827203
791922430 348675571
530851656 345757167
736849990 357413311
786161519 192346810
713181428 913387567
694845443 854868891
829369971 421851823
559010040 909356873
180670498 599590695
594025176 418444290
904168003 498671519
376417618 386033687
121459955 228968191
248954537 416320566
444249964 353465647
241897867 895737530
596054190 656646801
839417990 820701839
134120728 334383929
798180264 176967064
514414831 891307177
618392865 303007010
241655359 777636214
612046887 742628552
171382757 381301515
65077591 767899542
662751534 449030220
7596825 386667095
328012868 536231226
292632764 301880689
152234418 327637348
174236219 208638346
10861419 922325322
260729926 644975704
345052229 787899984
877646373 443017532
511530310 327028028
484196055 567606710
973504832 380039396
382830352 983211000
879424568 492694969
68554573 214204208
381235263 884369401
193944082 771224139
914995346 698005884
308426505 876771668
470349314 720563600
563399124 212878785
813241314 122921674
625964798 966791384
432706784 167766332
996728636 715556770
464717208 434222950
555772832 835003006
553593790 451929765
546898 419162269
891498924 229917265
199520335 133901994
578974296 159061440
667436570 535783681
449607235 459835871
545177284 222205479
92909957 139264923
367526167 402383322
51614490 676977005
875324480 858591920
592591671 812834818
86813815 731555437
74772336 862789715
851880219 683607477
718314054 907306411
911690634 857963969
97983057 974175393
892148222 486854502
670282859 592447724
876714812 472175096
333525391 876374982
351772158 35073069
170635683 116059651
87587523 317444484
16218014 440255115
299263076 548513773
475316711 14032821
139907996 635284938
464153745 310652348
366186507 110009630
385614100 568789300
145036504 576274410
918833547 562660133
777778635 893027855
294285835 845388634
696991403 941701086
407168892 389068580
974827554 843211878
46375166 957661989
301762232 980386277
101653350 531465603
658637814 655507766
137089646 886658937
764810842 575118532
678113949 945776052
415652339 255786349
968376450 524042918
980439707 567836822
527988971 484591187
561183763 257659114
560841534 556324883
618633483 566731040
934355360 658277010
684221082 190119570
916947819 228868420
706323447 400351004
511153340 598977720
448978350 767355763
1767534 667121786
247840614 399902444
875993053 240420956
411559320 992758125
562298804 941699670
511586099 236667406
56927191 547411266
678249783 150940683
327059944 181574932
480670708 251635330
897897474 739666355
579994932 516510839
645358887 536915770
896129226 2182499
536673908 903704551
141853933 759403994
279649546 265592568
412841646 147828759
747842620 670172415
446134757 805150142
179033804 993469157
279936670 787294306
929714817 739987351
638322557 840323777
175653799 810328734
196166768 541698084
455045287 80012542
157087615 935711824
446438105 950432711
738996747 50312199
777588005 405979065
711343572 168230351
679070478 877465380
463632098 887391957
93508747 937733255
237787585 272960028
208791594 994232743
198436738 314371656
207242501 710889146
271909388 604119526
587519776 841651165
513168098 418486122
380987203 94336494
906874658 18120455
396132745 867706242
700995533 618583827
139997980 951047579
344563636 22124731
707723346 455660946
791724580 938477296
203307385 658460050
909639676 651636602
347794951 849616308
588711646 709491701
201793803 510008427
197295872 720919638
897197800 134521745
398720501 210747135
51884722 165582322
515536641 487407943
470758136 792505644
430030592 636166435
802321375 543261517
173532653 941395624
536233486 531108686
600958890 235738661
133869510 32517006
746296788 745880292
768079994 867932318
370985386 333717364
900580602 913084235
186927922 657963809
793605914 599977098
608996090 723466298
557346642 938920368
925627021 146423177
129008639 903138176
280083294 907375280
632481081 525180044
803813807 179565504
875242499 288892518
521660873 377202499
450954242 811769762
594124071 528488469
437619956 16263123
366348183 884885618
582178983 466475815
552904810 465456549
916931595 447726832
703214067 241359090
416328272 225451866
403170572 994174833
954247313 400290156
781697774 234798331
934487242 665613477
125420369 342371682
668246087 209320458
69464907 1724849
888380483 974910083
825944226 419706574
621951767 348962359
498792510 891689489
595571123 175726701
832284053 889492825
142828882 486865004
113726632 338679182
230114944 861315517
62155841 395709023
480475992 23984236
918780131 439871201
74066056 242802196
754927580 768925185
618170983 950098173
319550195 114465916
499037830 768522059
904409722 730874196
405878386 282606381
619836333 393729670
460733809 235296022
12088116 290613743
894374530 751956977
184078295 763598381
966921467 466243649
664875502 896572055
525846632 93780183
906559307 672103698
950609001 95150818
660304306 716807417
781065562 504681347
270043935 762515785
133915200 92402255
101053838 670185964
378769509 523909884
269594383 540915756
354060754 660113483
929232315 978471292
157855099 282919077
206064435 851311067
276555835 654530748
471899053 877284868
128585652 61384655
508029476 527675171
557953534 736283910
109234185 189909190
446378011 621731664
809293393 539692867
606012487 801168366
106346723 753626391
231693957 774671887
452536737 854670266
550370378 805937478
435362566 631250092
791522038 16942351
793192013 794833449
362255501 741621863
749403877 901500620
413093491 788693152
694829803 302195161
365060539 111373608
656301351 574760062
54817960 573234069
403438568 491052524
854272594 380769568
80105620 462413316
546867661 507094146
103911843 922280886
568689518 773921399
81587733 526227729
705425850 81870450
103834021 956762487
350586397 392340090
753554256 535671062
298512846 394448438
153802188 619676123
121439021 52053318
136815700 341228572
242674860 683183322
257960546 704906923
424887382 51680881
987541902 680056904
662576996 452022302
889924615 244419141
693801174 447504420
510113571 748197384
22048108 731001702
859119312 445552745
725912605 475302660
458804766 764310305
852937907 431728025
93587976 83089849
605853476 149541860
368437327 97495742
426335920 802299669
236590652 880065125
622510910 789105231
250933264 471082598
62014477 426696203
940713792 743907535
698065190 915608907
652633723 720940012
718496811 840733495
851813043 77593274
273462098 208957145
42611619 415737462
97445609 420673805
865491657 765808851
763715180 27740546
500110359 381984780
807528097 231258778
370622173 6674404
767652363 182931097
689346886 35851681
91099596 278289205
333667341 536591091
826110341 317041135
840482353 614889446
125293656 326928099
541700692 546771451
851635511 37146908
575440285 534526057
874619549 572363633
468154888 858875825
105304845 947199638
150146834 824204160
276043899 951608449
291240230 364711198
629684262 664526170
718786876 759490569
272107801 610540061
44771527 608454170
665948642 819957639
202466311 352014465
122321859 589086093
853015947 580929982
878949486 613195894
715470924 17371417
104426606 609601435
182560682 494841041
529528153 464068281
690052007 693086760
65167578 559674762
906120226 489658311
838701620 539148273
746913198 649736707
711729213 534100094
108065481 11247764
757969835 467085572
505986107 817932250
825273157 934984909
718052710 927253656
372098445 7146748
636370917 463881400
895808877 996667310
791915593 116742960
216876714 314067306
10271790 643768605
300397495 987228234
76413668 945459287
661166287 262811958
309794638 583159738
806190677 677082408
626674575 229493405
646492020 821253692
581063166 208037950
498159097 563055455
169400088 323195212
314194724 418681849
31579891 213549880
694174633 787026597
924732550 311214858
236798946 652192860
500243979 875847601
904550965 533889751
165367781 465581233
978220611 195175134
353056500 10217898
360550204 34914434
74617739 442136159
395377525 916783767
417910161 394324247
61245277 334644586
300622032 839389526
742381058 196321109
366318048 171550082
547675393 792122161
376721693 648995923
51529557 124277530
890420997 480150607
660423878 589035820
736913336 148666704
314041664 994425470
745979538 158455046
940087054 628145571
697392311 952197985
482709442 564641985
373398978 153241875
443126591 157933818
274330886 908861752
102341681 389462283
735158286 23690233
809373669 769454715
561275244 79745247
377470028 190211027
814701526 913726202
657153484 574675652
641283125 957090155
457337148 652838578
459695921 538683727
869961833 706695200
740617957 343463908
848954252 75921730
517840370 860209274
8266819 615469872
730525035 775614621
84138246 877432213
626687823 524119841
612379956 249594574
214757981 812560674
83792119 963262513
498216157 857809165
332620519 74809014
871913467 259780968
690266732 597686911
515153917 899506813
140117122 735288067
679775387 226332967
564686002 688467366
117049816 989815977
804874958 312105066
988691070 871961790
285830781 19635515
22790554 398685657
603539689 505458400
397766761 109998508
918358616 535670005
842102777 881181688
427166733 799345568
417188395 307832254
946436917 396353731
110571939 459448987
911135345 399863000
524590239 205000839
44586806 210185855
16231240 543706415
590481731 976384637
855205681 659172609
260788438 765949990
341439905 895337914
692520071 24864098
283759477 177176974
74851491 641790174
35974632 497286500
875938802 230122608
149686844 315445966
400500093 725558065
589985389 241959356
16494222 737674875
407332987 5211848
403336044 778150698
632650636 337234188
56253590 461963330
57083691 644855460
424318003 358918355
73269322 388944557
86245487 5194362
390248452 397924090
969194298 935009314
798307808 557655039
522630807 586649777
671704071 933756427
890501446 718465943
31317600 114773219
526733379 805351444
473402367 9722094
510266560 247362230
216647956 937503252
773296880 781588089
347288847 183922271
61701228 87958288
403484163 842455119
340375716 645376274
343578830 721992413
425888194 397912396
746868688 660915372
970086472 788654961
46524183 887517684
554737550 365991652
510470205 932598480
689825220 431509067
193433433 150015766
146048848 335389617
51291208 858326267
405745583 403048684
952646975 33314212
804063959 538167075
573485910 427370938
899140281 938876525
494412013 799993168
810394614 536495190
311555797 938009597
41371022 268348518
374745492 68605208
274897526 54082867
18659729 148853
253572509 843006498
158574342 308238613
115925250 443484635
21930061 897410119
921485713 747256891
21553085 136153069
155648289 177455475
285023435 791995374
557525786 126934343
184554599 159703378
704344403 158139448
62007718 892490556
644196731 496944098
628905955 457468885
840450994 621665777
774411085 814412676
978940981 74014877
417931360 425101141
894492578 333504877
101907985 954335901
228851582 594873929
148103871 208974732
870364779 671126318
283226469 668801545
455945306 821298843
569824529 837864610
524859995 161884340
570546000 771738181
701158165 780126556
944447630 826566143
772004956 500681495
513818561 837299177
63093323 116128334
292503317 674023714
342264074 160452868
453878568 436912269
864677327 744314996
786434047 255547424
202748465 907791741
923793069 700724809
650164438 176881269
223350660 101641644
585702757 251070614
454673103 15494691
813250642 928741281
131959171 789343062
138232665 211302699
46627424 118718163
208775092 423882063
949027489 30311765
954068114 922577556
664235805 59207366
198483267 347802596
805301820 190869546
75964466 159973106
877484125 25253607
798725689 706921983
877618104 900907794
127504314 601473847
759089270 284374141
685281324 876264768
619014172 150377539
199267052 422765303
520788436 569550846
332404336 517637383
182883926 399915489
849472567 191693939
848431075 744171654
72132131 771700486
973123388 704655852
379496847 300826664
733235135 35437981
898313153 874200207
796602048 451836622
702043716 531837083
5091864 756555060
282141768 244905468
130434670 427635150
227251840 795053184
789302188 752614403
886097915 482054666
76571277 524971871
269751135 554021103
773055644 751078566
687069086 950301772
256764400 375603345
747394078 345166008
461459165 681693669
572809543 802875498
697342006 48025637
547659986 425273138
468150758 662536221
862284969 280484365
31922182 583002242
343101317 305043520
149685998 949694985
578794585 559917645
423904285 480575742
563198924 497734282
189470887 977751551
974745238 396665613
382449317 432446832
136739859 387156382
324005467 263618999
292548138 57920781
276219653 260439055
383350825 964604843
169516409 186319325
830358287 317821496
631436680 538862171
384465880 136899959
582364444 645414211
915965567 483355789
99264340 853978713
428595806 593655893
105946056 977730901
166842445 403139616
983390856 935171755
474515312 683276590
318688759 940259235
300641473 199489552
642398645 968258475
365400613 314583103
786098850 856187691
510902215 128602437
121425364 166979383
167168901 906718070
530426395 587223035
865040780 756342379
637898699 638300697
614929693 854791271
534720344 983639997
491136720 832892427
495552301 154186088
565559 379820700
266126050 335197928
877861119 607585483
637907993 669438881
877789572 301801185
737259452 253161274
155054791 600985544
524455004 676223923
746762708 928000142
780911215 434656662
335921262 768849598
951527919 699171591
960321807 97777679
723619673 628528859
451745443 561305594
469419631 474422251
73537457 480423653
900080871 561659432
325820600 312345358
49433256 518080733
829383935 62711840
700930885 417072171
841635484 146339240
714048155 378081515
822715403 757593800
594559316 711801392
469191454 478543484
228735199 568468929
599434763 684553102
817407847 242330826
420485543 574329939
53617264 230009946
944694857 115406564
484409891 149531189
915304210 666625728
514066175 771924893
623175315 413013375
733537243 871305483
455855694 381163599
580628137 134725103
455678681 103392818
298272433 364315026
878907233 240511155
441333435 905133708
717987421 550619195
204393629 898471962
403473409 710338202
439727676 991515714
233605922 56627636
267692551 505302088
478665464 516225366
404205853 155321900
919852324 489463046
144167090 747334118
721287188 869143712
144896260 350862738
172533998 17888979
674801046 419024131
326452885 682442174
961501636 57207309
812968144 870590589
857308247 414780383
343731632 906597765
805111496 596506345
505899743 525876065
237172832 981484564
455165990 194113064
85192344 613598670
482114422 617574876
14658520 240405974
746679850 793558946
594483965 50581693
916328653 571664720
973941203 735765444
754035953 179926869
83897930 691727116
821594930 577358851
976842114 76984778
394414323 78953850
689327909 468818388
806928180 763539969
796660954 414487592
212612636 992625113
558268146 136056733
50514089 952551327
128143514 869941792
153980592 961160486
750433453 117217109
305305556 680699513
642799637 231975872
732811505 514855451
758325368 125928334
185933013 378682291
843996850 181851860
712887489 356373044
103935766 740408793
574380146 837524877
429597470 14072966
364650455 346938946
159938530 442005426
451729461 245951943
679829206 325779990
28945048 111325771
760968041 473453431
117838012 255629049
298860047 503262711
461419792 21930124
886140357 184601726
617512616 292650571
223058224 607786204
942606585 154990303
575396626 494399837
831972223 778789540
159342350 191593644
452371215 984638242
597163220 70002885
206818054 64590375
570664088 671610285
962001539 195745591
607386452 179560132
504913299 322777844
213240196 257919050
877594578 192470895
321213043 779134147
615678415 572744278
280032883 860783960
213341645 699237882
416686425 48442116
425036375 470800401
205377306 983370554
747362492 667406106
229601934 995665453
596279502 448917050
300068717 434719845
337047406 101475010
776671638 536883848
163529043 394709465
525048286 942281278
384250070 170263914
328316917 290052419
247247022 846725236
220229808 623186445
906497692 835181175
358906996 909409276
486269080 463115842
778160900 84293068
850854759 924384819
635302032 905474938
236050672 608115051
112326478 94187791
609906374 408270531
810981454 886863648
692805620 214623149
282476984 622430520
245218220 716551626
826015055 67172936
151825771 423258979
454136571 478545470
997659699 845662881
254158067 703012947
785451381 406808764
272063064 624377459
905279135 642222815
968515967 334220225
424587419 400833399
650869741 267537910
925897787 236542856
974087185 233439748
294477315 847809637
792013267 373182179
801018004 416422007
218828709 655439400
651725088 55940589
220706111 395225184
79879400 475596462
484520708 827069761
509482539 902385653
55885441 859121069
486496580 377441082
762413045 455764526
5273937 548211282
92174823 162826444
951776080 642481530
744026969 989924154
649634142 412258787
495627437 110674823
739201892 683856028
328694193 77822734
693997356 896478451
49622940 65500630
681701784 777060073
201119030 617416673
89710507 974907358
684931542 989410284
84650568 469078504
952260928 338185497
553780219 73652042
523878943 489835186
509508763 732603418
744069980 346700204
992998454 836340229
543732018 867266108
820215998 599012066
48521127 911441882
51154209 115151324
164837634 834213270
823609692 620784040
985747650 947335199
839244554 736827243
631594654 196072375
453237584 921571668
836131261 660531041
618379477 54253629
7353451 844479782
117155844 833785428
736052421 773585882
777661746 770792824
970346133 453986855
944635563 626157224
476869742 526458404
828963689 836247714
382108638 683496119
401738025 513828174
499573352 332664733
639741606 217124674
755472416 916909414
334688269 358987082
865175426 9732160
183527336 300797595
965440758 690621611
38125476 477214035
686329944 216832063
39766310 383285024
991581298 472571038
200732421 992416304
342696943 652329584
74422736 40904235
222987075 917181482
50519295 226585827
560599890 650957023
83821742 535132973
840244438 634817374
163211515 870895726
432409541 538613871
732361518 861855581
546965122 971201107
493463542 563522523
531319863 80750552
525798363 146874554
348091131 227445093
962375343 167253364
593090253 865168302
845595919 708968451
55997212 824917759
327883976 629287942
404745757 540756027
903059607 702012075
960557537 98565567
602699004 390390251
4432449 810352189
176687287 228867264
456245244 655889960
287895664 677640760
745973895 477979364
72508831 406926946
655215414 361735988
184441228 160874456
239799728 381878384
927619170 299635379
171530390 690177590
576877711 58120281
778626374 531307290
36830343 274783842
382613289 737795878
29264198 608425405
138876673 22007245
418777020 12109229
573988202 284754746
385107815 502488660
79813733 452273144
445225694 139562448
272937493 366617222
782261471 67827295
586920738 235519342
158262860 861227609
351371712 570637031
498171208 780421194
728185730 354376443
470733146 182651293
319383373 484278849
751612913 550798876
326983528 106378416
804925840 561643061
260280385 496079491
838932127 906031613
629335833 332678045
679124382 984287135
840631213 830730640
716945734 397211327
81714457 513092490
680218703 144192084
478548114 591182992
644229623 155470583
351574965 260334768
119278570 725838233
654346934 744761210
843286714 46476173
504356745 782553647
440043500 161025666
511398165 299085991
17754449 350222558
530738629 911543649
15040952 454146184
473992732 234432436
753781269 967174033
632352721 751969691
763345212 796833424
150950945 630683008
203497912 849524635
337416988 281178235
524430489 103832896
346663576 73715947
176227973 931378749
592797775 607719172
886942244 692953762
988216445 88665631
236094717 68648279
468816682 421645138
128902227 116667902
369943482 724494516
836376232 350162220
600771400 78391781
546894271 667287097
419182922 583055507
75076551 458599200
779246278 303487523
845800775 56504514
658287217 703596986
132939541 708703171
96215279 184885531
130972829 667893678
758309646 674334988
333697902 107574243
23339946 904168231
897614726 875707359
498322874 966256596
821360066 417476742
88789620 249077711
730797829 422931750
448984501 179303544
705680974 342130933
394853199 597581395
365750150 597303659
150757351 864978858
53242428 426086966
424445402 913686258
452918246 366829032
20319592 438892793
358312056 556245384
870362566 54400416
685909433 800323299
273759168 689235046
494229785 454614173
332746177 429163030
838178503 884666497
708233516 197259996
718086805 553706501
252349473 817371623
623937852 197481920
345139411 643269740
921916295 277437555
301911920 35790910
409185349 902761097
590391257 413946349
479509242 601547268
791621714 470111774
36137670 437187965
318266863 311738201
766010776 738357405
919905747 877295431
75795590 969182781
728492932 327013882
65186824 329782701
230265332 265449700
576215304 797728301
423457423 610795143
587117555 173343546
63742777 259242055
685626391 543221348
48120361 280227105
633287929 1106951
323460825 520831085
816647156 634551959
53945308 696951075
675559174 111901523
69567891 854756615
696691114 336540827
788602278 969368539
261613787 262020532
533877780 293086898
947426999 481710828
316430539 928811068
599711440 684318832
951939672 634674392
166297916 652943239
296013771 414373756
230344147 708083000
32998796 699662153
503218462 793770564
851267323 227771064
123650479 408417526
145066656 251291696
366858466 329261617
905228039 30095312
759235003 953309790
811208483 616197012
441672672 677392111
936842405 228202266
742211805 927550961
287097387 655235864
33464413 804066994
591471179 66384995
404299196 528536375
259103872 275325898
256725050 724428235
9877091 533447300
167288986 200963508
542137977 870642454
299911807 424345373
215170447 87783968
94678883 116312320
151183697 601702774
431854592 704723376
437078673 925562138
615644669 850108056
806595157 363995413
126576664 375919131
42732934 163251645
984378850 480834307
255942856 786353166
30816265 808855341
50424604 436913815
523351878 19065747
559853242 131988108
311905866 601977275
594690468 729609129
422755457 351067737
989040327 343756716
481999760 216651366
113135075 37069050
453397273 611014592
609435243 219490979
627457564 423220216
62294941 368882091
179336171 686598907
763378429 268522837
411931848 840360631
493523256 959116303
699214295 418451653
671437150 886088452
941939331 953672928
701581056 107031134
452696873 224008916
180812166 766987353
992136574 171162361
987900880 285017874
42884795 162571957
534260833 262563993
729949952 456194743
554504647 468343476
607455204 311093587
74628429 353049676
549440812 482362406
55928626 887443047
1435564 770282366
470381126 306684423
737109039 163800442
593713867 698312892
566405215 160372322
243124902 850808404
874731564 717589263
100984183 400113556
58092947 717083303
930419043 487544583
278603347 554118731
46651391 610584337
37370214 422014537
56317861 982789686
845880314 430198512
83993968 428544367
575225515 417202195
775796275 472042764
386392604 224359044
134638013 658758371
495907950 401168475
558221349 828972981
755603317 249738185
90951144 445741223
202631957 563289432
866149707 908989293
483129925 899692117
349716894 204418352
534141995 580641766
889968638 109031116
544265942 119680724
675101954 549900074
308649157 970480064
145141538 2375663
994479680 415353593
433428737 941510400
769155566 859651276
290350381 572529598
68273192 544151744
751225734 655841972
595494356 679361531
413466205 579557919
851939238 919956505
776787289 577286442
57998706 197861436
221487060 318291205
88420924 849080257
221115213 169309387
600876487 429264363
150114888 795989499
225177764 920230791
416658110 401579924
282776915 536349119
884798167 817158320
280109139 655647027
916054287 438295962
120832690 683353095
834316509 924567324
321896487 361364063
504722596 738603216
216994587 553452604
729243988 618721969
199681816 485534406
516414385 451749435
477281284 343036639
920185137 616362836
343261125 887911443
218914432 966329976
852230909 617177173
135805800 659151652
774813204 660100051
871782484 739198845
203913950 717041536
895871321 549978696
976456319 395003530
392275608 799413515
345789662 476076168
725428045 926274535
669402262 40548159
73725299 832858793
144793729 975075969
943114951 750865209
607140551 483084916
960453034 391337491
509103305 467006517
808605181 833030807
227277582 297726139
157228618 568850772
864728667 559575762
872696589 957023143
587806106 112145055
568070208 322391351
277048145 819028174
864046536 525511602
40502704 479411739
218144342 382452167
502737833 937496896
41787017 486747372
894731924 671992928
37227403 412972044
837522552 795286676
219891478 616655692
347988263 828106115
209176669 133825880
522812417 754671953
833445766 156402511
496991424 10608105
652229207 154160395
841224986 493496508
634250079 835587392
532186132 273389205
641436059 943857657
164809802 884515676
937454672 971774945
822144956 348834142
767744043 122030045
844932548 402838521
259860150 139908256
956546191 157395724
471507604 124257171
113954433 942831297
947016031 782043661
21009816 331377431
153589676 419878278
61817182 561544117
941963193 665957796
947097828 454323875
280364585 497832529
327722138 135449862
934664674 950454419
147130996 752613109
321190794 353483310
597819397 874989709
780191387 742175094
34034217 157752328
183762345 914719572
914952649 661992990
474664043 856234618
647999172 980563895
697614922 388727555
611965594 2364204
46020473 206324812
977916166 821032563
318085232 398360635
804915676 922564755
344182397 623772455
769029001 786755881
374353064 593499790
324004241 412840629
468343266 398865915
738602320 205315457
710209243 912386529
636124331 385091506
5467270 914063027
167888012 987230436
149764310 215943220
521087599 295690265
348099760 769515463
55582907 109593348
369374872 314402021
637029180 508514293
204745161 43987991
844483702 577140675
162213908 888673393
534753004 842768942
659707835 464491566
992888880 768235404
329741084 305803897
781105127 53119496
525568277 745610258
696898127 22244540
591908526 839438206
620002490 752815684
241984677 858225936
67530397 807520026
455298518 384868370
799579065 255354398
945452778 948970059
379277180 651464462
488520859 344673120
429185826 774690894
622995197 85541844
134175125 674019654
172996525 932538759
184126762 92733552
139996957 624944508
569061863 237360982
140415213 640440178
491431554 368778357
12728489 784285980
944121473 551250053
630892802 455291314
68557232 887057487
264720676 303450741
137398790 397294027
209148748 349610962
717906270 528776430
179385702 424272324
193500303 175790284
741755298 654853549
305943063 178404381
486198916 328053092
353656249 146610754
958386165 272056096
583884931 703428305
740840314 490397598
704860903 434095554
382263552 665224222
402806144 591441448
527858322 512759785
575336260 43378735
439323378 824855416
747846843 722704732
863289462 505853403
128647040 70160900
763797608 98874486
718446445 954149421
84898921 788207870
725156620 145070785
857056259 184459321
988806426 690517747
568087092 540236834
432094436 855895685
133020580 418125949
641445716 304895225
159564693 812555161
312428652 784184765
519984664 446280554
198644782 179422746
245065383 117181198
652464905 399905006
278802045 768952009
124971186 569446227
407703579 163037754
841627741 333046992
356534794 199392817
9743825 929515879
488193570 572247235
765132756 484294364
985320343 339754259
759770409 68028702
985513377 142390160
535324195 210321686
480086478 696868381
907138727 77834639
265623469 273468382
648057516 390705793
813522507 52706010
535504052 868263368
747883650 421414557
734592298 48502295
467795901 628476007
549426605 650613453
640899624 798608919
346756729 908229006
100499716 467169071
865297822 629534899
678957479 61460001
585059131 328120369
898098606 579891183
879099152 454944702
535041488 338773555
180472152 575642502
808744845 608029635
825643179 22591671
467241539 608474587
704203504 298863871
227698358 170729522
800315212 557563757
409286217 52966092
823027848 244132768
757963524 606024023
355465092 452601616
508099032 844909977
199417029 859213559
576843724 467957984
228224859 737108253
162154011 774815147
852693493 518800370
702064937 949748091
540471144 558143944
251556596 640785162
771716546 186643365
671091007 461247071
505229004 973472332
631905870 967331859
262715620 839606806
423519156 554309554
37922782 261456854
272295861 464314644
410986084 552441590
159732916 325856186
964596821 624590895
407107036 817292850
811581465 881323313
396295234 35608620
881937644 929811442
33528704 14926876
600305175 187650637
225417347 143309231
769527209 359379188
782768245 896604408
336855468 186959359
521435952 423094688
692229952 486920709
688794969 436210856
233177328 425962849
997324125 280867453
319837277 531680533
376575746 684660468
398722331 771702910
906726183 561392256
837232484 32891984
672963301 170737995
934875217 301240254
824226332 585906783
639801781 158921299
54796017 746680374
574181875 925389219
779873620 233694911
271792501 745396948
168447202 649387556
984383976 952482009
795525988 759092614
292245005 824094487
1364057 370844953
453651811 178358584
767939893 180940373
435403029 799886887
705096160 908426893
950525245 380994174
109237549 629809236
462207935 671806720
965211208 836732284
964564666 985097707
863452316 785859057
83669918 883976727
824257907 953447116
970093102 157594365
80691006 458386225
203340248 431296105
185839541 14767561
950814976 177641556
854905332 922200126
200310829 379928969
888656083 553027850
116674984 561439255
71413235 720702795
603991236 373157086
7242769 601851334
448870448 225989006
415991291 117116618
93435043 179383754
462197496 885414268
936690374 962123496
269593433 321893845
644055222 204305638
966617733 395310501
102561013 634363285
168367755 209393668
730312544 330867389
721636938 971492575
922445862 554866411
170432396 688344435
811548762 136763460
854805796 927850710
351527075 691620099
349546323 241519594
717420305 473823037
461446369 153912567
79113076 748309398
497521606 788852653
803357428 118661522
52750042 163856212
347177489 597310277
867301505 916586178
656572921 70756345
243338440 559665076
89154823 265329685
917078342 289808004
313347600 715043930
5506191 768937594
771153286 603771165
39609105 768319299
160811034 521419532
827821573 705667675
221330988 46677278
686711419 20328960
126443897 5017466
241020780 535356756
769746411 975164356
829635610 137668917
677011196 149106897
493707276 858096377
768038928 795478495
651319336 812008662
832380382 301843546
628071475 677231815
303281377 201241406
655358268 78202904
564911673 641548426
701128826 162953611
557696981 595435811
396019402 397944264
979645279 641384115
648765899 894558516
907634383 514295369
174759732 323889271
608134417 854218364
896710356 466423918
508522691 283308228
330236310 526617585
431248604 116736137
47532161 255438506
923203035 235134104
405157991 708273343
294782160 684851629
186415741 94712875
913612218 869183465
98794961 668843912
390961407 545715891
352386112 411108261
240766318 116661693
497589670 890273636
192291497 44411822
729085010 954878763
652873560 147187939
919151091 282844170
676974442 473255543
377200252 338740580
400009542 684990764
221714929 118102338
922101485 787615074
737693821 204527821
308630147 496513453
900855281 227106870
555781338 799465677
534290983 312942552
60649979 74623932
610556230 837464787
524414373 806883918
496579401 112151912
40524146 892037053
820091792 672515568
302079174 381155021
872075716 91549893
733216919 824581396
463282393 760743663
799475704 624664333
24148807 55406830
281082400 561061093
68981617 18378012
990487163 419625607
197443174 614005863
831732815 750828984
136890917 287733091
971609321 204122273
384210015 498266197
897819707 827948199
569805830 477211624
296976083 184207395
900380603 683121940
396726668 51003453
593116325 175958333
232145572 76348454
415391658 104117639
761292587 861123862
562062371 649628661
317201212 651303595
60856544 570575473
641387414 685831003
254809253 567976223
423146482 505580707
363871783 315286298
291178187 812497370
598235786 92801900
933234285 314418223
494985373 488897664
847405746 150592006
832141545 512974276
523135913 317781076
168112593 376772741
417298497 63311888
226683972 296068989
570692741 372317624
798649209 649196105
391491036 172518654
483550783 276646459
128899905 113288996
881837375 932871590
153829299 109268317
979703865 315975357
196952325 480718973
26426476 376240415
965977148 676578388
261415657 208378976
662067781 416239731
318400567 62936717
12427454 264698252
647489811 98861546
873744139 343334953
433776271 398444892
838721646 997837981
27942205 436196076
309180284 942888270
810477555 504589461
1645295 833316565
279534599 402761360
862089221 744735329
360681584 302816972
615456316 959876220
710268405 887989946
988056892 416395409
39442697 725648550
135610565 888836204
123577230 137284960
721475301 412127140
813850298 79082422
740166362 497731527
261438996 399592246
102256678 527792409
785946677 958659510
325336485 978703149
982843148 735728398
755870011 224019409
336269644 360223485
765364472 652958187
707684494 15853930
511102644 337351674
783601897 769358535
928817065 327394251
340156353 343944207
439524769 65760087
271410862 777572942
347908856 918124806
169808207 879414207
956232982 577040153
716543654 333592401
29305067 727592731
586174243 129398841
905229446 925017635
765451537 82012114
757068482 939971011
780216457 640654622
257111537 143461351
858007370 518508471
557006609 458760996
200071467 618198766
888759379 118398053
153560692 77835978
618511994 978416347
650693892 411956613
435740509 335880137
226676451 286858386
811419413 172457645
889359945 479383964
572286249 812369891
445581963 141283259
682004590 19569548
499808040 91182213
86152473 822607666
564999776 621463919
729627832 266561962
374551671 917549126
557770367 59022869
452639717 541961096
222436110 655468054
727269880 705920388
444689839 972237465
652675680 696218937
751800151 809536036
680375692 326358083
322486175 703747990
250844399 243183294
724878545 51233639
997566898 83497613
477643438 986903448
101106433 204867341
575826942 180821933
761553231 781792586
389038662 831590864
960586084 490813870
339513741 331958407
903309634 40378993
391170219 558545670
519567984 515024359
650739528 180675473
935407256 538607810
884255945 508011769
593224696 710791379
438510677 800410146
253833687 617393017
217435049 769623735
158262249 644585477
720042013 803896810
202653773 637588192
291406488 260856901
617569381 591412868
416567692 881981388
433080369 914890272
721385959 383777041
726009629 739738163
715440873 134493179
246599799 196287798
842116443 3869864
290135151 261786668
635671468 164978390
646975292 59800103
381302858 974654855
137748323 997762161
388969913 688882997
302481070 154159776
491409736 74977155
727074900 49938569
840654186 117596803
144452224 276465967
237601603 913413295
945184669 584863972
924198972 413741691
800334671 42956919
150338422 528022428
175793309 881466942
555777043 928373617
973504861 14925496
157143230 956036991
312282681 196056452
718392056 757951187
774512037 294383651
872993505 464067144
563934169 976725680
576740528 692757257
2537896 836818009
63255724 197929000
632031522 130412676
935333766 96682898
348781398 881906262
576282261 523072946
339258135 411907957
122358860 314236313
125334631 822035534
987575280 8049484
814592422 650499373
105420160 805861122
683827226 892034846
202545434 854569691
218882449 598838479
152446872 290893385
199459460 362591135
608036332 162808173
156009945 230159756
754351176 290778285
560520983 466462819
277729026 513749143
177367006 500012922
180561225 72334987
689907273 915685258
744119486 111589057
108166065 61848363
563398465 252149249
35786055 688369000
31503630 91450687
675492128 166415531
338553542 591162880
947838219 401931734
744138353 545636462
904727732 215109811
805235003 339664966
780363176 693472504
777842329 9579450
184162374 139914751
399057502 367052766
397979622 514874871
664416970 36828207
383630763 207356011
435179934 904780414
649456821 109490459
52596894 794666058
834409246 551706767
557616128 35352662
942416073 173259639
284016733 939541602
990757917 749379609
297965499 396795515
173312903 119407565
932301248 334606185
796458397 310428331
439150512 644153786
303722216 192996284
254275443 229140464
659645599 912829116
844815837 184881567
886132070 451651590
897427407 94140029
973336351 258506184
804039381 225890812
399976576 329534008
797690229 285557147
20295022 504663988
460050003 19398126
590395188 507448601
569341523 274934440
548274886 751390647
906076876 180892012
207625976 274353018
988056631 312949612
41803121 57545419
178298771 989190465
599310504 466975091
873115560 892762401
754556614 250941410
634751471 457596780
394188263 400405626
465777113 47016605
186242981 519838234
936779148 100224408
830265694 504797385
993408996 930048438
889323070 518887949
778310247 373011803
626315408 597939792
185771504 207005717
224149780 71995020
584508686 667182551
466709511 231686948
458364317 571623428
79938930 601644310
701892016 965958222
816871457 474170669
971361594 844593835
954022903 416583304
192559161 743973803
70649030 121763797
506386636 832426896
302647384 634762244
765899919 781725820
949060141 183125616
589333935 436542325
794577673 661730878
259338691 506108895
884671049 859162194
554536406 851643216
147831061 138847394
453316876 425180332
993246124 497878851
428264275 957604260
72900584 388727540
668188541 86429611
956889751 275819967
97795095 491499608
607523202 423661839
291095782 666728607
248657339 453863146
935233679 884864255
993023547 184642432
911772488 245476069
778019166 673392631
844861306 843588349
142752500 690438589
79224762 453962249
818884932 693808354
716823554 663271082
836412442 479999971
667000332 510451648
172117485 875922000
514600950 628694370
925193310 617696326
46387427 604782467
401585045 273149575
961246850 276749169
571482339 921277164
129908514 285779005
17092698 485287464
350409492 780263829
873823796 651233709
556804601 849287647
540681533 524829420
256126698 231772952
16166768 595074687
26254308 922897675
923419947 377139540
691387684 948052430
632430401 442137460
93932908 879889012
352972568 899249385
272647049 556621747
830362248 915887374
704847243 243690461
766476303 901470697
564865269 313763975
872125413 879869380
695900467 951315820
788786803 939684890
329136248 855773554
106994696 180190477
47901076 465323361
24810448 423713874
677014690 852249944
777032265 82484019
790251514 269140997
655738802 578643718
430936849 401994827
360577256 920494526
915738576 68599264
419514425 754010649
555573712 803726617
770810013 536911511
385375464 351146892
926734638 699794521
693709720 864193775
624129212 519930158
502100836 934348635
486983252 259513987
441324647 288733492
13942892 222990835
348237060 749950232
893831327 374854520
446499511 351224768
824187192 628597979
412010457 47027522
859098860 506733636
281642026 778101590
912077116 508347552
226811073 442922092
859054886 146362160
906795206 289798969
691236798 612214418
458240358 780464119
573572354 222243833
922659268 588451362
108643154 132419645
857006533 197109544
264581129 685361709
76742755 271696672
535968049 388689077
327904005 7687380
943979820 175061853
861060918 219264960
441058113 253638895
108392655 199826767
487459943 994914358
174585795 909908776
49157840 312092249
895389430 546005212
25526314 865643875
226450464 83409247
904507289 476931105
467119759 906968636
608906548 956071870
564810872 985636559
333381401 136088870
426953213 346042589
95251332 947102964
258539055 772136974
840230058 42505977
80856701 910074138
933096045 183122268
459469025 400079305
72736552 155807617
493727872 660447406
346181987 321710639
458666101 513320013
323488493 436556538
768052494 77847097
45161138 328380314
847749176 649013251
946305424 745676140
961999537 162739893
390803905 806191431
39437349 165010928
815063853 758675249
106444010 428957729
910385359 198045524
735017836 45557043
689082593 465320289
253043626 20270253
368509359 167409761
844678272 910796977
362033833 217315485
984078108 352074224
161230654 581120160
181984076 700910040
253405907 81069184
549442421 455512345
607175510 437422672
743868749 103298373
717277491 698170090
709091443 780657495
345788450 567067307
290517441 636391345
539465393 401616030
657322942 490437964
958139520 629446892
358654053 350575884
384075150 95024999
826628433 782129714
921758024 617206563
549655944 729596003
79771385 755430827
827738635 551345842
568017826 105815664
792808725 477310475
835889327 628590955
44563832 93301799
933266224 462023193
201430232 541899288
71507700 957693137
920390744 681048972
393871892 41998255
198715787 979953295
339095736 878845811
222301086 95200903
930820895 713960943
875174875 201665714
788287722 723746660
240904672 817693127
417675111 74336141
169268474 755413345
104867240 104486175
191035361 626650747
227067258 549778819
541193949 733645657
569379480 996464434
620798596 766149018
524592579 749719082
775568666 689240818
498456027 310935323
192473774 502226564
126316118 630683583
525629902 758051241
352799321 51769872
607627580 402428588
834893011 53628249
92964145 835511259
736126804 289342983
571380674 281631816
928236317 546059380
624995439 23920418
46053407 304157957
162644588 199343681
792006860 218548579
965176766 950031222
292850646 416785585
904496503 987668035
418241163 234815222
473063617 766858239
596936533 207946971
736019165 432882896
718440993 689643616
31780835 164648920
48388241 652391546
679596942 970576059
119214424 990489104
834338440 421661458
907261770 692483214
211358316 112306575
231707664 689540265
585395646 318011096
250634923 151152195
823732322 789799597
115651961 9529257
223562175 647560262
621155857 235509789
475781741 788605728
512801483 581128348
893667753 953922064
349156656 233069366
313705739 106449125
707573511 567772888
900160404 923421227
156128617 760281291
644271126 60779320
691144444 277992575
939202424 877192792
60445715 513889829
9507297 880829533
901860506 563806143
562445610 355131378
532220876 964111943
892985658 266615688
165184373 922011373
947383506 891439085
215271772 739392462
506686148 987445471
286294447 299749221
819059416 884696868
874043199 738460299
658680038 630444192
551344505 497528710
573751979 98070188
479536147 795047420
507092763 815023890
134278960 421181662
450618372 128580077
181536283 914537799
479148723 302245425
615578233 495327646
142515765 602887227
552830538 381637115
153968712 487421658
367515453 491143949
996047205 977701244
213322624 971200563
444386345 513479010
647643956 402012151
150233868 447409905
539961152 760686027
609708795 672037070
562703327 239371119
915458950 132685416
805728642 181885960
264845505 880619182
982795667 678010412
937657534 797030482
239033080 76425630
15153156 341886519
133938272 989453978
32365008 860741445
62024226 927725061
326704237 459526811
60437620 391905925
432797584 606952748
790545858 751870437
418241266 2302751
777766503 529517224
410076143 355966584
915851488 610035899
860600456 164737543
45138185 613620133
740365427 613462442
67969638 341748443
228432483 272304406
559590896 184621364
243998363 613684185
890887485 673227518
517165083 942205908
69269518 170411275
515750390 46507380
118159139 63182621
437272208 995875459
848927458 475526284
787808907 919903808
181546151 28341688
446901525 162617737
215446494 959174677
978560561 615043350
883210178 1420610
396380067 752306579
590524145 848893043
671177904 984923073
651150258 897095452
38219431 809200545
897310072 811970289
913539954 299136900
495059002 696057684
823656483 919742231
446725018 819784214
997383802 865564516
506485854 737217018
34238357 445851127
949688202 679011377
198342796 492340033
619339880 803157122
518926726 408726053
305850666 668635068
472208863 46177224
193509872 235145830
209836580 410191757
623798053 890824144
730419196 991835808
986375235 381302953
187422928 304994505
691074911 895832728
140065968 229187136
352026965 545083239
535052373 282748601
835672732 974036623
692880376 984310613
825428330 796331821
406664389 989350923
327981175 255423014
576447782 879291495
420490300 781902902
231422798 411022890
289584163 485757223
226522374 989854883
243360833 879346201
935229944 966916856
51653273 883018858
456524952 821023095
392396352 78562126
851200865 964112915
857172229 375255249
637348770 934431303
510753949 703626681
978939734 692274602
379935307 263583968
156545641 447805594
167228207 141791357
876365713 939100479
840252836 2141857
952549697 927273068
587388853 32586252
494468131 282985351
127873324 353701051
502705901 242354519
995394742 176658147
849023984 30831202
614242039 120390844
291488627 517244266
227894249 80328395
544513232 36784402
862360667 507035169
911410737 796511969
372876839 922908238
309855082 608811961
669971927 863569747
151849225 258968126
669601544 724019355
8755871 855819454
526593604 332197719
574732140 261782402
655823826 794942020
870145647 282836862
421553773 650191204
273951509 596532875
692561530 967041818
61118240 80445931
210107089 42232792
231565338 319572136
965739420 590426970
378583885 569545002
590857319 597179782
52127256 163535789
786020325 187526842
687503335 326154879
152027670 747433833
798931497 126299297
216714336 392041621
144492662 848108976
633998200 420207048
107855224 977449741
240467061 506641312
947497034 700978227
509617689 561127738
423066572 942381767
226496440 107091923
381322624 343637957
501221065 40634464
450325587 659155079
687909905 184231545
457538422 628385698
177166288 964501883
887516569 685689438
427458371 556199692
407714865 745170640
637860773 287423703
127528059 749967551
112691850 82836343
156010011 872797672
491435928 213298315
189332128 913184231
707940944 513812141
879250909 378872971
828469323 259484068
146790964 296614103
673962505 64176983
173127348 702808938
857104073 868618937
753681822 880750903
496553719 176522648
811408335 581046487
923497755 943956865
127481199 57496488
222305093 103244884
74658177 470625479
150798524 581227277
144669259 229985085
613819528 601241594
630808797 928241676
969023612 382853937
301229239 869049776
605215714 764399320
63973327 311535440
991210967 629673223
989508864 369870840
549292570 599570711
564354556 208739350
283251149 599365421
114334554 476503954
374634468 106219340
183496830 523394380
3660077 736408524
890391029 403641072
205958380 932104616
372544228 953260188
638068771 810354101
92242911 939501142
414698730 509175987
162921612 433197051
361298329 847522153
852369491 862127057
388458767 237624850
684005212 805949616
680333682 840715512
5450780 568791243
904532473 152232700
391836184 555983864
471804389 981819676
491737052 649706375
657031656 310512435
435823726 762516972
62375663 257756702
364118856 580014659
270224971 664823937
707826801 69524653
436687255 900106680
356636416 6233334
121192739 239899832
475734486 695408026
53512172 791775470
738234670 65136782
357646259 128202518
668812634 464422147
825236779 22884129
142785660 253264909
261077226 628778378
405290058 867250652
192825138 486596494
93277670 604143452
942437006 924320983
695076737 58368092
159388048 585408197
983995035 252322496
293084767 42829560
751224788 376209498
316216077 792948855
814680212 164898197
603153316 723175997
957148897 862980529
628905560 206249777
682269039 966826706
787514668 784423257
468716020 939616557
779273945 300381248
929776484 967369856
658004092 154389496
72154070 647466218
913834199 502738386
318717329 976318144
700178120 655540590
497462311 336925922
34156486 295509484
869360455 677176571
568633620 874842265
55268130 770364521
926643043 95054981
846192554 937457091
647833514 870877801
7850802 354102764
301211541 467375271
191648314 170371256
74756992 610518348
769294354 15504388
257874984 815139116
441678382 360719681
813127572 492175325
116868355 259010033
604610953 389357965
602404292 23339741
724558947 288783194
241701534 406508325
238078055 936478119
476368621 884526927
204012478 368764858
763755857 854573078
540669259 777065429
504967968 11610649
956071657 454194008
714240572 110813789
267375328 1774494
991143557 237354674
261099323 265556689
521577733 374137703
168777501 397543974
686065892 529586713
12427173 371328442
426730614 384921839
563867213 363822736
77521680 903366640
900479532 955903798
648028201 473695617
372536832 207466364
71439996 470526698
598177393 290548746
612873075 872346730
756440778 956656981
110963334 196507209
316878925 658921037
623517436 385594206
450852356 696089833
39981463 375357141
531486044 669309928
536130219 422779478
212493694 816843785
67249817 419421267
456037420 704233023
280204864 35154333
161493273 756638195
160149462 442940642
773938946 932069413
535084315 150915897
880561384 74212630
180472659 627015193
247789250 660831408
394089557 300417622
83002242 23636270
27503155 956635213
880211442 142864518
263259579 605719832
501417420 671201714
862849205 320605196
1514106 704802237
170862025 803195134
817121803 291673307
165157104 717078880
914105360 702077073
211035740 954409517
498338144 78146649
152076143 248067409
821939702 821197578
916292740 376110267
536836439 617637010
821079516 627619109
487996288 50396863
47474607 271134983
505742683 988795791
50585012 110619790
171943506 322146526
270234810 45589482
593577444 87905490
15144541 445566270
41475532 923474974
581531888 456405234
501072512 523423059
207532549 283744878
73843295 323929145
95520341 651684375
30619936 630666489
856274548 588262087
317498637 343185967
879082754 242246472
66974311 992371422
136710422 618697748
605472956 657792412
370810413 864110012
895547811 37208431
88797747 273966169
176446747 279585091
297310672 734410921
139286045 395345952
372120969 211331743
7342990 156603725
458633303 231279042
39561430 777546736
432414838 702257497
446727641 849398755
160286914 581781022
313035960 85278191
361006070 281962005
951089416 78151697
907075005 76646895
919956341 608554186
64442298 217981444
699111371 922154401
505091333 285466266
864184837 981908119
390858431 673593945
53919920 85584801
47049951 175817562
412823500 983032821
743753064 100209040
689837828 294791322
176654859 81227918
303265596 173721077
719304713 872290425
726896646 196560933
946286255 899015444
303676309 271373652
130275336 32301619
256302457 174341584
865297737 259829260
902267029 388787434
546891007 471960436
155002704 375037563
746452924 225058154
904346062 693412997
79449337 535389871
176328615 982940475
408342152 30967024
733171471 292814142
279845816 736234739
104366983 316846615
44450155 445729668
305906055 524714265
274718036 236652841
175338788 416414228
413979335 503502152
823981715 378726870
40595375 806835540
181626522 493649603
966289372 564710366
188767583 398214656
945284962 969164516
937074753 351000597
490994441 377120605
117853770 529366135
217981038 361940194
465355676 621020120
584235329 339123671
824202459 7149510
763939743 181143962
86432267 349863318
233011055 145600490
542763357 641745031
462536173 358653352
301352119 272549283
737418799 175950141
406707680 623445864
942892954 756245077
800462458 697568714
307483633 159053985
695231824 804089187
619155976 523214606
665882057 664812456
544152793 33327726
511067304 749618892
731059266 618499558
806262230 631209564
95851724 849820399
596186427 91172754
603478505 494488156
494792856 877826466
657281265 675633999
590275517 655057527
862016658 625272931
702361999 183009513
242664579 372301803
571448809 108552155
647821005 791190296
652404701 936658605
688383330 575575551
196665652 751985062
297851986 108080327
175331144 572825697
479870799 472713772
965149495 816914836
409580369 360743733
256761369 549063620
567603139 784081681
17757383 141386431
945316191 768474160
538826215 503554265
877679064 956124610
885283424 820387499
581701082 610953393
804130781 446975169
881785858 768495696
946520407 795321735
170397514 867780872
922052717 162659662
981214148 291765647
213340014 179059111
633840424 345155381
772310353 332709070
146785180 945206832
112342769 21946403
730768344 817036766
288799527 787882831
981045393 959999465
151379453 590068671
961278673 669313127
378765729 616782797
906086286 152277474
839756725 82945737
389986535 484973925
950860796 775564330
355281285 810569252
576247868 848292085
86941796 242985302
16842006 410422902
800081214 159569301
116818785 152347999
96744010 224280711
847017816 837020580
646840723 912432529
761117120 533489508
25784696 412694355
174002017 373808161
145936153 39031749
277878314 916397916
464654983 350785179
111821926 157161653
651731706 953477761
535883964 97325977
919941739 534182392
936891637 488920036
42235926 88893103
858196765 122699520
665150890 241971081
823904582 378626822
811272282 942944770
739412249 676576773
227059611 755595027
180504716 171166215
612232727 856038491
816672363 111447209
124754818 240121667
861608708 745244427
398002184 264649846
848866492 672686766
705687858 500888575
15580362 927760250
568289662 708097824
417898969 588335507
965643993 389825691
702175527 454004057
91006262 651815336
195235050 558694352
572765997 137159752
627177124 906517067
210291945 89956906
182949625 297614222
794617246 456365731
375951538 275810225
744459022 596989923
199366334 182499931
607057634 451327002
495342626 385255297
597770720 554862402
800960551 831471539
264663278 507571596
446864802 120456367
899977003 126892537
475724666 481404912
80390501 695153070
414084531 454833870
106054289 157051551
775695350 930722921
288657371 546414147
205739501 28878013
73855352 940000431
695649051 538039120
894222140 204062282
619249340 331724023
713127176 241816906
480919041 910723358
173008556 834621160
862068875 148382852
824405829 303951537
256981083 547911342
51330453 632880001
117414186 599775064
131268656 440892430
732499525 740037571
918118116 672162775
174224210 411620839
670135437 143823784
485209810 606053487
345589846 267776993
799102912 332989750
619081813 552770775
170370493 776324160
179969486 421119472
425780584 659442009
215086693 15836426
501418764 555022649
214288102 523266881
40081533 286987598
695520220 472972466
863072314 167857641
353888548 571362659
431517983 183967119
707862811 439627013
186537744 416653498
537951934 825284300
82435835 932469964
30692320 559084224
130252798 644260115
116249414 512503121
955364529 318137161
992271088 878588949
157355320 748719279
904037025 743811694
317005620 679456334
113168350 533640129
369108307 576020533
527376945 336084439
537383103 864594359
617559982 750914276
44952323 639027091
576087520 780423618
362622223 495585354
19159548 801821516
872362218 445486675
96630410 461437557
994763324 500370335
109140484 542221030
59343073 106093619
144709443 587746187
955637947 135903138
142909597 781161300
977666754 437673174
313004130 178949596
786710198 476392663
985448091 35735634
580292465 232217257
141477439 310324472
482630923 211980593
822268729 135330983
564268972 267560150
904735251 45040165
329059288 510223717
972732314 652003014
508663881 759097490
123764528 54752128
736860845 909239689
10581280 160120717
830031407 689491354
518653886 193443055
786503425 441296573
485277067 157255618
333902846 697361634
863865474 526127661
156906692 104399538
416443638 945128441
324444216 453695459
825030567 663501463
754731466 367862598
575713278 793941024
852064612 580802465
916210806 323786071
943120672 724243064
283717643 161921928
498222767 710751990
711005835 919056873
274258021 268344937
81849945 616544680
37900674 677681563
239440186 481070038
737072110 329450367
302792550 387267790
809913177 286401733
187352484 644841634
883688793 808987947
409668402 986684616
962436423 936134415
275762651 386084412
322858369 815989777
430830583 183356810
478116265 243310582
768600611 363083236
658920489 85625937
195025680 246601786
598463727 905229119
235548127 675233758
529622909 247898973
782645612 122636897
181807066 993338055
716868435 274361967
649253571 30726437
72246325 1056696
6320537 931570086
127780049 867111898
416132829 648667569
34607440 837923037
832604527 614835582
458264056 995779211
108747669 215705543
302143376 489624144
45732229 923162060
279287983 53372500
136816924 622125082
879061450 695864699
364542697 308250722
920584623 981771108
167616388 106163387
840436523 679948435
666551589 950725193
333221826 320733605
422421763 466747678
810865352 244199923
609657321 188549245
168517063 530978295
868080419 369796606
768025255 191523365
763394965 189136954
376278000 832336519
173086532 568245329
771239887 939549028
986395680 81730030
91537715 378422230
19758460 859541930
564731665 514587835
154985274 398333919
152706167 164638930
648473439 606128186
142946780 143250044
42492598 481891102
559268447 376719962
360204144 722388300
812365168 924712558
846982786 662078337
668629508 57587271
290019854 908432859
885856625 984295701
581091376 20405432
439769012 94384979
794960301 587296028
993814874 806374742
207244223 794233579
896013941 83824905
470990718 967218607
591779351 595208667
586085728 189175321
654819654 968852953
872461252 734438672
416574552 855426164
136165641 470345014
760843032 65635401
746420057 618858227
22213886 959549264
697530742 306962109
598361933 796382140
593841671 31746878
74455664 168439389
269675322 11107228
327655892 465438339
829007005 392397861
929532660 785421537
181682969 733298791
87503078 584969230
636371076 729712005
130324822 861933927
461489241 686359890
342217887 459570281
454904213 331045511
720987984 233633488
690017978 861468498
521133484 677662704
910859407 766473969
19898492 438595408
173388168 376343664
168589569 175111892
392228803 236943384
905477755 669309201
22805645 727163136
307186517 415837255
147145556 111024112
415842163 933551844
980677821 5858375
890639439 826432566
709501330 123903896
742899042 355300635
675567199 74233776
38528503 961341333
785869781 93629573
936014368 753384742
42147859 289353864
663127870 320093727
444127089 836371431
185602934 249428488
330066577 132436106
918454697 124453442
150900818 852489338
99049015 175777172
66456649 804552262
761175152 288306202
880185816 487954254
303000747 432245522
946337232 480030541
988771108 963205130
552043222 771951622
607679009 182365606
210435944 143528021
629346986 542313637
867076284 654685783
330905863 225272765
106592778 610747715
181397982 529547334
394653644 960607318
934626537 751486494
695251070 23555923
27211386 51490575
207662818 125106604
14968394 673757693
240093007 229545212
608042199 684537173
467743648 689980471
850743565 107894444
697329282 180323401
363659921 909476847
393536414 445469094
644128451 488115995
700562740 753664031
798582038 483735222
987771 125149594
979848157 381546755
901067338 276075490
465457031 266761625
375356824 552710789
789324333 971820871
409348035 351631874
133136871 861435052
50300001 266938765
579853647 525837405
544396595 859847119
515966552 988561659
247928334 623994989
35523817 811173308
774945539 792127580
851921068 723874546
264201095 122778598
816109945 509877605
901023035 889268315
511161960 396670128
719544821 31599371
195565390 98411796
731349043 244460175
757859610 541750988
451726197 596871079
831499693 448391126
704966255 452515847
277428521 507201949
823629957 257336021
327830525 176306723
296969523 390338359
153589326 499129580
670623171 773138680
973615961 687389460
809461235 260758983
355282156 128205443
7211996 346340908
276532025 609038244
580033016 678027252
51834827 173352899
687349036 885890962
457314676 445099648
596210799 94236359
909926008 551122756
348898864 11574043
737719036 203515840
994381004 900446883
463185142 985211735
489937294 749188110
736777099 623045756
941103454 189834328
240165196 78663369
880335184 925747909
284692744 583983311
432204226 771736242
465810707 633542632
982860499 415404972
270173407 912779677
336141381 25257137
866094432 290592412
783895807 595255152
378301139 718357482
436190038 360329402
187922105 927104837
608417490 399772974
434781211 109485416
143694688 223721293
50470705 333241437
643447275 497669037
926160570 226343282
839952751 974749144
565415120 449825214
923517618 163847291
943915355 510201766
515555967 992776339
158029740 859711922
473096741 348141574
534677794 401044746
860896736 817164519
934525541 948533747
894056930 251959096
538840559 812305691
145583305 696190956
640219816 63960198
38262998 851203902
656232794 69862661
152867913 337723447
17998782 935838016
950902242 702981516
15315915 158847977
121787230 37934920
343968038 561644628
779750329 566232544
17668570 646386548
224052221 948405417
470010192 97307529
200125981 390566300
414880506 647938648
749508523 587184586
987161683 333710590
437361308 968920325
244706871 982235456
317582561 838952984
507837115 346924466
402928733 300003892
382255160 249414249
679977008 49225674
236207712 183531576
893313808 163591233
261643270 475638226
623912095 249019865
442735546 232488228
454102552 152651882
889161521 906573360
398586682 321630995
439625310 293696608
196688541 315200340
28255505 156323772
731706340 822923915
85430154 4674949
792196335 754031137
677791897 14599618
992792966 595120106
366980727 650915308
176632559 921275597
938718028 295185750
12049075 482156871
181438734 559955234
353748094 484868684
258999997 685559640
468086571 490853725
63734522 674183814
759322972 67148856
738189907 837670822
342833092 176073002
583049197 889508186
827061676 286343215
233833685 586887275
673968921 682783176
150844629 300634271
808106282 895728640
466690845 583895450
132936935 52122010
982787615 58410998
641762737 309585087
987585752 990404632
204837317 870343749
399176198 609763079
661345322 142576964
311714258 914125870
586859963 432771951
97320447 527379451
320198757 719519992
822579130 762966590
523940731 419449443
642639373 960429964
936691976 249792233
671361472 204107630
247966067 636139549
152365353 73496917
594264545 954617408
181133379 827438818
867646776 982346226
380995233 857805484
929862476 934380646
605924873 83892511
440948306 687842550
597704784 674201016
77931643 566635169
895063029 301638118
702075659 46237614
882237121 494710642
927956000 751812431
675232249 609785587
759619502 826957897
249358710 277597784
560998586 392269284
352517545 712014059
581411721 235988705
880921684 396060981
106397470 556697768
515820914 214028934
440165088 375090469
838268092 378583672
564466259 412469503
548300041 663473768
869894795 6389381
496431873 221914042
372240066 440079316
11392338 184843274
870536001 283260359
55117354 213178936
625394306 271179989
604520472 474708402
747889340 310434936
619935316 332998740
322056876 473867739
970475018 686328203
538508974 114878884
445047911 200672067
95409708 98720459
250033038 298648374
61762104 183114587
275547594 659467086
716711965 192461755
61923623 465987330
181667716 381114108
100536996 666716200
406826093 378273512
913992910 249729065
292404853 406635952
417157696 742853227
562853686 180041496
695389009 749181401
789204755 812860029
109974665 700941593
834052094 145748729
634285781 241400534
98879907 491467012
840351475 306560446
976036079 273757073
684165063 590585716
685924053 507521156
252972737 313292128
293170925 360921800
565854535 179291022
737192188 491331989
694854662 802581546
967248184 186871359
699099735 179551926
960134540 547352256
412367640 278572448
385280022 991917263
581552786 792775156
531710493 867709511
912730624 131478536
292269915 46511037
484600483 377339094
657711216 180891265
840973866 374407533
242159791 758365559
309728268 6100803
894169114 975595319
476476470 705238335
742748379 888045996
528385974 277669576
805819529 633119497
469182546 782734147
1841470 108130982
316395990 845608403
727444691 699514042
907477078 594957501
169562649 238200853
318393253 822048032
641240410 150502618
569347938 318975360
913358723 68860246
607266869 304717117
158247722 306511955
467642390 575555880
486326577 743041104
561938354 55696411
643286408 821181847
350307202 188782835
162974639 338552385
418899589 333888037
807598712 886576632
544391639 971612028
511597599 653120048
223974310 272285076
336830730 714963732
415613935 709417825
214985923 789175260
137082709 40431554
738404031 692989142
396438650 719004771
607059317 821607030
233327191 448780328
784435091 150052926
817538550 680272481
791030158 92690095
589326867 461313279
184701384 232005165
5807606 499736141
548130597 611151221
834094376 421907787
889446144 341968249
899888648 134675558
589296639 1420039
98249098 587183992
530578184 986582000
4971214 235808640
214336055 39873918
507556883 544794292
615572166 292565499
280416209 4385554
609448466 721169570
559200789 48096039
330570667 110988027
599648688 31514412
67600912 212958372
854100188 71267005
14613011 399089120
419612510 506779084
611739888 664785172
514840089 462054059
315863719 324371487
233087630 272439867
323249540 436534701
465876615 573130355
441537477 267862987
855186315 671168565
58469730 950936907
83058919 803026298
891892556 47053944
359399669 370940893
833557486 201135776
139154846 946020380
669041774 160980993
464091169 152542303
417865335 476237961
943839005 872305809
889246530 154307073
204464928 918001845
6220004 199397982
525722715 146637485
887865543 945038010
619098116 368440733
571567476 107412238
484133868 863333719
505199427 334702898
504489853 241914013
34841180 525531736
563164100 504195741
846811133 540049161
910970526 253415360
190898187 36974881
148979106 846190329
846978855 303396141
305018455 467267596
929478497 492658420
165305467 865602795
814274738 240308721
47285261 682014464
86017909 758013211
559745007 390452860
281661995 968891920
965292486 190259150
531221047 587930112
657156073 439035633
570992579 882477706
907633831 479270155
614970576 366117028
259091809 605278635
901892788 279692336
511779233 351165392
913589026 598515821
648182623 272514047
61591305 295210193
53548110 984266272
672029961 606241449
54861171 167091685
849738220 504866377
369772083 929437015
860980229 782658266
834281278 694071132
858836431 311018814
292964304 711130147
105351816 42311924
698239646 74784623
464768263 490629233
452379324 223278176
536905319 512260296
524754124 282070950
554278661 540464731
212700846 298324285
77402475 118955597
930529209 46289734
901148401 672007090
521542106 118527453
424601029 784535397
769680644 935036806
603539699 600323581
720905350 171202048
188812150 778209352
248069810 796177633
310543867 622230445
992257763 160720987
122277446 535581944
249145246 463254282
552990057 934349420
107405801 198835374
946930932 642266379
204359283 628857479
254181408 320298959
757017418 9423353
971611412 655452545
243321909 889230179
2711759 127848119
509480095 712968521
664522392 148740246
759726938 113278338
110198561 694035379
882282596 41833756
524813680 893157276
509104372 633165825
170928010 478078553
454557232 380019811
207432340 372485521
389950375 715103556
59851199 796357207
796900642 451921925
433927025 712019328
43427783 923072415
104832564 496944469
418999697 511506941
346560154 958518509
644292620 25942222
104769358 770790874
46069560 550487615
145544381 680875425
189091015 594559558
545398764 819202185
547123323 183257154
239140721 798547757
500694817 474492764
891077914 855321587
723906166 641539319
965308182 834748595
973259440 385796376
778220329 563238538
465376606 497217822
42193496 734958143
682341371 385822912
2161028 213001517
478777389 292675759
486553467 396645182
50326043 730646447
976290492 76370286
433123732 645327237
827999739 140248983
907812905 703860353
534223490 16501566
505673917 278170144
681184337 48613666
219305609 812510591
490894428 874378076
669497385 482399882
251358924 208543855
643882471 563135449
117569548 240875771
439950818 706472558
924239317 322109766
387017754 137418877
100791301 161222850
588408707 131769068
590481314 26527350
164393123 27050422
709666316 415163336
686710648 896995654
671736387 679052424
663866773 798922762
447013639 246355965
26606311 876503778
305543534 212465048
715474846 806742808
66141170 731833068
25564033 809561997
942047322 951139230
489870788 449385922
260168045 261940452
364525855 961720472
323845195 138631974
969295011 725182364
310410850 527979657
803363983 715835696
234959812 899078111
304937799 991417274
195302836 413754783
77369544 257713389
23652441 89359491
199008053 658590324
256067321 558718380
505744851 972569230
