620530051 375559840
429856553 563861192
133644945 219722459
479575645 350234397
958545142 385671607
778007716 279453594
636117133 574062598
868345350 130429851
946534199 532312850
994264366 880538697
203933641 451837231
887846973 875498990
777011542 908915024
310594031 377443557
747176339 974464727
959912927 740215191
601374084 752673221
284293223 412944314
853267629 618065445
571366693 126811936
304165480 21772041
850089524 831468706
27238323 43460258
590604976 885820471
352639060 299509919
13509608 123283634
804287724 464634612
590296940 664074185
664121459 299468357
228324193 497967205
391919511 992953460
421170705 260639656
328800281 536686683
690332577 586216803
859656291 612993353
84568591 540023113
722362445 669628479
284711821 126156092
873578959 362914873
329075580 109665355
730666428 873640300
985624630 261329251
800181290 620897239
657042258 910645854
3315332 18871043
179773246 644213942
112515681 550844696
97179246 761053137
923070778 410680063
391242461 991050182
658885666 791783882
791332898 622490628
532502502 637956840
893426180 264046678
717137045 418942610
319788957 313677946
218842311 70273176
264185215 619388566
336712739 586860043
125451429 461414959
912723978 389021998
175421689 736228116
772844626 901398591
512624330 554975243
831930448 967090810
465443585 389848504
929719402 444667972
109536331 410626370
622263988 354837484
690904211 611738343
161559210 431588745
994394123 784005170
758454360 912128999
338685534 743751007
37247725 844533872
239222916 151821683
342689115 267559171
214056939 762645032
735590799 582170009
70132300 477057595
669448138 855576054
887291154 808900835
688302956 243943778
97218033 501313941
945981540 566533633
537281094 453632193
128466125 784620474
717983681 450851550
401473033 313448712
899306897 952780273
514119038 689417006
221825485 554525208
36378952 537708288
858282135 23041884
367882368 331376629
75929948 260115061
60187489 34363661
568102374 505571144
897789295 552524260
951486491 230008825
352979465 419340987
829810609 844238389
170487387 198927507
914782491 775338412
542545764 686126512
732368265 796781458
551649070 73691297
411385958 259725190
227185547 975342345
431928444 250717403
906223020 979827281
685941783 743495373
97198120 53222088
656021517 887411275
393702774 966050562
799226525 245675978
124266152 114709230
380852405 678633504
597819031 940085037
851261669 401706060
963437411 821270415
314143813 204860227
438093465 891740700
268394562 898775514
277725774 841798963
520276797 296768340
809428313 707541143
536870724 257834688
504943204 430954358
579681862 834530986
584597003 232986709
322441868 736658802
794565362 490439056
85531763 630174645
886778636 274714399
861824428 929817188
375912219 573134308
700012073 936810662
525929703 406304653
471690942 206073816
6506427 863986774
11809139 941874829
942089264 930494749
329685610 924121657
201188634 41412899
741065892 947560650
30727223 336911901
630927545 659294508
598503614 681653285
5172461 121456122
205058824 550326675
703854773 315499202
64190498 586177043
93988035 180537753
499610512 869261321
614892086 403553730
476099455 223226267
457276092 229241231
140635044 947633461
282098388 468203368
486144365 195598342
7023300 944881558
465226655 471658647
107112432 621109720
902570171 560494163
412466860 435821256
514981044 699297222
633994804 65444044
372911111 917539422
953948698 847846808
221057953 227523770
710783572 90532559
292457557 611853751
908537577 701495484
15421446 425153912
411056516 538897265
842923121 590925500
292145077 647681958
837511732 847839656
718033705 856016302
430689920 581260475
614188150 782554938
554186953 899651987
495455851 560322188
850066323 576472899
336167938 152545560
32563616 825964077
629564179 799209220
966220737 360551759
802629892 282044565
609225279 244351297
974607358 713723151
87798947 993319164
821530401 314039071
893312607 441746456
748534540 974866592
485213742 724718730
570606219 275164729
340129564 635955283
271335088 666045202
28666590 731494078
290541511 459657270
444084220 387549349
336591643 767836872
577547232 562192291
231115720 900973024
341801498 276727203
23838942 974690741
326714012 115195569
260077920 649928771
367442808 826773910
728078436 66299859
940654522 929940617
642368564 133714067
845556650 686461418
854207598 445479221
941900365 416435412
88200749 197334193
983191258 980647427
298179850 393668400
572943508 570694078
218994854 692878579
592474674 878496469
428022236 382898553
961822000 94582800
685023523 128821487
359422845 766034231
10179041 227185035
977066866 150827280
589595381 769152224
262879368 18032444
42765282 621949736
1747109 618708932
677246463 145166774
121590005 624697330
407680305 251616388
199031497 981812233
340156652 50805856
974415128 435937106
575252380 677714966
398867654 698581085
476064579 215255801
965679302 621356687
827536674 848560880
260486455 191822606
724552470 39074371
69093133 877077713
907644176 805345177
643795153 4523677
987849520 639011906
437130478 945555759
365168146 99893647
754961791 567757445
843408127 887861515
266849674 833357712
709013608 723143853
963215437 789335818
398353400 636112669
488392721 848756150
363526434 775137958
934453986 714580151
372028917 469698754
214950245 904282838
265622442 21736106
148185283 325360822
677133751 18188026
708254996 328174924
855626778 711360963
889734027 308563635
365069383 607051412
520021883 474626803
840313079 756814571
265203817 963047209
397108351 639168151
419401448 624337430
315226296 596736216
457826178 936395753
863008447 815897910
602142637 444344605
387720172 178213757
588320611 570557253
951528898 191382928
455105161 88920438
75247635 782272269
805916331 96114630
364609825 75253002
448495796 612445942
484827118 110967933
554130872 170348739
4675313 427983762
726080785 16983014
363787166 726457650
72013021 499996240
558964341 562976509
665066267 604717862
908001387 472944891
968655365 489074736
564752977 926810122
434817446 285188010
332212642 73819138
233937834 685932790
513640690 270246847
320492619 849542959
987163601 52274340
761484456 850163190
900991856 82572249
703479989 288751427
692560621 355183141
100415493 346116303
10485772 91861941
541363096 750058215
838147321 329847413
716631761 11238379
287290463 391695260
209464787 588581560
312138610 370928721
135456299 644220405
396197305 113475374
338741988 748571919
168196230 397485018
321872858 86779545
292011437 801546881
674680144 582710467
227424586 580773124
870298066 749121656
835827125 349159469
881126937 859204783
56853856 109480091
292800793 377832043
512161854 55083102
881868411 461327442
294455376 91554516
778006580 855153575
729301294 562008419
252091823 666104909
236785623 986533226
882431970 70652072
153170441 365596128
810509325 46574747
852851307 518422476
912044876 133508381
175397093 505121143
373787934 753054168
566350928 317069566
373247281 577957336
881782566 930303432
554947670 711927813
387744966 668404709
906828255 874009400
742450728 436729153
342897891 72692881
330282488 49037093
574236283 750871721
586693899 694252383
531587479 827156041
800912651 888774692
339951596 523372387
947755669 801296483
977364388 100459209
273623342 113371087
206600498 919245597
597211672 132807708
815259927 930808430
995614827 80973101
37714507 524963562
425334724 373512023
922832068 536534560
230719366 191836214
656100912 616677087
966094141 849235601
707321226 38928230
305571887 405792425
295061659 609671220
760926054 586916946
947997921 866680566
134008832 608274936
610426859 747227412
363585683 655566090
277458895 41354087
314150602 342284759
435232908 853340796
569993439 660017399
689126475 239881864
242494833 541971059
415457387 240038571
544960676 105261857
202129042 233928928
194693688 940859807
144893415 515793696
777855771 778948371
98918412 433037211
747534649 434854980
249394199 783628037
620498899 462928356
729721809 269287318
955039490 388270433
104166120 196639897
252829278 9931366
446665001 920622160
232185069 774766139
235195385 947564876
685116179 200065751
387538252 36358483
3221177 156819565
734209389 701510313
110612638 136714487
237331264 939014584
347490433 5595356
786220095 176361678
27859774 163318169
968602428 89799208
536794325 20494947
339076234 485361086
225137497 822003914
69973954 896524769
982356906 879678801
585820689 580392563
834284279 379936426
570177269 73969404
629950355 396657910
207933726 228309730
21095778 259145851
600983547 59120218
971445870 474544529
648082767 693680123
360391755 855173510
921428770 472678417
331437411 634069380
685222644 776785000
541074967 609398354
889174325 178246029
475366463 751029948
985492587 598529180
912164459 164602747
23309475 936779546
357223125 111375201
391772505 882739144
104858047 484110962
963063230 817759589
620852279 917964744
739676954 656983444
339139305 111072008
986868546 82018733
773147863 29722825
803282439 351442520
654643069 230281071
72244441 574450244
906279994 268877068
232743726 187590677
741300685 507217040
88683210 615883322
173125778 816923420
978729607 81028981
622723301 71538471
347541870 203589434
290955119 539843339
289159226 279508723
702056149 789527852
202973014 504774342
313801306 141686392
153312927 54765181
942192345 656796357
725271759 863290551
154960453 906726077
171378424 337850142
612795816 184830073
904640433 503329021
959779084 620680215
810765614 836042441
850157631 370234542
439698817 640891915
666391 900344969
244163414 274873335
491162354 584938464
533683886 609839504
840382578 384306433
647148148 671077399
74880731 933378824
60109751 638732705
165447657 467195431
731271725 805000559
517767457 792732073
904261354 700735557
262025375 202436201
971109903 992785218
325475529 200290376
720168878 429075513
611330052 616672160
373889186 859247801
442533789 370110185
826867854 353964731
62078387 826641176
345866821 302586612
335426415 332389584
293565877 391695146
679256079 117438432
176112019 581857213
427416237 839725009
624556187 904744638
846275741 511583810
823149124 261866472
377008215 947153255
31251816 827379761
183171416 530138293
153906767 953322979
869487856 227049031
796481185 289260767
577384132 743800121
271884339 599856446
62441448 971555345
103771351 295947652
289192090 918063375
9159116 500795770
966857564 52342106
183505610 106425848
889659848 537455290
188971263 843041534
617770999 198521558
175674550 806892890
181537221 746410849
593500400 296276350
32560295 283872340
967126924 361937763
701411516 416182246
73911510 443676144
350487114 494205608
49798823 810842435
441865923 802816385
82174410 282404001
395987134 888392604
941918396 662187682
839007940 984598634
742407501 371264008
376775604 108805965
892935746 443188318
683683782 249174797
741208815 55647289
154965417 244952575
722668467 398413961
792922178 921974091
777360474 435569707
778151388 50326847
470924277 755569070
390859536 28498950
978994534 125604226
700508847 950395666
366549526 107219365
405906301 682784568
180687319 919637538
141432854 927516357
306342520 581430658
715656132 123297752
946447550 318857731
538630856 684111955
494914464 439743997
981743812 566072202
540808508 440672096
957480542 539073733
166180402 839354161
870321173 300726185
330825735 405729502
475379714 857010252
655746562 641799157
184866429 542767946
865478310 587583431
403950596 579084826
858744432 589658593
625417173 626624795
816896556 498705467
542820023 443297840
813542677 909177195
121031777 110671815
947099586 311936369
56163457 289960573
590259643 798895990
578496437 369849832
317898696 167642107
331848415 742240104
21191282 627554829
583498571 371725818
152278647 382223166
129368569 257551892
851240109 241173764
926054442 118300795
776468032 920529668
154182052 488709777
77173182 9362419
622618478 300607231
996703072 937274723
998187802 835440787
645127963 320267213
508271997 378623975
462420476 167223315
373251457 780459399
817861602 159451116
3009871 205272546
382613106 286883613
925178378 684759407
766353359 201372231
470504941 601648755
783263412 17015579
658760668 360458172
817920812 301157269
992229769 184624577
963964658 939139106
525159146 441106835
32184360 22256883
643403574 42053904
269902185 31178462
876881783 388570390
401815944 382675497
399250400 973121148
69573222 228446197
28043212 593487866
351734065 706161087
151159524 27475496
646248742 312687096
309498933 122416043
710481982 602988600
654057332 313016308
740765851 895525074
175215940 817010013
499589150 38596524
683798735 517453965
248513756 44858934
223559996 814472138
823909247 320085630
834284362 931722903
857845907 493084018
451163055 290704034
33056347 400379784
396538706 267825435
262525878 711254547
714591213 2548247
510187852 40925665
990219293 40047875
71604651 657693389
837118911 683365530
242360102 755192543
858316719 457741981
807590434 62879278
447888567 553086100
700220612 207310868
500192124 158113447
872107698 716391845
406960429 131544094
741799326 332108740
622150683 697416608
716315209 992115564
286554652 315814818
452512383 741547989
616070175 603085872
560014698 234620517
990183953 838580400
552875673 426150450
840167794 422856381
19993454 601091003
702189236 726619516
454544193 5541092
277077730 963853296
186057775 684051975
569037078 145203821
834080289 738251914
46761435 810539642
401938379 878490976
251091443 796903106
432039534 276543765
558449820 499562525
747611953 648870079
48865979 155390195
824072414 546119838
963623445 756191269
395125591 656433444
680110505 635094960
342405326 990389138
92663024 779799500
751610918 205629792
909542044 924730694
331815208 676595078
680536261 335330314
943259576 532025881
192008256 683128422
95759172 402080713
309380288 856482447
617265649 6469667
610249631 747965453
317816281 754561956
889384596 434188548
933672017 355439815
108667876 692401630
401349243 280636520
212576458 88144229
184337924 304534151
682873228 777902303
729540404 718277018
762937905 351943720
331003003 25179929
576498667 823766150
811957373 331035476
326433158 682628157
703633538 460895330
888739283 394417145
496244981 649202804
982681586 138512826
623644972 88456710
313755570 729903766
427279674 955589671
991980109 259490292
401744086 673596504
394676173 28428063
363529844 184121422
943600742 876927888
179364526 865557171
109231098 362655462
27914062 121376714
533572130 207948291
466043942 352543304
176791400 322547606
975484496 289008873
623358085 749607626
42536255 418146813
267857095 177190467
729137813 419986115
774421821 383298726
918545997 740743636
874027087 536846196
248467487 907134382
101781941 482763049
336003736 357496241
983719843 759322648
821725258 376911422
851008200 709034980
62104088 553350224
412870201 935313257
328418720 235452007
15114725 357528165
451977107 118208527
909562795 647233276
243522315 874796355
433802994 644871029
745348610 153619998
31369632 311400229
763560862 27532271
344537645 849579778
359392712 61997377
605422732 538640570
872496825 895831033
129465965 887431978
475123162 638659435
450979634 57918161
74889429 505162846
711553711 616671448
902516599 969546709
884758680 640070075
462086546 481483217
619694203 466790116
977662167 183907001
452079022 928520698
757613835 615450522
551378688 359976062
348179538 687631024
347934018 796631172
786836908 805380800
945518394 470435593
563720074 143563311
637979091 979473220
29769788 600177114
790828303 8561317
208305705 736215549
727579348 795203499
707054269 655807622
331089364 526954108
943589025 523123050
833242518 824767831
19105620 941491306
363768586 603696280
567937112 530013870
430844805 246671169
163508201 851197573
512940465 34745518
933753215 364062056
983454543 795196950
125254985 696400038
260644662 603842356
683292766 726124944
562312234 547950956
110516231 891383546
939396127 972341179
57444471 404853659
822597655 636277203
100951858 133166944
163346334 576392693
216890150 466204076
768534626 203350147
563083168 277616659
599804679 828640825
284109720 584854613
819231841 436119267
53402638 576162014
386339080 811477617
327860581 362111140
947533743 830093961
151373246 956001484
86524356 958025771
821946230 805468200
44146756 783565480
376328080 477639151
580085597 342604326
120727751 152402280
968436004 808563216
268247094 65672046
629934614 796267271
851760938 266017458
414624497 131401646
885123941 123567821
41681697 85307024
337048204 140267898
402306263 589136099
955518249 309690993
958441512 105434807
942906836 243524086
858852221 163871979
763381199 946256053
881598938 538890563
858794542 289364266
551382910 288653710
986908849 521731381
671840952 709956643
355651234 183458990
150484928 994007427
212385225 468700609
651841421 392169295
275736229 359858457
344544438 307565662
102112345 248533974
516798138 46961194
9979483 234535975
304850072 542132600
23435630 321328429
51132748 156980382
980354157 297621048
470627491 818526532
315211523 450070272
58774299 188514789
568768976 986316503
790990905 857101575
28524033 295613674
656328516 462182698
202344536 74627237
646942629 14258644
450907942 165899147
112769990 477624824
870618406 75962826
81013603 482671043
429485136 819352564
611633126 305619727
370343846 100646375
976931319 803830781
512209078 909014643
683430305 773388168
237793677 952624652
299957453 498554469
491703578 12212121
268918104 248829690
49543040 501199106
170585137 604058742
650082673 87310977
492658165 249961915
895312784 642969590
21585530 713258392
764123113 95756037
911964624 274660276
115621994 120953291
339890332 985612072
168941040 835769354
249514010 723730465
658989005 211665309
259304196 521722931
579398783 184441915
673732322 685096535
632697828 743875175
669057620 440330392
893702026 554101730
1660386 304541011
202198102 337265981
505751441 120580909
952480210 183757563
528669439 199307508
902027915 790766290
886149493 376999877
783626896 840557166
697811524 955570637
108493857 795287069
562516274 185728184
342703145 233386049
18163555 542635373
539757197 438280536
459697732 207849760
139149164 228914164
6398494 250439489
688250904 759529695
590416385 278384528
206146618 707458034
539321908 105581355
750700013 773746701
781130009 982110759
678507849 751212628
392397453 341335153
217943441 237785329
588170069 501328350
879887890 830687994
496001828 396494040
141780222 78496634
516157786 868756076
6845163 78707436
653533905 310280840
456573188 82491340
505972222 928731583
375190844 797358693
51792156 250409384
34475886 56733112
635607299 365848768
180612292 758907367
117757598 803293896
190266369 438607785
394204472 444536577
223766957 172723143
644046637 176846880
992089537 94104837
470085508 201381469
9969444 17152840
392729661 713456533
977837724 104345018
766909254 115430697
635354028 367707113
268342972 399451365
731792619 504585601
327028514 550386688
283202003 323294936
537089144 132534320
757971387 780681034
250466191 181897312
586021688 298598953
923073987 287083349
934747886 294011456
445359025 485164868
145926539 514561015
874259035 571916408
535967688 626452933
301962224 975960918
822001878 928604649
424811247 683943943
949074222 420967569
561226103 68353581
203475547 676915846
627226801 20636208
877267303 119377766
62053927 815750892
277188820 684087215
463649018 945232097
680925012 941678510
542752156 100549925
493157280 751899836
94800721 413224162
840089719 669946821
2561417 228860969
62657186 570511310
892570113 165740308
592457461 124425210
468463066 391990906
547428160 399906911
788641310 927196995
968712408 856105953
725076959 655869231
271877156 115689236
89661503 804675744
144395104 580116062
488246819 100389649
189525434 928008405
436324216 361963188
661286084 210498044
571003472 7617409
517680384 199107028
384752097 765708726
795443149 852431700
213581604 947370244
276474308 139670163
299612342 985277493
687429111 217942180
822343515 835276552
135511265 150167057
958908522 10193182
472383948 272148797
420864172 185453511
294987439 53965673
802644086 23588877
928960475 712617134
812102730 439238100
26489129 67690153
515022970 823009479
94440215 394816957
932114619 206314189
634554976 167455539
727716453 666478667
415187558 613106070
254123376 222221435
699745113 150872714
462314645 683520212
286348021 584757622
160760211 255979705
545240558 874575007
760392182 143379680
469559994 515123499
859732545 220154806
286718645 451856367
91938413 300814002
59214124 355111298
339644280 984056864
535241969 573717758
951575465 622949430
501468723 400507298
739036849 245113625
690540131 74112253
857679813 664206068
34130469 564024637
541330812 850980699
329866744 597283227
203883667 54234121
82121857 338869503
405836670 28494582
179002843 781977923
635426224 40952893
703853013 210914724
143481634 627014867
211822435 784290564
650463333 669489449
631096261 246908207
983754130 580350077
720607288 48810032
224750434 217758618
565249578 776707165
637812767 414950065
986732388 767461806
866378717 228604722
457000038 933391537
477383483 851576107
499356720 980614449
733375182 289570216
741545045 987347204
706306417 885907954
616628605 436909986
25724376 209961514
426144320 378771735
328059165 730169792
733789030 853277844
742699713 342090477
307998029 739323808
809459017 445806130
657291075 206480777
762026130 107648441
981226569 320322001
714076617 890036803
678456942 512925718
574108351 451201644
511493453 736655133
781084896 717264529
310553373 290144227
169853381 570492677
931201752 28930007
677291089 512487999
510939492 525949022
60482686 800283693
82485838 670310717
155165792 485093042
108990229 329898182
338937606 527010969
164131556 62036566
525079558 66501784
413517202 744666764
355377846 23188118
730914285 631717278
188292939 817699888
639893968 616535201
328458416 129276785
12975087 597086944
310696065 810460992
291388579 11640904
539455149 544724383
779306229 439623276
904373771 397769509
267046521 313920162
3288069 926881088
715001425 600486096
182751948 698314458
885605913 261401099
853786909 437100549
925291113 956766672
699751999 529699284
160298984 150217932
889390121 834600846
734321322 836228193
155991170 62089054
925942006 162087495
624295363 647176112
294208007 118917902
223535234 608520242
706884354 776874722
354508057 495490439
481349709 658129422
468216679 734461370
508896928 573384453
558351337 665132187
494785363 769743784
387255143 842690303
46800022 742818271
418125865 59956551
663137996 211791933
803287115 743405439
203902159 616980803
468312743 471319186
792382967 302145744
383405630 693583229
183804469 664078143
852597985 101379068
144995028 850020881
84157760 861701574
685297565 527014398
407953542 966440914
638569103 630129979
988456741 646673889
167687913 485595455
197753060 775791449
704867221 975669332
792541196 379716069
199500557 915111784
516704461 575683658
316825452 523904558
644837182 825553728
203875607 814251940
27600715 501990010
763300868 99548231
389835552 996253930
528173241 971420733
378675788 683881882
159847159 551460421
288493108 972097780
210292298 700265813
26451827 157205394
391329182 896507137
423837583 957253478
201831221 692501123
790530001 360631537
19825256 606054140
345037432 504516321
742320903 933793960
267171959 3022615
930541114 301946741
375519925 193601092
965031595 644733583
880602146 515945550
495545118 427095892
917491123 61052130
997451976 733889255
934397451 491910618
310014009 435873166
208568511 403011949
269489344 20521721
410349553 540532303
332100294 257735894
27582542 339688465
45522208 893860985
140913996 838442902
150082578 935493605
847279980 929377849
434169936 884754325
133757313 580238204
169778071 650186432
12347006 129276811
591503315 299907950
9221054 687727586
938082733 194055361
577573175 415203566
833645233 553933570
776284988 710310103
661912876 117351440
4025485 117868302
217436115 354938068
949637423 15885671
125765127 571970198
323674830 99952929
290950911 497068005
866719516 129243353
103346449 992394363
224123573 603555092
288313031 340307306
5347932 658248965
460341186 423446645
608192519 901173163
11637469 371999475
207877418 584847663
418033814 352867424
386765622 753029851
591733478 809317760
669023865 864079585
82303214 106704997
332247576 848000349
82511253 532510648
46498357 77058333
10869304 582168015
648142638 257357565
896543759 308752578
598167251 49304837
423593043 339993929
710760795 679705347
947843001 172498815
294832536 645366356
319724430 208806751
227308826 410893831
45381613 545521459
196423504 672971377
160550983 34458994
584895259 703669856
757282392 497209328
455678438 307129158
64953986 638780953
862138342 393638459
529641971 330605503
751000979 652097073
13503654 474536290
598211767 996291140
125329824 295463855
657779203 440459212
520857457 194324157
45834868 154060755
690491840 767811656
433959982 601221381
979524817 248407468
573849597 46817049
527821927 804477787
96844582 48115986
232018095 931734357
706828167 255040408
130476367 142812302
682219012 747730749
354324454 161110616
906054510 203500528
282311208 369756836
9349182 118760045
212329006 833307795
194824342 337493005
122105758 56257639
417722424 725691851
60655558 389133007
855249388 247525515
688949916 361669441
492692528 990552218
24952488 655760701
74319696 542862580
693047525 587737961
945534978 972726363
532897564 253478254
765934538 389337413
372887001 496011991
666170511 780640103
629479858 168501334
770882322 552615123
773648307 680301233
424833579 590687834
550444167 362257099
676016575 171525867
524994991 445337547
21935388 615583024
245834586 807900468
339097617 835572160
579972090 168390552
65776868 180745637
665399132 869254489
199514616 44198195
376324541 107684556
408086162 452237709
977691491 279108571
124808550 583021794
303881308 934941802
315018774 769479853
586631879 951813978
310788932 853363093
921054080 891056503
501495487 522648576
852200190 881138592
440509313 692253634
534965595 867334201
788041827 38598658
36996407 19255340
184817499 295209578
145295065 790725598
748267457 621595887
30663320 852096305
639806327 337526638
6122679 707770380
568241087 599844423
598383581 472116005
286415870 638898309
611586066 95225403
836584107 470652273
293772122 745247609
548616412 291899636
316511595 440606378
620275484 214804094
309252642 651979418
76246061 44428486
351292084 868423799
438964385 582779106
165051681 479919424
143031955 624767241
616576092 486936903
660001912 683815862
9524482 83598702
39463063 50248625
297872761 701065670
740510934 388782908
697725003 869213920
893854130 729725921
795463459 384181979
395909137 990328153
232603447 749698285
138868948 828167747
667117586 429555392
862457372 806380906
475572397 809428082
436996469 527978779
440778295 982386245
200327202 672136684
993119478 956473924
310233835 611260714
335781850 721120695
465646170 709148420
952280684 577740821
342314555 658644928
309537850 484116432
828237021 434625330
438772372 318234849
799592086 623661227
873915621 281148360
641485113 268804845
187652974 547893807
691256985 82811882
608842380 400946777
407493815 434759282
913536740 151924506
733783927 302776087
426568315 613120678
27834004 756335521
851757906 418841137
614774802 764497781
623102873 935842195
905321364 512233109
556241078 942532439
676766975 480857603
264585075 636398535
228455423 828872750
622994080 836340227
780188345 542340172
569411066 939833151
267100479 237470134
336203543 735410434
64214829 479011392
630005128 668133725
763198003 801579383
13027795 698845384
493698914 63280777
283312542 563104313
574917044 922923630
268343987 222162600
235351099 852701736
90141843 212149559
991311559 19416964
324485867 32063478
935712618 380518031
62636203 588966558
123662589 492158889
682087339 5878291
223011383 318888014
424189140 223908024
29297921 554696744
541746210 778030534
441040144 51518809
682604082 451620921
717529300 788893110
891357441 525707437
584187875 777377834
93480267 449909224
48568235 772162607
646432017 834018577
224510449 986381912
983275292 660264167
308199243 32630424
12320115 86611692
685286464 426715571
501975822 338987946
559498939 311227661
220458124 469354658
750298142 645354982
532948317 423576661
458859220 621571140
332471421 949521896
908409185 140355579
566272504 898432406
933990658 804127898
218597886 79646527
111495978 702651302
117019709 676579343
943066 203179152
149134159 59783502
624421441 88169054
955626363 828152901
720799547 217016300
734503392 838646728
678812369 365717036
831873743 64843515
579580343 96059251
842170646 941839554
936176522 394600902
188857230 953228982
839173575 902530394
618662459 187337272
478155410 510360927
404552360 133879289
734757001 162485811
616790250 778025156
58604998 936383859
223430945 939909339
621995614 275732003
60419669 640983472
993566663 652763132
145614406 679238532
229373307 648865071
718160731 369174373
39934995 582891384
631932066 83640299
904932350 959985385
391409787 996787910
241326010 130282453
173943946 643514878
893582082 516922503
150131659 183333557
267972040 585717184
752662926 614502440
643444030 358902492
619104071 947238192
395029682 100922329
482847966 16068785
75398972 198285796
388694739 222350507
731837034 597823111
770241039 762177590
883094945 532365647
416906393 204088575
649685029 717228088
252431811 613360344
872474611 655933069
198743634 137498960
121016384 121137662
629779920 731471660
48687473 439728756
547379012 641526184
124238427 363563976
527626548 281045992
632536145 913251454
625437978 480464071
620380580 297816054
466325503 723532311
596322583 664036528
634887641 566557451
637710087 806910420
247473215 651004893
565336896 84300838
587079738 231942915
566599772 331166972
938572029 735966888
680385469 500296439
297132335 871824685
629413778 399872800
255566018 636638428
876856728 704457413
874574309 213892617
72420562 314421834
701342379 144597004
649720638 739826275
741293562 164901267
382981874 808324198
237383316 75782475
363851678 356996208
178365295 812381698
118245237 435939504
428083149 396623148
379258483 326473546
517084932 302570790
737433336 41924823
878183320 750847972
868901227 107248920
417464662 697055553
738314331 304633071
173638115 656988213
590118809 235529548
463052622 963362234
8786384 743011651
398372574 591380963
851442411 22850440
284364690 20862343
518680395 436592896
291310570 769514743
353416831 272442595
955287985 503222503
693110225 83798374
880195520 532934504
690974058 361711267
986812694 879962614
766914871 412865533
956192600 721071261
746454312 188171845
837251369 791264358
341990753 283105198
683053088 246532920
633432905 687926171
574335579 946395712
179177398 918423733
849690474 684818727
437739421 29896871
197169637 687215339
346109533 353896313
166581085 213545281
925495552 574009081
849273138 412969788
329318558 625116737
429673559 476647339
781604020 497015563
668467641 523804716
360942794 833398973
601718889 666062885
826969899 75273047
160524223 118536480
600530354 171648513
756930281 796691869
833030563 971925244
124914905 918444831
945087235 542518761
161066561 809579007
273423289 845222250
649773984 108841344
212328388 896518067
660391655 77805296
713584004 265172908
248935553 16855381
900152069 700114850
666054061 530938306
565099356 678124058
842267157 41607674
65464071 566718166
364551660 609118258
936762444 802388927
432803449 439438954
256538637 613896985
766714752 349302316
508825420 602790271
415249118 640884764
393729015 246799345
232228945 190007086
238232422 933065822
343090230 584456530
979403452 288452925
843288648 561108705
526127690 85990094
234286104 124178362
688731880 492224360
324504801 918918383
758323551 950128863
35882491 369391284
543434437 150806458
984819990 183428097
937369764 469384555
277304037 225729960
424396455 206205144
602321983 464180430
207931813 144887733
725834577 764238134
767401417 516846247
600261011 359565806
993877778 888444661
505154602 326001995
155351161 189000831
615346071 538628486
809008654 184069858
339624418 684308002
76282473 36032473
296104857 247630046
727213842 710226249
190231163 584393271
412296111 395753594
289485004 996722967
558588940 770382065
426972648 538888462
550661768 569772800
77958468 390726852
632427497 399508612
85251407 897421131
97131884 254866044
248430543 169256662
766680806 187476139
314314880 405100877
148731085 706072010
662217067 435648129
60230530 973744272
809421220 631230459
379737679 692144019
28622187 803929813
649320865 228211914
648721929 769168690
723216968 773618261
158805718 319178825
698419358 919356526
941432162 106340145
274905075 784329512
158692205 731056400
300697092 895145831
823836850 619970804
668274656 414543476
522695676 461790628
252408855 82945291
383979600 46693846
603592108 133092345
121776337 566943980
763064824 212472057
802387883 569156643
3508801 262802960
501416445 960264324
409117491 307404813
920606748 971302350
862383132 226936416
647273741 638104113
98306988 390392186
531677552 916412164
843349592 466171652
202839720 66871252
613453741 708892723
360344417 48579928
89521842 842176376
646357190 94912131
651611596 593309502
576856144 293319674
730767296 813911640
449973344 85958261
303294383 578478728
756815251 158484462
656990341 218149607
805861130 886572325
785664533 16146999
833913945 835016952
383855854 190335835
655217885 445909684
584041850 739559122
556260817 326977457
706310658 673773491
798907134 635587056
403094926 72387936
555480627 276691134
987843156 844581886
103968438 553119102
311342361 893707901
252824340 504504408
787605736 249091998
104770659 102572805
498051068 925210831
851722114 40158808
196972267 332844475
921798611 150462991
147468859 258303794
390235151 231071931
644062997 388578038
737247383 275515069
439453451 804883098
479689336 429683779
996821127 329691724
772035231 71301143
639497947 675239333
302672816 583118441
882379717 648831179
575215154 403774274
413677065 190479997
883958178 243409768
25660445 686900257
135459464 208838106
332897246 181707377
760296796 53483984
809393895 351112527
369747017 526146608
960144534 51451334
325680413 397515648
769256675 158447115
289471818 322171710
