178268398 802715532
328624614 491063196
593065919 159165348
875804738 509659307
150148778 100217673
604885266 852926692
101111095 206359312
918809038 310827468
181903366 661852941
977005560 326181971
350300374 511469871
803784098 640716579
239572617 180275287
292670654 157115500
812547495 272605574
341071949 608826124
568672794 550843218
317402668 463930808
866386298 433517377
590352970 250348087
663299726 951437226
886263036 323244139
728317918 399182255
879080015 190849949
473341352 852157330
39646007 131463041
270812019 672048408
464371877 969006321
549732342 882612606
217737578 625802033
436399501 935902138
570530458 48843525
924321596 526219400
883294127 383110513
25412561 190252348
548185396 451755247
941494453 158788279
722418696 238072499
368990817 214841504
31261893 706442972
94526805 182839775
724071979 667816363
846722523 956937240
597367307 921145628
482033637 121904501
330828719 622746568
62016463 21836398
163587138 587620141
431096069 37322747
341049550 987622271
663066054 453972271
600692476 128173415
81799838 547157846
262629003 489953946
862341071 572279991
270730722 177006665
939293805 616096627
671688200 852250462
187867853 155970300
182006172 90398922
753068506 272410066
608976441 174742724
794166398 146492572
425695669 788165889
154845581 431146718
884065352 118501487
474417066 481712153
956809926 116747103
372876391 703273204
35386971 738669533
892651193 857941657
242889959 841592285
961987342 2090585
544680194 234209335
622216974 493116700
878920964 418706353
862667097 913492991
875157519 780958806
417601308 390441104
92934350 827758729
440650305 636695631
959294632 253282436
234932893 819501931
543050723 678514221
126673170 591881328
481863090 16101267
512344478 931298049
154998357 214004621
100214186 179436428
996854024 603146159
816773870 834478755
692694937 73721800
624286238 628976671
210746870 399692435
935339920 892568996
564800213 766163260
166959019 692083914
436969966 590006562
400114223 489758574
489050979 172334343
23324777 213472508
962099603 574072353
545409211 563426331
370850563 701459758
360378226 139771734
979558561 133046374
449435478 432307837
662057922 42398643
335156783 155937782
440549785 615273534
284417851 694652479
440605717 347479520
818703880 912853181
932695487 815238265
528763246 604712351
633497069 129537695
474714022 285640441
487571614 105608690
657869301 874966128
825880118 353600003
750225582 687503177
549696242 7847024
587084219 308135802
294512897 5807146
645778052 383650094
910776181 964808570
945085035 743512287
590005692 129010324
119010434 894348334
60418589 594737120
630424597 647723
944698123 254910311
822311355 407361083
507513171 217335240
817769429 26157329
601450089 678254450
170249400 263101114
568264316 211149707
63888627 525366723
554984117 595674134
581286253 800405161
780174562 950823561
405621497 959365651
654439221 766949177
343203130 219982161
534933694 971989174
828650956 114661581
250612430 863619327
420161289 350077389
42269458 230936501
691868161 92056914
849658566 633134683
569836282 69030457
691798329 724978358
487136390 928756306
106679901 384073037
685299891 549503531
353454646 874386204
881368679 369972309
522984783 137157999
166033011 871925096
956566886 245917229
631899026 848550237
976970880 195483364
301272187 314134070
635859992 720919984
646878393 225002931
586987849 471369125
92165228 500476407
224278151 964142200
120939428 493395928
730941590 630195615
461417620 885674879
829957322 973698543
669663800 921853451
244510479 479524123
609762167 624179172
589205149 395190588
442746013 916034570
351353996 757981987
547742661 976970191
494349526 20857276
791753537 689527338
231212540 993557221
203974540 344005401
645120767 556021970
546896089 809520543
598802123 647092396
80142837 366700881
370422381 109986286
840792221 900408726
547202683 897434091
528985882 222693509
444352204 421708461
786066417 432731865
58699316 771634367
168562181 772404354
947683366 164848853
477238136 746832800
81981696 866618597
380907846 311569141
758611510 829001976
744287854 773337903
528064916 146286991
1540399 253253859
402314526 720276007
580920388 926847866
498295728 927652748
612008831 35172119
582803847 709107242
238811783 277993629
711480865 673959722
361014520 759303417
871998741 567564586
790273711 349599681
247227228 545908983
667359404 984807844
9155831 986298145
263557264 996662796
209809955 315603411
200384258 327021632
610324066 892741820
102630760 360502291
798904906 46027469
719561390 163313788
770750292 82040220
665475649 257526770
768111490 469263782
524234802 958865452
707068575 667335091
150299457 803372941
845211689 655910376
948153965 632662233
864138340 473628531
114677156 304573037
360855763 676082348
482760796 779068661
366970933 154013092
350045764 268041055
266196337 291195082
427257420 188015618
883420942 843299922
216935365 395832890
899584590 602662547
542801250 980157198
197888508 860083747
104742936 452058905
607777945 750740245
699843644 467136420
977490915 717824609
537038495 300801121
351314218 922099362
323358384 366227368
391929159 451074256
937214199 483822342
965052491 977002694
316999111 299312507
99827510 931061510
187089781 286664425
90781004 956168658
543045956 193946510
910150559 273493753
655296764 740945796
23328398 819357004
406639794 507157508
620453298 188543709
638779148 92972136
310564870 664357350
218323990 117221683
284447880 529814555
335902358 383394425
765282591 324260204
847309804 850707586
717285157 106557597
702081460 268034521
892998689 408542622
685777938 681844213
155253022 254836390
174595123 550878421
411858111 323700660
971786422 190355188
726450753 723434269
618024531 280391899
284128517 855517298
504924695 452483571
188782024 905284827
661705641 463213608
509294430 784405729
613892238 338816041
445885202 116959989
406729246 69562555
569876653 281170935
23110289 253783051
719710828 304050225
689438815 153809682
745402498 178768505
713674705 22427982
859795930 548391773
595061528 842570447
510300930 56467106
330784765 348804597
156378155 348679169
136504733 846416754
57396104 214465300
432723610 425093224
647410496 509347662
129444082 326061204
595115421 249230351
415031586 926096394
852486535 921721485
155714825 755390080
691959709 771669775
623373131 295653110
40047451 395454666
876109275 260893893
318100321 409003229
174067890 57827222
295865313 839256135
692917391 987740810
564532515 425603762
877036608 854624151
181516975 483650702
4739482 792996896
885265475 206250114
243407436 231192505
128565461 676231275
858350444 71855514
363816744 34584063
838761012 240126114
412746171 727450027
100603823 411696677
773843748 508993612
687471595 237598917
743276938 858492549
161969609 160987115
563119152 434050389
598026101 840807883
680253710 309978135
441429571 6592719
377927562 683701742
608209099 499107184
43864853 559548492
108243123 369202624
37276670 260625693
579325739 960107510
237235990 144767343
234407677 985351341
332144655 765577255
213127271 325741071
163390279 145257661
820275109 156045067
565978552 60951344
566442000 19071868
680552475 215840240
350383943 789847074
65841618 457903531
472315043 243098456
204472057 679057387
88480822 361040586
740353819 65612115
355704938 802476349
219822322 862893593
263260731 457055655
480562791 36764282
737761666 193601888
349039660 171751903
427317561 611206014
262978420 859603646
381289019 151966586
747044879 650429710
429721528 837642035
99579919 777139006
754460124 482911328
951653169 725915658
845076556 792521298
615821069 227181568
257676760 789117727
409674129 33934294
562707738 194401037
119831331 482945822
924249933 568345634
115168746 16331360
133683200 658101703
433181113 239554000
911735295 678801018
221015255 789132489
281802885 752805864
121943941 503668848
128266198 833302518
59381976 361411917
604900995 193934532
412066427 333412721
636850192 865216561
451792776 656034777
66514395 4078414
971841933 806805066
989153941 681243120
574196640 907260208
779420499 525143935
616579256 939995371
276341175 790747381
571836898 403500957
431471139 510294027
3835726 547696249
775085076 47334244
894008020 890855568
159254478 743242249
834464692 886654603
529067790 959846215
558839029 48872889
588039753 782517041
452994657 678683651
434224662 622753214
43135185 103528099
23620476 24549465
345021307 956684879
751907815 137055035
47309489 484481516
888843594 298780280
646881196 638439601
939828244 326897503
732348108 603880064
157638958 953553435
76176254 869609046
275947339 877086865
756730390 510498062
202438494 875056917
756086380 799461329
245854628 498416038
219041084 196525521
355858677 376813385
313962254 378353441
70496386 17015047
986557714 248094233
673109230 174931423
844488605 484398936
315557832 449392272
726773369 32453330
392024092 456901995
878742828 64493434
260909833 554323480
573661523 993517834
94045294 655425959
654775936 483559716
37399223 883027375
840884186 347289092
866281413 247486777
731802445 311927548
99041445 278492189
940714896 211613894
111319458 695690752
309832178 442935418
248247 197444752
59347218 79729373
563921603 800892152
743125932 1779449
636386444 768596349
366255192 631200218
605540942 62456878
754605021 459915260
344557643 130530941
205506648 889835480
148558599 676787519
398228093 541197373
412546447 216376113
981104818 764982790
34766816 740563027
657086347 55223955
40143431 80023999
284845802 750748659
741683193 201832270
462131900 967542543
406074922 110713089
357674441 296498818
347871226 548460633
13885704 585084267
605249101 884601778
971125951 985531944
338216561 640364398
17804396 478317128
560429276 163787299
386344877 26638977
161765054 76861717
36559301 811125357
252776420 539457057
300699038 863862722
614114935 661106168
293641397 259414114
577940095 375822466
16388852 364450375
130855263 986192910
620074086 889144334
568712534 971938030
794555874 653859506
854099509 200655793
907250936 873806339
163125727 529569574
42232743 895827698
135698535 43012447
799300402 107242709
406361050 663650292
920894306 288033152
901749955 373909825
976119294 122217975
623302623 39759866
621546006 453507581
805254225 147809247
215239260 584744403
959670125 682439797
870812220 508042218
272631335 414356975
647288596 45283751
108718915 418322711
451994561 23333867
150549804 91608703
601064875 540552733
631565857 98159802
626696111 243697920
122826066 361369100
993181528 324089579
329595152 384629023
305765120 508287599
886318573 880471022
687151875 778654286
298010079 854353487
158330489 105917188
161438825 553734726
174372769 793436104
9747905 652391142
650569704 74319820
95852791 72608780
128605235 605506160
101982039 749574370
86813562 773166088
82766533 120681473
491559294 513358199
123394962 193988017
36205044 541224032
860943096 978498429
57856523 764491881
452848604 876679140
127572895 52960240
842000367 764065402
716811126 347246560
500235215 823421482
846883819 218657685
716759740 913683541
601062851 7977948
929405826 396237288
80894160 951491270
233956860 958060303
528331969 894778628
651476985 290088180
750050163 755417263
548003085 765803440
844009029 682473986
953294950 528116034
879706879 142210594
556079860 846239679
683041030 239276868
341508151 348998513
877081241 856603510
713057310 503322541
257474157 391629885
880694227 274290740
176451906 288602046
127059602 637971928
834586858 366327742
658935122 623783323
73076678 242515773
711154836 438462440
223110835 378348244
116579482 963102043
710906099 555294564
951009968 399425321
860878277 415566532
410785187 779658390
474718724 314016215
329710009 231652561
36632880 30366280
671817281 358651532
987172152 75592273
718180037 271716041
935026973 962213085
242530004 373077402
576178034 909597953
693816405 260838343
611704866 622625841
68177164 457599487
70590273 202193758
445414834 458484134
412285899 208743174
893865435 841305542
918379695 37607813
840105690 810215139
395591706 765818163
673645060 646325862
571438553 30934793
818739101 575904791
72565836 723817785
692042718 955814552
859685435 248203147
984220375 611486444
363069684 317006698
307022826 728804976
515288821 186849702
586955444 555292919
561871265 115996135
778630976 158044078
399221000 152537675
286091127 374510012
305112818 139895595
920417178 177038322
66132804 196763397
638689720 490217857
369653870 529137401
673609011 814702523
332776853 957525089
623267975 888163228
920817335 617772985
571106021 130465146
723661782 681029266
756456705 449768473
624177710 604353018
679159633 964489683
22148182 779538025
298168425 460170327
432345248 369758553
303943082 492984733
466843958 463637918
159621919 897316436
8885630 688915531
162853864 453013895
858604765 196322708
116131927 562542949
542210601 674143961
289645793 808071947
873128002 419796239
573734875 334562297
697986142 693671513
562519737 141892390
244619297 781456499
896160666 848740025
816919543 761485156
518344533 156296732
869232421 622962258
515480851 112485023
878402317 115338501
592085564 752194098
144839036 738202138
825251234 168692579
684685436 231419761
100189644 688925066
483553448 617763156
585753014 602655269
435197481 788164213
27052169 540553101
664772204 409703123
682777727 527928131
118257885 473473162
979113595 502838005
730167413 720429166
674715857 871354865
950860535 325290796
432845350 446249330
898775699 51002735
280284884 725606975
356564361 139805572
898754228 560209477
221039695 418303043
321585481 539581570
96436837 141437593
806073233 49945807
595634747 35248409
364328359 88034590
473780892 476050911
373471577 164798277
290926224 599035614
446842358 277495496
759458571 175976911
602333411 186417771
438490264 487594294
77723499 495514035
440212818 87518685
573473890 169440160
960065388 495250421
753433916 898030328
561108545 580612409
46309900 131229393
506933418 476353774
142137934 628401466
150066898 532995039
922602560 425939371
334534169 394508547
151884643 631141502
269045361 679354363
98645129 124523638
558751377 527660162
713202076 959588304
761031726 725090889
244955308 305855266
3397093 270762352
91832882 283534179
423342677 190341941
544865112 623691855
431802153 946773011
607560798 85551293
739617364 565544958
102943236 521881150
698006629 637044315
958463929 444843244
759708210 358764431
499436348 327991488
484641330 122909594
459719559 446590349
506538435 978431178
877644850 206841447
794430984 967797541
709594004 18030043
356298112 660443397
251186789 24180675
378646724 850982619
556485162 178122316
170714602 374830517
837623296 618638955
905929427 145468622
471597813 274970283
575561534 178184003
398372851 652152274
35646874 479053853
733632763 171112160
410112634 45255870
41380998 20363817
431611074 302231398
423786740 985035216
566484652 782843332
419539080 569046438
122419478 742338468
569932955 222493762
953790103 381418790
335300366 124211143
668163662 997267085
771982939 656391964
145250834 44465198
91126486 673809116
604031868 337526577
688943395 66733191
413110267 479407811
399004128 189736209
497685148 447215528
41869877 405168687
254320159 736034626
15626680 399005577
325788594 667072421
126989052 812368141
289538069 173053603
4577692 141601743
314703733 419190290
217944163 410340316
129003813 743369690
350602136 275827405
354447706 461578201
604558863 34002952
166242098 473486640
793787629 801344031
247135650 840377685
881268726 650425838
253286638 647223516
843424920 938989750
422095816 526381498
717705603 630616255
963194678 143081530
784395338 700887258
27856828 323897359
284661470 468024298
12010134 652272804
970391358 797787498
890077290 225554122
789647641 922680917
366751696 6722778
360972957 469649723
985624235 521946780
143070842 913447751
143989680 508226737
319773940 997452166
73916022 958169777
500284786 335949347
21717539 567002613
580054400 285644245
29586657 417731558
618504050 164977755
624256532 847245326
678436046 883444454
794597230 130362429
611890139 139007277
818809891 706519475
51369771 215572957
412087441 778238070
883967797 453534976
946184547 975992788
996492337 851273552
880520172 646999843
30886461 63976809
44034018 534967433
823341531 243275027
173817395 159231694
591782291 332142893
223443104 804714312
941690803 809513697
616686419 624959716
247778604 735368815
976715615 20090515
622745642 782640713
774073551 769068557
13388392 895187446
390010306 744930390
369670654 989575474
612166862 523096497
312353159 978340288
539135459 669443603
728644494 627040356
73790146 547611738
82711152 315582922
770282088 789306278
791376086 790546956
62241403 533903368
872582760 877554397
358228578 788487083
834611238 652014351
688514834 545773438
972536843 433581196
791308291 943535486
128648405 981169842
235486119 429080984
922045043 96343136
266564369 107169178
344874884 897553829
37421043 816467449
834422546 406846011
887333923 146194399
40190259 548493210
372893741 801294794
49342165 513605122
717967824 39136300
75262480 321398812
970129239 757377858
231541021 389126735
285613441 664406923
811949045 296263214
988845441 800271769
563072895 883440387
630165693 162890228
701942588 389272210
664529577 353636685
948799211 220438335
898044648 453964982
241309976 921717002
8939610 213743411
255333869 29277206
847858194 775599269
536827961 55145628
522701194 138835497
411910926 633562522
367679415 883326778
404275489 819899305
749148826 368056492
968277455 678458187
128663163 123598028
521967540 478405664
488059131 392725887
118222395 23207644
344904461 329117522
370190262 336833948
631702427 187284074
145756284 754821843
428888705 85540502
490603215 581527243
366223531 124582440
250433482 364413490
271694384 788564160
255258378 543560552
613890427 255976403
131239941 158244397
270018287 418724988
970688217 500835781
436056996 603518271
347561818 590327610
446341552 691973507
539474828 36708456
228058480 646877095
810126519 130498502
234395048 549804606
797085829 62991247
565101641 653690276
252797563 234324097
914410952 947755125
522581855 71970802
234013942 151410756
741709257 349338940
359990444 237705849
215694888 745506431
826271361 397566345
469806814 877106827
780984081 508053074
652006487 220361698
127438723 196371396
153567312 779721840
628383313 402065072
143166308 897116421
998043187 656313787
824562461 129269561
741015229 937809272
200695440 724963320
612718035 113036987
502123457 615116854
586762829 827983348
571925035 974441150
182086779 973098107
355282056 206524555
792262751 977553019
509489524 850677799
124619014 946964620
131513892 310329624
839150103 905723116
463244894 879601699
938251694 898688312
497186285 232036684
807324430 112295131
455744747 26429166
332726333 798731939
566359236 446349938
753879019 714830836
31284687 691157376
927040998 311670044
366701752 510635450
50685432 516065676
55605678 545644458
107202093 775894370
602551610 65551612
474885191 398821910
235175864 547914440
913830364 482614349
8430988 979790117
87364558 565767939
42189376 599144872
332723759 194729057
515011502 957592974
215450386 785554856
737557707 654262799
496631645 980121122
878253625 613696045
724112386 160199734
797634098 234372020
235275589 601255130
706036725 265435466
419969396 307903812
96525384 719587539
329336292 790174060
622988134 770243292
875558028 402139747
261858270 85530906
66622071 4727973
648370048 459374843
835497999 649992173
175496865 10096516
655053038 982069232
863267971 790378984
937368731 765750352
498161775 234820206
31217902 282629342
776454382 207434881
617711396 754688186
166071317 274774946
447160602 760949437
764565783 757555619
516235213 917686064
961933000 784553670
887357233 757509368
908972129 266096069
257016646 628818316
343306570 507328901
984696745 5864645
577701148 379950700
523461001 388003158
990285122 628952253
868989185 853772456
140286907 148623316
906446651 788411655
924873994 902620880
511295640 364501427
377488768 912065525
724958887 636841621
297447427 134530414
55214382 676473983
152050468 391124040
127006877 450821593
835842832 616917799
572743911 439935720
355936849 460503395
688803582 177190873
380741375 143959266
89053257 445975696
732430302 437253290
815255961 465685122
380310845 468038538
218005813 686507511
732784037 309676377
608147623 18792330
217644890 678295964
8520064 339824658
763966362 404744725
204976262 195884266
783620533 317734860
783424107 798857625
571038431 153759200
813994256 894036819
601133061 81106906
364238028 61794138
76355145 815940410
230591182 940920937
760641531 593269909
341841157 204297594
842746448 846473639
582460968 921926336
305264397 98095911
40049940 451635079
530638319 45218251
521742 475435088
634252745 125464520
145696393 688324190
261152659 874378527
418153476 383513158
396204498 6305996
32810858 766912659
5570386 166581991
880570166 84263501
443951434 219834045
297217501 103975656
55684191 633332929
362486240 754885620
993781402 846846026
288855771 464414765
845658094 498417290
322093988 337450819
366744375 210005291
823683071 725047142
6467403 50252145
11248960 749375106
21311414 224682250
880506171 544265277
99031435 264836906
466751159 904581461
199480869 139617099
675320887 361062861
109507229 711969752
726446348 317507923
522527292 826131843
653597337 909526952
75357556 460712640
692345942 648586443
732915729 857371665
848935956 135856730
853593041 665361453
60064220 858039019
620492252 865454834
68498617 548019199
983098842 954551869
776372158 45755336
278032640 426735238
2131934 167458931
202144432 749452392
941272192 2685989
504291827 581838737
497886744 354248228
325978495 175167480
68027446 521340618
524614265 220920578
746230446 521849711
628007409 740092805
17080641 777117126
265467881 175370948
38929404 714721458
352470158 825144928
869508140 981147803
302675995 476986861
931035196 890495608
684750670 119286014
131440555 379735440
286420060 165192682
525322726 764934221
237148659 538825864
509560168 777908237
886665539 54297947
493832061 662380629
915968516 148023855
727193063 227187241
482505358 443056318
721438856 439995136
466603044 142391612
633492386 547383578
980830645 5077812
737938014 72096209
588267208 922761517
38272084 520723934
958385149 570980429
261706095 7842316
297957707 455036552
922011712 229740240
264683695 724154811
592303423 323475559
253547098 593168953
506111880 642764881
339845678 11101381
183929596 519992441
93446549 516825343
512550913 980515910
180520331 125353683
989103263 309917988
360329761 86605567
922460293 970029408
446234782 815569134
240601515 649671874
87872130 642478602
414180582 985045215
107999151 833940465
853727317 718893139
546102761 376038928
375676254 940721255
740496097 49886879
879775314 710038012
97136236 329112862
963310358 601695621
967372036 969581021
64048505 693981276
629266035 850356646
128908159 897522089
339954164 200131555
374696189 723870104
512038491 645313925
541676903 850097536
37439969 94316503
739058666 826099797
538736179 965889171
548329032 895392542
69718128 747655604
824037560 993228675
128558537 43322887
892899395 45819223
525928186 389081401
820007605 20967979
658793308 12298547
553414392 421027124
166474354 205069117
720675990 254423556
113333477 385963447
317143096 710375489
251721154 968005438
825442787 537600759
40745454 476376741
197674717 227339828
575016973 109858302
204522175 293595418
206434185 942633981
159834959 793723526
775223084 706992566
425453713 274840614
507010023 710302419
386448027 900842944
276660945 398502430
936811205 21310763
307338516 583867644
631322132 380872988
175365151 637517121
552477802 650219187
165074161 642307177
87754436 713783249
527419674 403825466
833384089 556924463
992809490 730311455
386070398 684785412
113482363 971382631
939330957 318519790
392741937 33906694
524255551 101116849
728115212 559902439
914498380 887314544
187393330 410633263
474411912 571341764
408999609 360475799
168567811 381595029
480431406 986682310
28221970 167988532
321591524 608323046
65935300 439898567
92275938 510097224
644549771 261661582
3389671 161808278
442853656 594001288
549783640 40839893
891713616 511021961
195618824 700417834
473045413 753599414
574516274 322609995
573500424 231114169
427540825 544940730
447355128 370422927
628996911 758670892
12072042 693655244
426889523 915641871
201793770 304288891
542472100 661767137
69651771 474699111
217647794 673007237
951725173 740383116
608705641 904487388
719689294 41066831
563174336 81060354
965671278 453990697
884481741 256714278
908330277 32491387
941735485 212457203
406939376 366434227
988999932 466210656
54075751 909174681
468535227 848817321
206910975 586358832
442175875 138257525
602606892 321843492
788117806 947983909
362982178 46578688
538699498 863769188
437214137 144367684
910210113 601665092
736093585 217552221
296834391 830420204
242102016 802581568
722233303 561828458
280378301 961641091
457898086 16335188
42462730 216831204
521893572 752650519
793896358 244695422
1462433 900383849
560276665 591330174
12409830 664590638
834731110 732739453
836741923 970678051
805028574 208300373
947239459 573750723
245145362 590543092
55491576 109842699
148085918 579192034
6981033 880507723
259804008 313541085
191506042 316574436
717247301 251884362
910745618 616516629
727311203 151370308
692800560 382189645
344959101 329813524
380663881 580620530
957972336 733438337
878490012 727640896
987709531 207067005
340124574 793552139
373331292 181403824
635852470 628452431
210278293 196101135
645115944 588634988
756970108 477293656
174728699 256348062
4037555 3959054
295877197 885469408
625058850 322693735
644677507 969898091
578586478 128670991
164458860 655743227
408897459 81861977
894263248 214494753
753614618 285432802
720334044 560133167
904940678 319708478
460739987 18995725
44019875 649903551
200047655 158576489
551591722 731406246
320346014 518429810
6710810 312765736
314890647 998198352
657276529 633392978
403680367 983345255
558328449 59997859
828336290 196578344
165500133 925275509
6941950 583429191
980468481 695487939
25566842 140225978
781963163 367575467
373976698 303045027
549893681 470700462
758102494 438731607
289118514 632265596
350221165 967091668
683116495 591187723
68584340 282281777
58463617 519805476
967439808 427917637
314506183 674678432
178044143 589258194
214016174 622993686
641451358 831171793
504009424 670521076
764564834 525098976
754252234 964824155
992404465 696041201
303529099 371828527
42914473 620116312
633842948 651823349
155216250 148921325
27787095 752765542
6239013 484040887
446276175 715809416
698041974 543127253
478235417 671330713
243012980 500527829
205807094 394436965
162366553 562258050
206508467 528496248
10597192 618859111
63371831 267854804
532153586 43116908
909559700 563942089
701967488 864377786
305417108 74043755
512701603 921843534
47671616 482509150
454180200 493629343
105086492 545311421
881468360 294472253
775357087 278912243
894051537 698314321
117313441 171935128
783670879 503248523
352146051 388996377
225957368 114061434
748234706 669767739
599807416 376696313
489276079 929206531
788877550 774864150
75176635 324938487
28507378 8520231
108318425 308500699
171035493 903281976
540093726 348272739
48014915 372276895
91214830 540145411
28265205 813821177
970574999 47093376
810482166 177326507
880494024 892154431
374928662 674138695
864834099 378580949
370095915 239613938
253753249 298461447
522847718 601167463
71511144 393820048
755240639 893946985
855067419 538676648
175621553 931558681
708218944 286548817
98435571 84032022
931205188 375998445
893423556 753690961
569391453 630226591
751443712 543555114
261589522 959061350
236206122 151670869
267483437 700424149
550300360 468406663
180103065 118300276
706797604 219576596
37803010 475004200
462602209 917766454
541247727 888017138
41201532 480047070
301080011 411217836
758700134 422738716
302194647 116619562
995225525 767620492
626888084 912306507
546260656 265743692
965646012 223996505
708621860 699088562
701901825 50075818
771651076 546778553
744259948 503331547
961937754 645255435
166786731 822065392
431985705 478364469
438560621 383835162
239974651 12265835
663187068 55001087
783389077 208514383
701099259 903342892
231391909 109089288
682480896 942867737
324577826 720315065
695862280 643638250
544846565 768111900
359141926 180643106
53048502 443438319
541991534 602738514
40127637 353457015
852360399 61075524
874074745 479777075
985007478 556599179
283261017 758447201
707607534 558033151
791887929 781455183
457177589 939611738
138484529 27473242
475468461 229759934
667262914 610736314
836131116 483643713
509681247 239090383
261705493 507469857
118717648 140077529
69424951 655879933
541372578 215089941
455410201 648490220
548419855 549630817
492546145 992818122
905596620 330561613
856160011 619767606
769509976 893570923
476261133 368750184
344908696 190954132
511264749 114009753
605187314 489060435
446362175 896869594
824777624 252609680
447362039 778013701
372808269 913337367
231154169 301202236
427843401 163691407
134259770 341241895
43976529 359546006
361010542 399893680
712827399 907210415
659468687 461559174
464110106 590264244
797186671 951884502
780602747 914776908
452564095 483019124
637105365 505026618
140859649 118551395
412949249 575854523
666831445 693461324
333486565 612694755
405784963 799274108
796858274 184340624
74091775 423564209
396182003 990348405
376042862 467379270
957051461 822007543
331109964 893497945
623854058 576310334
559530822 858892826
656467136 711479918
270815546 799861292
780251703 875686284
9021943 351525775
366747883 522240968
470298193 324649040
291246872 648962281
819913881 860250019
49085248 110870637
181085407 16181026
488213476 145781364
988348935 767140424
132507539 219873000
604201220 665488177
766146669 165081601
330118268 835070792
797530421 340005446
398196153 260996553
567995922 379694716
888222650 698017036
614082164 778461428
39456594 29708704
724705049 459080009
296681175 242666128
247784751 154639409
319645513 843813356
69007908 995826151
54944498 396615873
166997167 389258311
264727086 366380757
844730475 20119897
415167024 849274520
720625910 854746133
221379297 998123642
618975991 449907337
816178440 595643613
248104432 866645512
523541785 377952652
792416451 707417696
185183175 157899012
534712377 30672510
615852431 10292199
699313024 202152210
616168292 235495733
749976302 891293162
204722371 563673635
306222545 373863747
230427089 670989080
6429810 813757334
342854062 821339809
696440131 406004771
563504369 142636513
937314343 216758964
159832650 719288645
947312298 954081582
615732436 968415567
964016701 677523118
62449455 873664617
638773403 994260339
494174761 329435334
450028200 201979742
551820900 754886430
620516691 164568977
872878766 237414920
557122359 402829772
156791792 228256662
976744624 406171996
151686918 174006209
245295817 64044826
197777680 813414276
597975335 216104390
913950317 909958201
137806065 602483544
555019735 695224793
322455460 608230205
148384723 597560677
820809617 25549119
369346553 653055070
52712432 554621494
989704387 502942010
519419338 285564039
425818441 418175986
863127681 836496837
893951078 836341413
334958270 438840141
303564480 190971770
868078746 179777449
416998589 364526867
749862441 1573180
993391131 567438289
901722421 456675414
985839425 581315608
338792049 787771903
407569324 22838438
314278190 516756318
364071627 381178327
935630935 609577710
998021170 16470491
3455139 803075295
408128532 540326389
894202201 106413490
874795114 615031312
900998701 808481693
683632059 464461830
995569854 967619473
9329720 434240675
693926582 13554644
829351378 40990412
456959460 697635290
713335507 673370305
121186836 803486320
55309387 466465921
790484773 322769300
932038830 127415473
675765458 406108805
762926478 123808864
20109690 258713557
447256570 641205454
777670128 250361630
384004191 489298128
123635570 86118725
181328347 585579663
382280379 305478159
716236610 837733262
651693179 768812532
163157352 329937449
962777971 420694017
814625461 665848114
723041794 629020004
742460293 701420285
737462385 632220445
171270510 810344785
396877405 590121017
797906610 120454568
142240536 142196105
227283115 502657424
700404077 956697153
510307199 954147326
586148067 204909833
86623993 413204811
484373107 624974753
627605123 942419098
446103076 704650712
475004252 671746184
601662397 178719929
991841355 489086720
611459482 949374903
271582592 969182427
208862857 304697466
954134900 995036909
82116625 205103103
257107089 31467615
505100009 810802780
41839452 881450207
71794189 751635795
834281219 141287190
652599571 928001252
870058213 885913926
371849351 99210345
783530257 485320770
783163235 385338353
676290512 201837832
753187723 564604516
209932465 392021845
563685160 47422870
818818245 336350336
335565791 898757272
692850189 300902991
972113778 990584168
833004351 597177564
226873609 21578125
952878027 289757119
10495366 322119940
537105882 684885858
718109825 199902548
593553650 96883576
958590811 665752463
490530638 919390176
302034928 168358403
834933302 474406937
155105840 8790073
30409368 314991317
697329485 650508072
30001722 154970518
904281770 831571491
924361839 617264477
514359300 429780777
307608319 592062617
20776429 748015527
69220884 238601863
753303683 785666361
623263215 347995094
713466389 288542586
96506216 735419464
212531787 918103914
585222681 713340289
644515851 927516489
17354161 136004772
435049278 571514080
865764367 384332067
787485226 416871496
974032742 54350481
583265113 182332610
576249779 12102464
337780473 489485740
644478621 985513967
437670537 98563752
158201886 873856602
872153982 875493686
998075787 103541932
915230828 133195654
582742555 648054419
567711737 607134422
79646428 628097678
73428709 251501725
277682365 7548297
120945973 178285259
40603632 316887377
170461508 125706577
270297641 171040643
563746841 899655172
534536105 888318602
915411083 665435930
139988482 495463304
168934430 286472658
55912806 772755952
323381621 175546197
832973540 295620717
212820886 215819584
853276215 919152176
142953503 206982823
584028822 380752952
739963579 52819555
119508273 786554474
490012506 549380070
291327957 866984424
525713985 611809032
669122269 625197661
453295028 590073648
61115420 487978514
564116893 276125232
967353031 41026084
981386426 790339759
33332843 196084261
168642876 638864087
811691272 637990135
583617305 365369535
897494782 219467606
988828573 506534310
623893586 381551869
100876205 506774556
425454247 588102172
655904432 854700020
79813154 61459449
268442388 870083796
846175600 762480366
688838182 897670396
741063467 889321493
738633413 52257369
686190748 928182424
230513778 924192808
987079605 973638097
694759072 870276569
396413639 213105409
641738063 782503602
650697738 704711397
627801309 449266569
421356063 118892360
517935065 553542046
799020744 933743513
119079154 822163852
526340528 737593159
315757551 331085311
223463472 349444164
440848399 839770112
405619232 287112738
496462029 186470263
770332866 646141693
842225621 93096988
619065209 753610893
867912716 648063297
25691290 792143972
871876465 459110580
441393589 218547198
661686082 474328602
126247726 299594845
708707336 260535480
243576881 208284769
751895476 834954467
533762458 763342555
230538223 518057109
776395661 181706521
277474931 453762421
93991174 204205185
72140711 794916863
327338923 579777981
140573750 943908540
204954218 905080260
474254713 962563452
278298011 270368601
289474145 330656969
137735253 918684758
984517759 200293953
627944773 47922847
735258888 255553984
204028252 778761918
116887023 253259587
729421442 306655631
256860682 848191707
259526245 260825919
625218236 861430186
974897276 468984734
481223783 384483844
235587788 756913034
225116536 169095685
264524723 809321355
962767110 977495423
689079937 233945462
583186612 433114955
911408880 983851093
785757814 407757679
303475255 562531909
528574385 318999257
992488199 909191785
218616214 992234860
163870570 253152509
268889869 871973592
93642802 569310865
817821974 485959894
187557886 270974014
328672036 254411633
503482669 682727829
330981997 723809114
334267314 249653106
116523448 194466827
289602885 162797172
628057005 766342319
170074724 805379070
335191667 670041077
562266860 817460223
236286284 906610646
546561548 924074060
317528970 624073674
748794147 864736730
637334571 768012093
412293596 574093086
672708267 981210880
130183943 722243702
982274816 761531758
202313167 653373450
884464062 866761004
893281263 401445059
892969613 927076991
602467850 436605386
907874202 368322167
959599855 700896245
433030517 394884389
44366321 630255926
278174444 305907305
428382331 731839839
334264810 77598229
30479357 883377686
57701423 869654147
695290743 801633369
730655057 214101856
597866678 39978964
746394975 898357864
500095187 140407694
488409966 671591226
727884761 263617588
551222787 470866350
272184968 614203594
235845845 530676350
983054838 905859617
567265568 802470823
492122748 660817588
458579370 174481872
911305463 944744350
481292716 560719090
355167866 534496211
306563309 520642186
193888067 195904257
903905169 738839102
448320687 764767367
909768093 440857627
38357038 463438476
414164464 246181381
783042538 9817649
569992307 930782341
617698723 127067038
96141296 467849475
271359478 493713127
225179234 537859719
903240630 4357892
189006034 506578629
985320593 715502951
543500860 773985049
529247582 102905531
942477597 214312728
487368384 814241041
958432500 544974274
68900968 9476190
922376220 26814559
351922822 982676557
881584814 455176752
355466056 482295741
278149019 580851866
447548961 640332128
173508881 161584434
175417847 651053770
1740783 446653607
987060088 410157423
680052425 789567602
28848355 835355464
255578209 84598178
610559718 658240369
658092853 854278564
702141030 579889862
811827762 738663133
604380286 13640224
310275618 341391869
564375872 231413507
147265795 74489877
491908499 47327459
113969487 312404460
377650731 585290637
713316883 419222985
721569329 251810204
501428270 887724817
668126876 246893533
933453908 943318179
805313266 86924828
548961877 983087023
459933910 296405908
940791030 373926992
791397220 773009683
342454449 17947178
563014354 93531793
772804273 561726123
990755587 917585819
729257515 585852122
704372820 971941115
41506673 600454776
247661413 727268722
814736438 744749358
925517167 635896399
340346786 874181051
443198275 168270002
968196928 276877094
14554806 661187540
701184151 189114022
995887739 212524637
650586696 699157496
386791634 793784720
896710901 262285310
653227396 760021922
314873049 891852367
112798897 219947494
267341770 811146123
917464341 810243942
970741001 436745286
817123284 991392562
937091633 729118766
96520518 235004552
114429974 167617483
260557781 848999531
836649559 400220780
106579445 122409987
50358906 234450026
409916891 722256637
327283894 675726685
568416115 636963505
572141823 828660633
326011757 164719609
947218748 721254357
520969834 937573064
390791515 574094847
340283597 408936723
602691197 737226700
635854753 183150363
277204233 590496339
761481900 108086664
708893862 466136230
245933432 831118312
420698253 990069663
410576323 505379473
221504312 232465490
789144662 303092575
43665806 622567459
267195695 777909574
592895702 18472629
857353793 738193475
281287962 352483726
853822101 378653044
74263968 399390378
186860319 692502717
882076329 42867920
368082459 26844821
389982792 634267327
12617449 84812859
8428372 756748498
610232438 25212406
879900892 646203177
964978359 749943803
584018258 845770646
887942854 205321191
144651721 521650220
114177206 798610986
375462732 750299304
836393168 604870878
713415085 183741351
318974 97324820
259554426 555066365
406524652 308423278
589669622 654526599
57454318 718202525
34835759 651885146
810680322 53763525
222819951 597516983
584365446 170008331
69658123 286901883
412725067 472656325
481614106 536563644
619986537 341963164
814495022 251961588
210639449 889052132
247657481 579648165
567389706 255604174
407083523 803460507
34477728 680340393
978769594 454936400
770808151 812932933
317983160 676952039
262061596 263193463
890591173 810035757
6441708 660020807
97325209 56420124
186310758 11908163
706196352 501752209
435598889 451518543
326437187 184220160
119793393 497992205
242595797 452325543
451658274 648166975
729589745 177948231
872581334 317965151
381226034 582929084
357693279 912247567
740797398 159620249
32878898 844243617
762583414 204187588
438573590 670170961
62330167 861840221
355559819 236181504
281977295 927481827
36478225 703901443
100818224 625903154
72027146 154863201
178955216 645105306
568626504 870176624
20696845 635354831
359326533 472583790
200561747 646077752
60281432 79549114
221933399 974509998
14127023 345827534
843466054 645223240
443821948 460222022
303329692 486832327
783461028 33736845
664803100 662439250
737271345 185255259
203713447 85678075
394525377 958614540
57205105 877183708
802219731 298541621
748273518 735216327
593228452 811059992
63093698 318302349
982448593 101703834
952763827 301093513
614771936 682328033
147296410 537755515
572875497 398296813
552235187 364899290
759056668 744313423
70007693 252751144
41872272 478416027
658348267 746337727
47056918 616341085
915755046 595564095
927513393 361350745
149320768 968978156
493565975 170074739
146956926 645203983
213570446 787599386
142689192 106725642
578559565 854295032
603754566 695406875
831447425 462447950
367455961 780032992
77359919 445580379
87523363 666656520
237265511 341334798
780112786 24429911
60039079 164559762
546837478 54714781
497621206 224516362
701360364 711662188
885722243 148025045
491961848 896167920
323066807 583361249
28381368 849593011
129759943 335176988
660064023 483592650
613907071 14629649
196515052 443212186
278018954 870464018
886262524 397261183
829517868 525889196
145512353 105434494
95781815 512688209
908678274 558802911
943682643 763978720
676138343 622637318
671021244 933964667
840490987 565790989
370836969 503131460
743398643 769973763
980365565 358378023
772537146 549877246
785358533 319924103
813843753 292297803
907658781 606214891
589484334 553997995
278031502 573332093
379913145 394689250
2413645 537522358
928465231 515020525
355208008 52849216
67009623 281198053
189583534 668763909
25518778 849883427
714394436 669317200
561676424 778293064
48647326 455356170
687902151 924208038
108148663 377778325
266235049 204358090
921178993 579692213
203437955 412868247
846988841 527454006
483401468 181731778
665970815 589764724
472505532 822314154
764928558 975633120
946569502 457319410
920250900 509718070
201302357 130075445
950047994 134350769
456367074 905888208
437516934 524825730
224281323 206149015
470647773 357974553
29193171 781997849
753212509 960887376
800660405 600365697
664945180 68169030
645499808 184455069
7984784 383441156
40882664 65452251
350823906 568307392
80255914 493924076
639122432 792563605
767753623 383116341
385992061 364350787
47499108 883923245
370801633 654048302
850369669 814821239
833368502 32001087
176918881 418540041
665718494 722921418
113216291 65465396
384002816 989094143
457223316 949826446
859227481 803796965
250126242 240608349
464147131 487584650
970295552 210807593
723013604 100209300
478248917 237440608
80019012 922554410
480060560 619847646
75930334 298182100
933059963 644349271
901912713 61546973
619804802 438166758
636770551 621970771
193615071 952160525
264239997 170996789
964416679 496666884
568721693 833390032
895908768 540530318
161990790 69758564
613175920 872599308
637748518 984706171
208282972 393018913
32131812 601062837
387913977 220537025
101626448 283317390
241796443 342940889
128619503 587229547
640612719 573762886
475727623 964059941
620743442 717278307
183269765 601625160
887858763 422291436
250170304 344960089
501997339 523928320
680426928 560772732
485455490 615169539
710718129 74838080
711320942 225110270
107961418 611854472
143941675 730601437
827702705 461152548
424004295 117959136
908096739 468553979
709408799 646382895
497443146 777679139
401480188 437732623
110278133 592347589
832620537 315102095
326184161 995071502
564686142 210026974
189103198 964129086
128911826 295863567
955584562 549629149
208326791 964541195
262115401 219420417
579385819 402945793
9122380 705314403
429261496 228355604
815569269 11813698
455636267 693779246
629377480 515231679
267311302 711793674
187894424 28568007
869859697 23938101
602134086 865851365
978470905 682748503
374161851 195535275
27880903 968231832
777130456 82297467
51026880 395619201
877131449 759117084
977546508 808085722
151885759 699567034
880019662 628949202
154216213 615678724
165800503 883115643
721361084 747075305
504029005 990803388
106882379 253940450
415923553 531860762
777976143 481106466
278832802 225067844
177154651 634330279
879918085 902481651
845204054 453796616
718845377 961104918
552962295 29084263
401859349 406360962
300351622 578601981
713613038 118680635
912586722 409467798
279838372 791041525
918473913 18026305
406938486 35426049
209978541 529192072
151933459 766105838
711903731 654916261
45121387 862878126
341389964 565647035
954769796 577550796
947882632 406078621
424741492 361972880
634793349 455222345
425029628 768192682
386870903 607031683
330763878 520349326
536417476 975131351
765068979 334872676
383003970 28050723
896354007 674264323
920458728 761895092
731655115 361401067
763446915 967882386
