468985164 491923631
501724155 151358396
564294293 439609687
454424044 996363775
662323103 413950959
661360020 510948376
749236940 465158337
830361407 731744116
235361476 320914305
614706465 550735322
787827527 21555314
589266772 105953237
259856215 793012728
327120151 872119450
366443451 45883924
353195184 235224320
448697296 951022907
907688687 294631151
417806430 36147411
196377580 689547479
967033656 644786188
603689877 532493626
480006712 38361182
598149046 141482199
845580809 378884112
784521214 579121896
453094846 213608614
209975346 436222772
988215737 593620955
858493899 74920277
950412853 28586643
661202522 446109297
847998477 891306605
977550217 94464123
416103797 940282003
290130538 707214773
451664939 451117580
55382261 639057111
214391533 816507608
856793061 493841247
252257214 677636568
305458977 953007199
382843544 568393628
676446975 322844806
656099193 49814980
168914287 493273852
401276304 767695880
678070197 65567028
347490411 154300095
365058648 525157717
236399642 533788947
628125882 944517933
23048208 533292463
260051388 937960035
160713161 114837551
108783656 50878846
896092716 42540670
955708282 479498776
597777360 867160567
967222114 39385941
629248763 65324375
29232514 384289293
127665743 927304501
49586505 326123834
577752650 279453038
75231152 273695345
223343725 767880388
681256219 878504915
108355852 89054413
823414060 723535041
424037967 588243452
218036119 546440028
566737347 350262229
924043960 363037081
959400972 923318761
914544442 701049360
392203944 40526399
407862997 486818421
829390924 71270072
974138643 745427353
328768316 148558825
327670166 994414041
829785154 670486404
351175307 941911740
106582785 715948928
545372605 214708364
937193966 481586426
851492654 681256938
939558698 495179026
391668156 309563281
408796519 669890887
49188534 310862017
75813333 460666549
327312500 114753489
788716892 627161466
852857844 975920089
426249031 96138412
956429850 541089771
520135435 392125944
372877070 889275096
310969207 294590433
532890119 449914196
370502875 318330202
293902863 678840577
527357704 671546788
331177895 772251944
96220334 566659929
706431592 370914436
974766188 637497319
443264419 27627845
793778007 551620534
653696001 420985874
574578732 748795838
96489728 68601998
670327561 605954189
419262529 250131375
165316746 807578636
436140673 363864542
894644115 716089585
352250379 392168210
235406878 677998223
849778685 65309481
205194945 451708589
554517479 613935167
723944737 691720100
529559984 801238516
47580044 710116497
26414381 152047552
726338763 584184603
152578692 179286097
467202988 761088789
131549093 255103344
578076713 237938426
600435673 834700524
356963512 564305334
587201880 77437221
117721697 760283613
530498063 606105654
902639490 542415582
852110804 937995257
143237257 206793300
67812905 594097670
634008149 997681043
659065303 850887738
815496872 50817726
410773395 701576443
710589359 187100003
924515138 632969024
600418553 927869070
302391320 228457421
842755280 186427734
615939013 493927064
363597657 583177802
732235029 897955826
184129390 993920602
256432183 97388353
918632965 47965284
39691153 382235806
817678276 637420483
180136429 539012025
593414972 356926276
542093745 169809995
58422664 821972793
378998516 273725815
527222378 453568901
991719324 877476408
93067324 724837131
224144775 639896892
612342501 229719293
237040025 394887532
666586745 193243556
106730380 662782266
467391903 351290241
60437314 876723660
865629656 940737246
19449024 449469745
864225857 979291396
697143029 261949443
874502533 827329842
467813790 388691734
430487122 661610031
136947363 197585600
56977549 616934162
887586794 536060510
327080299 117544290
83213456 160045403
514567759 42012996
887054452 76226878
263025132 814102855
555440510 14435216
239170698 682322996
433224249 70986169
195999869 730806212
535697439 362348401
333096956 546942910
10768161 985062417
750260904 217933389
697667402 445695487
837327433 900504268
980362985 385410219
514353907 938176092
373776257 610002760
978420527 75847186
150399702 790490532
668378356 171665188
746638797 895587019
866079528 953413137
443510471 477614520
426602102 558028541
524419759 989318145
302332975 735855558
900259225 729328716
778143718 753111229
828672813 108548745
689639317 974602640
222017209 378830556
531619114 247796407
369517333 781937297
456570455 986984500
745944468 595890693
574102931 572366621
979185030 826414708
302383700 867797916
862183206 374871822
939759261 726742698
378586673 158477137
227131178 830241695
571448846 891982797
462098619 105995415
454698984 391612246
455763630 517298855
808562625 843586103
574568916 890785859
45646693 859938930
368197198 151647947
735464869 290551483
481084201 134398678
549946975 594620135
164006137 990366599
757856721 145757747
752529322 976684431
862098733 379214203
922996325 573088608
426318286 132675738
70619657 385805067
986587706 745769004
240265645 530413711
953802923 381952873
229023512 458897977
100245852 679110167
187319968 869620221
736020766 748576051
173332286 136237969
159293579 180828715
692847366 250742527
116255960 555092713
292563770 868442288
316786632 916623693
954933041 279740577
559274163 624130059
767466481 863063959
550314599 553427575
375318576 734737984
302145885 82746514
871941042 767334695
662334985 784993636
612320599 271641809
39387600 814955419
672432946 579831422
711840825 273935913
368608710 983044490
248363478 766855000
950634489 987467941
388180299 560538891
109206068 210716653
389315184 536223668
92084502 856438471
857473616 82138740
105939700 947830609
386244399 238320074
395738678 565851924
714464523 972003900
283597044 292018962
492292073 616805115
149904577 348385403
565767606 515139924
44497848 977609501
850012625 955662003
712176904 899963049
434951327 375419840
914153988 782469171
820312192 478627963
945097780 277830169
14829848 926139674
116104494 479967992
378178829 209260347
883841472 785320373
194791710 212285297
244932759 404361258
462671802 693403997
288758001 350792594
780779647 279164251
622260045 531375379
15195932 304710497
466583494 740650536
391635478 451536011
951655930 624451182
137849340 325357079
866034780 243127286
621071785 153579224
286682417 412442149
381226910 544778059
52864945 697000329
101000083 820687158
41111749 271912879
210845079 991505574
102999520 421271849
521274268 883124443
679644057 669135815
33311596 966540214
190401103 107501829
662618858 688342832
50910365 472991195
163111779 8115804
334496391 360394909
522679959 874294991
173251681 381989170
817409854 541503922
212779047 867978341
217842542 115620582
783554451 358009402
342008891 610242809
501437826 501190721
646401509 23756101
688757040 824915589
425821493 884983350
550615972 837573764
157734562 692109098
989554095 549115480
904037020 179438173
906832663 928794254
738489900 935926016
604878962 204735010
735633292 47680094
587036565 523638376
132817181 494443445
195856023 636321542
881589367 406230833
108112326 440889836
933580966 794387976
39165442 281118545
60202906 292931239
578396526 214684138
421699234 826575863
826880976 716043982
336722786 62411094
732293256 325862390
935635027 238575819
507353766 261498562
552601260 708175710
472830933 524621075
712077677 583474000
618577495 630100756
839690706 647616671
488253698 607177579
516501781 169503741
650371657 235410715
521874190 972873151
786115095 634558222
857245840 223196083
752390826 637066247
941719483 636761426
843430976 568363308
764560974 280532750
483741169 912275251
88193492 956842700
288123403 621438661
911643601 404192205
906523321 428047644
695291367 725909348
148755744 774732307
383945684 437533264
516208303 345895464
698247688 26808062
832340391 970755724
568130600 68370823
473228887 970774564
458121087 3765779
126130033 219972716
435729148 722679454
972069138 976516345
353770548 235939095
160233407 948383560
225103616 571570427
978701930 335430836
251874614 352461753
12704355 3738112
365867547 330783115
708966505 870331418
260896458 678673399
677025550 984677915
722746507 956356286
23055477 797348734
311552330 659759461
693722522 359678708
451894798 672113525
721629228 669766512
590625466 842410165
348622483 33366019
881692904 795264604
425265716 188832108
695012519 233327519
829198599 98029906
348890126 34499764
34085109 282537628
903343113 361154207
221352904 208606324
168509118 818060339
656083634 150250613
448511189 284321361
688166098 799755147
486805716 372662776
370283387 108822057
136459967 838382684
357890588 336348941
907152301 829545074
832291842 112674200
27182593 449982505
721920757 147731416
584239601 626524402
646629048 446583541
376386153 636140773
228103217 512047907
490461007 344132930
135625744 281250765
819612832 491398387
830797180 676766142
59792236 922783213
177011106 863629314
13363439 77248711
466322233 868007776
450838136 16391835
943863099 756476721
365538900 608739284
585677547 272023248
534057812 602279285
490062565 752147165
9609629 982161612
905513375 514194552
444166300 141908661
543529098 746276734
772283297 321996263
423243918 313696916
344407137 12615049
374668138 623923035
109253450 78947066
527567935 33122539
294422003 976719384
717140082 643416806
165847060 643867971
120946402 569978272
430350578 603266150
532695197 255562087
626919520 939244084
751515455 353555664
118940670 410149276
40760756 89830216
473326881 112022837
110433687 30145472
14703655 132837519
57894396 596528853
503431224 296393551
888593836 215914264
115357825 838931880
636292795 724910480
409621895 194706851
741495879 566383240
485284092 535335067
91802310 309439168
572338024 581291928
465128682 578179600
305987406 873324624
750859053 848125071
881019168 26588030
346215499 623251782
439239736 327344638
525231681 436607297
994573552 123100538
30240337 390047350
497867859 654768647
468580947 778328003
991292657 908073465
403845450 2187162
134547496 602974333
250442404 574883278
711053827 196483570
841605037 502726234
661896646 387294516
996178420 31484813
226362220 931412779
407026850 238134783
277919014 169851739
696027378 469548116
759786857 990225309
925921441 64777607
110079024 424450108
977629665 428246835
881670927 289615746
451627883 920898156
287366706 812066084
995225699 343187327
286456261 387404714
487009644 158305366
519295493 393960027
908937458 127917652
25655126 79387228
528386597 99165759
283462136 168926486
465504716 437757592
836590025 433062943
393332345 484322693
849188314 69487791
972193838 414945080
913610743 429352005
49495279 401425957
570046723 123467010
660597487 268387908
310949740 903893283
774949130 635090796
16908960 826824628
129037243 117252184
169627335 837287334
327223228 777602021
557119150 255760103
961228728 364464726
639738016 562469402
491344275 127280561
932301527 795386963
735898881 887443612
676492406 825237311
920161706 168195978
538622010 488850439
268382610 256300074
928598943 796147027
761419880 935641817
784697674 161155634
188121787 53642172
991593147 650084824
851232413 505481904
252157741 566237712
416591719 106214113
877591150 94252493
204175210 117768698
277635373 599632026
606100041 358048549
616653258 363702253
480019380 808435780
56137586 882323863
757376772 840404341
390188928 109870598
113231685 736202779
890055462 542818523
288444738 419380780
763151187 497701455
362034322 770418655
495849159 541562056
576674952 203258697
565495079 3565760
247457749 494411995
989002449 431126968
967105524 783547461
414106810 820930547
828393517 407228601
759781220 808756181
687755928 63071810
394579313 211698964
11749992 989280177
811567867 927475067
103800411 583035565
204650061 4505100
329027419 898600746
204614959 388457873
230331953 227299411
364766414 761775859
523321633 737689798
121918953 685745428
992964770 444499097
649279504 437347149
862735178 960650199
98644049 414369932
14360768 491354432
676673441 853903359
771085276 786758717
933983513 333043143
822353626 585455518
793410745 768934308
542775631 860055161
787560490 609117212
629882099 855156243
418776217 779595007
387156550 760431434
62082039 973593275
453584620 758298964
519138565 573335921
588402911 472301631
666046054 579853156
892519493 148932068
516118426 952681526
287611328 496710734
945503739 979696503
46266027 697954916
173769261 984586025
795715049 140649628
139511907 144278398
16291574 486174031
21193814 647579380
827942164 181879323
384164626 982722905
764057595 637790820
348429424 494086882
411207780 638050598
776634845 67608803
764364933 892155416
407636793 448019069
444886328 465305445
870782297 97983637
217948639 43276440
937685742 550517454
258996518 895914101
657564646 694993353
21256306 394510645
486588300 337946673
967700110 943386690
828344931 84798050
971400403 85112984
312037858 923668994
573297029 790127867
91472119 746005555
368358975 161165282
699621676 661971380
781382242 734953550
350373515 373391909
199802240 409591815
165414526 539666045
821720635 586488235
311189578 459823911
567871713 666313892
885553912 724496646
556574212 968285115
927035697 302211647
849769985 458954478
416267829 456442531
278832146 772961036
316768680 592957885
242556589 969412917
703327695 683529729
517861365 671869101
895767100 322581822
140760436 579670490
515264380 208940074
194022101 70809644
819408675 357065636
408571383 358198550
16643879 241501549
766725515 24552775
775204620 900769865
381136169 955186987
127642172 218435263
676797899 57581557
384457742 619377144
494584227 2347423
930564697 139179853
691007295 511402770
887453063 641762258
467972344 906269053
434367313 455595597
81140498 563193191
120684397 142312146
798003037 863924402
251332416 416423332
941173166 596774259
536126316 586625116
585339998 5824875
290200574 378784016
758846175 465487969
989568616 641236548
986428606 358322272
259069121 13935406
24086205 659013549
336821257 569434798
785890283 653471892
17387378 253709374
968351183 627163972
467997555 626875672
368445928 3338272
253050921 107695831
222421230 487334469
520696640 633653374
735636503 656218078
754325422 992969581
296176909 424657379
249250198 647633307
90719094 388925168
52896333 695680899
21775070 30776041
58029379 472222374
76174303 17135537
712280450 135025144
558709735 683034122
959613568 808339856
298536507 218908720
868188182 182058655
306226486 566220346
732915165 724088681
717495755 368146455
167871911 604765691
885785512 272918761
894203185 729458758
289228709 978535446
208376922 875625593
626581494 223761610
232753289 869296278
387552738 275148562
83919248 404019820
115823275 293957743
588903032 933220193
974075474 397361898
500931233 572243809
905660413 331309231
28379017 84829093
267969735 578201104
301970089 393283069
401854026 576885941
815781596 55081236
215049222 632713274
203946822 575005039
390096929 178893769
467170968 891979838
405897466 338099376
794173293 296666814
443732639 805487103
420789240 59085213
374795176 923720843
608893770 216674314
794834943 444764776
11580273 189130139
199632835 286271403
272385730 100230144
201438850 782694705
42412403 66779019
495040387 24754042
430739180 399719216
950414887 17262112
314199031 450221008
3668058 922582857
338111519 827939747
324606525 900688136
621853208 62588124
626302206 850939565
99596634 696430548
28001376 274732629
676892073 111696829
29536610 854468850
245880918 470558564
953921446 84181040
782361747 639676419
245980718 9978237
111539266 76286642
215718666 653493643
850305221 182969981
41225590 545397548
288058962 727544457
376054293 734865575
363678251 166853651
257680130 4960817
583406969 11542087
587920609 384006698
185524415 401908684
445773992 115549548
985386076 500024943
223680772 415712128
262714494 371809765
668686546 50389000
287685499 658267167
188512218 991928941
617472423 130103516
873344066 261865246
207036040 179041979
916149220 177905145
176571392 517286596
655784483 733251789
475269749 699901000
891666255 629735241
459302168 954892511
52984199 231042259
239095156 596233807
352223017 959944196
347129403 529584801
868948663 257821523
27637611 66463016
726700830 6244811
296114397 62539697
352694538 957878670
936679629 589582542
758645516 846150894
416932864 668389884
772134949 618160166
316554880 843786235
515157351 688243523
284112345 384009462
287097563 989504294
239240963 293539089
522671043 587639843
361997440 32781897
740034307 596358179
224767987 513487547
190688400 224290713
139451194 167628407
688928725 253733126
861152565 386683439
119606922 788843980
185173482 967602636
695292491 192716443
523305085 662469161
44810681 770317512
880089732 137548442
969209295 203850721
518029927 266807239
179926524 290940522
958430525 724630404
531574053 481856631
602160235 210386726
113054468 127609580
868925082 771144563
788968341 772841268
604797223 307166590
981600775 26149583
598752421 749685009
438794768 680899994
303294246 107835752
995352138 819214430
570199871 800760762
347259546 31883988
521189473 174231924
142609783 552475189
640194764 667201932
926718905 981684656
763268943 506996204
538571105 673049878
619644517 791195193
451754334 980713867
681877354 807773379
106956620 81560494
742995496 436770109
254521867 632387733
35567493 260401118
384424760 6111750
597715128 334499132
962116683 573348387
162777523 726630695
597911274 807585948
147963461 6864537
8901190 937543662
992002639 397855814
98279284 258079290
493964937 252350153
332239945 679374344
821992122 204306297
397793204 202439812
436903723 585096981
373369364 568226447
894831747 204254541
748551242 502107199
993175963 995877911
568086464 250224441
843931331 215271621
211520145 604834769
755912424 515610874
139530473 817712838
790131741 380765597
458117863 223869760
452043795 61735309
638616759 445176127
732474407 651064571
670400922 330532016
316747426 103022053
205822303 342313638
257534987 230889498
326357727 481552322
101124462 60123009
498546874 359708406
662599293 503831633
235902079 292763328
956337267 561521393
372232044 83204112
563734902 745727308
107901958 875392056
766843297 815063568
970982027 845196370
333642628 333070360
890926722 160230389
813043398 24832331
386190352 297262511
417859790 465470827
416593755 73839409
165386272 674821619
259750546 171561241
822885327 494834365
169552093 102394378
364212055 601552070
664582138 486308431
261775696 43471551
129245050 884903728
240202754 209611298
310634935 536218393
853369470 22322676
46103314 893457263
484841425 329963951
242984079 142063454
707775640 173769637
374915525 54300777
12045799 102396794
930548149 889733451
760714380 947047984
503790706 262723904
275129563 677852087
881924084 544145766
994372679 175880696
110516650 296119880
428879206 534146801
285612366 580723006
38293435 631916961
379426996 144595715
607395357 80117035
430665137 190276368
299279774 135940383
381602172 371036697
390668414 949282549
781135361 175724621
324305075 209551655
348614732 80650366
841366054 200506081
274263658 666175638
720460645 446016440
722818860 995615712
19951690 922666093
21522027 654761373
589629710 332456410
531650683 757448214
69862805 384748436
207839386 719837254
228739924 452537813
294675365 31552750
919005252 179270649
632666518 240528094
390970597 515509664
59738165 685034940
260733727 939370991
690792491 924936070
401347210 377749508
461193754 625726363
469966485 449807658
447503131 743163629
28114813 653965052
569794705 291649415
556750579 919694239
661746127 704064818
868109281 101568993
301315946 756819186
976088428 626765817
128636474 698642820
352732368 473952490
448294666 834748809
122983423 783119719
693948696 129772789
247906583 217588719
986254073 278608868
378378655 215626189
324964764 283763364
611614561 478571890
959379058 717842219
246858506 248528986
969562510 557329313
636597602 369862820
568707869 346493761
777156635 344885548
350554682 360842827
788192374 468921390
574929640 437955256
538941737 741194303
131033358 560413120
214824906 212927643
992700259 294320700
166059841 50014972
363940643 940140182
769184921 741568795
825042417 109797218
452543386 254724643
477535024 869326098
780154977 424238671
234905350 760027678
762282711 742991799
284279886 132440558
965264896 877033882
924809043 490330698
461833196 6160711
137749019 952130522
43562911 617178934
654771186 187751224
214926394 593490309
534031130 880371199
588198585 353684073
949943071 1952754
987024234 185698521
676534437 763009250
538484469 551318463
988479912 9315962
828311547 502077017
45556626 809094224
462961274 984619041
64261771 322057866
635758286 164319384
962048498 226652788
769594290 217050855
909954002 817083640
598219479 602936410
189219596 90841739
234398128 868034719
57892766 116622750
96554154 419298516
521607900 549657726
49742729 532925192
645263975 857200467
242554427 675723697
960776261 985214643
180880976 569696452
551266443 161411629
981163131 892527051
605038139 892440642
796779428 181367550
160306953 620773067
849596195 975175704
714797300 850912749
750688870 428960525
977182894 470071636
455019962 624854193
612105944 844286880
358657136 593530470
823938813 829727426
252356647 27343511
896685659 676199099
126322818 790150919
935313149 358720180
897688187 806300011
927865278 245222272
694144734 274085502
240090754 606548056
345336743 928013845
369482465 606330467
351531512 690263804
769009141 347670746
421858090 931859065
932753502 183406526
24643941 804680646
547741636 294970543
301033333 655070385
328890354 926728643
676842944 580503153
252600038 752841734
181355863 497399467
391072244 461675203
823210912 959015457
504581125 74819679
289671788 581212224
608528943 363369087
33912233 289249273
723882537 843081217
671950869 895259383
510289673 408876809
238623153 928513986
899321255 217790290
745759891 146829397
572634363 531201575
539666929 12630063
354693364 38846400
280968764 96356450
594189740 56151958
546160248 905645082
616315418 185088717
577786285 293463935
654188829 697978043
755729178 561447574
683862691 916703643
120169925 312695108
52352807 686491420
224725011 574158662
586124064 912062016
414970754 650606530
302572316 396964858
340562043 836740909
720924975 984847719
626920585 950899610
201995754 326256491
199940936 976274262
949817413 491710329
222629452 139726824
265299719 780634103
630123852 842278124
928228930 988847568
474919264 216198199
49540716 595862386
171473811 737531335
440836372 808939703
453585520 539368868
425543754 776742686
133012414 717527707
599936121 692105242
301004807 658468082
883306175 893640705
508131457 61310113
893211178 168401750
908772657 218804151
765965118 659444642
371054209 590382211
248989011 205231788
565043578 99995619
742410881 852743514
88038061 603614917
187147148 83732661
365484792 27310944
297516157 179363046
673560267 158828972
756614913 976808253
331579094 895014847
147175884 393132349
111624200 180128328
193237043 127060600
40855507 877550814
634716263 530792027
830077883 943502355
861689647 693991880
4555661 941440381
657322206 863181803
3634478 97427136
599804392 316444597
664887791 988818147
645573825 814369583
136388640 324138391
560392739 84145899
377227840 70957862
593376203 789584339
420538977 713875745
418940926 319841816
71233881 710145387
631063774 669581591
824349432 39529698
854154626 360046799
514948307 240242829
736605445 89931375
442946963 484234671
348597430 9138884
663477078 533163968
981165008 795186451
502886220 109725670
157190908 342918149
934692421 908297411
614383129 395995508
391582018 800876272
609371028 710218123
697151668 435174746
500986373 229837031
179042270 26027342
843648124 336286880
179992169 103104272
922283421 404514646
84259764 452808135
100661492 67585077
369114617 337327570
131251539 167009256
359137154 868628428
691485481 622144536
483174100 725732469
3091525 617753308
472434199 538099051
605009028 725214560
696863893 37645813
297214702 552562523
209650211 558476787
110329941 941891714
400932003 664144737
604423531 24935482
574082270 274378688
211978214 362595884
480755572 859719141
48276853 691055335
68762653 51208311
283776624 449253627
920794527 708054683
968928888 828848864
57952468 29177119
681440282 102234701
280376467 93849446
751221984 927906185
882320391 833482570
531330462 232329126
339806605 4091916
391296084 987745426
197804888 499354748
29820814 626728454
342869626 783562561
564346052 754416216
672792702 181247474
33317161 864549013
231662179 414180884
363278204 327934431
725232169 775321947
328196142 321234998
123864927 268145913
178999552 8325158
407610956 324816958
758715567 879608600
42043521 115166112
605867011 519314702
390341284 891284881
41396075 571809211
692322250 474845377
980204984 805603383
872356016 303252622
191260272 126617295
212169649 164995266
115856378 873359202
37275589 873747037
862327414 262891627
649583165 98713700
733913719 428842872
309740486 800289426
391852683 854034569
61435788 407351219
664014547 417343895
526966427 157648746
199339284 770365716
946479458 132571868
354468948 109544356
75675563 768036665
108752932 668417527
199891446 280823651
505237738 38597595
801815984 87036550
795568482 362929401
298326042 841462746
46694525 676404534
615485976 665912054
812425950 864701679
438275423 827970124
919309259 681763098
223011468 449840243
104427639 294090727
277220181 899439624
750742761 568514287
883681526 763839279
857987609 163563988
981892225 157452181
653348715 53328487
371019231 179906158
650669051 339657096
768257263 874182059
544168859 932113986
767527254 241392669
534992484 494982104
159484004 91953740
666927569 438470343
501075233 175586347
258969744 44112712
229090843 635142011
395530171 581935449
820985406 624101802
125446691 969462427
975136278 755677538
769444358 235259828
555923184 775857237
241651452 668362912
141206528 576636471
79457036 245824528
422742661 28310195
701354251 992512920
339941061 531604055
72326067 772822651
588570800 232037348
769876912 994712236
106205902 205597296
830490485 348893685
159221809 88537464
349349645 59242304
448454105 154240656
699677297 285928964
622815414 675761177
158086664 942525317
589064271 770124179
783745164 155393715
803005410 32769689
358241115 134651392
279597617 134487270
380034391 176966601
457758540 171132599
527651836 658219993
411891615 451062592
733649435 149873513
17583587 933450458
659918575 336485204
338907624 171268316
937229684 332724880
603362922 762170419
969809459 281324469
69025749 829532100
805700824 923528606
131535387 77331787
70301311 516602681
559944212 322703320
11823689 174960532
184194167 969141225
326658273 455395000
937092366 19550744
508261818 103105478
616778271 209404760
932091430 588770109
481652137 185101453
356350385 174662389
255095337 648064643
367037215 65868340
133646010 91355891
695351645 129324923
531143328 174080235
764718201 91340217
67761321 437331454
961893684 337827745
695866390 236246682
593631479 466514361
174426391 510842491
744306692 236639647
690960666 133954026
671664445 2342674
31299663 375920596
519600746 348575286
658290507 521560542
789159609 327369551
826385325 231855252
392896273 135083747
884343428 458426000
716510010 106111291
121900239 594777919
133834051 652369039
880685233 849618834
638428148 554768242
828913476 50705829
897186472 190214996
955308343 156847575
951941975 38418044
758515357 934062222
779595404 169651237
794958689 514294097
878548574 785143800
395782144 477041896
455400072 471171062
570998767 21991870
393418060 144767197
128962285 785850517
656417352 977757852
478196837 504516418
802312947 689894897
626888582 755723968
978990186 465765006
246064484 335728089
248391435 452763708
657277257 580103693
791537330 181566419
461059946 860488355
81363184 890427734
748933838 837457154
141461937 627253031
987398915 677897321
344163587 189723131
275696878 253268395
59006490 229835701
320111536 603683414
926384989 414991388
173731796 816783670
738177030 967122053
194853499 427608932
489212952 78785260
356512244 940334655
893674768 531533171
495233122 353143140
239794635 353980213
443386315 168172691
818816520 695388644
929465473 275130270
599030717 908750862
477090052 575847279
917179230 96063876
283487982 698350058
616679927 114960567
162469923 61465907
776538725 69889289
754418830 507768879
887500932 961908258
576895408 780908554
119784530 882160210
609309405 574706606
915838112 394520166
567453595 511797631
635780792 113945719
38939308 552892135
924571040 573991955
48884198 27052238
956327324 954430826
485872512 494026753
183313647 405677148
432669014 400000846
162517594 181828191
432291717 387442663
922526567 522764885
407178773 737879043
687547867 295713195
958736763 729826581
326588360 635986850
297902981 985082976
404160923 578760880
214630616 837593317
14120037 338452052
617824338 837245521
381792262 759211264
774795636 883297629
704211650 152658056
694042462 419952256
661779840 29195632
764990622 103029504
440346023 705883698
668337622 50874349
783025107 687527099
994116768 226482610
443024972 49719025
59345143 336262114
944754007 433859364
412659434 292742868
445243057 612437999
16137588 939331072
906849804 157345392
404589419 48904212
41061630 169023140
900185113 150008423
816184949 605610433
359204423 403701884
400687791 423745473
282671180 765711347
162451194 955647130
94144137 83609750
777086390 499678532
892274644 180449445
842620720 400541372
879126577 838323942
418307564 319109014
600244733 600201083
84884939 496564152
677872455 967028596
353699790 910054197
874249596 989045896
830625176 869634857
345303019 717547149
687628869 61501303
787211762 872224080
326155644 266621666
244927717 814019265
113758145 565282194
885230659 843014975
429896915 524193632
855258555 487255790
351395045 593428157
321061526 767698154
266160506 671262527
785202561 676421057
252277245 304346090
263957660 333971078
290396873 912806290
64349345 92834262
632840738 121521620
802645477 75436471
103177140 182777927
633874326 21576972
152815240 571967707
963466174 774432156
149124008 722065776
239695012 676138806
1603059 760681048
771635348 61034707
933854881 737395936
122445912 207089755
696091595 582817599
59753784 437573085
528555311 614763010
531042166 362192312
31617927 682192172
30130670 204306762
508784784 590375610
536700289 917200176
250879260 254137936
463469877 18039864
523770661 745320162
884553243 831939199
467079459 801784585
258810644 657669636
729512217 438772930
874022628 626280707
394799891 445322738
258230515 521966072
543965606 102581763
686289328 737621703
650486597 654426833
46184097 55067452
789261385 8964271
249791800 509630277
343152463 570009457
701266426 633342798
670704363 258560950
786406811 593028182
789307916 377145327
314016546 257483474
25206663 749018789
331189265 175616009
4849327 131851790
869285585 5368495
18620163 271816739
863905671 709309912
990176515 986676041
532031917 285546887
987602298 931534386
282641848 502114130
107856026 942369249
874454129 45580759
349677124 905461186
763487063 704190995
612561738 986273653
304821523 520869922
397056984 862030859
156564707 200302792
827821982 549118932
696544367 672757029
585000300 288657104
319884320 256954253
696292932 366196281
634780265 539532573
18452483 698856934
842593248 435201934
182180811 253878262
690141956 185114472
680060020 47578759
563368033 78794781
186282780 118845361
286860528 602856978
722540054 468854609
554830366 397202507
871484810 518860637
930172788 810352816
311649690 66922376
436078929 664310827
474983022 698049953
838533400 739473126
379097558 922738614
909335927 766100764
339493017 424982008
55604059 211237174
808214101 970432617
325670492 642100621
856609172 669617537
137094979 928794482
406069367 879843189
256340906 489824318
970328637 153996323
980288592 290701289
555298782 71932952
545984685 925340082
609585853 696505969
361302402 704650439
718884868 683686263
803930681 977869291
606071512 415881691
82239926 133630015
249507147 652219141
118731547 860737636
516682658 615356078
427642162 203441398
670064208 467300280
112307034 740017220
18078452 30585799
981854102 305901075
640045417 622136547
792764473 163127107
240671827 209950126
143343024 816641958
867566413 508271123
393821009 392909601
514385109 17049332
97342771 772704481
140135019 143018874
85351882 62930080
318650712 351549658
317465668 434025093
816467822 349887551
995987144 521256758
108699604 11373680
196065600 597563747
531000552 27167854
789665224 6872669
851739319 146885860
182945379 753875877
420826779 433766418
339631068 737384606
22620775 598558126
227932237 463437567
574623881 659748717
895068172 185048214
691747670 278297236
565505674 661157455
875206238 877870775
825839653 927613399
399602983 335435425
776520584 387988163
154386786 11517894
498632724 162876162
977278405 210075941
535112006 235921194
517361470 573200540
899881700 219011399
284287036 973351597
134558504 406274982
34463951 897922182
912651128 223926538
872571339 287588200
265804362 619623832
657482246 795465622
735368388 801976420
376036919 903238407
654019956 205835052
896431898 546326985
652743930 208025957
339643847 265631417
694539418 267323051
221524853 168497578
372985112 747426567
187940846 978295794
101510493 1893026
227235490 54807204
332400576 842654510
932466175 900782888
209908222 267111031
529915136 939740770
296328598 897756892
26951707 224788259
875773568 997485835
802664743 511238202
997233331 857504415
935018080 728404814
290509741 7780037
209586473 80015163
927397043 353397964
549096181 950585611
317255962 336012493
600611140 13516590
151071711 45088960
855397165 412680424
801766738 222557972
956156296 347342830
986740764 416988251
257661012 441151116
86962224 571523182
422966831 335182427
909787746 743653462
420848929 697455549
204042260 150114031
753000571 816374028
637878914 194980731
30426929 457759281
227809564 949500363
453945236 532811755
343485360 300322388
843859404 742233390
946498648 647053851
645111610 126295363
453942317 677786781
733851937 769833073
427409210 968442835
526142133 400120354
724803150 697498357
144185277 770537969
845962128 973469966
447303764 80926891
538810201 422054573
952182064 49988110
40713830 955182439
168818829 758464171
441493786 509602825
256637809 164024544
839755662 194604439
582586388 36310237
761392112 724469054
136727983 88179454
238113883 765675866
886949863 213674684
877420091 369974941
608104128 197227919
312966464 849078583
224244350 791181471
426904620 19886751
925736487 966897756
297470934 425631005
698497273 191057217
321438686 122217387
242827603 883350941
653703431 337156239
676431003 926576644
591360173 40215501
794506698 692296978
34965476 817221811
129912114 784641330
59990264 628027038
72843795 79536505
232870122 112382604
196594812 442291650
17271478 181649460
901736395 828225185
832624799 759484700
242729549 348205813
938136584 452643315
375591125 63731135
263445601 605513717
142878785 196913682
230081289 77061014
499925577 136480569
561375571 677113509
928428998 763374630
302903084 433305231
373529470 289721264
321346980 375844071
894584888 157851953
910483864 662668448
342587403 378133955
957120964 431001177
323489793 567939833
842834028 895635687
761493217 937602642
1488787 652856666
784760511 320137616
287237083 667561579
858964609 935053274
91036803 418152246
702215010 866611324
176391411 921849739
211525797 555425051
366000894 442378175
883460894 341257900
196693079 698753613
230390223 761532337
399309767 189651290
44262392 465909799
692619186 883740797
620376831 817222416
748228870 710939476
112329411 101535936
717024827 967631516
492686790 966585589
376180033 355079390
844097494 952756788
597178270 74448099
321357087 510526289
489932015 435281404
567982479 577039593
554076577 488690142
140330730 61734538
658082472 279954826
412559257 199344778
291814027 518730541
233733139 622578535
218801478 373926907
349910007 162245269
85525082 89090132
51030905 425498773
416361907 277158730
461409571 803057272
738547892 144803149
604113076 133768465
48850655 432343975
841507870 35190081
904378654 837928248
357510294 298183121
100849753 33504790
315134990 18867333
134582748 851154731
470381556 584741739
516033765 560339943
302202438 41219457
772606315 271734550
306201465 382090356
841596452 78097613
589132108 292078297
248759617 268081184
856726395 329142051
650211018 616146006
950559419 349188045
285381334 521165235
430226473 411797366
762214041 48678692
531211395 549686766
885625403 76146434
493797134 987042284
394981473 342945982
653536236 394371663
638620167 103051607
728730348 43817464
355056686 57719977
733637569 893569320
313030399 44544856
917965805 329005480
855212373 210139347
508571528 985665023
949457361 203081135
92459313 536551968
514545432 725746277
660786866 910630760
668757929 895132101
983702287 720374865
357443962 753695784
613469064 456203567
804475420 445875215
996470414 305141157
858762705 830119874
713368105 794756329
349006096 864148370
415146868 398293255
733163406 424078086
876291589 89938254
703968812 815575698
89291010 526244720
657936989 721009049
864825439 46303131
748826131 477528861
207094331 808961541
488258504 556429620
975597475 847726466
224459524 34875140
933086877 242663931
364769175 50879238
145566409 789182473
866507992 281996478
955091867 578698069
469927288 729291536
372079116 216556137
387666848 560786275
843572906 409824655
643239624 502651585
109014248 835718059
269997302 193097533
909220541 856981926
958511864 750281116
452978418 715541494
75084500 102499498
283007955 58239889
944396171 241603027
256506117 151744022
183694189 32927547
538144475 849701299
917779741 709579445
943697328 92556669
150437670 619025515
197388026 234691473
324529752 918420936
815031266 641198457
918149335 254929918
559930811 37469894
24317997 739717869
229162850 511543176
638989410 716753322
407844569 147860040
950361018 264141553
848441861 615634435
634789004 235171808
777823420 170287871
614208235 195698230
474128247 839872355
397464900 842610129
59139541 524754071
418961206 103766484
453512566 994915022
758483409 348008641
68595088 629284160
102712667 810602019
736240461 185608145
811407158 836617858
272942541 313217553
161017008 853710896
656486102 938335946
853092007 41863672
995060447 466992342
341975298 980613588
920690594 299816382
907520505 699810984
254415121 340188114
847952990 964977997
643712891 682784582
659327264 326678853
8003347 909481763
135434464 110934877
589050002 64104690
686164576 534561649
263740032 479226024
724643049 195484090
574333348 559953205
639099989 359293769
394565763 79120357
518009942 593274730
863864525 367200477
350999913 31456902
672769059 508396913
14484971 38476556
385538061 717364992
765417501 49186287
364964957 256113092
677284061 645371987
789176667 436765266
803056895 458749482
637555299 298568641
828311243 353225225
449118198 270950992
834240142 105058105
725453942 950362917
321295137 825160733
109409613 925369116
192278747 187061920
239546858 203784534
834884486 682301825
901665271 215284981
317689075 852966980
902817248 256548927
110752307 578762050
254926544 838411618
34458522 680079341
599232732 41009757
96938935 223358610
941352610 531728648
450027349 76787504
875418673 843977190
795502868 683221237
69254138 302199520
106175508 660549273
120634187 166559256
422200160 642556376
235667159 334541197
632039541 896205850
956434542 815276833
812102962 587128697
690087650 117332533
894931466 234212592
633566203 923224475
17750964 209518662
191605672 774832305
481152328 98055654
76627047 477656453
48480661 891014491
80773513 119844203
536359072 53144906
704409519 219966810
39283557 325491098
687030304 185069869
772653242 604629243
618489976 433784075
340955706 318706319
445239532 335811232
130544349 984131571
426450386 238296696
106474635 164984113
200815058 994301944
700511612 962062197
928380874 595951534
885394635 588961942
32887961 539053112
865047881 871487611
984591470 367769805
617536535 808811596
178738515 906476041
295235132 512872878
742039729 522123798
478318582 325463615
758344435 322161744
703414910 135889458
935924102 413454593
626190511 769735076
702498902 373990851
151892895 939730738
703961201 470149454
181049497 42273844
290806384 811396331
720951951 915716087
594911580 115665355
935093945 648429124
17189266 993406140
502437829 749019859
267844850 527700163
809532441 16328703
593140519 108583426
362825852 937267868
59416599 274640334
52400094 378224331
829957061 533911016
479735587 234262222
796288871 28385457
487992480 149791930
47007860 293956847
119546736 432952204
839723595 973213194
553832732 944258354
984135024 746072143
869348849 997114441
833265820 136022416
934837366 455156293
751820578 839879464
906897412 900621529
337291178 478142579
128019376 700198112
328332110 515849424
9740236 8905343
596614313 40617537
328469224 960489880
151978987 129955422
935323797 94799354
889822123 598178575
40816802 19150726
691568465 247946084
827574130 727188674
773480917 885013341
992627658 266921605
964151918 626052046
13162111 93900160
217449718 637677678
888045881 197655545
959250744 622472649
569580588 652763925
37318909 424901836
