52226141 294041814
935519048 562955453
176229941 59656117
297512696 479067705
153856932 543781372
970804498 812993415
442989181 351939045
758616655 522356953
919680332 58626309
145017569 127980777
728684878 714130310
339074815 797361119
517523692 467593146
519737659 70895152
858897551 293742965
498850175 792288287
267470978 558022767
316433127 650835581
37572516 670560738
409631365 472171643
311726432 813087942
733299943 662923572
981257713 67682175
551490288 232192577
504204828 409452713
574357984 622319780
287755378 22215834
767527107 85119153
45569782 11854914
114989543 451323642
277249271 975641993
759039660 232959347
900676201 738676146
894949313 110895618
695320000 649467547
223076557 23495736
820687863 231268683
724287463 849324205
844747943 112947347
367178947 221200732
118623293 32683363
28253231 491398316
169154145 358225953
909338165 700105734
838284356 468775895
108616623 513006958
191722546 785236614
480984316 367100640
649967165 980824877
81393209 932033068
194928516 491695952
750467612 668768504
506958643 332140465
7249090 372010097
35290742 861597425
306449372 300475015
433076020 582094326
86729499 284872429
717216119 338991261
882082709 242484390
26333883 570096887
492085186 685848477
766720637 730126373
223590796 439561350
715664596 685064444
465703602 565971677
317674212 973754935
924729214 548302176
829169555 892999469
822315821 274315674
679648328 790101256
428239049 524015458
180246616 61063489
471936310 146110334
68951703 24978314
325751058 734179435
243158355 514791867
566495513 948544111
645252335 117454051
922772309 111308618
757351318 343254719
505383943 929844731
401755517 53786221
74386798 989151824
503422690 693658508
143225593 724555960
135245202 783884146
442827504 786648985
508977680 783877577
554995069 235450533
99373890 437738733
917323123 170114968
697966143 790199305
108180971 496133786
22313677 363777801
486865573 685103253
536096244 430056948
793719525 628694063
921468396 547119088
708527767 649416662
508045879 931641878
850851026 274483222
70413536 504737294
120808287 303462352
413551043 308061604
359523295 734803418
379676202 528372610
127444990 66053254
887441781 706213258
210291688 682028040
180236715 851915274
296178100 514726363
299386920 825794120
936919882 297774147
32767895 666695157
154896315 424112693
328445638 196096174
103947945 532622456
737782076 116740007
742597990 126671506
625590001 651350834
207980911 798672818
545746359 692014299
569339941 22151160
700195028 631758938
963009476 22647949
395150343 746066666
485026640 705998777
10394353 788258331
983030427 570581435
508138626 540505721
164734823 509485359
339846098 719219504
430666693 377547736
174468362 695094640
171083408 673062988
508006095 779720412
172738652 866094797
172413287 728165653
450622264 4542528
496524752 608593612
470465625 144131437
373623076 390579692
74105536 982290741
417188567 916382305
811103968 963408078
266074256 506526650
263310228 443012485
312351594 52869299
474057921 945105845
38130046 921153360
576727990 554700526
581578643 481167982
305389430 368726435
145562058 434416915
133732175 156035333
738082234 582071815
50505757 136142894
615939904 108077470
489255874 475254191
642598741 518613287
746871142 312946147
751333268 925047059
667454918 262042457
485730281 623588317
180322687 773418943
205834429 741781408
435873545 544477087
539944073 634193029
912706704 206411380
812262874 200337790
415325031 478469459
370155684 756465221
537848026 792844106
975839786 63535618
469422717 151536329
592585657 738597872
790431385 172055236
26830501 927679974
453065407 681067056
442300730 673653439
64868113 727786508
12286036 660635597
646553293 440709795
243065675 305405988
587453225 607658410
166265526 525010111
131286285 430770205
507960310 924086168
108437753 908768427
671283908 833391573
156654388 318710936
100649113 715936416
545065162 912375786
636738670 142185117
559153427 492841828
544512562 403133805
414294748 736077541
375371145 895733935
520917816 351588019
766829898 836247538
368802312 555509488
99818145 628402321
323292450 112283758
691984040 388085226
119219152 831878836
122904174 281811779
680960948 439819949
364191357 733831577
141690025 809940109
993232056 298004239
500385394 708481275
524547842 228902016
601959934 850607708
58656658 95726379
246565029 32216435
310265831 134897788
718320754 285523228
804589688 954003758
711587609 613335931
955362977 656169530
150628047 159819661
315471153 878434511
720992563 442023144
386436219 535872267
951391084 226704140
407118492 263562772
389005429 740678867
509596310 631455316
924724537 991769907
645032738 353648186
455863272 804943557
33565402 33693906
237375501 868486416
190389087 980010754
543310908 60066982
735295675 871676710
731293199 784141683
50944379 222585864
239062312 663500632
443574864 984337595
321003008 955010040
468243604 603741078
306384770 577088743
727956479 277794244
237320468 110804970
566566772 240066203
474089105 838217257
235991635 490560785
637645941 63370629
137533766 291104691
817266973 617420564
215021357 121155708
167795808 986195488
786287000 777234280
523674433 726477002
359153424 507309567
762135572 182460487
899127711 132001993
911721881 933120070
740645648 830534035
690531750 846230465
92487911 514574974
982600898 806891591
536439237 51082730
243716728 665629129
833501376 149371416
661100671 130019146
356921653 663982889
928485557 613165510
894534146 565750203
265373616 417255130
777091033 969526345
709543725 632155644
306416261 480154935
591399825 106976327
428697794 794452167
126866317 532101586
289878749 446407326
199894821 220599482
289727705 279554853
908772531 477124376
33266129 799388107
838601864 337812886
528519456 184887373
872778407 400771475
158459504 547001699
635419532 491923196
919993151 53270319
378995413 478652532
549471582 804682308
47354526 870240307
667088863 691646453
958016429 450858610
61198917 949412307
217633050 32592318
116841351 154849979
168171862 654835609
539676794 913730226
886420956 522396297
19270908 22321891
962792781 15462727
566481636 947339177
466911730 924529423
833026993 46538968
340500992 773483195
462228398 206693417
124063479 184499916
7406425 828709619
903483829 846373949
776946779 719899504
988230694 761837512
620705380 738512067
481745420 162688613
561570596 801634115
776225654 455453460
548027920 708061066
357316388 607058713
972727157 376707003
403787943 73705720
915041811 484362182
34545208 705873463
165054715 900988018
547360830 592354179
917263501 316702730
885801674 585956197
643038208 616862414
723369458 725151094
487593940 545686846
756472503 132249537
426502745 756156523
500800779 59042281
698612630 729788794
350274342 364651663
264474743 84901123
891869683 228790571
412353802 939954607
907702872 553748980
854881351 147396369
373271514 754160171
459035429 162447098
223932569 450373472
268699204 525958869
251179463 199191777
741985657 74259506
777059464 661108404
616399309 407407934
792547885 482029309
58744859 425046782
420642726 392019146
426700808 253890049
296778302 220146011
338000357 725858778
680658338 972759984
546741569 347965905
837368526 889990399
937225180 726095708
174604933 147786475
37406199 378025684
320521966 168047931
381161600 864696069
970017744 560222631
153432433 106062070
512867750 388908709
773848489 760154083
713618980 170126077
848643143 103106061
632085646 866824513
186936190 378747905
491802618 495732865
52801578 53941926
526874607 576205879
343992641 452986559
892141624 673972245
207460928 530433203
908081930 444960417
854784593 986171511
392444955 679174255
789869611 741474351
689544040 704110277
536923347 61546534
292210538 514476487
520108044 709708408
295489531 289837366
907077102 464711069
243838013 763005564
784448109 441271939
725784170 91806154
876046231 361878559
990673173 948414628
13077153 437318685
429213484 514337596
938950347 793642802
459219075 619585477
407170939 93354549
501418562 374566438
409114614 384496858
82908571 297391602
714368454 560698455
374370463 659147113
401217962 333122850
813820710 491492358
925866636 922231365
226971235 6896064
962015313 813187225
637864034 498732302
946646548 384324993
113866948 71336554
960363597 306222764
8441947 951444917
695255405 437335752
200851919 416298273
267115747 536193289
168332098 804547205
21786283 974211079
973824498 601686427
764987520 130731194
310029027 321424197
270432389 828337915
157537818 823738368
810768494 399521470
527282000 323769037
263112157 223329957
972942044 445224323
451485156 884412824
480880094 687481485
161852452 667842887
248330634 312266601
890332978 350159254
217939375 890642180
611751013 583890265
406748591 681240775
743264675 204945526
69377477 908291677
261263128 174252591
325369314 312911237
524406211 223504632
119050440 945319969
650828717 332709086
156914846 986927909
352329388 547335589
805448344 400300747
961572855 783222041
689668785 588157328
528415483 959379288
866496587 249231890
25421795 650115623
25267412 515928815
486519604 235693428
243258573 928796791
729127102 122920171
540055390 327482703
16367975 741186202
858205381 144134526
72442998 900433185
310534206 98409211
892600428 339185199
790969563 454656175
257246973 412580827
479977588 549325612
77090224 933988927
246372925 640508178
171702136 86680708
821937292 981186279
703111377 268413666
287859648 237158116
901122965 538724625
815534999 434930080
972060596 290532586
294256008 651459800
581158805 144553682
384947166 497501884
981571823 965501615
777573101 970360470
823675449 518833379
492310800 744457226
945768095 656802682
359133500 300827811
554136456 61981531
332481241 664536922
171419252 856419821
635840633 48430517
508672338 12092217
144564751 227464321
890010064 803959073
699382453 58686345
277675727 185283980
681945958 264309866
921032257 146799078
735127259 2972717
907871123 394446329
166161086 455075427
661913211 128819907
772805302 373149432
302718144 923662444
417738351 515113627
21924455 407431070
923977832 205546823
2939445 84951924
600288108 318091144
99054938 269280885
437502660 837845813
11542197 668240477
382359065 867624276
514415280 891555512
852380337 343768857
127586770 966520810
868303295 113443509
5164793 787891234
959035302 160623546
209700425 300770220
995059387 320085154
644719765 322046014
45452495 470462799
483574561 964014208
526742235 38042797
416178046 947023236
934179657 971072403
279211814 527767635
806730296 736181192
606932297 855352108
717053395 138093269
33761666 591105214
793680961 505002958
858489920 545556025
598672184 25428478
413684996 821895385
535810293 926693984
288568049 711844539
42738342 682971837
106562210 294770516
401727309 78329722
866699431 552831207
483266458 552925892
628848355 163300250
315365304 222440734
218108713 797053635
608189721 685267009
177256083 33641152
116331945 488046926
927880861 880891778
41053528 40376759
877838927 881610307
127822648 62738657
461731824 995392052
849416526 718673882
431137762 621395380
270502890 776395597
70017561 404788155
824977428 331575986
83861714 606628123
239385647 977304945
334540401 884001636
835116090 546856930
774756706 626236222
644845104 135746105
399893402 960371449
210173541 391737967
494060791 592632551
962664983 871836962
190060804 356662425
24746866 388554990
169027207 743072341
518618811 860122341
754192466 379805558
863611953 563684009
410834671 363864977
327099218 479943673
475610784 374780821
744297393 933385978
208065508 457582430
766163441 377298440
41395482 733945953
500043743 861395477
692560010 845525749
704954575 826383367
469673630 305696645
554890591 423118700
339546800 581944819
21887889 869244313
212902400 172560976
280045917 744499395
171015080 556199913
691845593 682853496
241444787 138827263
798391872 541529011
923642045 348250970
416788566 888490868
913243445 998143838
296687774 249602209
35935351 898930446
408513305 727805968
484777978 130346246
239799286 631806606
241074503 811492551
937781651 263220792
558738105 204581887
776207261 944211557
30892398 44676132
382103667 548942971
838669465 525065518
551031883 420732219
645023036 406380687
967652195 280158785
550990270 768158511
361689044 101052475
682427400 935182350
551479437 160611190
311794224 402866006
216207128 798636189
609852233 224161957
87195789 42772772
858324846 292901556
410147695 736749135
281169590 54298923
397240565 535699523
44270499 357945813
655601876 792592062
862659136 993640650
868282790 783468196
940406742 699141613
478336970 435754251
481362079 722617901
756348375 42112047
906223635 261407776
552820132 370767567
515203364 20085923
68085126 637192429
415939653 221986194
682212521 686109504
863867022 697887434
708792425 104877862
248122414 624627653
885420914 416754192
84147291 91525594
93034711 82107849
562015477 572372975
231021731 387235651
7498783 161109216
611293875 278429013
390432876 230836966
521450816 868700487
721019889 579055463
523197971 907551562
4795423 814315352
740001589 834975816
33845311 399660476
295531859 880210453
913951501 365316176
593744747 387485142
618783232 756379084
875318513 755032696
906127362 470494101
111189298 50978885
849009158 291890894
95933764 397110071
133000036 148631417
763570208 661529271
304474499 727533957
340942405 843890271
824370506 17653213
122980786 796270379
127203705 724781890
77431691 519318548
272326978 814529202
796616218 630442625
311154669 61736037
821803979 862788827
986396427 490220710
624243124 608617129
512579630 763934262
611041819 303847607
597554701 431939004
48062268 224404325
957805971 970650590
145919463 700011414
962424631 937770972
167579196 656750372
869416393 613346602
282138807 37918945
460155845 506686112
779557808 864496971
227007610 654717188
924703853 21976642
279470201 948518214
418120638 163512757
60338316 930696780
176714660 702082487
844495822 524817853
515127900 44518454
510494019 492771978
936082086 663197550
239086925 388096339
614486485 207666298
656190334 681403221
775742358 848012199
919704516 299153545
396595791 859468845
257643428 263195809
660091794 607338068
933503195 287364889
683874163 52660306
683304485 726508874
30943912 2642918
182498224 818548806
571083964 62112458
224876065 823600527
810688166 198357137
977440156 921429644
159630948 88159381
374840694 621704261
865255986 210072642
652294965 400754544
283893358 403628076
239549358 598626811
509197293 395806560
108319964 80112826
597161425 347137759
433492821 733299897
981415578 886514914
31573534 433516684
510563608 369737854
947100375 929226268
483495773 847881844
941754260 942733785
204006375 34510042
779607436 451834810
106853588 596606960
727801365 965217269
506269796 770324469
190355243 334370247
596010555 825525
35508426 413585961
314491531 563230763
357925900 572983279
585642539 377343320
394581553 294068090
632638112 563379245
176782191 928794862
187184931 725150405
231288943 571347950
748591703 978563115
719245926 760622117
115303188 751811458
213620816 705852266
50849613 82562135
122258477 841062756
257244862 847926732
957322714 633489130
88388607 29446302
280096745 801908015
941806282 246672513
606872926 915665305
24994077 996090179
388811019 649183066
947249398 332906869
780264399 209304822
696959653 378663724
905138760 392746545
273994454 982584806
527356568 843942347
774664773 956952219
824912009 844530922
657948211 799546839
338905567 428515200
595834284 38282863
170979353 810580641
588645134 190241171
235402078 375550790
258250036 230212097
989072475 390369514
680475818 922400372
60949326 318380386
670316741 613649920
539767158 529296923
753329071 517609154
740310571 590828619
589517748 632508278
785857984 705342368
841273792 197739400
650869751 721714636
693082070 390358934
769139028 936494387
331020769 780867302
446880988 32439150
553008010 243103134
905195249 410907936
794345814 180396906
298012268 345649181
879278660 900266867
685743696 157578833
448393316 483310511
57749377 210923205
869405370 881377016
745193296 869962652
671424942 950028267
889502910 745363510
138626657 894328718
606065699 461672205
792534441 715070976
667718657 912026319
775321347 586203746
293683734 540594874
299967662 903142188
722278953 537069144
153854865 266714302
15684876 12839685
89605394 890579401
636696247 647342972
787782578 432330483
661730679 432925976
541243796 587089007
714867838 240100516
78996913 918373396
255322762 935883464
48237813 407028972
85069897 754129021
259370867 528631597
9130749 484835922
414072596 333122344
903523959 986030881
119263448 460267983
808187065 764069478
282793246 819121718
496754098 989577069
930854643 282842078
373680491 958910388
479282868 640407719
275652893 467534240
794766464 296989176
554706305 298962496
787274751 366819296
641075739 830055173
369135814 74441393
515946599 610694858
802402341 580114342
414025234 668441180
128478809 529741255
347777646 839991650
925346270 124577406
89634485 664147088
393337649 3403889
434312448 597593862
761025105 794526772
983419655 109811278
594777248 171651111
624178255 996019338
941996653 909321208
556581930 88620744
558184112 216316033
591390777 156840950
296601575 548225660
605156177 298150155
723033315 713553469
877162738 229977640
135315485 243624272
43814260 556566298
644407014 555341621
955752628 900242020
46421770 542384161
916526514 250098471
554628735 19155484
536980063 245871096
925097283 737228125
319548870 219655584
518815146 395723204
337324565 236072106
726068273 117326493
393848554 813605541
785387022 933115680
285594631 591065472
729990548 859599355
968173534 950696016
243136576 213713067
176097609 997606798
617430592 520942792
69876489 609385031
998027896 830974409
274163360 741671997
774573584 589483973
938013019 981545989
153480365 923646651
300787323 677699421
850977430 65259534
714173030 835128108
754798892 50097427
186539515 752941198
526030261 467017235
364567905 81794628
204352062 463516467
738951860 780926184
455879897 526322813
996885847 781624976
781433408 134072874
271562531 784658959
196788175 970666320
291059756 210906492
365989917 325841298
202370257 802741064
117225460 466788998
489688575 322504778
608615307 545535931
602303181 687002188
953892792 510084904
350492303 73592221
977646696 41601680
280605059 720830592
23048623 517943777
38265936 3156414
358411010 701430490
48892694 104853272
310271456 762997996
606744244 81646359
119822311 927716354
962098239 422630896
165365451 119849
336371528 679656712
478188733 120128711
690330972 503404587
656897156 214033981
637917064 65965790
347054977 741460211
434365784 42211115
491205048 580095648
298324068 114002800
540194019 102006351
296477677 492099386
287010337 632724069
336521668 575749962
244508244 994553361
642812753 596813042
872495548 848078987
467384287 13648836
143227287 605711147
283790503 634214390
697391148 776376202
616507715 836674016
676866673 52563967
633211271 519820706
731903060 698048121
733215230 46114896
708684564 112724911
531048937 779050483
211702726 300304063
575955499 483002429
518999181 384229054
786580963 13648593
699084008 158372495
400237390 541028353
752170730 67603945
338170353 849342073
508744889 629521161
2520196 368705483
957141457 393051904
875860634 802451320
589973176 4744539
409226196 5139703
54471757 420777579
976275916 970009394
982262403 322305423
494272311 404105252
49663394 159075631
324891076 445560857
924828338 269171843
829148654 209698099
322948520 636176958
694891912 599988708
333966121 492567965
934528006 423245584
236847190 618852040
963162364 836291287
240763017 375450253
821207274 444169849
988672995 806147682
89599196 378774627
661906616 719555424
997997271 443589887
508044881 708201980
862993325 450083125
132866986 995338825
561799528 766798866
947061065 20801757
694741683 649747039
916905901 16885170
896169348 309402694
147703866 647918994
284053993 148601767
669328458 724120862
703699862 271245536
984761214 36506568
883575991 472739398
107038395 992443465
281646891 36635400
929567229 661412451
98619660 44435029
463345016 706617580
602704112 423256762
490819809 652086495
765805588 143251560
934771224 604552628
47827160 540690541
512741886 324090187
275751614 719874426
374753102 381235423
527224090 408809417
908574252 150757930
34860906 690290698
33580981 337241739
882473641 971988375
1690478 123330379
433603646 586127621
875568931 995041463
795086870 159819457
216386649 164262531
292566719 428853736
116834987 83283621
366496845 452285733
459776987 513561532
975979038 741021899
653734366 452886438
621593463 987925623
830373146 826818337
211411920 620311228
893241872 18206256
904862587 207194913
558575786 2876174
600070163 926016488
335121804 724796130
99621198 181016857
955874007 882324828
481256305 401299780
394103821 926958392
662989602 836683915
704527913 547150472
185424681 54106379
40999201 608063527
861714234 552820832
870428611 57777659
325318146 393141905
24567192 377000949
811910102 859413627
136582037 868058008
792519511 991573585
1630928 48473302
558878051 415247275
557257839 620733693
620356085 618925061
588088881 555508642
919407111 634477990
784526702 226306857
922730060 603584025
521431950 158124677
445360096 211482381
838468573 330042213
793867990 409735712
486800974 970002363
997778848 29943863
633658952 519244832
38867412 936606091
22509127 286331779
677566420 869205482
405765943 645627343
391799210 962598162
423268864 57463196
790533071 491995401
397615849 656888415
348597535 69302846
95609691 441702701
309384012 296857791
841578568 240962022
516411845 410081222
83945236 150733711
614865937 947489812
952634081 116062904
47563035 258009266
788239471 387765003
885489243 60766110
496620533 362983043
533094087 551329101
476731681 852216715
741583127 764638618
572579892 962137176
206837394 480692347
150613760 467611944
462193288 179909424
926425453 788872487
73868670 411569695
10314277 945238085
757877945 816653460
633129419 973430559
802676487 262639729
836294518 914290879
803635185 821741786
324136553 553042887
796993042 660524489
862950501 918334807
835912848 906147299
120740727 985654634
441747401 722169943
757864512 196274297
725133981 420339048
356117298 667042083
899546399 309517293
630819143 267388179
695435697 159311723
221906022 816357564
44275954 290569174
474864247 446222931
408066611 235000470
433705614 126238794
605568272 416112317
119226418 773480860
687627517 309155690
940569168 801703521
132679095 136234327
726483574 37969712
383689844 758275234
989559346 782483121
864894954 748619060
266924221 109134440
36153548 179608820
230064284 761150390
452648061 109410661
935680587 856982337
628326353 839301386
372242803 664549239
734813459 969657470
239338146 732582857
683503401 581021616
322952276 868237962
99398391 709524063
836016785 476125091
99397350 624471640
107155786 754535916
91157561 82955404
53747811 88488427
573556273 168366050
933937314 510819073
769858728 853176043
270722883 35205421
159003959 659939958
176457931 150357897
245728112 667149416
574316454 878340008
945680417 847776121
53555033 295421952
189716006 406114804
648043569 206985174
162576635 333364285
816835775 572245183
568035641 41088617
762633786 821939502
342272928 651817566
696001854 315376171
955014293 352135871
339444111 44752762
327055562 940558595
293036751 580705521
638179268 488120690
371952204 71623139
74771055 296584669
936757997 393352350
191355555 968020095
234209645 774098570
227667549 181161897
966807226 718424736
539044558 821672265
502540609 514414709
35375450 888435215
549364639 174873706
196161184 403732313
122679841 534118940
275976919 221385238
996536511 325241018
638465810 841023948
