735230309 529530143
859269925 677699903
287346766 31473617
205707628 866406019
381581994 498598006
398624847 72984
390129217 86459
681758184 313348423
537716965 792548033
37527053 803842365
288663630 780320834
254307942 788659583
164471217 329801040
151575749 92792
428890470 863154834
510354907 846358134
198146756 896569697
82643721 625385713
493353237 43408
737939051 931870225
734819480 268486260
371381571 679254555
44683281 262168681
730270382 185120490
447938171 495792601
221668188 897977829
296311841 678984732
81390698 689058275
220071796 774254841
262518040 333571954
453029178 30123591
805666100 586388944
96658693 933509813
515582260 756527765
183002336 955784175
960342692 741654451
564947465 546696258
754016375 566461929
975941811 673856878
108044000 711953300
309103121 25711
812091610 230732640
30667953 80896
510320378 550130725
680339738 468526754
881107486 678669332
988279539 475034011
218835245 433319151
666042766 583705542
900122214 295173566
529122101 125810403
611779390 943885321
364836830 176538091
855160902 86896
904285482 427998307
21644869 21611492
922386465 134171074
517311768 577271181
255632544 821891593
930131242 101367764
415446567 535680587
593968953 498858073
378803074 78608
433836549 775209803
949811500 526479080
622985714 695097258
858864335 76370
292039298 445004753
275916936 286007473
985978809 502560374
185916578 477532156
28864327 143003596
892192875 903840430
965424205 221450824
337454393 61854847
970737423 408426068
279436932 980254380
189771696 176908601
882129226 60740
534535535 709974676
214601089 60809
434470139 861228669
708445924 77496402
874048905 87471
550745351 284147521
939001949 909663961
585457314 831189111
399219024 871715518
677975346 99779621
363043570 661601531
871265519 723846595
198285477 565415652
128566543 65965374
584463852 521054539
428921078 375601039
54669648 502420862
791969212 971957047
659448330 493291231
473549562 378436679
668833788 747390996
241632693 257286166
75976 285994357
421856021 260715769
713513032 478915494
862899468 631689450
971320616 140310480
513368698 23165128
367720993 715782983
340037522 606499831
988180699 612421969
830937745 944510939
363561127 127590362
997522893 211389136
400071974 589618214
360726495 260033757
657793844 426612949
985043518 759447846
348376545 385789904
16575925 156110185
590545806 197615201
53033 714273920
533386916 333049214
29795739 701095253
815017718 829951773
573321684 237093314
656731096 677921649
263017836 552553854
83998712 899133813
973510394 390315014
929203216 19450
459384112 7463
102791456 197681739
202953053 221105693
274615851 772528412
304151907 735745052
614690328 239818206
790054570 317831909
944201036 333413420
941434486 595335848
886909338 272598623
596927405 744443720
396956891 106169446
867479188 972962981
996722107 918817709
7093 496076918
647118102 981563798
391575275 730275950
37376104 70399
827019854 598000505
403922750 978843653
27290256 234442291
857411362 430499504
303932594 778676909
56085 816578380
129990185 90936
325300095 125959538
466760762 79003
516805433 431206960
393673346 44266
841339813 706555683
583259534 365047989
285633690 969466769
65487603 295252661
123616260 807798083
905903029 750589769
675131010 598706725
215037295 745878887
601694702 93657892
83959179 209850389
808777695 76990
324646548 292899643
939378472 318623234
102149737 471995199
629929630 693905777
577248069 948518144
743312998 881734458
358322476 540197156
47703 360542872
93058014 23036163
532144498 532714963
951844084 778005979
785622174 131312759
180241296 980367003
696816065 965579298
865672890 982103771
178445413 254744550
250159437 786090054
874854134 517441771
77320 416361331
642346934 149144881
277359465 66502312
44733379 45857
38080204 291119624
5613374 832649537
150041630 892560582
868296207 714075321
775184779 38042
189867197 165911619
753849018 383573394
702542655 99999549
421174007 706328043
