407971932 551190347
711071574 89741481
639291279 11043075
933194155 402557859
145148470 888622156
791665914 123222403
423652930 884857072
143018261 565432153
963028074 873762328
436996552 625717854
644208163 322987567
445647824 267128096
78591139 190482879
59286835 267019252
896000769 578180167
707074254 148228509
577642076 577801980
162070139 423978976
515588632 345475333
464061439 362356495
351431250 706059423
975192645 716870425
260193995 761423113
586764887 400015900
925539531 988774252
264040426 887878087
915788988 229068110
671182781 368004981
204284929 550277320
244040006 416534465
997662384 243173450
866687141 798247634
538419221 808539469
351314497 325586905
578311959 445119263
59188910 595613566
22666719 644113327
347040135 872346651
261301953 213626855
487231086 882877089
799783199 344368840
673398677 219574545
520099233 863867192
707574599 920722581
542964124 700201580
642625400 56705911
228325259 640866884
439344096 759555056
636770698 429087890
882965900 442262008
196672968 935365599
891686653 445953967
303632629 844335500
968012228 452780866
467510210 633967013
148565286 501407696
662785735 429099066
25474542 788345276
915154555 819652686
458105706 877102838
367628914 779255239
699208116 278512213
343309004 988455621
48718849 273471240
513159048 124367009
958075484 197216118
677525615 709286501
893839463 986138290
959459945 730904589
499863445 673207109
757259132 612169618
333909308 73229883
700354171 447749848
902669696 150298715
92503875 838194151
252434896 657137249
178845435 63247700
43356798 692478500
219808054 415081686
296608416 184416951
507936113 175657031
380339268 701060621
361827508 261074514
29245645 951077751
582169678 527169344
511824409 216745627
636416071 44083830
417319654 761837925
693462809 319858486
596405750 666961151
761865430 274328134
728898095 470660047
515795439 348565176
850001250 398465887
543624661 685445477
780413831 104119330
561894338 171024135
159332448 516897797
483333119 570179396
267094568 861016368
557706089 137600025
692660229 995078089
363510894 513393001
640047978 707704462
398891067 731234447
666739058 272407847
988483350 639598852
651244658 939329982
498518040 290833591
960478243 456111721
861285591 370092435
571768916 370137525
148955672 713425824
37927454 935396002
558968428 240059776
456698484 941451568
233341282 422446457
736317676 559764818
912330200 34208545
682527126 863350253
846765382 477592193
53652446 398767113
293541587 80520124
363170951 367823212
542390425 172513264
147391567 122791190
539616360 890616615
713033745 564473498
175817499 793945747
486683651 169344828
358276500 7326046
983337160 782789315
15679303 39884153
645348406 810740019
911190051 501978963
986106686 785928385
453930691 432946065
144605486 651790838
546217174 282904323
641657544 821928179
345305864 785197120
767837170 855319339
300043868 813048634
434532466 344760154
249399953 296707858
613260602 138677774
879242458 923784176
448424197 881664135
373889900 518796818
737673095 874417720
67156902 547009119
351792244 217077813
708280372 726562350
344164542 414485095
670735466 158464210
879764836 698320156
889160401 761485070
493917907 717970603
308449599 419106099
528138548 966813041
25896521 217385476
547899647 703069675
976705401 230429619
512858883 956971849
398538056 516543399
489615844 283659614
984549136 487713975
891295575 798458324
541692661 91442236
547969614 346850162
176963102 978170338
155511704 158322206
323936670 557304170
731308561 42805856
113210776 442345636
573279496 363955015
187403823 949540176
212397380 865679467
324120564 851857739
930375617 640479534
341796294 952867406
15820619 384072776
684730900 452753740
489830864 548530492
279938720 919904839
10842597 258761852
452972831 770092363
814872055 852120884
275432143 709979597
983271768 781846048
767110528 18803344
683029266 508192573
164688885 18656541
827556914 89327426
993872089 338449029
638210638 129811767
708320342 436017822
511068820 563548779
966481261 517370887
139797961 50450793
807674272 715695384
280028023 950862382
509264706 377574923
671051420 867594361
863413019 693295799
918758744 930827064
821741095 205716384
735853897 863155732
390658439 642747991
883326639 440942766
797304360 827470266
129642603 520464940
509956568 635332047
146921556 240311259
464971287 960110770
256243308 843919914
247021487 292604637
281372929 922778604
786986455 59667174
122461273 805524098
309058238 478403241
673958420 270902424
416895578 216121880
17997545 450362646
20096846 517364656
251990724 151394887
66181781 806746587
652590628 2031292
622803673 318129642
979417580 173799196
950066222 458031271
713235105 582932711
223858199 807922217
669649922 99275593
187440743 660123782
549418048 145963590
988227362 305367517
875357953 740334645
64002864 726801371
321081265 775664604
560422894 13179351
597892446 440202302
552713893 410999562
218848001 418671941
780760379 199559693
119804636 519653362
915273170 814841543
397743916 790778074
785581636 863528565
306680661 462642233
42135510 586220149
584500690 405939171
651786537 648708822
934174714 978778504
200589449 516538851
499515818 845149955
838725408 651828560
930988068 28081136
212718249 342550121
445324785 994724079
443583620 193417946
733030508 669440744
486743932 592474703
860471187 89686330
652401894 622143648
478370831 496672003
908404235 899265645
222179293 3086250
985344605 952753008
738249992 97913263
1175343 123031450
387801730 287700432
936609542 260667149
500369945 466145538
521986650 312232665
750762166 980836472
634084716 564297659
203237218 718900060
696374536 432878033
75250151 941811336
438601142 136852937
118491590 146989442
525141489 38024622
871291277 811859511
746788086 382521389
113293610 711109076
296243587 27310918
893464747 117244339
621903386 407958332
596628831 332982499
695108482 179694993
339504262 449995707
162080904 614062117
181087433 748481356
574597207 7544556
875166842 898955074
708495115 909059787
302604044 756685281
331310343 738372818
285051374 902311700
725869407 564846223
935496158 153014886
969674680 28509716
496085553 136514061
811263242 48522030
394435560 362386035
413558834 611024989
340568203 976122650
104487137 861231274
265394395 803895151
801707209 470610793
706677527 467879321
556883445 316636245
294269471 268843388
159813630 242694787
375059312 402097776
226737202 908766658
120213740 772731212
420045063 589045049
971780984 903754224
555134884 773312341
167283860 953376737
563626587 922153930
907304751 660427475
411281204 163497663
45303183 8913435
509711577 308546637
962240454 246438567
119103632 941603186
918998584 964118465
366948998 574929157
549573558 174358625
543003039 498018687
123153023 317407122
732941884 588114459
969356797 959329181
596387705 596825716
392965161 901296581
93546404 49778667
434521258 292366647
180355143 854623141
946058992 586629908
645711335 945445908
78440816 271550078
408662744 673445979
139173253 538447551
378337999 261692152
813072390 149984709
936270355 166900632
488748429 621226469
580519720 45930056
605634797 513714543
447075012 616481484
502915774 108093834
412706221 346943479
395918963 905862020
36079432 630311729
81553334 242071589
483520303 477619061
375703449 973759728
25837608 166809782
962560667 855968456
849036974 702407402
400523388 445805764
524718333 186026555
91671192 240540661
742366667 83797414
47023860 317928661
582834214 849336092
882146981 929448971
537495403 193541158
818102794 439685654
773853956 944959576
953979338 653831556
55836062 830566539
953601512 697998177
933816778 654779571
903457477 229888796
978759246 24622724
384417978 209924008
424747116 934153729
207917972 573995780
772720763 499593671
99866876 781681070
894678700 104230418
343715148 510897730
350217878 572101936
431301030 921875746
46643400 122543742
106612892 28754134
301320050 297686809
6248044 35293890
463786980 717179168
23397524 10433915
838425907 213879693
396393578 980538861
494905111 111199817
920231514 656078809
60837642 943492287
343731000 153660602
967959544 365909092
943365156 983864029
87526481 988041922
442386154 428613742
720423936 846907342
943364394 984363097
522933476 294545157
903394089 821717601
16105725 237666409
581141805 466091825
959928754 603989233
751651427 285638058
672919454 306605817
603577044 482103292
508679575 489605728
442829150 274713743
546831159 545502498
266488487 538413233
663090795 336345706
295109796 828271105
375088194 503479039
562944918 730268000
932964271 638971121
650472565 782478061
635395842 994860994
676427625 8180892
165618053 770962593
956596013 135440461
605835085 384254001
533302157 814114747
185234872 780922432
393664646 109586076
45275433 22520323
990046024 150904851
584640383 408738203
979237942 92023894
602962648 911002493
93910366 854985063
90646807 236693644
681628546 595351564
172505111 696304868
814768649 212065987
922325493 497267450
270767254 573502997
286799673 348657717
944147876 194690457
295847052 927674053
717314181 470248602
113857995 967880491
162612815 379920390
161316034 76371946
803977926 67189649
121954302 619547011
889672847 32749558
634367770 13996601
651325272 567349107
997981233 841938556
782269496 298409690
526166052 389326005
382462870 811393875
938893775 156435555
246437375 312848406
984833813 639245992
515959667 503449781
411966820 652707093
292959999 349473136
347106631 903359923
300472213 692448431
543498435 934539796
443442190 891487964
675698051 452008820
491336997 565952324
514482397 880377816
305751459 984398053
756639637 148446349
444264290 89529001
161455279 249558845
74987307 42721103
354772920 423107454
15674212 690091311
192819298 396149996
31330790 817395666
167151665 860174346
557269636 65504940
394014568 908095726
389437628 217424155
63826766 364446973
357686938 851455454
41736996 824701183
281677908 792464692
524175009 889798128
555158545 165783396
83112193 658342069
556420701 124807024
925077072 493199546
889320077 77840735
380112231 482392199
206814938 470648693
727445276 33586870
110793166 342300586
696716396 167528178
895600496 361439915
785192582 130077438
478867342 283557898
855169879 127292637
459804581 71228195
727196329 840827074
458613892 153670911
971734675 516688606
864074039 606003227
877089819 269763214
941073086 706269755
5404038 833454696
668719195 756293182
438657126 662407040
228084527 177674054
934080745 67420913
618988990 878309913
347840862 751952379
678727401 450166750
211100213 872661957
37303868 220536585
997561093 194688756
984663806 144973975
445583355 567401866
460195135 294650078
62208394 783691236
901664878 155562979
333552012 29927334
828479404 789170126
789826529 164808542
602421362 339179069
142649660 349607642
359135354 804256108
444298629 302361246
950366887 972108363
376915630 749947565
900791839 839858373
569676659 70412389
224927969 900576115
52639615 516134954
837451632 853337
974054262 880391023
298837467 896629319
759183382 924692643
118113707 339221915
493230182 505752737
858215795 737303148
287247198 990939531
171956819 930140624
426343321 399331513
647440585 862559580
337815850 576084986
594307067 96905357
920027951 213376297
821530191 339761771
683951913 21714654
821742074 781012991
20969224 975184663
481454589 959007167
931337993 778560847
265242199 740454148
245139136 772769158
390132339 824550546
209770485 623838356
554830875 215806133
54999194 649425815
136359579 487383979
836976370 589780754
746474391 132804154
123567524 365583469
911062452 642718089
84374220 417490845
189534774 934121458
786710734 298278876
220190038 48704461
138389007 112511359
713879215 507581171
775026550 827879992
798841057 16316503
748688273 957212446
649303319 573928645
771003686 943499968
214706518 823122098
31452807 342943774
875651999 962860566
734209946 741821909
662238789 922076962
415259962 808080436
620426758 401912944
65834482 348501625
995805273 310206911
898654144 723858052
156605442 535896263
508101216 8729904
667599243 863835507
936766033 772444483
578470294 632015637
37342691 431225871
113089532 909653609
980689419 728186765
433146516 401181879
319485769 647673357
205234882 383902940
827966111 771745806
779959252 917834950
111341186 390475682
958352479 84785
974573302 677084601
44932845 860618528
380560696 700403548
981132739 554696644
673607192 884422176
405806337 81813982
966024243 493416467
920533514 709270980
829199342 216810112
139144 894113797
760044942 44394048
942901790 231566375
94529057 629768058
183478449 445619284
18826346 295559125
178648879 90287418
1165244 76952835
367102794 594330280
115603930 182600000
363434274 689472770
679552479 415691951
893580039 127274555
232911806 597395693
36629580 78261402
371908584 18042812
472155607 723695708
432689313 167015774
157362219 68084835
860428103 487655931
758097352 35014829
141799002 80772240
966449059 835043015
252807726 997605287
153820687 553716344
617324313 329117758
378091871 453166346
528258522 346368138
189501448 121666496
805492231 880050342
122405098 614134797
415151592 597198770
371377397 264050179
997781808 26070848
698553304 961323182
774229033 780770132
230755806 770142413
461230455 476710323
768745741 560528468
61700233 105237440
665533217 121817340
942655976 546376518
231284057 415100103
329120638 248335401
25023265 736551391
466444806 15615506
607765818 973445027
643621826 217479977
43491177 446604740
657375128 891697581
693026198 451252965
792908989 465829660
671776427 490226641
780151176 648472019
510051061 274362332
627279185 664422907
919531813 221911987
560358814 636146009
818629048 457322077
763382213 176449291
346552414 215352200
498401992 312596829
410982290 1081323
848875645 810480602
547257112 815495574
17445370 981698629
814009641 144491759
736088207 782056963
976041426 576105489
239152451 151401868
357126764 181063334
770889590 75243051
930672226 48308595
599461996 916901608
887311699 522024210
297000651 62585890
465902880 837009490
100250934 781851464
606317982 631006841
227437756 267147154
506868182 746937894
53870371 146912579
881448318 851891498
238963697 571711507
698365350 149928437
302807199 281628092
177047072 245244822
500556510 242091944
14822845 918777472
86299595 802091195
43578536 612587291
970484891 338833291
131441165 850265476
234651229 902403521
262420222 637215420
325727280 588399895
355199745 423272
798625530 438522455
476426050 163038665
545678044 403269493
536580477 801860911
443287929 110165418
881647747 764190437
256222595 233259780
93283494 556865094
580182322 384983162
195285023 422995445
284866716 53774699
247046628 527165568
877881824 128241659
167978602 258469067
514682449 674786561
971483740 527824869
28864741 950502340
127113429 444824722
257081313 301022554
8922459 338686496
30013237 513967778
201290930 835167635
132391057 381284882
747620516 789883767
21589459 564773866
822345198 772378590
392508007 786923552
200397679 657695091
668726148 658033834
687345831 336606566
263022683 259985723
572425980 114512242
34613863 338936693
484711659 363544945
630083354 39595
577093706 918532606
589031474 404571433
858156142 389481533
847434631 523525739
135593868 322958820
959718867 111170448
870243075 19022474
552114616 566642512
18389757 411545516
896472467 677315589
792895555 46116603
462440643 578603002
958014370 486223912
564973853 990943957
907037582 71938794
175977381 73842891
738052176 381691009
989326419 79576123
589810505 551502814
623756288 919464455
227454550 144350995
798730443 701996979
513379569 439500243
496673759 18372576
91838455 696835629
710151265 151680039
848724816 697729590
522167145 614111983
80183329 214201740
228735910 765857600
823004459 17088926
664472738 63520791
955777816 780494209
590341372 731819479
746763477 506277983
961299862 340219018
441169923 253726537
420907213 753250435
543328895 346631006
838484265 559648109
57141277 713251588
147406997 565973452
334269357 654510589
620898104 34497500
571701875 536255829
478522905 601417689
500467584 333697441
342351912 417663471
26645296 112985561
314617180 612628919
373238132 806709731
876900332 715923670
863881176 586011640
907970130 961735685
530266194 27238061
253831696 234550864
866523776 201915055
341412063 369518094
365325097 399757858
517768396 28103195
348392535 280931970
488541659 297660047
782541670 38186070
617224051 629436192
783955408 464081960
528952011 977250627
922406403 590525880
321572349 319562736
928659667 843488983
407777999 867575916
536683729 488876166
111865083 649707703
226400296 370317233
616728785 857979145
504279373 495145689
254287412 256181780
70606473 311835352
389279136 59132035
233072372 933562167
741887712 740770286
904004444 20669290
9138160 564047115
638848233 691710276
776725475 92588491
250949373 720360375
458959378 684998997
652662365 23356090
43297087 98428897
856149321 284249571
309786978 687203405
64182411 620323404
313493267 335598499
238190854 773405686
591232385 679687853
611890837 918658753
981568542 253814937
660617247 565775709
464898969 684899004
302740723 389303369
67165244 67734746
913717615 786012181
726948094 328098175
834067747 449717329
416603975 408766347
191302658 49893733
962140984 173082037
749595705 601727630
316705770 317353434
756381377 98566414
519659831 135681271
82971084 804344193
137429873 24528633
482368750 710746710
593075110 227441716
559380776 31253631
226959988 697726802
817766409 177327771
156157378 910353543
226195991 584327584
333023325 561659304
949579243 801771410
422213156 50054925
885359315 326702742
700290065 243819532
532962495 21417098
983323575 4849202
702698290 614055034
288338991 340055420
32994805 914184205
89611606 360157799
498185669 874731684
216280560 608749046
749342234 322500762
26297395 4820025
515710827 658132076
665752513 42475628
489980696 34507491
491143272 87059642
753955031 815182753
713416331 901277815
518361354 792125914
446459843 756720820
805548165 691739818
860787860 856506778
915219608 803251073
678375100 364406934
918675758 930524671
950130865 299734144
540377005 792355901
305672610 60223944
532295677 98375129
970451730 576057287
559227262 649210008
144615337 728325736
756607287 82841645
107656185 572051769
636952266 246367543
29900662 687191404
883947691 26836120
80132075 412608425
699351382 815329722
300917934 633064162
933219170 629450604
770323109 121022912
335145580 217821300
873640954 794732532
956044382 112891528
991961922 553077821
643838386 58586703
895800266 175196624
769778856 337076705
607471562 83660247
631472975 97782529
11836906 106328680
557211224 408914616
466485361 468755975
448051725 686522854
623351231 389826399
842219427 81266832
457678564 603008668
536027188 489153819
507389074 707076490
56802913 228238365
890828585 330783979
404920954 206126812
867539104 596338117
50606333 297679296
434095194 341111177
662238211 607287649
100316821 389333016
544073704 985196650
940183993 931326382
