298864147 731855947
894915757 48098
519770747 28125909
385970687 372614680
71557765 550380875
348806360 473279852
378121748 155775518
697422979 480880620
759895789 141305610
231509015 759735712
289407883 392036260
402491289 343983803
713364949 996114039
176620004 81713540
987965088 168158878
296803228 15541302
827233087 553950669
913222766 32014436
77959741 425079082
110368832 469165808
528288914 450638584
216933964 264814272
415826253 967086024
905853733 976523277
882198543 978199156
875746111 193079320
388489079 77192780
447310561 993156986
894604440 440405513
994003269 185357573
808282941 332297895
617412490 852325225
692345917 922245159
321012389 682613522
31003791 965817840
150184171 201557679
348943940 721250698
442311758 278779921
244438585 731804931
647608877 494552185
714620167 478591196
158012214 731445751
217577248 448390217
100032833 404044717
687905046 667748593
272321773 882092457
10747923 409486499
268979748 364053920
299816484 187480693
226889945 354392862
702793320 79915900
81635332 272228347
454573467 362113343
262651648 923741230
200846075 316081751
951803086 730409049
312753994 912024861
146405758 701733528
229641603 431209296
893533102 965928460
121036668 714928065
855757827 844386653
310509369 129371674
9513507 98409451
636879817 83674150
490806439 915478273
53988995 821724355
804360898 334062488
771353680 402915117
630918076 667862483
775532733 598980112
205556819 793932907
40786767 378446762
441432255 827955623
945327976 311838294
371461178 259854303
220816678 161570815
490974778 549421493
210453320 944130404
242836558 886037538
155126898 937437237
182403554 886631582
879379846 619102202
229126702 696709614
529984216 588926438
615345176 585138795
609884154 855536045
473412987 671607594
458141757 459756053
538282317 696725248
503975708 786200297
909784106 141520912
680363469 221832875
128316749 977823363
895866228 439159656
705130522 666672545
19089 61500042
668725965 392791368
331138609 498183852
8634262 406310035
835730702 109249717
78645316 73660876
334270365 791408611
530617762 732556467
74250187 7174149
271863753 195577898
532766518 317976994
136872506 134652674
709142461 35609847
552565818 953877456
802088158 229657327
503629202 185135246
733860081 57239434
560075164 658967577
460572221 464626544
927161306 234873091
535402196 745886886
846611251 159282403
451561094 916884915
631050878 950470196
692276683 213854285
578310742 950942346
898207763 307869313
