1079
1931
1349
1356
1318
894
1604
1407
1886
1264
1214
1154
2275
1394
980
733
1632
870
-1
1546
1573
1683
1165
1209
1393
1947
603
1511
1656
1114
1347
823
1235
1067
790
1283
1212
1942
1122
1254
858
-1
1033
1204
1393
948
877
-1
1206
908
576
1312
1282
2114
816
753
1249
-1
1082
662
1014
1665
1369
912
1121
1439
1671
773
1389
1439
1602
2077
1174
1839
1754
1564
1403
1363
-1
1350
1721
831
1380
1545
844
833
92
1097
1000
648
303
1365
2027
926
590
1914
1776
1681
1673
1108
-1
1024
1868
1162
1216
1057
1226
1082
1582
1895
1431
1661
557
585
623
1323
992
495
835
1632
1066
825
588
733
1689
1103
1810
744
1228
903
1507
1442
1392
862
1288
1469
1275
1515
1203
1771
1032
1701
1605
962
955
1321
1571
816
932
1086
653
1027
1749
1440
1396
1328
1378
1315
1198
1487
1017
1373
1217
1585
882
1990
822
706
1405
1445
833
877
1598
920
1549
1106
1757
1380
971
998
569
1751
607
1299
1240
1565
1103
1357
976
1614
1035
1628
327
1148
-1
1105
1221
635
535
-1
206
482
645
1592
1910
373
1022
989
370
1396
1350
1157
1394
1559
1533
-1
1660
1974
1811
1745
1560
1157
1946
1437
875
1101
1470
1246
1236
1292
407
1181
1958
924
1776
1416
1260
426
796
1260
1146
808
344
564
1112
957
1286
1479
366
1130
2237
1243
798
1062
196
883
1112
1101
1552
1396
996
582
2075
429
728
1162
1029
1847
1431
439
1118
1243
1293
1188
-1
1805
-1
761
-1
1308
1353
-1
1039
763
1694
821
1497
441
2085
1602
1578
-1
1422
1227
1614
923
997
1743
1638
1690
1146
917
1495
675
-1
1291
714
1028
990
1375
968
-1
1801
1739
1241
63
1546
1140
1122
762
1343
558
1816
563
1206
1245
0
1557
1078
1183
890
1292
1362
1478
971
960
1650
1292
188
976
1143
63
1838
1327
1220
1213
1154
1291
1206
1601
1386
1018
2311
574
1640
932
984
968
1137
1038
1186
400
919
625
1555
646
1800
1166
1071
811
0
1455
1325
1471
541
1720
776
-1
1461
887
159
618
1511
711
1090
1378
342
1047
975
1866
1387
1161
1644
1235
1275
1578
596
1087
1045
1272
0
1162
1350
725
1269
512
1909
468
1484
771
1017
1230
358
958
1285
210
1839
496
1735
1582
1379
1656
1500
-1
1346
1181
1733
1671
-1
749
1044
877
2239
1861
1355
1313
1033
1079
892
1965
1850
2152
782
1458
1446
1315
845
1347
1336
1751
1619
1392
1170
1772
1247
1634
1161
1706
729
1701
177
733
1195
1480
912
833
1958
1168
1602
1014
1297
1566
808
1500
1878
1174
809
981
1109
1495
753
1056
2290
1253
1575
1136
1142
894
1358
277
287
910
1365
1491
1586
519
1142
1641
1753
1392
1131
2137
1120
838
1445
767
-1
1007
-1
1377
1522
1421
270
1151
1113
1238
210
1002
1022
1509
624
784
1051
1254
1017
1462
2385
888
1581
1568
889
462
1997
1145
1168
1217
753
937
1276
974
1860
800
1382
1456
1028
1941
415
1203
-1
1238
1824
1281
628
822
1159
1049
1327
1810
1878
1223
1112
2294
303
815
1373
689
497
1613
0
1358
1805
877
2474
883
1035
1560
1179
1770
988
1313
1146
856
694
1078
1002
693
552
1873
494
1149
1512
582
350
816
1351
740
622
1093
138
1630
839
855
-1
0
2687
576
387
1711
1517
1041
1096
755
1442
1811
820
1298
650
841
442
1650
1045
706
972
673
1437
1087
2038
1365
967
1406
909
1422
-1
1628
1597
1462
252
1484
987
1573
1465
2099
-1
1033
1836
0
1427
1667
1100
823
1262
1468
1390
1331
1096
1714
1566
2687
1133
1151
1356
1593
950
1766
1569
694
474
1895
469
984
524
1327
528
1213
1159
2204
1362
976
1022
1622
-1
1347
694
979
1961
869
1138
758
990
1354
1650
1602
953
1665
1505
1318
830
1525
385
1247
321
571
1843
808
1459
2016
1870
837
67
1006
1230
705
971
917
1149
1512
1808
1226
285
1729
736
706
1462
668
753
1284
-1
-1
1079
-1
1960
1270
1123
1576
1122
1408
326
1118
948
913
1564
1248
719
1650
1304
1575
453
1336
1244
1076
425
-1
779
1087
1897
1614
899
-1
1262
1312
1214
426
825
763
1090
1486
2362
1493
1712
1061
1763
1020
1231
434
1720
-1
1442
1373
353
1227
909
1498
1082
1173
749
1154
758
563
601
1231
1307
1965
1091
1117
1087
1038
1445
696
1276
1788
1519
1894
1219
805
1952
1548
-1
709
410
1719
770
370
1510
246
872
1313
522
1107
1754
2022
1490
1766
1112
1053
869
958
802
964
1228
0
1573
1135
720
1160
1291
7
1022
1055
715
1013
1583
1580
1524
1342
400
1387
1052
629
805
773
1964
991
453
1636
20
463
1538
1055
759
531
433
580
1413
1014
999
755
1762
1512
1379
1459
929
-1
1104
1424
776
1494
752
1605
913
684
601
858
1816
671
871
1313
1097
2022
765
1103
434
1445
1501
936
2033
-1
668
1729
1902
945
1030
1452
800
1038
926
540
898
1619
956
1614
1636
409
1236
1230
639
1515
909
1076
395
191
-1
1054
2069
1442
150
951
1876
1971
1236
1649
1258
1442
1217
881
955
1641
1035
1960
1538
1209
1062
1559
1146
763
1837
1273
1125
782
1658
1202
528
0
1426
1588
1362
1543
2275
1417
125
1102
-1
1837
1707
1906
1234
1756
930
1420
1582
344
684
500
1786
1975
1223
922
2004
1329
1630
909
591
855
-1
1024
1293
2239
755
1425
906
195
2310
1035
1900
246
1859
2070
1636
1166
1076
1173
423
1517
1348
1417
880
1259
1419
1215
1746
1340
1841
1329
1189
-1
1591
1011
1597
960
1488
1067
830
356
191
1517
1372
1900
1311
1632
1654
949
996
1557
1954
861
1184
823
778
994
1485
1424
1112
1013
1698
1832
1775
1464
802
1064
1190
1221
2036
1725
1507
982
1104
-1
1359
1020
853
928
1763
1188
373
1647
1569
2278
1784
1038
1379
977
1677
1445
1800
1471
1227
1283
628
1643
-1
1226
1732
1227
1459
1212
1186
1283
1240
2022
947
952
731
1008
1821
1601
1160
1120
693
1022
928
437
1185
1529
1566
362
1244
1227
881
714
1442
1322
1082
1392
828
1226
1107
1264
1280
1727
2375
928
975
1327
708
1456
1311
1311
519
1244
1160
1195
1695
2341
1954
1634
1781
1345
344
1447
1166
445
802
1445
2057
924
271
1497
832
1399
971
996
1367
809
1004
1144
594
622
1064
684
451
1007
1180
-1
1275
1359
1515
1244
1579
1218
762
-1
1386
375
0
554
1813
0
1059
361
171
0
1097
896
2142
18
362
1104
1014
331
1024
429
1166
1201
1152
1130
1110
716
1275
1398
1341
1226
623
2079
1217
1334
739
1575
657
1534
1407
953
1262
576
957
1212
1207
522
1321
1039
1293
1342
1499
1396
1141
1701
2378
1550
954
-1
1350
824
1546
1464
872
1122
506
2246
949
1071
0
1712
1522
1094
1529
526
1399
1753
-1
528
598
1602
1120
729
1361
1582
668
1277
559
0
1214
1168
1765
1571
1385
1360
1924
1282
927
862
1308
1051
826
1902
1463
1287
1395
627
1460
1120
712
-1
1212
1327
774
1721
1926
685
1041
1302
1026
1449
1695
1187
1827
0
1569
1009
1607
844
918
1338
1399
1640
830
1134
1288
375
1655
983
1322
813
1715
1032
912
393
1776
823
721
1080
1230
1756
2036
-1
1655
1149
670
1676
1667
1188
1342
278
1149
-1
1955
1160
684
1258
1745
1614
1318
1383
1378
512
1599
853
1717
1451
1702
1128
994
2351
1975
1368
1024
439
-1
1619
837
-1
693
668
991
1188
1569
1089
959
1031
1587
268
1379
1843
895
506
889
634
1577
850
0
1542
607
1523
1719
1497
1207
1130
2294
573
1862
1545
1706
1357
1695
2072
703
651
1260
1267
513
837
1105
500
-1
1463
1326
1707
1080
1245
996
976
1118
2173
2206
1530
1129
1201
535
444
1354
1424
1588
947
1166
-1
-1
998
0
1902
1581
1375
1228
1325
1375
1560
1877
574
0
1310
423
834
1594
1223
1076
-1
1033
-1
305
1160
895
1502
125
1536
1341
1787
708
1658
1877
902
1467
1114
474
1107
945
-1
-1
618
1251
1217
1107
1240
1456
1133
1455
862
1644
1446
1073
1326
1560
731
1493
1041
2132
370
631
2239
1149
945
504
1080
571
1199
1566
1522
1717
894
1546
1202
1801
1283
1017
-1
975
809
1110
861
1782
1201
965
1057
1830
326
1447
1328
858
1122
1467
976
2217
1941
1091
0
1459
1469
1911
1577
629
971
1204
1192
1185
2246
1576
1230
1726
1784
1627
1229
930
1199
1678
1110
421
685
752
1008
2232
825
369
869
1783
1334
1438
1139
1260
1014
143
1469
1965
582
984
1150
1534
1233
976
1369
956
1279
830
1491
1827
-1
1301
1365
1493
-1
1462
2158
0
1896
1074
-1
1001
827
1071
980
791
1636
369
533
1321
-1
324
951
305
1558
996
718
1708
1534
663
1733
1581
1015
1512
1360
417
1167
539
-1
1164
1663
1298
862
400
1079
1305
474
1267
464
1120
965
500
1662
1232
816
496
674
429
438
789
434
1169
1506
614
1658
1259
1058
1633
-1
1480
1911
937
1259
864
871
1029
1782
1560
1234
1304
1531
1268
1370
709
1565
1115
1391
1731
836
1690
569
1408
1419
1286
998
1264
499
1851
1614
1440
-1
1021
1354
1053
1426
1045
1601
1460
1336
1859
506
1083
629
1607
1331
1580
2114
822
1539
646
1289
1431
1144
1694
638
1257
2201
1956
952
1028
1798
1071
1564
2192
1065
1765
782
761
1164
748
1146
991
1157
1426
2027
1349
1198
1346
1753
1727
1642
-1
1401
1956
1237
1850
1717
1075
2192
1212
569
755
1213
977
1276
1186
2191
862
1023
1489
731
978
778
1699
1452
1075
985
1113
1024
771
643
916
-1
1217
1459
2254
1319
1011
67
2026
1683
-1
1041
851
184
995
277
1204
1344
1017
1281
1232
882
1437
591
1157
1132
-1
855
528
768
1372
587
1879
828
805
581
63
1742
1712
-1
585
2275
1209
505
1383
1044
844
977
1326
1965
1781
1328
1188
1118
1281
1094
1865
822
1276
605
1051
1914
1303
564
1030
1020
878
1184
1244
1464
1235
1490
1081
885
-1
1170
938
1446
1483
453
1303
1566
-1
1789
1116
770
1459
1386
1553
940
1719
802
1424
-1
861
1311
1452
1640
1101
971
977
1002
1656
0
1223
-1
1180
982
920
1395
441
1234
352
1023
1033
1782
951
1655
1721
708
1720
1824
1318
776
326
1301
1297
1663
1150
-1
1768
1351
1323
1785
1377
675
533
1539
947
1227
1199
1254
1439
885
649
1393
-1
2274
2022
869
1491
1602
815
1745
783
1623
1394
1460
1599
1179
1329
1183
872
-1
728
836
1750
1121
1096
2170
912
644
1193
545
965
1411
1539
1265
1729
1628
1034
975
1303
1217
974
983
1330
1230
1306
1572
411
1730
2269
1272
512
1022
694
1164
-1
1461
1188
1323
1667
1149
1298
1185
1624
968
774
856
1482
583
1470
1373
889
205
1991
1227
1249
2206
267
1863
1145
1106
987
1252
1008
462
1401
1188
1065
1844
1184
959
1454
573
1579
2142
1990
1426
1886
1092
1659
1267
813
733
1277
1220
1696
353
373
459
2066
839
1577
2063
973
971
1146
0
1585
1346
1437
1267
1195
1630
1418
631
574
1118
594
1616
915
227
1938
1261
786
1467
1577
1372
1414
1603
1834
1080
1810
974
188
834
853
1325
1116
1768
1265
1331
1008
1259
734
924
596
805
1116
1252
1203
1026
846
1421
920
1175
1180
923
1206
1055
1090
673
1394
1620
1322
1791
690
1878
1212
1741
690
789
1750
619
1701
576
1357
1060
519
1067
1223
-1
1240
1601
1580
1701
712
608
1914
92
1088
-1
564
1244
1154
1106
1841
1837
994
1339
1478
1282
1066
1961
835
646
1504
1788
1619
1252
1177
782
465
1385
1672
1536
1694
1151
0
770
1695
731
1249
1130
1929
1686
269
1276
1484
1858
1449
644
755
-1
-1
1378
1210
435
1624
1512
262
975
307
1927
1900
917
1581
1173
1338
-1
771
1275
785
1407
1330
552
2066
1559
1148
