313
140
212
214
530
309
230
214
310
298
311
163
305
197
129
343
392
202
289
105
216
168
272
155
138
216
258
587
245
114
20
509
304
337
280
160
227
338
142
291
207
134
176
216
240
167
261
312
230
393
224
169
270
230
73
403
174
315
321
146
221
112
214
252
144
272
267
289
144
338
282
159
73
207
176
226
134
504
275
187
198
178
483
274
418
188
273
209
102
259
231
134
89
227
157
452
254
250
227
178
282
224
303
196
88
184
213
263
222
285
195
223
239
64
318
170
341
237
174
261
308
248
304
292
260
212
0
195
169
140
246
242
327
287
327
226
200
135
172
407
555
144
448
238
220
467
161
245
561
193
385
148
75
246
21
492
40
237
144
224
191
191
108
189
216
208
153
247
176
375
278
362
295
160
230
342
347
249
215
178
267
329
220
175
389
116
94
200
67
189
330
105
228
373
269
262
184
141
256
104
307
300
184
0
113
98
206
253
226
200
309
282
106
147
175
104
471
173
212
278
164
124
256
164
151
213
332
144
79
255
334
90
140
196
185
323
111
181
344
234
187
140
588
80
192
162
271
199
131
337
256
203
314
16
20
118
150
265
128
159
250
297
291
503
361
154
349
423
261
126
220
348
441
144
277
320
124
310
193
435
135
194
338
255
295
309
249
160
149
202
185
176
310
441
289
181
185
226
273
200
84
250
196
292
52
269
85
507
178
361
46
234
229
109
189
196
236
193
215
272
161
297
227
154
266
221
176
165
81
140
51
130
218
87
158
292
207
79
111
356
227
265
195
269
289
208
228
504
193
131
181
161
97
194
189
231
494
194
145
263
193
226
86
82
177
119
171
245
196
194
197
85
500
196
367
636
255
258
314
257
390
373
228
124
117
240
390
118
184
251
55
138
298
263
241
118
156
200
61
429
347
126
251
184
187
79
20
132
227
66
195
169
0
141
124
299
152
84
73
166
218
379
186
418
269
194
391
250
352
203
285
146
194
209
249
138
144
139
104
259
200
251
461
149
224
218
175
186
148
177
111
37
290
98
167
266
292
109
202
433
206
371
172
91
115
168
267
220
102
82
265
319
228
300
227
98
269
254
83
289
67
192
240
312
110
177
159
223
283
54
0
275
257
78
212
265
222
220
174
250
201
243
311
149
297
194
231
460
184
268
357
328
186
121
298
240
393
250
219
308
193
167
277
299
215
227
389
134
325
355
326
170
219
153
81
142
219
145
77
79
158
277
268
112
291
113
265
241
317
176
43
208
115
159
460
118
184
347
207
247
131
358
123
104
174
364
258
339
456
387
272
383
307
268
261
188
128
273
225
76
195
167
232
251
263
186
299
264
347
542
184
293
193
441
128
439
528
120
329
177
248
299
159
161
197
224
431
384
397
74
278
73
149
261
271
264
196
216
185
246
97
100
274
211
164
46
270
39
391
194
286
41
117
250
187
235
131
159
224
196
197
286
144
324
57
41
130
315
126
210
196
196
195
237
126
170
210
97
98
248
275
280
237
134
107
357
129
108
208
224
103
201
205
430
119
169
260
479
248
232
221
313
196
290
268
338
194
314
360
181
166
157
135
209
139
214
153
180
187
202
43
194
437
528
187
138
257
184
245
219
112
354
224
160
389
209
196
220
186
124
217
260
227
321
406
257
288
573
305
248
306
161
159
254
113
109
286
170
267
156
321
479
120
175
220
317
144
160
268
157
210
302
217
114
121
352
149
122
372
279
261
139
437
253
216
177
185
177
176
250
231
134
0
207
334
171
134
298
213
412
103
287
117
231
349
50
200
346
88
338
217
20
385
161
477
354
248
170
85
504
88
127
174
39
151
413
305
247
143
391
181
128
241
190
399
195
97
198
282
192
169
264
224
104
129
254
267
221
63
169
298
400
405
197
15
91
224
203
265
144
280
53
156
157
540
45
211
187
68
120
206
168
228
21
320
66
470
191
159
214
218
263
200
102
145
31
373
120
315
59
256
199
183
477
267
312
303
126
311
234
234
63
210
300
146
208
187
195
231
263
447
6
116
222
10
244
220
177
88
391
0
484
177
272
187
250
247
584
272
168
216
166
126
241
129
242
346
228
125
175
567
371
194
287
372
163
196
307
343
225
112
160
258
279
179
200
31
164
253
500
103
268
179
209
169
214
157
430
266
128
156
257
269
275
286
693
246
0
250
152
137
304
146
190
127
275
238
46
208
542
713
322
273
286
391
249
322
693
154
185
200
194
461
386
116
151
310
348
260
2
255
49
70
191
93
392
284
157
179
164
310
382
128
159
134
156
207
273
56
129
171
341
366
239
352
140
130
221
180
193
348
209
55
121
133
116
115
400
211
77
449
119
279
358
295
337
185
272
261
268
266
253
252
182
208
128
305
288
162
101
282
50
305
245
382
93
176
189
334
323
447
169
163
291
327
373
258
230
353
87
123
147
446
0
248
101
70
102
223
243
177
131
243
246
169
258
231
471
0
202
181
464
169
152
74
179
196
269
273
64
175
245
138
286
249
214
337
88
181
494
290
285
233
269
81
247
298
133
0
173
231
153
30
128
126
136
283
86
271
184
85
372
407
300
321
189
245
278
272
288
120
55
433
239
338
226
200
282
366
164
144
156
113
242
206
335
175
290
242
102
275
257
226
237
184
159
64
164
113
253
282
215
170
275
126
115
163
128
274
227
268
227
329
236
189
67
225
188
240
289
307
227
269
158
381
452
309
122
162
99
127
555
269
657
280
119
188
392
179
380
280
251
199
2
209
209
298
334
440
145
102
419
90
259
263
170
105
505
413
282
72
73
106
210
190
195
230
124
242
160
207
156
209
269
380
219
322
281
526
206
142
247
267
330
422
89
189
239
201
149
330
105
209
476
421
268
252
248
206
268
305
108
41
176
153
0
237
180
211
263
123
218
197
83
86
163
320
298
320
168
263
245
259
110
230
260
350
244
0
172
93
274
156
117
279
183
196
244
275
323
182
96
45
262
693
159
292
193
92
142
142
326
219
205
173
210
225
156
255
266
250
248
322
66
170
226
111
262
112
191
140
156
244
241
238
172
261
246
216
203
267
293
212
221
255
175
145
148
356
168
355
195
183
180
81
181
140
58
167
259
185
242
254
208
439
210
224
202
267
131
190
262
170
224
318
156
220
223
143
171
263
218
357
146
141
187
209
80
156
213
163
182
135
287
222
145
138
163
166
301
555
139
54
255
118
195
80
328
162
67
228
124
260
121
130
65
85
200
233
110
176
472
55
232
236
358
111
55
247
368
172
201
155
195
230
55
51
291
258
298
243
174
234
320
487
254
420
323
270
113
283
220
224
329
169
419
227
310
141
188
195
144
119
200
284
330
142
183
102
206
219
130
129
124
168
234
194
196
224
276
232
172
225
104
352
187
201
363
334
272
218
290
225
286
184
264
237
433
265
188
319
334
279
171
368
257
123
213
193
91
400
320
234
21
181
141
258
80
348
80
137
314
153
143
126
381
67
337
171
186
234
393
247
231
193
178
172
272
303
257
217
137
341
71
383
424
183
386
146
85
54
199
372
267
193
251
139
191
218
270
258
311
268
109
268
123
131
728
281
320
261
50
94
200
267
252
441
127
250
111
200
480
134
248
480
209
227
279
550
271
290
322
127
356
328
232
217
208
392
104
142
291
301
310
299
255
233
206
291
187
229
189
271
211
278
193
472
413
216
187
99
140
298
91
297
275
266
186
209
207
202
435
181
211
106
247
293
37
168
186
89
278
515
290
493
258
199
170
183
235
300
240
263
344
5
399
301
125
282
146
171
163
450
226
39
371
134
196
206
344
337
106
285
190
292
126
267
83
193
163
56
83
242
228
271
248
219
309
324
278
293
304
333
67
192
189
37
264
290
73
149
258
117
429
316
208
626
248
164
176
206
289
134
386
47
238
21
199
200
105
186
236
181
130
144
76
124
332
89
189
440
99
177
156
230
95
371
104
206
189
104
147
199
180
412
202
250
212
252
417
209
146
72
117
271
231
185
258
382
282
52
43
97
317
320
353
47
288
183
385
245
212
171
107
362
174
0
119
196
362
218
105
406
273
129
172
188
367
400
301
280
383
131
713
304
381
276
79
183
12
218
121
31
219
228
327
391
421
0
317
205
0
142
395
358
97
353
214
141
206
263
296
124
252
266
220
209
320
85
269
178
242
333
250
162
235
421
190
243
187
205
298
274
209
164
290
153
35
172
338
424
225
203
102
156
242
199
15
175
345
251
239
99
206
178
89
222
242
300
232
423
325
415
366
398
312
201
179
168
156
264
0
368
390
134
129
113
423
188
149
45
122
346
186
216
222
99
376
140
180
291
371
68
221
124
171
333
254
66
102
539
334
130
252
278
270
164
184
129
334
500
0
85
154
157
146
213
415
214
612
305
79
373
208
592
225
137
248
224
381
213
73
83
263
617
264
430
266
141
248
268
143
218
178
229
295
178
125
254
194
156
282
146
175
160
229
248
338
282
433
139
541
228
263
182
274
262
214
154
278
141
243
392
166
354
231
219
323
355
195
216
164
87
333
154
282
143
368
122
266
202
134
170
116
250
197
117
293
152
375
128
164
218
176
57
320
177
190
251
437
116
385
267
312
197
433
176
132
233
156
231
246
86
233
413
289
325
0
101
348
65
260
149
123
77
53
51
342
165
275
305
262
263
614
303
199
215
240
179
368
238
140
247
219
215
132
338
116
366
95
353
298
167
372
193
205
102
297
194
319
275
175
712
92
293
112
470
293
229
321
241
210
355
241
244
129
40
239
246
339
225
205
160
145
97
249
240
144
175
292
347
212
221
89
335
30
430
192
235
431
171
364
111
263
272
437
129
251
238
299
181
216
184
207
195
290
172
221
305
186
58
494
54
626
320
229
258
218
156
315
493
287
168
302
295
115
203
293
204
305
129
161
147
400
304
245
136
300
257
201
263
327
361
136
209
118
162
99
262
280
197
137
212
143
587
322
117
205
337
193
212
260
143
113
105
240
377
229
67
347
286
111
153
193
126
187
144
194
153
229
132
342
90
498
83
236
301
303
84
53
122
149
265
102
361
229
642
110
81
142
74
272
206
127
249
368
420
209
355
226
657
286
249
227
41
289
357
273
201
278
332
234
15
209
169
319
365
203
198
121
198
205
46
238
237
172
181
236
37
169
136
286
247
197
316
247
297
270
323
294
116
114
164
377
158
132
92
181
213
96
385
189
514
319
160
228
44
191
359
123
8
130
116
86
384
183
163
142
446
264
196
298
135
169
207
214
217
143
242
146
344
185
356
49
211
101
322
232
287
110
346
71
301
371
356
228
134
69
170
247
51
231
305
131
116
327
195
308
314
368
160
208
256
245
197
313
229
317
400
226
237
183
100
237
43
104
267
206
183
561
149
637
97
257
190
337
313
308
206
293
338
241
0
193
250
196
260
134
166
200
392
320
26
230
157
373
317
196
223
145
151
342
215
314
190
171
109
218
321
375
71
269
249
193
298
246
0
136
67
355
169
252
114
83
169
261
72
146
328
310
340
266
270
214
149
382
220
212
231
328
229
114
301
231
146
197
214
400
95
389
246
271
183
93
155
223
317
112
385
162
178
142
195
37
273
233
338
251
657
224
220
138
612
320
170
141
188
212
245
263
165
127
442
98
167
193
414
243
287
194
166
194
209
110
273
205
66
270
287
417
271
113
101
164
372
169
253
113
248
176
192
4
159
286
282
123
117
298
130
167
236
268
223
71
185
91
321
29
116
183
400
124
224
487
134
175
111
332
136
208
504
310
612
142
254
278
93
202
268
321
33
220
470
161
87
264
165
227
102
231
184
372
228
189
166
236
83
230
162
406
131
342
275
210
437
249
247
121
135
182
294
728
236
168
129
180
142
413
290
171
264
319
251
0
216
134
175
239
138
414
46
168
227
112
437
206
171
366
222
77
190
115
179
186
455
303
186
63
211
303
197
232
142
257
353
557
191
404
20
198
183
109
224
338
274
210
47
83
135
205
811
304
136
193
215
347
167
211
163
127
241
226
107
180
186
85
236
219
241
102
255
325
224
278
164
134
183
273
373
371
151
143
214
184
147
229
113
448
117
247
535
226
161
317
246
134
0
346
637
43
175
186
174
145
167
334
43
240
151
219
144
67
378
128
112
40
295
370
41
271
166
296
181
266
298
112
157
209
140
49
237
100
237
263
134
255
171
168
249
392
329
229
142
259
47
25
354
301
169
145
218
216
232
173
193
267
149
194
127
225
160
199
207
214
83
104
141
59
160
189
61
437
241
227
244
201
175
81
362
155
274
98
507
387
303
299
267
295
192
253
164
153
139
283
149
500
224
178
118
72
214
169
30
207
357
430
191
277
145
161
336
206
231
247
243
118
229
172
223
612
159
206
413
195
274
316
110
251
201
336
282
197
78
189
153
187
91
149
344
166
102
298
291
184
320
327
143
86
190
287
297
327
132
84
215
235
181
163
301
209
115
243
106
110
221
244
251
101
167
483
122
0
223
245
211
330
124
246
317
132
196
414
170
421
184
283
293
297
515
250
125
32
320
195
0
300
215
446
171
208
177
239
187
234
189
167
231
484
0
157
203
149
212
232
324
169
196
194
227
467
246
136
262
134
338
116
334
109
138
226
227
225
226
111
80
260
197
539
307
205
138
37
246
196
130
337
345
226
204
234
279
178
257
160
181
228
229
306
255
44
299
181
421
355
247
174
301
211
256
171
220
102
260
127
117
184
189
174
117
187
187
146
230
135
78
217
385
126
375
153
248
266
269
274
213
313
371
340
239
542
120
240
194
334
167
69
71
120
290
211
204
615
350
195
66
139
63
228
0
277
414
209
189
135
365
244
216
20
167
162
150
189
143
260
255
390
100
0
238
355
348
587
150
221
184
302
286
169
196
530
179
242
242
165
166
149
248
216
376
41
179
243
175
438
245
188
130
240
355
302
71
288
254
43
203
327
161
198
234
555
327
328
264
232
227
424
191
134
208
142
246
123
134
169
184
55
223
240
211
154
190
254
273
266
204
195
130
204
393
284
355
220
139
243
43
186
261
134
317
173
364
181
266
332
347
315
206
96
247
217
279
144
200
319
356
466
188
366
161
112
136
136
319
202
254
149
179
205
160
261
190
58
33
209
111
370
128
93
89
175
283
154
243
237
232
138
177
207
198
314
244
20
204
198
437
269
29
373
241
139
175
32
430
266
220
100
173
46
221
169
178
248
101
234
123
145
79
99
222
214
400
133
295
73
151
137
401
239
384
259
149
263
140
202
385
111
360
239
292
200
374
672
286
92
200
232
251
116
231
130
171
81
310
228
287
153
12
182
304
187
296
255
331
356
198
94
224
564
539
454
165
320
322
344
244
169
202
342
279
208
362
136
0
0
362
113
319
275
230
134
156
329
53
120
209
112
371
454
101
136
57
197
382
264
77
241
251
519
208
111
269
244
387
207
347
25
291
98
257
246
167
117
188
43
222
224
174
217
108
289
365
101
234
209
510
203
150
589
48
428
0
224
175
110
232
68
470
260
283
240
118
358
143
445
200
390
228
182
216
280
488
210
228
164
195
258
230
49
128
189
226
193
286
209
174
212
326
207
299
387
214
170
0
151
31
399
213
366
111
224
457
183
178
275
257
225
209
157
252
134
413
161
180
300
100
165
222
191
246
185
316
221
230
439
230
107
204
291
250
275
139
150
206
206
104
256
289
272
223
272
107
364
208
268
101
238
260
44
191
239
337
192
96
234
215
124
129
216
405
180
375
222
170
334
159
195
257
510
88
243
0
330
227
297
212
188
139
315
119
487
230
169
193
237
233
179
150
56
216
122
164
586
448
151
102
236
237
171
423
80
153
168
176
180
176
338
397
505
183
326
288
190
228
196
196
322
300
133
193
99
167
235
237
328
126
251
378
242
109
179
203
159
359
454
237
210
288
367
155
143
319
368
370
91
101
97
303
291
172
166
229
256
77
129
91
225
104
273
246
312
197
200
165
132
287
298
225
190
109
68
307
126
400
224
164
226
364
163
199
220
240
195
286
255
287
292
24
101
201
24
238
199
225
285
246
187
214
327
298
177
113
377
99
301
95
176
338
211
348
213
182
55
217
200
189
246
299
264
355
0
298
191
124
358
227
188
182
400
185
251
163
110
212
133
383
315
115
301
341
220
191
512
94
160
354
354
247
263
239
152
233
220
298
116
344
139
148
256
146
310
177
264
357
150
269
230
0
301
190
177
335
328
249
179
253
177
168
399
72
271
183
243
275
222
57
258
186
164
172
200
156
71
247
226
10
318
176
288
119
119
286
130
269
202
176
196
188
177
287
354
55
324
89
152
279
149
174
233
55
192
234
413
197
222
366
100
83
146
430
240
191
92
126
129
234
280
203
122
270
293
253
228
32
271
215
362
336
615
366
53
459
179
180
212
191
177
174
341
110
124
79
413
222
250
89
452
292
212
240
204
369
116
221
333
0
181
228
137
223
405
307
0
266
334
252
433
250
247
275
209
101
164
374
256
183
379
2
222
249
111
181
276
228
125
251
312
79
372
122
161
363
164
461
160
242
287
256
73
226
97
194
114
264
257
260
235
229
359
291
286
85
159
33
243
141
275
227
178
206
183
276
249
161
157
118
169
327
218
128
212
112
146
117
285
204
377
208
47
256
118
364
117
357
277
172
128
5
117
109
245
241
158
370
182
349
461
515
89
140
217
294
196
258
208
262
347
226
232
211
212
183
266
227
90
290
264
322
216
471
97
235
383
142
390
592
357
292
101
218
126
73
466
383
364
0
105
283
249
375
389
294
185
413
229
245
327
157
129
301
209
470
332
81
252
274
274
254
126
420
170
234
269
206
144
712
158
232
85
219
243
249
206
217
0
194
139
185
319
128
326
174
0
364
43
93
124
266
220
0
229
352
109
298
310
149
231
312
138
115
182
326
712
247
200
136
273
130
106
372
141
212
240
73
243
92
414
189
167
221
177
111
198
164
118
229
381
185
164
346
166
187
290
186
152
41
35
176
342
320
270
322
96
161
338
127
174
169
207
260
203
201
136
533
269
130
81
371
141
302
264
197
187
343
133
119
346
181
594
316
273
198
250
322
169
189
170
148
334
182
250
124
120
186
253
24
355
229
47
142
399
126
158
169
594
341
323
334
244
245
129
208
31
138
97
158
251
148
146
163
0
252
213
179
125
201
374
445
313
328
367
63
206
0
165
181
187
310
114
366
507
196
171
283
223
264
290
259
109
254
304
176
307
357
360
225
122
322
84
232
102
143
190
92
185
226
89
353
322
259
204
259
76
160
145
221
309
24
323
198
368
171
215
234
235
181
173
124
307
195
493
161
390
129
206
109
166
515
0
50
85
223
446
229
203
217
125
197
194
190
180
246
288
137
430
81
157
248
270
186
46
92
420
229
334
252
236
232
163
167
140
122
185
98
145
74
406
225
383
189
367
234
169
282
291
237
249
196
225
77
337
142
193
91
159
151
335
178
249
198
180
288
271
355
152
171
188
339
147
335
287
371
252
358
146
134
222
151
100
270
392
226
313
250
299
178
162
243
241
89
195
256
344
248
67
249
103
274
170
71
72
305
208
413
539
85
145
0
193
134
233
248
276
182
254
283
223
418
77
568
65
234
150
176
71
193
162
416
228
235
302
230
204
161
268
251
109
185
443
415
211
105
454
305
509
225
342
104
234
242
617
221
206
134
239
96
191
199
555
298
196
244
214
362
6
173
358
307
172
183
155
425
471
144
244
0
448
322
375
354
117
0
367
157
135
282
319
213
117
167
617
120
207
249
143
268
258
212
282
289
267
124
297
137
148
193
227
197
338
196
243
431
97
187
177
157
329
0
196
149
148
249
316
246
149
242
254
307
22
0
239
118
164
487
16
115
193
186
201
114
262
277
193
75
401
212
194
349
123
224
192
220
244
203
316
116
211
123
277
170
565
141
228
295
87
362
167
422
103
231
184
170
237
224
79
144
362
388
213
364
0
284
156
192
136
443
226
452
179
334
136
309
610
153
166
170
271
240
171
307
169
0
266
258
250
114
244
158
169
66
99
262
284
209
240
213
120
414
301
181
196
194
226
0
348
172
75
167
387
610
452
125
178
259
161
218
344
366
301
185
358
348
421
201
250
70
85
201
205
200
196
53
138
344
328
368
138
356
224
265
179
487
196
260
176
305
128
342
171
282
52
210
195
451
229
124
246
216
333
209
256
204
313
317
300
372
275
381
95
235
540
344
283
156
191
147
320
278
222
88
222
72
118
78
149
366
587
281
79
218
487
269
152
194
74
99
115
298
149
269
203
112
201
246
261
515
199
258
253
250
218
127
160
170
222
124
109
135
198
283
166
117
430
138
320
80
326
250
194
245
224
287
0
141
137
181
335
236
360
192
152
247
216
41
203
224
246
78
149
168
183
165
340
336
164
114
220
203
349
316
181
169
71
228
184
264
215
79
227
387
200
201
242
230
186
251
561
27
140
224
141
214
334
125
182
294
256
204
130
154
100
91
471
171
186
229
362
253
203
120
131
224
156
191
194
40
110
269
53
291
197
484
71
162
144
191
273
192
588
95
167
279
141
120
117
192
157
316
241
191
197
22
246
303
337
105
114
268
180
202
93
217
162
225
232
213
614
305
114
503
111
275
123
166
104
231
196
237
307
117
321
233
419
404
636
132
20
168
276
159
236
307
642
113
90
382
170
254
102
192
319
283
125
355
306
215
364
234
0
348
298
126
201
163
169
128
111
218
258
417
19
238
67
343
227
160
85
121
220
148
205
216
116
214
306
261
200
164
194
214
202
33
211
212
185
134
226
188
219
242
459
248
333
269
121
194
134
272
95
77
189
336
210
160
254
126
188
317
129
514
96
91
142
364
198
153
186
6
112
201
186
226
134
20
87
192
247
190
243
205
413
451
196
2
391
226
111
612
389
155
235
226
146
199
221
227
113
173
179
273
134
163
123
211
218
316
311
388
308
202
178
116
226
239
258
404
212
104
267
275
210
211
222
71
166
257
190
321
296
85
74
135
230
399
189
200
247
325
159
169
124
156
274
199
279
136
512
286
637
269
254
201
288
226
226
429
281
153
250
227
227
315
336
230
450
192
257
160
102
470
414
206
246
158
71
193
255
138
99
234
380
344
311
176
250
354
115
472
231
253
419
133
228
305
382
232
111
104
267
85
364
103
115
197
291
280
247
232
612
296
144
163
302
248
40
321
210
71
357
280
382
439
362
246
529
272
98
210
148
335
126
346
235
252
205
264
181
227
376
329
445
254
124
420
282
276
46
282
222
139
197
188
430
144
183
224
227
101
347
406
377
113
258
144
135
285
257
430
329
446
541
92
173
84
91
204
510
213
303
373
255
366
139
206
184
264
300
219
116
227
193
15
192
228
175
165
129
128
178
275
111
278
124
213
263
312
134
206
222
71
218
196
562
114
221
243
63
296
310
272
114
0
268
180
101
174
287
612
299
306
557
152
269
194
319
262
327
236
292
210
289
144
421
180
218
224
93
266
371
119
519
208
229
343
564
216
141
138
0
136
204
132
211
693
487
289
71
283
77
47
207
181
175
146
208
369
130
111
291
380
172
179
309
166
340
178
201
251
49
0
204
193
232
183
176
327
244
0
236
237
131
150
258
208
337
108
150
250
448
94
335
93
192
219
201
92
264
291
163
230
391
693
310
184
230
258
107
216
268
254
326
285
424
241
278
248
83
125
213
248
303
218
228
145
227
157
275
419
71
194
244
229
264
161
203
128
215
156
200
343
173
173
349
171
165
206
252
199
163
77
128
154
214
185
148
217
328
34
218
177
228
171
267
138
154
112
268
24
312
372
197
121
98
115
360
187
151
252
222
189
107
282
157
249
377
224
584
346
269
375
230
175
284
271
322
159
314
297
106
126
251
202
283
313
377
219
155
262
153
186
166
280
176
226
220
319
164
301
214
117
275
280
200
195
146
77
113
281
185
164
153
160
83
514
205
177
292
252
220
94
161
278
208
183
169
159
279
104
213
71
269
187
138
201
270
109
304
303
171
290
253
257
61
153
171
380
81
385
269
119
368
126
216
141
322
233
141
170
336
343
176
257
166
321
215
187
210
139
471
187
126
202
225
241
257
247
157
365
281
202
73
278
381
226
208
17
153
199
158
111
130
55
241
108
295
81
122
118
328
155
561
332
297
352
324
256
205
420
266
252
288
202
210
269
360
291
367
247
128
218
220
195
268
209
215
90
200
400
125
197
226
34
197
78
116
212
113
187
398
278
134
190
154
167
117
229
156
125
283
113
256
40
55
0
226
194
218
85
255
40
170
93
293
195
321
90
246
237
161
300
323
279
236
109
123
271
120
321
43
241
150
339
201
255
72
271
138
393
198
184
203
177
355
115
219
367
177
236
211
233
332
201
252
240
4
413
79
190
210
249
102
249
297
211
335
312
144
275
187
355
311
112
236
371
424
443
147
0
102
142
260
188
261
0
245
132
626
196
154
109
264
115
0
20
248
124
454
32
198
21
142
25
223
286
199
273
371
131
98
0
211
216
117
307
290
253
314
252
239
206
554
265
162
354
215
265
218
348
193
105
188
139
112
237
260
206
16
324
248
152
178
250
163
186
250
220
200
215
297
351
236
241
274
205
85
352
278
298
154
226
181
293
156
188
459
354
249
111
150
197
214
161
164
242
195
111
251
391
264
242
185
100
264
264
47
106
353
228
253
156
140
210
300
0
228
312
141
268
242
263
217
263
267
268
305
185
271
195
183
175
224
134
146
223
264
247
209
151
323
200
217
206
438
65
71
267
354
327
226
106
266
534
216
56
274
212
327
50
206
268
323
392
26
228
376
197
223
175
260
202
228
168
282
138
108
413
216
128
221
373
110
231
202
85
114
281
243
139
562
139
267
292
262
0
159
120
317
237
240
213
191
165
407
330
140
222
159
25
144
246
77
178
224
312
226
163
266
315
227
151
83
96
292
235
219
86
144
198
20
248
110
160
98
226
185
173
233
230
144
197
121
238
391
214
181
226
252
230
550
352
158
148
233
148
328
174
366
243
316
166
207
181
316
322
140
113
257
218
215
293
255
189
290
146
375
163
312
248
239
241
161
586
224
210
200
195
225
280
320
158
187
207
170
166
181
316
383
302
123
141
246
312
321
277
135
98
233
98
305
119
170
321
46
248
329
173
151
529
303
259
120
459
275
224
188
190
162
324
159
214
175
275
159
200
105
264
142
255
245
263
177
177
113
47
273
221
163
232
102
56
185
154
198
117
508
4
240
373
52
159
224
218
467
265
233
184
2
299
174
301
128
242
144
94
122
201
377
114
98
168
200
269
209
171
194
134
134
118
158
352
189
217
280
122
129
300
151
242
283
145
134
106
177
21
308
34
205
306
170
267
246
165
288
315
293
336
157
278
415
323
265
252
242
178
170
80
87
40
224
238
244
279
207
178
198
240
164
190
272
52
298
310
127
226
286
81
120
93
163
295
143
214
209
163
195
236
266
24
200
77
279
175
154
364
420
76
106
247
277
124
207
107
420
246
146
307
109
80
227
171
125
128
178
290
92
137
336
143
438
220
227
234
218
108
93
97
132
67
139
47
356
244
368
146
86
330
200
234
134
292
299
279
211
203
218
324
169
128
132
308
287
288
124
55
149
261
354
197
189
197
219
154
155
309
110
240
63
187
189
183
192
311
306
262
244
226
212
361
241
157
216
258
479
168
322
353
565
263
73
239
343
289
141
126
91
162
175
388
298
386
307
169
192
182
187
267
187
354
165
372
226
142
196
166
214
269
259
193
355
385
71
286
362
73
257
227
171
210
66
88
138
134
165
142
0
268
277
248
218
162
202
227
258
194
123
403
130
339
119
245
355
284
224
251
168
421
228
159
241
270
313
140
105
367
99
306
208
34
369
130
493
228
564
153
214
337
112
203
322
72
126
335
292
67
230
252
169
115
137
144
157
191
249
272
157
290
187
299
165
123
190
144
198
154
307
414
627
228
214
196
257
348
142
241
124
53
279
197
391
117
114
94
247
211
316
159
241
365
250
175
429
158
35
184
262
177
193
231
225
403
264
166
231
198
364
0
262
282
413
226
15
203
147
0
335
487
224
360
135
315
193
120
415
228
97
118
190
185
55
99
268
313
290
264
126
176
315
260
391
96
204
43
146
169
228
135
116
203
236
357
111
328
422
255
157
310
555
282
399
362
115
377
201
299
144
158
196
214
231
0
161
99
261
190
210
164
113
78
248
141
114
284
109
294
168
144
92
138
201
140
2
250
297
265
251
238
152
158
173
258
159
287
176
88
260
138
326
297
328
228
163
104
110
216
262
119
381
256
159
219
239
326
321
219
234
150
204
376
248
297
217
334
224
80
134
120
245
97
168
327
184
0
102
320
369
67
91
201
109
334
170
91
259
219
568
126
322
226
274
266
97
177
248
0
47
231
283
226
152
108
197
446
183
177
157
124
233
66
450
136
230
223
30
211
225
80
181
253
43
205
211
275
293
54
117
313
56
249
290
97
346
268
253
224
176
559
244
442
124
266
122
313
226
206
121
202
147
102
568
97
139
212
164
116
339
337
200
203
157
61
244
234
125
392
223
626
250
228
316
332
439
51
268
52
217
201
235
267
207
211
103
324
200
267
176
154
97
85
433
126
245
334
296
175
332
73
252
85
187
298
117
139
201
249
355
108
180
211
192
229
351
183
249
37
190
254
101
206
423
137
170
172
362
311
540
260
89
413
369
211
283
249
200
199
110
364
67
144
148
306
213
278
270
195
188
383
157
240
354
241
282
205
219
285
216
266
127
161
377
263
392
231
247
213
193
555
322
129
254
79
337
370
252
203
286
162
137
103
355
91
267
93
335
154
210
248
151
309
217
164
232
244
110
206
357
208
121
102
166
271
168
326
327
301
264
146
448
268
193
451
197
153
106
163
156
86
219
215
132
430
196
238
319
114
348
238
212
46
211
229
274
117
360
168
179
169
271
169
337
431
360
262
224
352
361
143
186
237
156
248
195
116
168
536
240
203
313
471
237
146
290
159
141
230
295
292
102
362
117
253
0
541
244
241
192
286
77
114
226
87
179
204
273
114
166
109
247
293
257
295
72
235
182
212
160
158
202
135
282
75
206
35
286
291
266
173
137
169
166
207
339
121
149
97
154
172
275
90
97
168
393
117
131
145
210
712
313
584
290
199
39
108
192
79
424
317
247
397
156
241
372
127
112
179
56
251
159
342
213
170
219
4
346
324
146
184
267
642
344
121
33
264
369
140
151
166
248
179
193
265
141
358
515
171
237
0
288
233
341
471
149
173
188
176
63
163
249
227
128
425
367
391
169
236
322
198
217
221
219
173
10
363
190
216
271
176
212
229
298
225
264
350
168
111
258
321
296
234
204
97
264
132
136
353
145
160
286
247
157
209
302
205
162
312
310
562
179
399
452
224
364
255
80
141
438
246
319
47
63
210
166
127
196
255
215
308
126
175
198
219
400
288
220
203
449
209
143
55
275
315
197
250
270
53
313
152
310
205
420
71
39
183
253
227
193
361
83
191
162
205
102
353
219
247
159
267
355
274
109
104
170
184
259
176
188
269
113
116
146
37
170
118
144
136
129
338
184
185
119
214
260
216
341
82
117
222
614
122
298
157
166
227
302
179
205
378
114
244
325
162
232
198
85
121
156
102
122
72
291
305
321
371
247
246
138
221
146
200
236
153
158
323
171
92
264
407
216
228
228
245
162
93
290
251
145
120
197
204
246
91
212
410
247
170
201
81
193
194
159
148
326
295
137
268
342
300
247
165
271
119
338
278
273
210
247
243
274
253
190
114
128
139
176
100
258
185
91
216
141
322
201
160
249
303
235
253
335
219
238
275
277
224
544
258
313
197
193
309
159
157
96
125
234
218
388
223
208
367
555
163
93
165
324
371
225
440
163
189
332
132
165
161
320
268
195
237
277
225
305
270
157
162
110
190
228
324
260
429
0
227
293
257
287
267
209
352
340
270
217
312
129
178
71
343
92
367
241
181
210
93
173
312
121
192
130
346
239
141
142
155
278
200
324
303
134
130
