833
212
795
442
0
1007
795
692
655
425
0
0
557
710
933
0
851
543
803
304
368
505
91
608
1491
553
191
839
581
248
1139
670
433
1022
765
667
1042
518
330
418
714
634
109
440
607
769
466
1142
849
110
547
937
340
614
982
1031
775
1001
1159
0
772
871
955
725
654
1189
1002
324
605
842
156
516
1379
459
573
1078
778
675
720
724
310
708
659
797
811
294
417
970
587
672
483
1147
1074
261
806
711
483
825
596
948
835
219
640
388
535
613
378
814
777
618
463
332
501
771
1017
535
635
855
721
500
256
269
672
440
712
918
570
550
447
754
467
353
807
0
468
357
413
644
837
693
686
511
723
352
584
606
608
1176
527
404
720
309
698
783
1154
601
883
858
400
849
0
1147
333
388
382
587
597
298
626
778
525
735
458
418
659
715
983
971
684
481
395
517
581
263
778
584
1142
629
626
642
870
305
745
578
1242
574
474
395
943
758
894
405
807
642
516
528
1167
562
569
517
951
159
1243
247
615
734
936
234
689
663
378
699
998
728
797
166
867
504
867
606
487
1233
573
790
740
665
969
470
221
0
382
1275
1254
1155
1038
822
652
430
596
764
438
809
855
628
415
251
116
695
665
617
611
566
540
479
738
806
659
320
811
864
716
1142
960
763
1113
532
479
486
885
911
957
829
815
533
568
413
782
321
320
440
0
533
0
356
559
941
964
770
791
0
610
338
407
654
763
352
197
946
528
388
561
426
215
462
1323
162
524
616
463
360
588
294
633
517
598
737
526
362
450
407
1077
1014
133
674
923
301
334
958
690
607
562
1197
601
280
405
547
1147
1066
626
754
449
614
0
868
729
1313
884
707
884
1125
397
451
661
865
654
616
793
652
650
449
547
481
808
352
689
386
0
257
867
574
982
1202
493
775
319
356
745
732
966
596
723
712
1167
805
375
396
65
899
1228
624
728
552
301
125
434
507
500
57
758
621
599
1017
597
58
415
659
568
462
728
1010
0
477
781
880
463
1491
866
730
699
1040
470
1049
539
879
843
635
534
576
584
510
602
885
904
1148
520
296
1066
773
553
631
713
870
642
699
692
897
518
383
206
568
441
85
1196
745
568
652
447
674
472
720
684
963
735
654
568
713
684
396
614
824
824
359
717
692
868
317
693
1088
746
13
511
248
307
398
699
802
1049
640
1113
515
413
937
770
732
1005
889
949
864
495
782
762
682
880
149
1107
454
44
465
840
649
546
209
677
781
621
435
282
537
1428
229
713
460
1323
769
431
544
1049
566
572
603
880
824
508
908
574
853
887
677
604
736
417
537
714
651
998
562
806
851
497
705
657
455
900
567
615
705
675
601
690
526
896
1039
707
532
718
525
864
611
880
495
640
353
699
1024
159
589
918
459
880
281
252
608
533
483
938
725
334
381
553
1017
533
654
553
325
705
1004
866
731
562
504
554
698
568
1167
1123
675
639
642
900
581
1118
430
866
564
597
627
937
702
711
703
465
543
671
644
227
617
215
622
822
438
621
1113
570
747
404
970
497
589
360
547
629
897
789
615
891
656
621
887
610
471
447
408
221
416
629
842
523
695
475
132
249
458
1174
700
738
386
628
655
649
660
668
526
613
359
137
546
539
828
1017
378
893
865
225
688
302
823
447
883
494
552
537
557
406
979
775
677
1254
543
578
244
837
281
639
0
553
695
924
937
536
608
621
1311
368
523
553
656
661
125
743
582
896
485
601
951
749
866
547
301
811
498
418
634
791
692
765
219
326
652
626
1196
481
701
762
425
527
565
575
1100
692
1267
347
883
540
644
493
357
659
451
899
56
616
584
951
858
750
244
81
613
205
502
533
587
486
742
732
852
674
57
908
301
1159
1009
723
99
747
1248
535
738
614
417
654
574
569
600
764
276
528
501
660
1427
604
852
862
951
724
883
375
690
829
610
350
415
495
689
524
789
378
323
639
598
923
1394
627
521
388
422
738
485
721
548
390
388
782
811
827
596
153
699
459
10
954
106
716
713
521
572
822
788
629
651
1107
495
926
225
408
831
566
490
770
460
384
671
1534
640
466
764
870
1142
469
656
740
359
884
820
998
295
955
643
1163
718
426
648
324
698
1245
316
74
712
600
324
764
1098
387
693
645
526
656
1387
804
849
493
569
822
577
200
501
645
634
890
550
298
793
710
526
1004
696
769
894
495
1154
617
759
13
852
501
404
451
190
810
283
758
494
0
1274
396
1113
710
390
664
488
827
404
692
1254
770
532
149
191
507
591
674
475
631
404
667
596
1131
807
465
670
429
1052
781
453
0
602
721
652
592
615
523
438
815
926
491
463
571
926
1126
827
1147
568
811
583
718
109
857
864
1066
617
510
589
943
281
1113
600
396
1052
747
441
623
578
438
634
1168
1288
650
16
398
989
584
366
190
301
736
639
158
611
770
832
785
708
81
746
699
954
843
568
505
407
173
1569
707
250
829
573
388
758
339
382
384
360
428
793
696
615
670
591
782
474
807
460
1064
1005
538
1311
537
409
1123
94
1475
251
850
879
540
485
173
465
799
879
717
901
816
797
1064
453
850
1554
962
1116
1323
481
699
591
419
601
646
879
471
566
162
614
561
589
695
344
852
376
657
926
388
1387
873
146
741
1023
516
516
708
769
288
589
791
384
863
584
244
880
578
872
290
998
795
898
44
183
649
493
459
439
8
867
565
866
583
633
1058
651
703
484
966
732
930
655
677
912
495
529
1102
855
666
514
628
971
501
1079
387
516
775
709
560
757
928
640
434
947
783
574
321
864
249
311
644
0
682
703
674
0
696
1131
605
1024
284
631
715
413
690
824
238
998
728
781
923
1063
721
640
835
484
706
271
515
276
216
615
104
1039
649
602
632
10
269
693
787
400
738
519
125
338
589
0
334
576
430
943
633
149
624
936
863
668
712
824
352
413
620
561
191
1313
741
117
191
572
184
1073
864
758
594
923
362
56
614
511
696
459
278
350
682
499
1145
815
675
415
1184
998
622
688
900
940
574
741
553
628
610
511
568
809
618
45
705
107
1063
261
725
989
759
797
1130
849
802
686
570
694
286
566
482
782
507
462
744
1245
352
539
645
697
459
337
562
849
696
107
396
460
805
666
513
1250
912
309
459
956
619
686
494
860
104
8
438
339
426
816
459
536
598
1006
676
965
539
412
618
269
511
806
0
618
798
760
548
593
731
523
477
664
215
571
802
528
759
693
158
926
1323
307
980
951
536
436
549
439
654
485
415
823
754
567
893
593
574
481
343
759
705
614
838
726
1024
640
699
337
388
517
467
699
405
620
699
454
369
899
852
668
739
826
743
441
663
456
703
1046
816
933
572
467
1250
1098
994
536
618
296
609
743
252
592
521
742
1101
829
798
674
431
799
705
465
547
31
538
618
1275
688
1142
739
771
459
536
532
1185
1073
856
725
1132
420
825
493
512
581
880
933
639
772
897
149
1252
450
251
931
693
828
243
823
487
320
366
564
506
871
478
509
750
566
573
654
593
858
1024
725
528
866
494
708
13
485
810
598
606
1025
761
462
426
837
521
876
13
340
500
435
166
827
890
407
562
556
87
262
387
735
889
765
654
539
598
320
486
464
418
527
888
831
829
1112
1039
438
793
118
108
321
562
616
742
793
617
1174
652
853
476
352
609
1196
736
617
447
495
543
10
628
684
467
411
317
675
890
1125
947
1326
455
601
415
395
407
620
752
8
456
589
707
904
823
521
823
634
0
790
787
692
1042
538
372
1036
470
878
754
625
339
615
668
1116
603
0
750
819
420
744
456
1116
1123
704
848
550
957
535
926
840
584
980
467
515
592
706
699
94
617
825
603
407
741
870
798
524
870
426
1122
603
390
540
330
559
244
546
992
1090
632
1098
470
852
508
621
589
781
381
764
1077
499
494
951
332
621
390
1066
372
799
676
708
1134
1558
538
503
158
505
592
538
674
263
995
992
837
881
442
833
1339
519
244
1148
728
479
348
362
828
335
589
369
569
231
553
507
323
740
400
810
686
708
616
708
624
876
752
276
367
422
479
300
475
676
360
644
908
705
643
460
951
668
825
1338
498
294
654
646
971
269
546
469
1040
435
793
855
434
926
463
706
873
912
569
441
319
420
453
745
844
526
464
404
494
789
870
1036
611
816
568
724
638
517
325
818
576
1558
418
206
326
696
802
331
457
862
400
558
480
801
494
276
574
700
656
1082
754
308
525
1191
653
316
0
205
576
591
832
437
769
712
564
798
616
306
252
477
501
941
1025
652
541
474
400
1438
277
1223
853
764
356
847
890
458
384
415
1122
605
742
665
261
493
742
447
890
710
896
853
814
408
584
718
817
697
407
735
716
368
616
456
611
339
809
171
873
535
1123
624
789
353
427
1189
984
1505
439
656
1054
1262
564
732
751
431
589
251
1262
815
564
460
571
286
612
629
1010
454
611
693
679
613
801
767
1232
560
845
894
334
1198
1010
1028
799
717
572
405
855
546
511
811
890
666
718
1054
645
763
692
283
553
787
767
809
328
880
715
837
706
540
1323
129
395
268
236
583
1188
773
565
684
661
1269
617
1403
725
407
958
823
578
898
481
311
712
447
647
795
420
703
837
1077
574
634
146
1395
724
615
378
712
0
608
339
767
645
867
1132
752
290
840
407
297
244
688
225
666
533
309
732
1073
1170
488
815
605
433
286
829
889
1355
491
512
341
571
867
566
601
705
567
654
706
1082
575
523
663
575
407
1119
647
743
762
428
951
657
438
671
833
823
507
592
771
832
613
388
640
272
1116
589
1040
296
772
721
1170
707
620
732
410
960
949
954
984
761
652
493
609
595
1323
708
298
889
554
685
605
1184
781
637
1029
0
591
789
600
479
1019
454
537
422
771
728
576
634
744
1320
520
215
314
567
430
779
818
248
348
388
495
918
732
860
533
1154
216
382
850
580
296
669
681
880
427
811
481
960
822
1323
462
825
1024
696
903
674
459
891
818
107
494
339
608
1338
217
970
218
251
765
724
624
352
601
795
867
438
367
433
1323
303
782
880
767
568
684
893
699
149
778
1205
839
738
646
615
738
451
693
1130
880
940
495
630
553
983
261
535
759
1090
656
1054
918
451
282
395
1326
1031
691
734
1119
863
589
569
622
1113
604
724
1017
417
891
513
13
1189
449
298
451
481
1029
397
386
596
373
1250
628
811
397
789
958
0
608
809
559
191
718
726
760
566
523
924
710
347
757
822
900
877
661
592
553
704
252
549
720
280
528
1191
333
1148
589
518
330
864
536
856
692
682
1073
633
609
879
930
493
212
1174
674
670
622
659
873
429
506
545
620
653
893
509
873
690
494
834
637
1025
961
746
1130
507
621
818
402
620
377
802
458
915
943
0
860
1116
937
1028
802
568
643
603
904
307
689
995
262
447
449
770
865
197
556
515
546
618
822
730
715
537
559
611
692
847
229
481
853
0
711
263
439
513
377
731
397
600
309
928
163
301
566
510
171
675
618
357
793
528
637
533
973
707
783
573
884
508
0
411
1113
494
239
908
597
515
404
282
683
530
970
1214
690
834
769
508
744
782
757
771
566
81
475
1311
458
495
1244
646
1077
482
406
308
636
483
742
728
652
1399
593
495
397
149
840
1214
447
384
197
712
547
1596
705
956
515
703
532
883
324
805
158
695
382
721
640
676
720
313
650
782
726
806
568
762
506
519
654
712
395
843
924
1438
601
633
0
672
477
937
539
502
955
614
946
574
699
149
678
0
477
353
553
1249
405
674
577
290
