43
187
43
63
115
167
229
159
127
166
81
157
87
19
118
79
77
189
112
229
141
14
142
91
160
170
182
8
136
188
110
58
162
134
145
143
147
46
115
155
113
195
75
229
79
150
160
198
198
142
115
187
125
120
91
118
147
119
164
0
193
125
98
0
172
187
193
155
14
186
127
157
72
218
188
141
43
125
79
110
109
129
213
72
218
222
84
222
150
128
72
148
194
198
190
0
90
126
164
261
157
125
142
209
122
136
4
115
72
157
232
27
288
184
156
120
213
94
189
240
166
201
100
118
143
134
136
155
55
219
232
172
62
0
120
72
0
229
137
232
91
137
172
59
129
137
143
128
131
128
180
287
121
309
194
115
