70
48
116
93
128
103
124
46
101
181
95
132
0
147
80
90
180
79
152
86
159
105
113
107
67
162
68
125
39
169
141
146
165
43
153
72
30
106
75
87
32
63
63
61
80
34
31
106
99
128
80
58
97
8
106
132
102
102
85
97
50
45
169
58
121
32
23
61
103
128
51
59
145
80
82
66
98
141
43
24
91
95
119
95
80
109
78
161
97
29
171
95
53
130
125
153
64
128
48
94
153
61
106
97
133
152
101
34
42
48
189
0
110
160
110
133
153
159
97
63
139
34
63
106
54
0
112
123
93
53
117
11
135
129
114
22
30
36
90
151
51
148
28
105
141
178
106
94
158
111
79
152
46
111
0
89
86
177
56
157
49
79
99
141
84
84
112
94
103
34
146
116
79
160
139
83
143
102
226
118
149
105
123
24
50
115
47
76
94
148
161
128
32
152
106
0
135
46
111
68
116
100
125
54
133
151
112
89
56
79
124
128
88
45
174
97
125
120
157
70
28
56
90
143
94
147
157
30
80
29
95
125
55
120
138
60
76
91
121
53
169
133
75
60
101
160
118
45
159
60
90
76
136
51
183
117
120
98
205
0
115
101
161
186
112
159
132
78
143
125
114
82
64
93
79
38
91
38
28
140
107
55
72
64
112
152
94
189
24
40
117
140
49
70
130
62
4
63
137
112
157
183
79
80
110
98
103
76
73
83
108
89
29
114
62
115
61
69
94
68
95
91
83
43
134
85
66
90
83
48
129
49
98
83
77
63
61
89
104
120
48
68
120
119
152
141
90
163
57
54
86
101
79
79
169
38
15
41
99
121
50
82
86
153
63
72
128
30
120
106
85
106
61
141
26
54
82
133
152
108
97
161
153
54
103
15
112
89
82
105
0
85
57
102
75
71
232
15
91
55
135
50
73
174
152
87
106
116
38
189
102
121
0
115
114
115
43
74
175
232
115
72
168
127
98
84
104
157
73
106
67
112
121
83
64
50
63
105
68
95
15
101
120
57
142
100
103
103
169
104
80
64
168
124
63
125
119
60
69
126
80
126
82
152
62
28
42
48
107
80
83
68
64
45
43
100
76
143
152
136
120
112
81
161
110
153
22
99
134
182
83
91
108
106
164
165
115
97
106
67
90
61
95
59
57
137
93
61
113
174
145
50
98
60
147
121
161
106
167
109
57
76
132
136
189
86
100
111
144
147
157
42
105
151
23
80
28
145
166
140
173
142
164
177
103
130
144
103
88
12
48
57
104
61
151
168
38
124
91
86
174
91
166
140
56
84
133
100
77
100
26
143
97
86
171
153
149
77
40
119
122
174
93
46
49
183
196
101
5
106
98
177
129
149
73
69
153
71
85
110
0
117
73
146
184
108
97
126
94
97
167
128
59
144
152
89
61
143
88
78
134
63
105
142
142
68
83
164
61
119
15
140
153
30
60
63
34
160
143
94
94
48
53
45
120
133
109
211
140
76
69
11
115
0
30
115
49
186
100
12
181
38
56
152
49
81
64
123
109
43
159
55
98
125
62
55
123
142
98
152
126
103
131
183
141
62
50
98
60
89
166
103
111
93
111
138
112
124
164
145
169
46
76
58
59
51
153
24
126
36
34
83
66
153
141
98
98
147
76
180
88
132
55
105
149
56
119
98
115
83
164
98
74
131
15
113
105
69
63
128
94
60
117
99
0
109
66
126
107
131
113
101
116
75
149
82
116
112
69
169
38
136
49
134
142
42
95
42
36
60
111
120
68
91
114
34
78
63
90
129
76
189
72
133
44
83
60
54
98
122
129
111
0
118
147
38
111
55
60
93
80
49
89
94
145
93
76
63
205
61
107
112
63
110
90
103
98
130
125
104
119
100
55
61
161
64
104
78
