393
465
1080
119
328
340
585
413
465
350
742
175
620
375
529
300
513
467
540
310
319
687
363
693
439
432
583
463
641
489
891
739
232
439
373
0
86
409
492
713
320
642
582
475
400
916
556
0
333
319
481
218
508
1454
447
413
814
170
500
608
679
474
628
494
272
378
355
801
0
443
329
411
975
1343
88
336
405
288
404
101
89
591
145
698
376
298
597
257
527
784
488
1004
612
572
354
506
451
410
392
640
371
525
167
343
444
75
590
463
523
487
272
574
286
591
381
427
474
443
370
955
511
496
636
664
1107
523
370
546
264
357
347
360
619
504
211
340
1064
384
548
395
91
384
559
417
815
86
1062
330
445
520
421
491
416
499
497
463
378
425
470
909
425
180
479
742
554
352
415
972
393
10
489
0
532
320
418
562
479
418
357
687
121
305
496
338
199
418
48
771
86
403
366
205
467
857
369
357
760
0
0
742
429
199
329
715
0
955
367
360
1365
400
412
305
309
368
340
415
542
542
452
88
523
418
594
449
355
323
670
394
485
955
339
273
712
623
467
319
603
524
928
472
435
0
521
490
367
598
412
993
278
541
190
278
545
511
82
0
284
364
449
415
422
277
491
345
423
311
319
402
681
602
629
184
394
285
341
418
210
501
670
153
280
443
447
428
657
446
398
321
624
583
622
494
419
444
573
394
645
311
429
1026
965
560
472
333
354
321
381
560
572
19
735
708
622
425
795
464
502
404
397
821
113
512
232
270
359
285
396
427
527
355
462
771
480
612
427
1012
542
38
424
321
364
655
520
522
169
597
302
440
208
374
822
247
495
707
482
132
898
452
328
343
695
344
347
593
180
436
455
357
193
918
496
257
339
229
659
980
405
400
355
444
254
371
428
416
233
477
636
645
796
255
488
655
423
508
555
592
467
433
724
230
934
664
295
322
673
517
354
152
284
665
350
462
451
453
496
352
426
548
352
458
271
497
623
981
905
85
398
104
524
121
529
901
687
167
338
621
1124
438
633
780
433
288
496
757
874
660
507
470
463
629
566
303
737
90
665
208
358
372
772
305
544
524
722
771
604
500
767
425
852
686
534
300
463
425
687
449
166
470
571
367
839
334
370
954
86
297
620
415
43
814
452
0
492
443
480
512
553
297
81
325
492
150
349
447
684
814
144
410
542
416
157
914
462
405
505
654
388
278
590
1080
905
507
533
426
180
287
566
605
588
686
407
144
23
125
385
126
830
415
475
289
111
892
608
478
383
453
427
0
1343
608
891
215
254
278
238
476
480
628
511
488
418
370
546
678
579
327
501
626
568
902
150
402
898
321
735
492
414
458
65
313
623
910
730
612
236
312
980
113
412
352
176
514
369
353
453
687
1025
145
383
972
463
321
668
211
380
203
234
676
461
829
313
597
533
807
377
447
687
520
425
544
399
431
429
531
377
23
449
219
479
89
394
976
329
588
771
540
917
336
426
463
597
528
175
155
912
480
599
438
303
353
374
651
511
445
957
280
700
443
408
497
338
0
555
221
529
322
393
498
440
965
664
712
528
176
426
385
442
709
336
681
905
571
497
15
892
320
313
842
773
732
351
348
616
390
476
714
48
610
520
312
272
412
282
513
507
1143
534
1044
415
0
316
78
554
321
883
21
110
411
990
1026
554
822
205
476
514
666
360
599
281
417
78
751
1044
706
409
418
446
395
604
833
174
775
444
568
214
475
658
662
492
430
328
59
296
429
517
353
0
759
21
481
689
437
403
926
364
219
251
334
443
730
378
476
208
502
535
462
467
604
622
353
185
1064
217
373
319
502
461
144
421
425
480
609
771
121
657
733
738
611
699
393
555
773
463
459
405
110
445
342
618
174
481
565
615
916
286
393
399
635
86
566
255
375
865
681
824
617
425
497
660
507
445
484
664
300
679
891
132
409
790
521
98
874
660
771
874
296
1040
492
450
351
474
455
450
601
225
535
444
355
447
300
438
426
606
270
184
536
670
454
1025
429
387
855
0
510
280
731
302
375
184
363
193
586
415
1148
394
122
931
517
672
678
904
413
388
152
252
993
412
661
529
647
336
462
612
795
685
373
225
353
564
467
119
564
59
592
531
722
292
269
407
333
364
360
613
295
464
519
264
661
480
1177
670
485
396
404
670
448
223
554
144
386
38
213
423
577
923
641
744
394
549
332
356
633
923
750
483
227
514
477
759
368
965
462
451
213
814
321
443
670
475
79
632
420
710
348
468
340
432
529
482
109
682
990
409
422
397
612
734
608
358
1004
445
1229
180
424
411
372
1065
383
512
342
497
317
364
925
400
362
528
521
298
208
502
280
394
155
354
438
213
157
382
467
540
379
325
382
544
517
703
579
390
440
483
454
776
249
211
565
444
750
441
442
94
228
427
192
446
1233
484
0
322
486
258
85
394
343
557
543
512
597
629
603
99
354
604
439
694
0
425
500
441
463
440
321
370
645
501
393
278
500
961
641
892
427
0
696
529
66
296
170
512
350
607
442
827
622
976
726
175
655
582
463
392
360
616
1040
400
540
674
531
618
362
463
964
830
520
315
359
594
525
1025
684
213
782
362
0
277
480
435
642
403
423
531
369
356
550
486
664
870
144
0
489
614
690
529
328
502
820
427
803
426
457
381
871
338
345
136
311
584
525
219
144
390
691
494
427
459
233
396
0
506
494
822
393
1004
461
439
376
624
318
781
340
712
407
345
401
751
833
422
768
132
638
664
711
165
298
132
447
508
401
471
619
761
302
272
174
219
782
797
481
480
351
478
561
534
393
713
476
574
181
610
509
517
645
870
428
347
415
1010
393
609
765
236
780
321
34
463
633
119
434
714
376
0
227
376
388
409
777
607
424
0
933
247
251
308
193
278
320
488
608
381
398
369
597
195
748
324
652
458
479
405
490
371
0
498
322
273
604
91
1365
693
529
214
208
413
468
556
323
452
426
491
689
11
729
382
319
571
657
343
458
520
361
362
394
219
456
433
311
88
527
465
360
373
831
336
490
643
882
839
457
405
184
653
719
662
447
843
570
340
489
397
486
288
268
445
456
475
593
88
763
421
119
801
281
311
38
76
108
514
440
300
940
840
614
712
425
330
329
666
480
983
773
234
754
353
620
951
698
102
297
771
174
520
221
328
488
385
491
370
524
469
338
349
521
500
690
98
782
154
443
0
382
555
526
459
618
296
297
985
522
377
405
496
461
776
478
293
498
481
249
976
517
541
273
381
144
287
521
264
144
476
763
363
1082
519
400
410
104
633
308
615
499
287
185
445
208
144
554
1010
955
452
496
481
297
509
757
628
526
584
619
429
282
459
347
423
497
481
416
436
425
375
837
459
536
607
1162
722
360
420
425
322
377
411
914
508
0
356
406
461
435
433
493
199
321
496
603
251
35
333
414
663
437
420
455
519
697
365
457
389
486
815
447
119
791
59
1082
528
392
260
692
555
113
981
387
608
502
376
443
245
643
495
553
305
967
405
766
314
652
402
763
661
513
490
450
480
646
568
750
120
251
438
496
619
756
459
470
741
1356
655
311
749
600
328
393
271
315
643
885
11
111
504
427
477
432
477
408
183
526
811
430
388
557
321
500
660
910
441
777
466
465
264
592
742
431
502
427
368
451
383
303
592
714
291
709
450
318
471
568
309
168
832
491
255
312
507
493
511
178
444
1059
452
544
645
439
545
676
734
603
357
843
557
440
423
531
534
424
445
324
215
820
607
498
96
101
361
278
65
480
546
780
496
694
619
573
827
662
529
66
340
240
490
482
477
489
1082
341
635
725
144
748
536
0
424
0
480
312
703
641
333
293
358
222
144
882
375
449
243
909
430
655
385
421
599
583
186
233
441
448
446
600
550
316
350
191
543
508
412
296
1014
175
391
457
328
606
653
614
551
379
429
157
1006
190
319
319
529
569
519
404
243
600
414
235
381
487
260
376
208
121
390
408
322
646
88
628
460
525
217
555
741
554
413
438
436
757
371
663
422
553
529
215
510
725
694
357
144
358
660
407
391
184
459
657
670
1082
699
260
160
397
610
659
452
290
288
641
347
0
182
521
375
116
88
725
247
333
821
334
0
310
73
347
463
441
410
301
424
0
383
330
463
923
306
345
733
152
1124
641
389
661
1189
572
278
102
322
144
186
725
19
418
456
471
381
435
736
263
383
412
93
832
456
391
542
205
337
359
759
882
333
556
512
395
336
789
428
508
433
166
141
642
645
430
593
340
465
836
333
425
683
447
845
508
863
582
317
456
829
245
575
442
356
674
618
467
50
313
96
212
429
510
357
427
532
416
707
444
814
390
168
376
651
509
180
409
41
526
592
951
490
957
676
367
264
381
458
707
441
357
905
313
223
461
185
664
623
429
472
1052
544
457
465
152
473
173
394
837
438
389
573
534
378
297
521
375
261
503
349
199
670
511
370
608
414
803
402
288
420
126
308
391
443
830
604
655
336
470
782
376
264
589
632
390
395
405
308
749
570
157
247
475
467
298
358
187
392
458
0
283
329
340
347
641
733
676
609
546
609
82
418
916
481
375
529
300
474
827
423
617
444
887
471
188
311
537
408
370
577
550
870
412
381
391
546
473
810
211
270
522
126
1193
479
694
481
474
422
543
375
352
559
924
214
521
626
777
260
325
803
311
687
1014
546
659
610
456
109
502
262
86
202
336
423
392
418
972
343
500
930
144
0
496
360
245
253
447
455
516
442
621
25
531
526
636
449
602
308
885
38
825
251
192
1100
590
452
195
278
204
763
396
66
814
193
736
371
424
732
458
433
181
763
583
622
420
572
141
383
399
533
477
427
179
273
467
440
739
557
616
366
628
253
526
749
316
410
655
353
281
521
712
249
339
303
168
410
382
496
471
683
609
452
478
215
902
829
486
504
185
496
418
814
677
642
0
358
879
483
844
443
955
708
636
342
407
489
652
271
451
469
771
506
353
208
870
651
457
494
534
325
312
533
554
796
268
749
416
514
1356
537
375
569
415
333
345
323
478
592
473
323
490
395
370
567
82
154
255
403
456
143
644
839
655
179
361
676
673
233
529
287
635
408
655
612
306
592
530
543
380
432
36
352
445
100
566
431
0
0
481
827
560
642
243
533
481
114
545
687
408
622
405
362
416
829
765
442
71
532
970
622
322
385
362
364
264
553
415
79
1454
363
329
520
239
461
367
396
271
687
309
129
679
257
223
662
306
465
364
217
416
416
776
628
700
690
483
121
356
312
273
810
372
877
422
623
425
679
533
293
645
446
479
364
506
179
264
271
523
360
561
375
180
957
187
597
284
394
171
359
345
155
417
601
371
676
243
1356
345
779
701
500
444
422
465
411
338
695
653
214
483
459
1052
664
540
544
645
529
455
462
86
249
478
278
390
59
523
325
310
653
273
540
257
749
759
11
539
741
404
452
86
1014
334
690
271
412
252
361
360
159
527
521
421
829
471
901
408
350
461
361
310
598
477
6
109
487
347
601
328
382
130
349
856
110
862
533
197
407
559
586
618
167
549
324
398
292
438
791
452
357
82
271
386
310
542
684
652
405
190
589
458
536
326
985
342
463
976
528
431
618
392
857
645
426
623
119
199
832
430
393
446
441
500
791
523
287
434
410
321
438
442
345
500
483
252
406
184
925
738
701
739
488
327
757
190
552
712
144
320
602
366
585
354
499
557
381
474
369
321
381
790
546
230
303
372
88
268
660
1100
640
412
400
608
110
498
564
763
309
407
419
430
818
879
795
391
0
326
436
129
499
355
754
311
580
317
319
367
208
385
569
302
167
773
571
489
793
523
580
382
412
781
545
311
444
67
632
747
278
433
276
412
626
374
562
531
524
210
642
355
369
636
539
585
25
617
856
386
568
636
557
503
442
245
472
845
537
440
318
185
791
449
496
504
720
410
367
434
393
976
976
790
518
773
592
362
524
1402
450
272
865
227
254
421
553
89
588
434
6
670
399
531
0
440
193
307
955
733
410
676
373
601
341
663
343
6
535
218
388
375
610
234
455
655
350
459
833
517
421
461
791
506
338
521
376
1162
643
474
313
217
940
359
480
311
410
559
123
481
338
407
368
621
968
519
462
475
641
483
780
582
451
841
564
421
481
415
157
511
442
412
480
458
918
350
465
400
982
448
572
335
443
394
1022
618
425
214
422
618
325
694
482
533
602
624
338
359
433
460
1052
411
601
592
455
180
461
415
394
643
310
1002
567
710
323
340
455
749
703
371
23
480
681
714
550
898
527
636
814
389
625
789
589
179
651
447
433
905
427
477
473
597
511
693
465
641
334
358
572
772
393
429
303
463
790
591
818
379
309
865
514
397
496
404
637
490
457
764
628
753
567
590
430
288
606
686
360
458
378
15
119
526
609
697
181
82
463
719
451
463
734
400
618
934
341
88
262
555
334
551
600
466
368
473
783
808
607
0
592
410
985
449
157
340
559
402
170
213
323
387
610
741
309
312
460
471
347
558
370
86
365
288
821
1126
590
440
839
943
620
77
496
180
100
334
278
533
538
631
273
300
759
753
285
528
379
536
493
538
0
181
357
155
356
349
712
341
234
822
473
976
1030
976
400
378
414
1223
358
500
316
406
368
360
974
273
535
677
476
277
506
1010
529
593
564
546
347
432
521
757
909
318
353
471
288
410
311
384
972
506
500
322
690
580
273
612
67
560
438
303
640
646
606
426
720
870
633
471
612
456
503
393
434
0
564
276
507
620
479
663
770
554
516
908
707
490
597
332
626
521
