21849
22903
14318
29054
34005
32355
24241
24794
18463
17122
25632
11170
23855
26240
18377
14357
23286
19789
12074
18430
33521
27552
29884
15871
28922
27767
37530
25022
24486
28344
19799
16137
20639
27929
12352
13927
34631
17981
52044
32948
15985
37441
26632
22067
35328
8729
24142
20012
26210
37334
15161
27468
10612
18251
33086
16152
21621
19525
15551
27750
10067
21047
26561
19950
19080
21495
20010
15608
30246
27213
35466
17232
24778
13991
23585
15987
28933
21074
25482
31720
23639
26767
24772
20676
21241
30297
21845
15674
12773
23998
17544
32648
26588
25923
19621
19454
7913
20255
32654
18362
26565
27144
12642
18035
19941
31248
17265
19832
15855
37070
11164
22536
21306
23459
0
28297
19851
40816
20874
24872
23147
22224
16651
23475
17181
37025
24190
19894
19506
20246
28497
28124
20799
28013
22949
22379
29982
15608
23484
10063
7075
25895
21379
23868
27999
15153
19431
22045
26650
16084
25560
18651
38552
29788
19774
17627
21497
28843
20138
16316
13323
27975
30107
27042
27235
25927
26170
28676
27191
25169
32129
19430
16149
21071
25808
21270
33922
14649
26827
29547
18463
25648
17164
23717
28936
21162
9021
33168
34827
15977
32480
4682
17903
34931
29874
24143
34853
18328
26906
26023
26459
18961
7911
36081
25491
17393
18040
32986
18792
28851
23535
18589
20381
18004
23975
29019
28803
25891
14815
34046
19790
31739
37735
32050
34851
31022
6102
52205
8008
18229
9512
26840
27136
18001
31800
28689
19726
24889
19594
9950
24418
32164
11247
13061
16365
22158
28002
21830
17577
10771
34897
17569
23670
23537
10839
30065
23049
27895
23085
10140
14462
12089
13973
26473
22194
37361
5014
23685
19528
22321
18321
15843
26733
19933
20340
20120
17265
25621
8324
26209
10852
33197
16762
8386
26079
33493
12282
10133
30754
28713
15207
35863
36138
13326
28614
14834
25601
19295
15333
15393
36378
30897
38383
14355
38096
35936
28783
24444
25748
31977
21833
19533
16673
29282
26291
20063
21561
17260
11819
17293
5839
17366
26331
19459
25742
28617
15903
37151
25046
20353
23731
27851
24658
24755
27959
14872
11620
25556
25818
26373
14710
10712
17714
25439
15275
20085
30899
14741
30152
23987
17019
34567
20879
17858
30593
34119
21871
23123
28206
22328
4959
26332
15260
20121
18135
32799
24339
22969
17997
38441
37244
19684
19566
20439
18700
24244
19020
21473
14476
27659
23580
20640
26286
19799
31181
19479
30009
21995
31248
22749
24522
23817
18482
15932
22294
19575
18418
29486
27919
43189
23880
22434
36296
23240
36220
17697
8897
27581
21475
17355
22568
32747
25161
23885
39643
9879
26938
29143
26129
12247
32450
28306
31709
29955
20984
23710
18249
6681
45315
40596
10595
13164
14089
21014
10525
22032
24242
26797
26938
15311
11767
17292
15230
24551
23172
24029
24776
26861
20898
8051
20481
11135
25555
19057
21195
14738
27552
14669
29561
22164
18216
39783
22863
29012
27568
29785
24910
30489
14179
21683
14577
21275
6907
21993
33492
3123
24435
19852
25066
10393
23427
28417
30343
32105
37789
16710
14979
1454
20623
32319
18443
20361
19036
38569
23954
29515
16086
22489
30957
29501
17074
23041
16000
26088
22008
30347
29456
25461
20291
22290
10156
26237
16342
28359
26570
20686
27488
18915
15285
26482
34597
28787
15324
24484
17919
20380
21483
29887
28116
12692
33089
24364
17513
19055
32252
26979
12542
32767
19895
41544
35581
24465
23230
8287
27386
16305
18598
25524
29946
26618
13220
21821
35216
26093
25863
15386
19739
30345
20911
23663
34210
26834
23285
30642
32619
28928
29858
16704
16716
44550
11219
15282
23471
41899
36354
25595
25247
21697
31513
25246
14827
32661
26780
19552
26348
24724
29915
16377
17751
23472
15750
24282
31293
5234
12999
24133
11648
20904
31938
11494
16968
20810
41074
21096
25278
23530
26682
27443
17521
18266
22575
25116
26292
29619
25752
32553
25142
31024
19665
22184
31086
19907
29103
18927
37050
21828
11372
35936
15682
33297
18758
18303
25606
17142
21768
24129
37188
23358
21509
23367
23611
31127
29670
12698
24331
27050
22486
12382
21743
22033
30874
28882
19313
24778
38338
21644
24468
22565
13432
13112
2220
26779
27025
25009
32643
17532
18388
32045
16487
17899
37099
5962
27248
21479
15917
16452
7401
16742
22203
11803
18430
23291
22628
7538
21872
16175
25666
17504
25355
15543
24367
25511
35578
20240
9872
21193
17842
21065
20766
22746
26239
18192
10684
5247
29929
31928
24801
19280
19660
31586
34704
19774
21365
33236
19306
21910
25695
24919
26974
11936
25516
22106
19031
26837
28169
16549
22373
23158
21383
14462
21168
25522
41168
15311
16143
21508
34415
18239
18779
34189
35015
22065
16279
22441
15412
12260
37244
20052
3727
28795
13233
11974
27733
19757
18308
19452
11099
15380
18463
18400
13424
27772
29791
25564
16148
21836
22733
20652
19567
16846
23358
10488
14050
28010
10712
16826
23236
20131
23429
7833
21311
9306
31744
29208
27002
30879
14680
19015
24568
9175
19282
32989
32217
20003
29047
28084
34166
19861
19931
18819
26543
21687
29707
15568
21658
24821
25841
33532
18806
19592
21353
23763
18990
19311
38582
47141
19915
14540
19035
18560
18589
30696
17145
28296
23412
15676
15563
38783
38663
13602
11611
24934
42931
15361
29963
34442
25333
15022
25256
12430
8778
25370
17200
26750
19829
24286
30900
28371
12849
28294
23205
8073
27265
29254
10499
22897
24104
16860
13665
19144
35924
28894
18973
20163
19337
15500
17697
23737
26410
19106
26813
21006
18832
30293
28716
32045
12640
21262
18330
21096
6269
9248
19400
24777
27174
21706
20602
13493
19589
20309
11167
33275
20507
18616
28530
22380
30720
13722
24743
23450
27807
10473
16619
28366
3820
5926
28903
23711
37133
27363
28244
22080
33958
20537
11518
20380
29536
25516
32616
24324
11128
31956
30847
24121
29766
18746
22009
20100
26972
21803
16362
23779
16991
21150
32125
15400
31111
21718
15237
25474
13808
15476
15508
21408
6102
22689
16448
13833
21246
22232
25224
22441
24445
28291
32591
24772
17649
22484
19707
20442
23405
23912
16988
37441
25547
32444
31040
18573
18832
23478
28605
41119
28398
17244
19669
18193
18229
21172
31951
17802
16885
29478
17029
21269
19963
23813
25796
28417
18984
23189
32262
18506
18378
18827
23139
25594
22318
31031
28319
37732
22196
13328
16823
28056
30546
30923
11128
22398
24912
18265
28688
21378
14729
38266
15802
24622
34649
18242
29908
5333
9817
13006
24606
30518
16765
28783
19771
21390
13338
21439
22766
17790
25508
11134
15176
19063
17826
15661
42680
20348
31594
24833
21209
8176
19457
40279
22452
34945
32355
16781
11997
34828
22940
21233
24950
29730
23313
10688
15314
15593
20048
13596
18665
22102
12635
24813
28523
26916
13691
1075
26428
11135
23538
25007
28707
19291
25670
26129
19798
18681
23981
22406
24968
27733
23995
23235
20191
8017
26691
33488
25852
26208
33943
33186
28701
27682
12966
23160
20507
30453
25251
11884
25073
16024
10067
23692
29511
27503
20976
33195
22863
21464
24980
25969
26427
13377
10927
22737
11072
23744
26906
16721
12292
24447
19651
20029
24812
16662
9040
23545
30244
35469
21936
26554
18348
22667
29956
20645
32578
7334
20744
38154
28051
22155
18705
10773
18245
13287
21941
26063
16860
19106
28985
7194
18990
1434
26080
7248
19257
26826
9426
34004
23943
25634
20913
16270
19927
20466
36242
9411
26252
27141
17075
31674
20512
22676
27568
33053
34877
5739
22704
35998
24755
28189
29885
20033
19768
21764
31115
25149
14228
26004
17990
30003
17847
23987
18897
37674
25814
9737
19030
23162
17434
26453
20566
25838
28014
29996
9040
19554
48087
20304
26405
25610
31543
16912
27881
32225
10175
14985
29779
24631
24196
18317
19063
21561
26204
27019
22693
24513
16861
26037
19715
14818
17670
26572
29133
26178
27368
19182
21366
30439
15401
32710
16909
19289
32587
13606
20176
32594
24441
26296
34036
20362
33118
18761
16079
39643
16333
31347
34363
18143
12777
26841
23059
34438
21873
20607
30317
23711
15367
22934
20591
21362
12804
16716
16501
28114
38635
15108
20072
23398
14100
26209
37418
27612
30165
14070
28431
26271
23057
24117
25400
21452
25841
25456
20512
18694
16071
26965
14832
22875
30940
32827
21684
24950
21388
33064
26177
20008
36119
24630
22903
26727
18118
25769
17570
27665
24138
15749
14407
22402
24122
22494
30159
19927
19570
28701
22293
24976
10091
11113
13392
6173
18262
16901
28737
17606
34987
19369
16393
17790
22185
36107
32146
15161
24462
26682
21491
12547
21727
14403
39549
24768
26925
21572
30213
29265
4271
26653
20615
29342
20626
30758
22679
24403
23883
26613
18235
15750
21307
33703
13205
23859
18391
25077
23441
17682
18162
10182
28567
29059
15489
11692
22149
15299
25353
12026
17224
20149
24203
16594
27307
12914
13191
13769
20628
27995
33199
20012
35516
22058
17737
30887
34409
21112
35756
19169
17865
37246
21378
27177
39778
36488
15906
15332
18546
32629
19147
16271
13940
28082
22607
14436
20703
12306
21202
25681
20283
23942
28100
20162
21832
28150
31750
23066
22492
10987
18665
33665
27543
24076
26554
14100
8305
28176
18573
22822
18204
25469
17253
12008
13823
22483
30436
16239
16372
27255
31958
30582
18766
30978
22047
42544
35764
26118
33749
24504
32228
19817
31661
19550
17160
23230
18690
42304
18500
22477
28185
19819
21864
10756
23787
17761
29270
24611
15870
37577
24113
18913
11445
39930
14797
29891
38689
25200
26205
16523
27435
22397
22434
23074
23707
16599
2638
33830
23957
24303
34037
11266
5332
32525
12289
17704
17893
15468
22513
29906
10369
15552
10511
18644
27767
20290
30286
19034
16735
24746
22363
29796
16917
27881
27319
22447
23222
16173
31656
22208
21595
29623
25526
34284
15126
10328
16865
30578
27455
26406
23866
25621
35943
16269
30835
15485
5176
23209
17824
27325
20872
15906
26602
18512
14021
29085
24074
21403
8407
32896
25414
26542
24813
13400
22031
23599
14491
20756
8514
30165
8412
23816
12082
25780
9087
17782
30406
30879
3931
18617
32862
26711
29824
16192
36271
10889
17003
28033
21359
25331
20639
34806
22223
13519
30483
15329
27332
18226
21931
27114
22262
23004
17652
37109
31642
23762
23805
28688
38372
14030
502
24020
17283
30673
26944
14971
25265
20092
22808
39590
24566
25036
16624
20426
17934
39041
19719
18784
14720
17901
22300
27448
17097
16137
27377
14398
29205
19644
11535
20039
22692
23206
15332
24714
41290
29039
17793
17698
14054
13029
22439
24816
31336
23400
27277
31664
13855
15895
20546
30471
16998
24133
19851
23672
37140
21507
22025
29009
20404
22607
23313
12277
27911
26727
21044
21330
33155
28617
15650
25819
21949
14060
30053
29515
36066
20718
38924
22746
21692
13380
19181
34479
12117
35095
15593
21538
6823
29047
22321
9516
21892
40382
24645
21646
5893
24431
32014
33325
29290
24103
24668
20073
21926
18467
34333
17111
14562
12566
19040
25958
17565
29019
26248
39083
14227
24114
15593
18888
30628
37028
19392
11446
19476
31881
18531
13298
24531
11519
22368
18774
17096
18813
22588
24403
22077
9309
29881
18710
21902
16911
32507
22697
29828
23293
32405
34947
27325
8988
25937
29895
17187
16504
7421
18417
25880
6005
14711
29311
19510
36154
13432
27466
22554
16999
10353
4644
13894
21703
30259
19989
12498
27065
35716
23827
28492
19233
31841
11329
3200
18573
27650
8772
15049
7141
29187
25928
20577
17627
29032
19217
21951
17008
20774
32813
21647
17700
20965
24347
14723
15077
22818
16585
25050
17241
25009
27090
13591
24740
20196
22941
21372
14695
25023
11149
11346
14319
4357
38756
23629
36508
34014
33602
18724
22707
21448
17352
18098
19020
33662
27100
14571
16516
23509
16018
26208
20113
27197
31825
17340
9196
25122
20480
29888
6033
26658
18071
21698
25541
28650
22858
31024
27080
17655
22598
18432
15887
25903
17225
7484
4655
15316
10125
14104
19251
21420
22750
14607
16928
23971
21437
17876
24694
24679
23703
8106
15430
18098
12726
36161
18218
20270
25947
32433
28555
23654
22524
10148
33906
11476
12891
18671
20786
20815
24519
25142
25810
38582
18888
41281
29591
14902
28661
30237
27305
19662
17202
34977
21232
17294
19258
34763
9655
7737
13913
19209
12758
12100
38966
16907
33940
20143
19412
11599
18908
8163
21597
18320
25173
13143
25089
25855
23673
10492
18007
29566
15311
12714
23793
16039
28071
37067
21161
13414
16090
17887
23161
21832
22104
3830
23482
40113
19651
23794
32881
21789
10524
33444
27679
17538
34911
22289
23647
31594
15206
3227
23971
25861
21479
26543
23914
29083
24119
0
26754
15530
25383
16329
28678
31456
26229
14225
23903
17218
24033
16947
27917
20591
16129
23491
33280
29986
16979
23046
32234
30205
15772
18580
25348
40673
19541
20586
25498
27280
22504
27130
18332
25036
19674
30700
20197
33078
29426
26160
34869
21910
9658
16615
15094
22396
30206
32818
25426
23128
40499
41874
14922
19812
23205
35129
26389
33499
18724
9462
26079
24493
22566
38000
12714
15809
26143
22390
27200
25526
33690
19734
12111
12938
22315
11213
18274
27060
22418
21695
14089
32060
23332
35965
23559
21300
36564
30117
20705
27113
13126
22359
25218
38953
28377
24272
25390
27239
20108
32439
16864
23125
13428
14164
23262
21466
23020
30091
23469
18075
24801
23092
24061
20719
30988
9516
31440
13409
18446
17270
17693
16281
22948
19040
21489
33122
19935
26611
24491
26265
12735
17532
30764
20385
20176
20402
21919
19769
13527
6823
22216
14202
14384
28899
30171
10988
23016
34816
28790
19296
47436
15651
25789
11577
16473
16280
33426
20150
23454
16246
20929
38579
16242
14678
16483
33299
12999
30804
17138
23121
30152
14189
30656
26980
28802
20491
33986
24923
37262
17807
25474
33430
30644
32856
24256
13631
19001
27430
25624
29986
14920
14134
23393
30354
34035
18961
29137
22010
30629
20860
25833
23346
8060
24940
24562
30884
15701
9598
25811
27379
20128
20670
34276
18204
13653
21884
22997
33845
28319
26771
21465
21382
20271
37015
14610
24828
13756
8231
28138
14202
16338
16156
25685
18042
22044
23858
2406
32786
28242
25577
23313
14102
25692
27868
27601
15984
10302
38677
27435
19458
11369
30419
28188
31913
26840
10717
29345
26020
20810
11165
38847
21447
22407
25664
20548
26892
31080
15275
18300
25955
23526
29070
26941
31248
16388
14562
10482
23141
20042
34751
19260
13496
34338
24449
26343
16082
34253
23320
18899
29359
32782
28626
8248
18856
33404
37609
8875
31764
12589
19763
19820
22401
20169
33520
9565
25398
30645
31815
27666
17409
31720
35424
18474
22270
24417
23134
18576
19542
19325
22198
21397
10281
35678
12982
41361
24482
15766
13389
20337
23346
13381
22091
23682
35984
16305
11974
20271
29643
23457
27443
17184
34438
12669
2761
21110
13538
15385
26432
8418
27857
21306
15902
15630
27886
16055
27741
15673
18034
31819
3425
24517
26845
18163
30233
23328
29263
19475
21054
13099
26491
25467
18114
16914
14922
15338
21061
10026
27890
26708
15187
19905
16238
25200
33520
3627
12920
19411
26394
31764
19593
21867
16838
28161
32502
17508
20466
15772
20010
20811
16869
29878
23570
13573
4121
29917
17853
24976
20095
6173
29028
13150
20796
28299
31419
26075
14623
27666
22623
11875
28137
15956
22546
28041
13200
20027
3931
31555
1536
13169
10827
11219
4869
27512
15165
23386
30118
23955
24870
22531
27868
19034
22666
23039
13515
20123
39646
15915
24785
27571
24008
30200
22879
204
20201
26109
33864
9917
13640
24823
29353
12171
18281
25768
13114
28885
20034
20762
26093
19790
27086
31199
33040
30306
26561
7406
36323
16901
18758
22064
22244
23712
19160
23852
25238
15926
11973
19118
15266
23852
26514
17870
26536
26420
31791
11872
15290
28403
25937
22444
30225
14939
21887
14991
16307
16290
24823
20077
32715
11722
19765
19240
19631
36422
28488
38783
25738
18644
22164
23774
19665
14452
17101
15639
23363
31424
23035
25343
36401
24195
16281
28890
17356
20735
24799
19849
30967
15965
30142
22134
17255
37442
17890
21855
24531
20992
27993
30967
14684
21283
38781
24005
32900
8263
32865
9388
28448
16089
26973
21211
16084
12573
11266
20249
23926
21529
13810
33124
25863
18325
24299
8289
4261
13286
34488
19783
20913
27384
24890
36033
23905
28688
15442
24715
15019
25219
25556
16919
24938
27443
35394
35399
30333
14261
29891
25682
24172
26156
21729
2248
40279
17885
21409
16516
24262
22775
13634
19395
33493
19390
23892
24124
26589
32596
17020
12388
25183
25693
25521
35750
35625
18955
17604
10249
24854
31848
27050
31078
21728
17342
34289
16727
11460
19003
24471
29114
24303
17316
12301
27071
25079
30996
23741
17509
25438
12212
23573
23712
16953
22214
31721
23295
11872
23895
20271
35712
32997
14355
19818
29206
16742
16215
28953
11266
26034
26118
17080
24969
19889
38723
17322
16068
28617
30363
27796
31617
31432
19108
22418
15430
24445
15231
24870
23700
31231
19114
13432
14757
32685
18686
18961
22557
29289
12378
25085
21690
17852
38478
20953
31245
13694
28008
23461
27811
24441
35626
16663
18158
14524
38222
19835
25006
16372
27477
17273
23577
4750
20724
23223
29303
33943
16967
16902
6803
26259
22385
38091
23885
29495
15795
21994
20239
20290
8548
15749
34182
31012
28297
28277
36787
24416
29380
23522
24700
14116
24863
31768
13989
28252
16073
15389
19674
11817
14260
17621
15608
18913
24878
26537
18717
25717
12150
18850
16210
28531
16714
13157
24990
16031
26086
13919
20708
28118
18650
19979
18045
25699
28524
16666
24749
24569
36729
18207
11875
19090
25851
17602
14156
12738
16740
26589
19950
16468
25513
11621
20694
34743
25103
35084
37794
36212
28678
20406
14238
32983
17019
23158
19593
18862
26995
19343
20802
25918
14589
32118
31829
19943
22129
24499
20346
44550
29187
23864
17397
26163
27920
17442
25987
13886
31878
30601
25704
24387
13067
19135
21557
26080
7818
26649
38990
25177
30057
25657
13030
23282
26141
14014
32704
25009
16868
24022
17456
25705
14793
10560
24557
28727
21327
16629
11320
30368
12212
17737
23268
26517
24684
28929
29506
8080
15049
40542
16072
21616
16111
15905
2186
19958
22974
25880
20476
18028
15772
16866
21071
10604
14578
23562
19190
19579
23821
13487
17217
18747
27033
38087
13540
27388
21577
21419
22489
24768
35573
23796
35445
31620
34606
25936
17461
20459
19261
21558
9474
31008
39887
29199
14868
22583
22403
34298
19642
18393
12650
29182
23502
7420
8820
39762
27393
26585
36434
26629
11763
23991
23714
8614
41815
32271
26191
25259
19803
27077
16310
24870
25655
28628
23920
25687
25982
35289
25825
15071
23389
17107
22690
20284
20174
25088
12160
16783
29717
12518
16158
16966
21942
27747
23154
16162
21073
15263
22132
18084
18619
14514
17528
29087
18800
11047
19190
25899
29175
30348
15544
17686
12352
10978
26018
20777
19325
36017
17959
28741
21212
34597
21076
25694
41499
28628
18148
26798
38441
9505
23313
28550
15057
13500
26135
24099
21231
28548
30066
26126
34924
14134
23060
7911
22317
21687
15836
26475
17259
18004
19827
27345
12665
18606
23586
18687
20644
15361
19347
18487
24587
20674
16648
23191
11599
31841
14226
27837
30973
38769
19570
22096
18949
14532
24888
16272
26435
14546
18080
15876
21899
17919
21835
24416
32590
26494
16358
20654
22425
15923
27747
36922
29972
22359
26290
20159
15503
35318
20195
27947
9890
14861
28263
19785
14822
18330
32751
24870
27931
10122
38596
15350
20293
25424
24188
20263
17432
28996
27000
17657
29300
14323
20979
502
14216
13801
18744
23187
24650
26658
17755
6826
34839
27266
18039
25874
18536
26417
28349
18633
9969
23124
20824
21678
22648
24648
24671
41636
41069
22339
20753
22627
12963
36081
20267
36853
27097
19152
21785
26254
11568
36887
32724
24622
21310
0
16107
15667
18527
24030
24061
36331
17083
23781
18374
33662
17034
24876
30948
22723
24647
18625
19550
24282
11242
33186
15367
18391
23360
25736
28718
25648
20767
17893
33808
24333
35372
17523
22847
11128
18164
22615
16252
18047
18601
22909
21778
25102
18004
21899
26602
21056
30278
27807
26612
20487
29849
3969
36638
9332
22402
14136
19051
15377
11036
19845
21686
13328
13522
8905
20929
14970
22175
25500
30722
22317
37555
22134
23399
33278
12450
11037
20196
16473
14117
30148
29440
25782
20498
14545
14289
23412
23488
21863
11640
40165
26993
24153
25717
22701
8512
23857
14479
26889
29264
28331
25130
15686
31183
28111
17948
29310
24739
19523
25464
28405
19826
22066
14682
22454
23909
23744
22636
12214
22164
29888
20540
20184
15949
17001
29393
19955
10117
26255
27367
31276
28529
23942
22086
32550
18807
23839
29598
20243
17488
33540
25193
12616
18166
21815
8978
23765
25109
26494
30908
18599
35845
16228
8446
19185
15485
32027
33374
29245
14588
13358
23456
5563
27147
21914
24913
16028
25788
20406
35467
26522
20818
26659
17855
19573
16660
38727
7237
14683
30209
37019
24620
18762
16033
10858
23454
30045
31022
28118
15752
13668
29641
20000
7992
21300
23302
28278
16363
17184
24425
21161
9461
19627
27284
28996
20176
19306
24564
28684
24937
13191
17666
30179
29401
18877
28713
33163
0
32728
18042
21838
21856
22552
22905
12928
14283
36120
21026
27113
17752
14845
29688
25596
34348
14865
37386
33088
18310
25512
15092
17695
22609
9995
17681
19333
26883
26118
19279
15303
13437
25209
35202
20782
21558
12493
21915
21038
0
14598
12987
25287
21273
24124
27996
19420
24268
41459
14648
37825
40406
25875
22476
13555
25500
5787
17654
8240
22044
27902
16192
18932
27492
30620
15263
28523
20661
21840
18833
29597
27360
22843
42713
21932
6055
14194
12414
14965
37862
28940
23197
28844
23827
26270
25790
27977
16825
11009
33610
12023
16117
20832
18399
14778
24634
27239
14279
21579
24861
31336
21423
16841
29408
23697
29644
24752
24926
9949
0
13389
19803
33198
30026
31860
27553
32216
30718
21181
16438
26165
18169
27524
13653
25986
27203
32804
20103
10050
24907
38749
23572
28485
23125
31515
23133
18788
25134
23577
25093
13299
33280
27977
25854
14724
34475
8772
23729
14215
25684
20096
38867
17529
25345
32680
29717
16560
31033
15074
13897
22484
36200
28310
23243
20786
21191
14378
20678
17032
26199
26924
15375
9533
25595
30012
20446
18204
16430
37268
28145
22164
32102
23827
20495
30021
21199
35208
31671
28928
25752
18013
36220
31593
19026
30472
13081
15394
17202
15060
36026
27171
26061
20614
28170
29154
36014
24363
36590
18824
38572
18766
19010
29750
14805
19227
33491
20073
34676
35004
30933
20250
16028
14587
10897
15735
23878
25181
12337
17814
18031
27974
29773
25212
20058
15661
16659
26374
23050
17602
26147
24784
10915
21306
27848
23312
20626
19412
9924
24539
13028
14067
30476
18688
21053
20675
34300
32522
24099
23629
37729
18236
27827
10159
30860
22259
28841
20014
19040
5973
17478
27997
29800
22477
29455
15323
14118
39021
25900
28060
20811
13128
19516
15607
24643
24487
16224
23626
23111
16891
35263
41074
21135
10941
17927
24663
21568
26038
17340
22991
26264
15607
24622
22137
14278
16215
22288
20289
26824
24530
19111
26698
24020
16086
18467
24306
16892
16472
30030
27121
19659
15362
20818
19468
16086
18474
30453
16526
30148
29716
22450
31195
15593
22586
38552
25584
17074
20934
15348
18071
22231
20644
23811
10721
26737
22149
23481
20645
24992
22532
15821
24468
19791
25964
21595
31302
29938
1512
20627
20398
22666
17504
26282
19420
28083
18453
16703
19984
8008
19259
37714
22766
27136
29773
26896
21727
21452
26537
25512
18171
20355
21123
7545
15753
23357
25447
29916
22570
29160
25883
35359
10078
26919
24085
15839
22895
19051
18024
32048
10231
11772
24013
27786
26691
28636
31355
20138
21724
7194
27000
36045
14398
35705
7435
21192
23578
37127
28432
29098
16195
24874
23593
25681
20170
18939
34812
22281
8425
32291
36403
37020
25962
21842
19570
19185
32435
12021
14922
18289
28514
19455
17868
13377
19102
8291
20079
9348
32623
15290
26040
32506
22176
23559
13172
31345
14374
24032
18791
11620
21253
17843
19356
19146
22047
26405
27155
0
17732
30210
11759
24191
23147
21423
20403
43040
41281
33491
25652
29654
19445
30300
24787
17501
36120
19121
36462
30159
18894
16335
32950
20304
27270
23138
26628
22404
18780
24092
10666
25593
20623
23804
14995
21555
20872
17983
22281
12858
35610
18551
37613
28594
24341
26487
27299
34919
18976
29763
13113
25557
20112
22012
47534
13537
24086
23969
26037
30144
34213
21026
17711
33456
22643
20591
2525
17288
26796
23446
24315
23491
23297
33843
24133
16623
20724
16864
27418
20624
12089
23709
21788
17949
29451
21832
30449
24026
28608
15608
21714
2637
12911
21463
11020
19702
18700
14037
26883
15786
37349
15920
22735
24491
21691
31510
16000
11154
16606
20519
16968
22182
41171
16057
24347
30070
26006
24227
24563
16456
17318
8458
21398
25023
18041
17998
20449
21774
23239
20767
22898
25980
16305
16123
34460
3351
28284
29047
21967
28463
13558
12121
26315
18164
16693
30885
24615
15878
31733
7836
11929
19044
12834
31721
13775
15516
16697
20336
20392
22486
24791
28927
18599
34236
28933
20979
22893
16920
22885
21662
20118
22690
10852
26259
7913
24638
16018
25578
25553
19961
30352
20365
23719
50894
20546
21012
23461
12195
13860
36650
31614
13497
30076
18523
32278
34298
30944
23704
7504
19952
26648
32627
19305
22524
18719
15301
23864
20515
28769
21072
14197
30207
13915
16905
9358
19233
15847
24460
27332
15593
22647
25916
27471
22424
39732
26703
23880
31042
11231
32912
18633
8344
30695
33930
24231
22007
31635
31971
16594
20767
18179
28849
30200
21105
31295
19856
30054
23618
26385
18725
22652
15609
16876
13964
21846
19126
22705
24940
29053
18241
18902
25764
20456
18569
25907
25921
32627
28304
48727
17688
21591
30701
33864
28996
10396
6980
29718
18793
26432
15189
20247
18030
15902
34070
25435
17921
19463
14356
23486
16440
25064
10897
28520
24773
24359
30232
18888
27253
20486
23259
0
13202
21692
21033
19140
29427
20450
30419
18427
28289
22290
15035
19252
17244
9747
22779
14195
22057
13545
23637
15387
20040
19287
26958
19917
24993
14017
24327
24302
8870
17599
29529
22330
23861
15675
30911
2981
43153
27565
32710
16650
27670
22455
19163
22649
13185
27177
31127
20393
30544
11012
21127
26152
27197
22965
18041
7239
31672
27866
25740
13956
12385
22164
29868
17136
28340
22423
13279
23231
24667
39782
26110
25138
19542
20011
25965
22746
18832
17760
34644
31662
9307
17784
27674
13410
32930
22779
23136
9167
20854
32911
33695
23365
26088
5476
15603
18345
22076
32164
25553
13518
21128
17266
23971
22408
17396
26584
7727
1249
30462
8714
9221
11330
26346
12231
15674
34545
16580
29762
28548
9716
25687
17700
18809
25305
13000
29913
38477
24467
18127
15193
22779
28191
23296
10595
29641
32669
10797
19787
20507
6672
38038
15570
18685
26132
27058
21459
28539
22483
28617
24042
21283
15651
12428
16126
12966
18463
11541
34945
33168
20225
19913
26496
29571
25456
16114
19019
22379
24586
37640
37779
16474
19950
27587
16899
43823
38624
19588
26805
33656
27198
14893
9986
30115
29745
28578
29855
28739
15035
23418
17029
22316
19230
52089
13490
17565
27647
22796
24255
25826
12285
27191
16832
31640
34206
14715
0
22406
19092
15776
28853
37488
22222
13685
28658
17789
23297
31862
20028
15010
10331
25901
31427
20039
19441
17755
16180
29042
19464
22477
21538
23821
27489
31744
23799
22466
22452
23152
20869
22038
38579
29347
21857
24710
34917
37028
16822
11035
17628
16507
23643
15769
39692
17504
20346
22779
18202
18749
15516
18225
13936
19925
20466
33947
13032
23853
22953
22783
24549
25595
26475
30920
24186
17492
14973
28061
25345
14694
24145
17823
35477
26751
37873
30411
17213
5460
15796
24081
13834
28695
16988
40790
14575
27903
8903
10553
37331
34631
22339
24648
24046
24121
20630
19459
12448
18852
28674
16673
30182
30517
23154
18353
30065
35428
21582
23559
24333
24587
22080
19332
24331
21126
21534
22257
10749
25878
18504
31784
30628
26163
15980
20273
20920
7751
25563
24426
25543
5819
20438
30152
26176
35135
21226
20504
26169
19641
19124
16106
30239
14273
23193
17738
18707
38789
21483
28070
35867
15470
24740
19140
23215
21602
6980
23584
26916
20926
21033
19357
20846
29923
29220
2209
19923
24060
25628
26076
23306
16706
28630
14959
26459
13985
17319
19258
13601
22036
32547
20994
25791
41991
28441
22873
32665
16627
24395
27004
27549
8950
32701
28590
23920
33280
28903
21266
23334
18312
53381
37015
10855
26714
23666
29406
36650
22115
14426
20910
26290
28680
21116
22598
22775
21022
9426
18859
28556
15393
29483
21494
21246
23090
25271
14436
40303
16138
11590
20735
21029
30588
26365
19680
26097
0
18599
32413
30888
15649
14629
32183
31290
27019
24724
15551
37955
20065
26023
26031
17454
6769
25722
41740
17322
25531
30807
28220
26008
10140
29898
21192
19878
21101
26595
26457
20872
27155
32278
11406
19174
19799
28588
21044
0
27871
10273
22538
17458
1769
29791
24122
21993
45508
24435
31257
36873
23793
24993
19181
30812
32328
22607
23486
21802
32408
32023
19141
21409
24854
21774
29480
9196
30211
24333
8853
20053
21722
16891
29982
18796
37352
11265
31656
13150
36817
22832
20472
11482
19403
12378
24871
13571
26804
31703
20481
38703
15706
28234
13640
9467
27061
19182
11888
20898
14462
21074
0
25936
23047
19356
26431
25432
19624
23310
17665
21345
23185
29083
18026
12506
24153
35848
33713
22898
27102
18086
19449
23342
23502
18717
24346
26522
25685
27772
40403
29254
18852
19835
11382
13533
18141
11440
18708
24980
18671
23085
16531
15021
17130
19595
25064
15731
18934
32935
4644
16909
25759
26673
20907
22087
20002
9224
24478
21197
18197
27516
17509
17217
30857
22104
36793
29600
24444
22292
14549
25928
26629
26237
24795
15774
27223
17651
24748
22058
30626
15495
20138
23746
25508
21457
18237
7693
20645
41499
17836
21023
24626
31246
30832
26382
31829
22866
19080
5763
34355
32377
22352
31012
21422
37921
22893
27756
12576
26785
18034
35416
23757
19991
35315
23199
24495
14462
17512
19833
42718
23722
27239
19130
16680
21350
19171
17715
23643
21015
27487
23603
21164
24121
25300
37272
4243
19570
23909
19977
22333
23709
20381
13927
19449
9636
18945
20160
14655
26771
22137
34688
20916
16719
20610
21423
29142
17658
25449
14118
29751
24484
17106
25383
14578
17857
20782
17508
19722
12769
28891
16702
22205
20654
28637
16799
27606
17433
23636
16650
17283
17454
18025
43040
30647
36345
27132
24178
26931
18701
22107
21045
19538
20642
25296
20975
19988
22145
30808
26336
23308
9877
17521
21096
22345
17469
23439
21696
28955
17904
11633
15370
22636
20469
26249
10330
19056
35829
19979
18373
31950
24538
15593
28202
16277
37334
8932
17662
31161
11367
8665
18988
18368
25931
31619
19772
23962
11136
26542
29515
22554
24349
12975
31622
25732
23944
22560
17537
14383
17606
20562
23214
27995
15838
27393
26483
16987
22014
28456
8862
36639
3679
10058
30733
24110
23802
16493
15256
35830
30403
26538
3191
14838
28406
24190
39755
19229
14733
13954
17088
12154
26959
18379
24830
28576
7481
32799
18009
19552
17051
18180
19474
28416
25438
15330
26015
26510
26803
22620
26302
10970
22697
13896
17743
15160
26537
38204
8967
16764
16964
17244
23679
32006
24342
24767
15362
21975
20548
22315
43570
21744
23164
14864
16932
24635
21150
20832
25057
27626
22651
34821
26114
25200
22731
20074
24315
14337
15643
18495
27191
22758
29964
10059
18561
19426
33490
19020
11446
22472
24271
23856
11961
20329
24768
23190
33721
23700
25089
23986
27453
25102
27993
16053
29812
10602
29098
7953
26888
28658
17223
22026
0
18758
25019
23942
34654
15333
20979
12737
27080
36081
27972
22147
30715
17556
29883
24885
17925
8939
26948
20305
40952
8498
28415
18041
20855
13967
25997
28374
27082
26121
23923
18343
15186
27365
25952
19202
30515
12931
13202
25772
29982
41384
11951
36816
9546
19989
25435
25870
18890
16983
14960
34249
29829
22501
16210
16607
19332
24361
31360
21784
18159
38281
14738
20866
13281
27373
26453
23750
25769
21106
26181
13414
16672
16997
39755
5606
3289
32864
16245
24192
23971
18804
22090
32350
22153
21864
10191
26386
25892
39520
21165
32487
19312
23313
32389
19141
23396
20994
13174
27337
26405
14871
21193
26569
30923
28236
27133
19834
15905
29405
18178
0
32873
10778
17075
21955
34492
27857
31888
22527
29299
38953
3119
31983
22782
7721
26091
15608
17828
32587
16380
13594
20166
23624
22598
27194
21777
29081
34704
19008
24727
27322
25436
28726
23882
23874
28719
12261
22547
30864
16394
20008
28895
17079
27030
38546
22989
29518
24721
17995
27856
13386
23655
15965
22668
28204
23405
16967
33381
24591
17902
18929
20942
32661
14719
25926
20044
11000
14202
24470
10947
21612
28641
41403
36968
28059
37269
27401
37798
26577
16353
27004
37619
15439
14292
25266
34575
22598
28095
23859
13121
31853
26132
18836
20355
16226
23294
27757
17583
27894
22672
11225
28400
31760
20351
35272
35880
19693
26856
13783
21593
25532
16830
28034
19252
9561
32288
15974
22517
30679
23948
27938
28572
24458
20353
30832
13678
18301
11325
25787
12580
19517
17606
21584
2788
27819
12161
17251
32049
26278
26894
25476
21621
39786
17297
11772
19150
13215
14290
27578
23162
25143
19057
18366
25423
25215
26749
27185
27851
13609
23530
27747
23764
28362
29131
16463
24305
31118
24952
24503
20989
30310
21908
12104
23335
24538
23991
27369
24317
18062
27930
23216
23178
21393
18170
14112
15186
19302
16642
13131
22546
3931
29895
23874
16423
28053
20970
27539
19107
21469
26789
19457
28600
25695
17310
9289
20521
30349
22050
40425
25259
3833
24535
25383
19252
23151
17651
15538
34900
32188
16482
6867
8845
22722
18932
21273
42380
17735
24747
15958
16457
19991
18343
20268
24706
18343
38769
19875
9868
13095
27900
17877
15702
17700
21371
21110
18553
28742
22899
22857
23281
35560
18605
14443
23034
5014
21073
24787
9404
10473
23139
19258
24870
21578
29849
18979
26782
12950
22947
28059
14017
16801
31083
23758
22761
24134
25139
24394
27469
23604
4600
27739
24426
26259
26188
15064
28755
28138
28496
28286
18945
51557
15655
29741
13570
27248
24100
34058
38900
25262
25562
32777
15022
23415
768
24472
25827
11597
20305
31915
18117
22062
16482
17327
10545
22184
27591
17802
23739
28889
16591
31618
17114
22097
19351
15854
20778
21005
32553
14540
28341
16310
30269
17529
21015
17514
10978
25885
18151
26965
46883
30832
32111
21629
11687
23909
25514
45274
18666
12182
15324
17176
15659
23696
25863
12843
17779
11164
25145
26746
22643
36065
20576
16893
24317
2864
21079
21748
16315
18316
28701
25738
24124
20426
30852
20261
23107
26186
21725
30730
25780
23199
18440
15148
24388
14067
23793
16704
21128
13330
21202
26312
6147
23038
28187
35812
22212
19333
22302
12425
34004
30895
30102
12403
23754
33127
30738
22481
25629
6055
9461
23472
24748
13784
15593
31954
30272
34087
23328
12016
12557
21372
18613
18849
26376
14038
24999
20337
24056
31700
18308
38582
28021
40284
30240
3899
24007
36417
15210
25414
20404
27209
23000
8539
12898
25576
21812
18964
19551
15992
0
24351
10973
20905
28671
14183
28905
32982
17388
25529
20758
27334
35116
34312
10131
25986
21347
20952
32122
11508
30376
23510
27888
20715
17378
22359
27819
18485
22209
22555
26998
23991
22067
16622
15962
15561
18509
20762
17640
39229
23728
31444
29026
17262
23432
20678
16688
40864
12506
21176
11128
18583
35327
22587
22701
28188
15210
21558
37783
16719
30768
14864
21638
28327
25656
13169
16627
26079
26785
15898
23569
30501
32134
13392
19195
20775
24324
15568
22146
24991
13711
26197
24189
27369
42019
25156
32356
9084
23370
28571
10785
19322
27399
35583
25780
17510
26713
27942
21173
17028
18368
29064
21389
29026
28301
18115
20988
30421
1142
25374
17022
10507
6339
27102
20125
31958
25250
30368
38933
36453
43059
21672
20112
32343
17646
32092
22410
20378
19686
35445
22599
22812
19413
17873
17386
36306
19401
24601
18149
11785
20727
28003
29742
11301
13057
13333
15635
26600
27746
21892
24300
27292
23816
22184
32475
31432
21597
21571
17421
22746
29536
17461
23825
23700
10473
24082
28131
27962
17641
13029
14475
14327
24073
22697
16059
14436
27933
24516
21778
13271
25608
33964
25245
22391
16331
29976
37256
16310
21941
20241
21457
26653
29344
10860
30326
21409
23130
23296
24648
24949
16162
24738
21791
17318
32758
31835
31485
32061
12449
31282
18745
17184
19411
24176
24201
33393
23873
15226
14663
27728
23963
20641
18851
14490
35513
25257
23829
24702
20705
17166
20988
28086
38954
25095
17120
25251
26554
23102
25892
45804
12544
25047
19904
22610
17799
21415
26583
17869
29350
24398
25810
17818
14226
20727
27666
26059
24088
24895
32019
9449
21830
9889
20393
27549
21406
21910
24620
23565
35784
21527
33089
10860
21519
36572
18030
24877
25902
29846
25054
29124
17209
30355
24233
17237
22947
15669
20961
26114
22765
20304
14083
26870
19197
23685
28010
25292
24265
21735
25141
21648
19646
23195
41139
26209
25738
26127
28624
18317
19115
15959
27300
18476
24477
21276
25425
18080
14514
21292
23463
22755
30476
24707
23203
21723
11730
15014
23239
24199
22945
22477
16694
28695
32473
24291
20610
16716
23342
25899
25775
18902
12480
25557
14829
22509
30188
24514
23861
19654
22366
24358
13771
30687
25582
25789
28289
28571
24575
25283
17198
24630
20259
5990
32941
16374
22850
22085
11717
15777
26201
27769
14979
24680
23607
20654
23236
20398
21142
17307
14244
28430
34567
19768
21693
34962
30448
23442
19763
27877
19085
17865
15365
23970
1434
24734
18218
29095
13754
15611
13273
20890
26458
24043
33288
20588
17029
17813
18076
30899
34360
6025
41609
23244
26149
17596
20631
13524
32216
25619
22397
5163
22546
31105
27435
12368
23203
17918
20362
26355
14450
37763
19589
25958
17235
19717
21219
16790
17458
20910
13391
38842
27442
14198
499
24783
36071
17838
31276
21379
27450
19922
21362
23930
26136
23825
24969
32491
17467
19861
16613
8931
9605
35712
24503
25172
4207
23896
31440
24886
24464
18404
30751
34077
24039
26658
22746
20421
30920
8076
24022
24238
19422
26495
18340
29709
16108
36175
15552
30963
21445
26739
21391
12924
29427
20300
36162
38634
22654
26059
19542
26829
21690
18582
31310
20395
32546
39323
12636
26987
25873
19320
14371
20609
6984
21415
26730
20929
28205
13596
32516
21676
26175
18293
21711
23337
33375
21076
6743
15898
25958
30645
29100
38476
28562
22785
25738
24392
23957
10149
26865
21193
27146
2329
8450
6843
41748
14757
22749
25327
34804
10765
21065
26337
14586
15134
21777
18850
30278
25578
22013
34564
30948
24608
24809
22216
29600
20847
26458
6966
35104
27863
14956
22045
25493
33916
28918
16891
25019
19797
11777
30026
26463
22407
17824
15275
26553
25839
28843
18511
5792
16899
19856
19466
17960
16087
18950
30254
14786
22457
19822
21922
30919
23973
32267
14532
18286
18884
20248
30180
34397
22444
16508
22501
18122
32524
22052
26537
34526
31724
21787
18832
25615
18301
15226
16566
23183
12678
36486
29106
20515
22076
11280
5926
22664
23593
38667
25598
20641
19834
13230
23986
25940
25238
21206
28289
33322
30699
23389
27925
39783
16686
24725
15896
27636
24060
24475
24853
20870
28413
25957
21482
13058
21778
12546
29591
18762
27452
20991
15866
18402
22901
22575
25404
28384
24937
12279
16865
26339
29824
15985
22886
30465
30727
20026
37572
19744
26234
20844
13131
33393
29187
41254
22612
22529
19078
6534
14829
10753
15894
14175
24917
21773
11399
23882
12227
11734
594
21839
38360
33284
15691
7974
26192
24768
22029
27740
19418
29523
20432
23078
15427
24949
17949
18605
25667
21022
30456
20476
25236
19720
10104
19918
26415
32111
11102
29943
17872
19202
28306
29591
8425
26221
27174
22155
34018
13711
25061
27541
23606
24671
28702
35371
23134
27619
13521
26724
33555
12108
28821
28710
21947
42840
30200
22398
30656
24980
25049
21071
25999
28516
14317
43969
24449
25114
15498
28184
30679
12985
0
41245
23873
14094
19232
20093
23585
27767
13341
17485
14845
26763
25241
26846
36374
12704
23663
23806
36582
20038
16561
30735
25748
29389
19442
10058
19076
26259
23406
24423
20380
36537
30984
7138
19229
23216
26447
20339
25142
23650
33197
19967
12626
10511
26737
30536
7627
17428
17401
22045
19163
18046
37604
25480
14842
18449
21679
38159
22489
28747
28970
13925
22521
19109
41245
24449
22475
17906
15804
18040
17621
24825
32062
9974
19604
18587
19295
32175
5922
21811
14178
2299
23994
11487
25689
17436
15244
21068
10765
30920
22664
22001
19577
15898
24207
37802
19822
28110
11583
12246
21618
25256
0
18085
18112
33343
19233
23849
16079
24286
5322
15903
17191
25496
23067
29972
19085
28387
33339
26244
24622
23874
18277
15203
29883
15168
14962
17098
26559
18112
13691
18457
24760
9157
37230
11329
25374
22775
22824
14772
18039
20708
19469
28685
35466
27631
38410
19869
6025
20225
37876
13513
16524
18141
20664
18899
25855
20004
18806
16669
25126
34540
22140
0
16098
7538
16014
18112
19306
27111
12914
24321
19680
18613
18658
12221
23301
28789
28489
34211
24566
17872
21953
29246
8358
21942
26910
27338
15487
21382
26241
22645
34031
22244
28836
35445
18568
22080
21432
13707
22941
26528
20289
12938
18115
30088
17284
23185
27548
37857
28693
24180
19889
23529
25483
31099
25957
26841
8188
24895
12557
28155
27795
18377
31852
21946
13144
16904
34252
16158
25307
25157
24626
26638
30238
21445
27658
16381
13185
20071
20448
11941
17537
21314
25117
20207
10779
22131
31828
3123
36626
34856
32015
15097
22491
27052
18222
18901
18029
28353
19344
18964
18633
17804
27264
20017
15344
31008
28329
22167
25036
27789
19183
13220
12808
53381
41281
19873
24502
35016
25681
7818
17187
18188
22382
22983
31881
8552
19506
15324
20287
20291
31840
26080
25431
22761
28595
38266
19846
21510
29282
28033
20075
31371
7551
22015
22020
9160
12843
12260
35790
31481
22169
14074
24381
24022
18661
15394
20481
25959
12458
22044
10436
21796
23127
25549
24543
0
27902
23177
42341
40156
23564
35169
14396
17730
12579
29037
24927
38301
33594
26672
5231
24342
25736
20697
24152
33840
15173
38544
23730
9374
28378
25029
19159
37632
26213
32291
15847
29101
21289
17889
20557
19642
25594
28035
19057
33484
12350
27089
20096
28095
26514
32400
23372
15627
31765
20862
25924
22517
29008
25668
12969
12896
17665
19457
16479
14006
20180
11026
22231
13569
16507
30662
22339
24305
14004
32108
8405
27002
11479
22142
17355
28428
17570
18249
35203
31326
33260
28321
23069
21159
22898
19799
31052
17757
25685
22045
27583
17627
16234
15398
12055
10102
25200
12608
12836
15489
25678
29924
18353
6367
33040
18567
23158
22959
25460
19264
21607
25149
23495
25357
27102
35844
5557
10834
19655
15344
22527
35159
19619
25082
12599
19612
13181
27231
16920
12475
11763
26199
19659
12549
14438
26120
18845
9215
23537
18165
38664
29972
15304
23244
22133
19210
31754
23873
26723
18705
29425
32447
10274
24425
27715
22155
22859
22624
6730
24894
29574
24156
21102
15921
19597
30911
20837
24700
25146
33845
20812
28313
24250
30915
25582
17245
29055
17142
7637
14071
32489
7644
13742
24469
14444
28920
26127
6743
22732
33674
23501
20921
14627
28011
22909
24009
19693
8925
12789
23728
24037
19083
21311
12084
14650
19070
21848
27073
27616
27434
25296
17387
25010
28737
19768
31694
25090
23236
31755
27535
24212
38815
28666
33661
22808
12577
28007
26492
20436
19173
8288
36641
19511
13081
22672
22167
31613
38322
38346
26696
27197
17707
17378
25903
39544
27875
19259
28564
11261
18154
21207
23058
25887
19034
19107
14748
22652
31739
20263
18569
24563
13419
22501
23101
20705
26432
15710
10681
34833
19549
17930
21925
20543
30652
29004
21980
27481
23942
20412
28869
29052
19386
28492
13003
21295
29471
18241
28400
20601
0
34977
29383
17265
31589
25035
19455
13654
26749
20978
14588
14024
24337
26224
15089
22552
25570
21822
26350
16401
26136
25571
21094
28200
20170
16910
26169
21270
17802
25223
26554
23406
26499
20115
19455
12180
12820
30686
14939
32821
10162
20033
28150
17439
23419
6464
43132
27587
27350
20127
14428
21960
8060
4722
21486
24906
19326
24494
18256
19380
39735
12546
17001
38091
12347
16694
33206
22203
0
22168
17451
16960
33096
10721
21153
18568
19218
16381
24169
23456
18691
21483
28414
25107
19109
22787
24975
25580
29620
25499
27913
23696
25459
27744
17843
19057
23532
27401
17224
14752
24464
16345
8001
9817
15857
32637
5875
18827
17034
11116
14824
31545
18225
13036
23395
8528
23541
25604
9482
16955
24993
23518
11372
21409
22825
25370
35083
23119
17227
23864
26719
24676
20233
21094
23896
29936
24477
17676
22206
29603
37181
32925
18930
32935
14440
20852
28137
14560
21027
26711
21173
25722
31152
15692
31281
29799
40827
17573
18240
24414
25865
15385
21544
27858
25500
23987
28202
14822
23864
38450
32299
37239
20818
26114
21910
29125
15980
18875
22556
28961
9436
30333
14778
21954
28649
13184
25168
22614
22034
22709
25812
29708
37698
22461
16850
23841
25732
15830
3296
27078
32568
16895
19852
28990
34790
22933
26063
20502
29322
32204
19011
28673
24586
21493
19955
21941
27622
24332
21050
18399
24707
22520
22913
27994
23756
19041
29655
30456
21101
28871
24590
8679
10976
6362
33881
15269
23554
19169
29797
16269
20133
22196
16715
19869
23326
25047
26622
32935
15248
19404
26548
21250
29282
15087
27969
29245
25927
36276
13998
28538
14489
31153
19318
21102
31867
15128
9247
16921
29951
18812
18945
28368
16493
17654
27897
22392
34924
21192
16698
28788
24571
33821
22032
24852
17540
25179
22164
35998
15790
21572
16233
11517
25602
14815
11739
14514
21582
32164
24112
21971
24744
16067
21379
31886
20126
15227
32382
28814
16967
23625
25775
30831
8073
19085
27788
18928
26398
17718
25425
12055
14226
19760
27938
10723
23658
38577
41006
18762
4426
17693
33326
26548
20204
22154
16878
20451
25219
30677
13424
23265
30699
14655
12942
17358
20544
22586
30768
37936
29966
23964
21813
22939
26209
34568
25600
21483
16784
18354
26205
10860
13449
18161
24898
17818
20597
19616
16797
26991
17320
18453
16473
29523
26398
22129
18459
42403
21193
15841
32407
8551
29149
26004
28037
22035
14692
26355
24493
22624
12383
25653
20471
24608
11988
21204
17998
8013
31195
31344
23573
21597
12190
40240
15461
33876
17701
21066
11476
15389
34919
34488
18182
17625
16272
20234
21232
23997
32153
18024
18004
23773
6282
19353
26292
22406
18084
20136
32742
6907
24246
22829
37352
28029
14382
22061
22306
30543
41184
22424
13902
23299
26346
24978
23964
19466
15365
22415
24446
34166
21204
23619
22866
19817
18691
14516
0
20091
27022
22957
28028
17707
30375
15330
32017
24999
22710
20928
24443
15747
11787
30323
18299
25962
24453
23063
32616
28070
15940
16972
21336
27370
21598
22998
23538
24681
26134
24840
22966
28600
9175
23389
16961
26789
17702
11943
14920
27498
28743
21699
27102
17710
22896
24227
20911
11196
15352
13534
24557
25743
34900
28226
27671
37988
24913
19563
26205
21348
30878
14074
24782
15925
31141
28598
14466
18991
18054
23686
28804
24959
22640
15675
29265
25345
21775
8665
23077
17551
7578
23161
27421
19570
31997
21913
34199
19803
19979
17077
19279
32067
25700
5905
32953
21515
13625
20759
15740
17470
25403
23495
25367
12396
27231
30690
17122
32885
24476
28973
23675
22326
16430
24865
12816
24333
27857
32208
30050
31791
17614
20159
21789
35962
32249
23005
19287
22059
6837
21638
32580
37026
22500
26934
27436
28923
19887
14544
28761
20047
36443
16114
28177
16130
20777
23700
21367
14543
12813
35771
21109
28257
39783
20450
23574
24299
18101
35694
24760
24050
13521
20344
17261
38259
32856
12650
35121
27402
10128
19060
19941
21822
9734
24926
15694
21127
29499
34052
15805
19624
23869
26465
13075
15065
36443
28464
29573
12408
19022
12524
31082
15317
20307
16065
29054
27552
19457
22735
32654
18098
8948
11418
13742
21473
19489
19660
14777
22866
18871
37314
33491
6498
28640
24616
22367
18605
31602
17577
21026
22911
27235
23559
13719
38100
11332
15429
23034
17549
21801
9977
21672
26906
33075
30790
28568
32656
28226
27000
21058
23278
15824
26658
41524
20221
30600
36298
26682
21376
26332
24426
22008
32525
16533
19182
23430
14815
19698
19138
13668
8108
4639
21491
20691
20784
16961
24825
34430
20259
22555
27728
19462
27661
25244
37766
12970
14436
24864
28022
23289
23677
12659
26167
21419
20718
24766
16648
32225
27240
33500
37862
17759
37695
15012
24832
23104
24002
24895
25767
18713
41823
25171
24770
18383
18063
20538
19126
19197
19889
16915
26383
22553
19666
16626
18249
21067
31898
29403
9628
34402
23430
14196
29127
18793
10911
17946
23054
23912
23279
25949
16742
15287
30188
11190
11033
15134
35054
18719
16634
21332
27140
22222
14932
25139
22091
14279
18334
23995
25688
0
23787
33744
18151
10348
29122
15861
11643
17244
14516
33898
21611
17623
21832
19851
18897
17583
17022
12947
30463
22415
25840
19273
32776
19040
7191
23607
23954
14507
25381
16960
20242
31271
16197
26362
25287
10096
24941
27138
16057
33586
23278
34511
29228
24380
19185
823
29785
21847
31501
33721
25915
27613
27153
24324
22521
21115
21601
30730
0
35943
29805
23404
29096
21570
14439
33314
28349
24770
24887
33414
14052
32732
22885
32726
18162
22970
9248
20429
26715
9173
18323
24579
35390
20315
32833
16778
25493
23643
24674
18327
21916
30371
25040
12942
24150
4180
12719
20532
18734
23907
15558
28531
20004
18070
13680
23644
12789
16565
17809
19582
32085
19515
35333
21517
21673
18415
18246
17160
17672
16546
10403
23419
23963
27510
16082
24165
24513
27113
11202
25557
15892
15361
21442
15807
22708
28189
22043
17816
24559
30558
32162
28300
13681
21109
9152
20273
23490
33721
30115
24746
14365
19068
14648
23215
26804
12303
22320
16715
18811
26457
7156
17250
21746
35315
17418
24210
27135
19427
48879
28205
15066
32609
21560
17950
22580
24516
32547
24873
22717
13660
26530
31105
13712
25866
27196
17292
23880
21420
13444
31709
29796
9120
18955
16516
19333
15057
16881
21389
19462
19823
30395
16984
24505
29292
21113
0
32382
36698
28155
24775
34898
15866
24042
38487
12755
17711
14789
30350
23685
26209
17517
24658
25089
17930
19337
16074
22567
26536
32745
30846
22692
15290
19510
27572
10179
19045
26886
19273
29689
14464
22585
24634
32146
20954
32457
19655
26733
18875
33369
29131
23498
16013
24359
19822
14922
30661
33487
12788
10925
18823
40265
15186
22259
35416
19061
16369
31835
29443
22736
21970
30728
16890
17814
31496
23315
16031
27900
34363
20183
15895
32016
38727
19020
37045
29803
26711
34389
28724
13061
31934
13278
18438
32974
26937
25914
23242
16023
30085
29641
15549
31098
21295
30994
16744
35542
5914
18084
25535
38979
32242
31464
24729
21985
32751
18952
19830
31558
17867
29597
31239
31161
24687
27383
20861
31281
19654
32596
8039
4074
18652
23148
14192
15539
30996
27158
26749
17627
10657
14429
29200
27601
26186
19328
25215
15685
32705
23455
27713
26340
9194
17581
18813
28875
26280
15904
4243
40696
6744
29178
26383
12823
15726
22529
15971
23485
17138
21227
20309
9546
23244
24887
40131
15423
15625
25348
22027
40501
25543
24470
24980
21595
17988
28317
20645
27073
38038
25168
20493
30586
28125
9904
17450
29063
27572
19857
36154
26181
20016
20247
19820
30483
8769
18230
25111
26582
32594
23247
29510
21728
25274
22277
14462
28367
24213
32181
36582
31206
23722
18813
23817
22425
19624
22168
18410
22185
21219
17269
22934
24632
10556
21035
13490
29615
25100
32059
23307
31216
18698
27190
31854
27714
27937
15852
25431
28131
27814
11021
24258
19022
20072
22579
26118
26969
14303
17405
24766
35353
13602
18858
8908
9348
38399
29418
25480
14344
9218
21081
23001
23915
19702
26913
26230
15143
6802
10026
36675
17290
24626
29768
20892
11974
23821
24229
30483
28162
13033
11162
23536
22946
18846
16593
37789
16444
37374
22320
29384
26531
18506
18844
25843
29443
19240
25639
26579
16760
20359
20285
11374
17801
25724
20609
25177
21696
18375
18747
37798
25305
20313
42416
21709
28091
24622
18225
33219
24583
17265
27836
30017
19422
28920
14639
24434
14378
25923
23945
32784
28609
28477
16084
28869
9674
20155
29471
20584
22065
33048
21912
25491
16338
24608
22735
22431
23903
24296
6743
35495
22829
19665
21930
10571
25803
26467
18960
19871
21890
20684
19092
24751
22255
22297
24180
29840
28100
12941
27666
23237
31713
21463
29625
16585
25322
37416
30428
25095
22057
9150
15751
14865
30634
22132
21621
28628
28247
20016
23791
22233
20307
32728
27497
43238
23522
24189
26446
30747
22302
18372
24480
7401
23321
21684
21420
27291
35488
29040
17076
9554
27644
26319
19105
38572
32851
25472
25765
17439
21926
11973
35235
23831
29956
17432
10653
11266
27325
14824
29727
22624
16473
29422
14884
8693
19927
23495
27816
26649
15896
15890
30709
24489
30558
31460
12587
20014
23855
14236
27436
24647
21854
25481
29095
21068
23033
17636
12671
22103
26330
29204
18192
15071
30431
24369
12468
37296
36804
16507
28019
18991
12233
18978
19998
31323
30645
31040
24916
28420
22042
40344
17959
20201
25433
21848
25600
27799
6769
23657
7212
17670
29620
25179
19524
20703
13229
25207
18709
19797
24776
32324
20647
19448
24772
27750
23146
21416
7073
24235
21424
10750
12404
19686
8881
15933
32116
21828
11641
16272
17875
23166
28867
15060
27690
29632
18047
29713
22325
29572
31846
18368
19996
24091
33198
24296
14949
19178
31037
28203
7808
26037
31490
14782
26037
26635
16158
19678
15302
37789
13855
18408
23966
14437
18110
19889
27485
28944
21234
40515
17762
33801
29670
30592
27014
16562
23096
26558
28413
17700
19707
24797
22320
24615
23624
28250
22926
37004
35067
16613
22213
15350
26190
26542
22809
24693
28991
26102
21936
37181
25958
21943
28840
23190
25029
25573
27568
28586
32609
25738
14413
30200
8672
23330
22183
30457
10572
39123
27548
40730
31117
26553
22793
18782
26982
21557
16696
21711
29054
21773
22428
22037
16372
32457
17034
22975
17388
36647
21916
20507
28491
44885
26856
13229
28883
32306
21189
25860
27358
32475
30569
24241
24858
23109
17732
25863
29527
40961
23637
19859
24297
23370
15236
28142
26464
31760
8288
15057
26072
9289
22839
33832
27961
16334
19918
26107
26234
23248
16553
9513
16484
12290
29498
26679
30014
42820
6778
52136
16526
24252
23120
15091
20730
26315
27629
29920
19916
26047
31464
16037
25054
18152
28246
22653
0
18717
15332
29968
26785
25400
23515
19431
15134
24810
26130
18628
22266
24543
15617
26402
13652
30268
30485
26261
16955
32856
11495
24590
30687
29518
20734
15459
14770
16373
16209
34542
24745
20599
21197
37485
28030
16107
20326
18528
19487
19947
26788
13707
29556
28120
23130
19914
24328
19360
13322
16372
20063
25373
22054
14830
18872
20905
18686
18448
26134
25702
14472
19686
27962
13729
27377
14475
24634
12790
16073
23870
10393
17317
19059
34649
25352
49968
32306
17290
16243
27055
21270
27264
20782
18198
29537
16599
26735
26208
14819
18484
13652
34796
22309
21693
36401
12704
8141
29689
26665
21563
16377
10572
15134
21723
23686
29840
16557
23357
23441
26711
19466
12631
36016
26908
15609
16581
18431
38198
26992
21446
24310
31920
21957
26287
15751
20862
28881
31751
30912
31861
26307
25305
32113
21022
17709
28099
21840
18576
24129
29116
20640
19129
16368
20445
15808
17833
16579
28729
12800
20191
42931
18648
36788
20446
37587
32382
18652
27611
26061
29267
14202
19181
25843
29031
31956
30696
28573
32172
40113
22555
21802
22561
17592
16187
19989
23168
20753
25695
26925
29331
8401
18676
19259
32767
17587
21216
8216
32194
24980
27612
24133
18239
4682
22735
28703
27612
12206
15014
28543
45375
20127
15471
9668
17969
40816
17178
24187
17507
9132
18824
43426
24255
28568
20694
24940
27707
17561
30208
21042
19418
29760
30106
26169
31832
20353
19293
9616
12184
23065
18587
7316
15270
15932
2486
24314
29051
44570
16716
27169
25267
20508
23154
16859
12893
26579
28134
25035
28872
25843
25424
15161
5309
21682
18452
19709
20199
36793
14858
14782
10176
18638
29102
26928
21306
14836
41387
22209
16662
38689
23289
18087
10408
26884
29022
38425
23863
20872
19484
18566
19632
23389
16760
17777
28390
28802
23675
22575
23908
14874
17770
13901
26442
31467
31024
14961
43887
21359
31834
27650
19183
13869
15965
20745
22356
15321
15629
25423
21998
26624
22271
33372
20905
31772
15412
24260
20652
31586
27464
27025
36422
21389
28902
15481
36084
11705
26632
27463
12602
24088
23214
24075
28413
28993
21582
30550
7898
23242
32747
23827
25472
17904
23057
22160
33565
20256
23678
10274
17505
18381
7461
26954
26252
37325
23222
19526
30259
19701
22259
26888
23246
31716
20990
19528
20582
16865
24605
18883
23826
19005
16468
38373
33317
23907
23225
19339
16207
26261
22189
9815
24655
23178
18698
26199
29647
15002
28841
21813
18284
29912
23619
21188
27728
26420
27185
14393
30692
19258
34898
28971
24615
0
23484
18819
13168
24979
19856
23143
12757
13000
19252
12428
39941
20650
17473
7962
19026
22599
23259
30696
14932
17007
38891
18912
16344
32958
21954
14105
21396
26140
14676
18927
26010
15861
32942
23210
36137
19776
25516
19268
15160
22645
15455
11847
16056
29482
25065
19977
18366
19730
21593
27778
21078
35947
22402
32788
41554
20792
26786
14848
16775
31744
22023
24112
14695
23559
27164
22840
21351
25338
26560
22287
9921
25923
17529
26078
24338
19851
30402
17471
8263
30900
20857
38684
21952
32865
21785
26906
23092
19332
16623
18841
30106
20401
23683
22216
37541
21700
21152
31792
20939
28975
21638
23108
18560
22993
9264
25050
26733
13437
19293
34024
32217
26132
27695
35778
20441
30599
29971
19237
32085
29048
15197
23940
18170
23945
27839
26960
24409
34013
12716
33306
21702
23089
11417
14387
15948
19762
18680
28850
29201
27518
20661
22454
16882
23632
16930
23632
12441
27332
30714
29330
20591
28823
23302
24107
31302
26651
27235
20566
26053
22179
20702
19181
16848
9888
30684
34427
30206
14286
17910
17957
13194
19621
21225
22526
17381
13160
26306
31423
19895
9682
23243
19011
22037
20794
21318
21917
34931
12941
21880
19570
34081
12081
18934
31207
19034
22253
30370
10810
18177
25286
25275
13878
37361
28782
25283
9059
20624
32673
23703
23707
21957
32487
17531
31441
10698
31125
18148
26702
19243
34335
10629
9685
29278
16284
21605
30642
22856
31883
24531
16650
23627
23612
16348
29310
18810
32929
23369
22467
32999
13113
23081
27318
26607
28936
20592
16400
16930
14072
20442
28483
34253
22672
19090
25067
17639
16189
22329
31386
21121
15471
30789
26307
29575
20207
32543
14312
19155
26929
19192
17539
25806
26665
26294
36081
24209
28696
16482
22527
30633
27236
29680
39661
18099
26569
15633
27177
22697
34804
23926
25875
19088
21153
652
24386
32060
25252
25940
33399
18144
26548
25579
21660
29270
28161
8862
19799
19215
20786
19643
30237
21796
16080
19621
18663
41006
31336
31873
21857
22149
11714
17283
22377
37320
34016
27719
14818
15046
26819
27681
23357
25404
24315
21779
22903
20285
18076
19170
15869
19285
22156
20075
36584
34716
26071
36272
27519
29611
16824
23129
26001
12284
19020
18256
22475
22245
20123
10013
13683
15189
16234
24996
21379
13373
13255
19050
21573
34107
26099
30735
31613
29805
14179
26466
30130
36758
35620
15694
11238
23988
32839
31458
23287
23663
31648
16739
20431
9636
22589
15906
28160
22563
20040
34477
23534
20170
15694
43262
34586
31829
13114
19267
19792
24185
17590
37565
20785
17316
41516
17914
28934
21176
14523
15544
20181
21370
22101
23636
20874
13452
28888
27855
33306
25643
16937
16988
21954
32971
19131
17530
31707
24671
34413
21714
36400
19588
24600
21798
21823
32945
33089
34238
17453
24082
25120
22421
25408
21885
21563
34417
19448
33066
24808
13727
18743
23213
22605
26095
20329
37065
18691
28532
20032
26530
30729
13850
27386
29409
13072
15438
19052
24261
17390
22486
32303
32716
6413
15649
22620
26929
31571
27625
10330
21570
35594
12537
29065
23320
40008
19820
21658
28276
18999
18028
26416
30350
10489
20536
16734
42322
22103
23376
24074
17762
19340
33089
26863
17969
27591
30102
18486
12896
19552
29353
27994
18559
26331
29142
20863
34877
19763
30555
27996
14878
9991
30683
40914
14003
19750
18701
23229
30331
13423
11715
34741
27405
24243
19899
9326
28059
14788
18194
33864
20506
26206
10262
24035
21015
25707
23107
28245
13160
18595
15559
15421
32394
19789
21003
33275
26938
24897
36508
19140
19861
26072
14631
15091
20682
19486
7797
28010
28737
26698
26016
36582
14383
33847
22183
24770
16670
28469
17355
24051
19888
18564
21264
34974
26615
15165
31814
18950
15162
22832
27091
30427
5734
11621
21837
11574
15013
42031
22755
28535
15421
22327
12958
23515
25486
29812
19252
19411
16714
28187
25952
29146
17030
21700
23071
25851
27664
13096
18368
10563
22423
18030
23602
6984
17617
26217
18604
30996
21171
17030
21677
18163
23491
24002
13399
19984
17101
15205
27639
29878
30415
28001
18109
7869
18630
14458
24282
16861
29384
22887
35263
30675
26661
19330
17720
28040
25376
18214
22382
30337
22212
16514
14462
9940
22468
27151
26733
28795
33428
35249
17784
17979
14311
19303
32935
15489
41546
16381
21714
27571
21712
16914
14516
16545
4591
11614
19041
29040
13889
19003
4894
16944
15452
21793
13835
18875
22390
29087
30130
9921
28742
22370
2675
26145
15059
26008
14691
21527
26580
6339
26529
26008
20701
28243
19182
27197
19027
22678
19165
20110
34392
31429
18742
19797
0
16920
24161
29401
25854
31794
23064
33491
23008
27921
23318
14035
23954
29472
29244
17977
12041
18164
27668
17871
13010
16930
31532
19570
21249
18197
21863
40820
26608
10010
29548
29736
15568
15182
23358
26029
25229
19764
24650
13838
18678
28424
11867
9964
16271
39915
10288
17558
26275
10331
26583
16913
27663
35004
23039
24687
16274
23760
25525
27045
19444
19966
19753
13810
28204
13025
26010
22050
15904
31460
12913
37735
25293
29500
17957
11113
19062
21655
22560
23969
21647
24436
14911
25574
29579
17202
27053
12966
34739
17582
14894
26825
21558
26556
19437
39636
18324
25934
15321
18244
24456
23921
31806
19429
29482
20129
21192
13715
34211
24349
19945
20661
19511
10321
7040
15473
26046
40485
17409
16177
26348
5194
16335
21982
29234
22045
17333
33532
15794
17845
18029
30173
10541
27047
16023
34488
13148
21024
22000
28362
24164
20284
30933
17161
12019
4439
24426
25038
17665
5882
20381
15207
31058
26601
25287
26061
19921
20272
18266
29217
18327
20857
22746
33429
20026
16855
7572
18068
22808
17541
22143
20546
19289
8602
27247
20456
23183
26535
19750
21265
18561
22196
15160
22289
20166
23318
24912
15033
13784
23152
17025
18542
26759
17716
28728
17655
22063
20123
41516
25923
19553
20926
23337
13946
12977
20509
19105
24102
17098
31152
21259
20190
15706
31245
23371
14918
24920
40054
16210
17265
14886
29062
25344
26814
30895
18048
17696
26227
25173
4142
20979
19254
27307
21796
17130
18470
3294
38730
12475
24060
16236
15417
12175
28662
34099
27231
15186
23739
11933
20911
31017
4243
25037
25616
11790
25381
28873
15651
21758
27193
21947
24372
16635
12804
28145
25791
36977
14312
17921
20295
34635
28649
7156
17851
26944
22517
25868
30937
8398
31185
21128
34461
10572
22562
14138
24373
21060
15932
18649
28424
22741
18696
20185
26071
11477
20328
33690
16627
22614
17292
14941
26023
31271
25918
20531
30520
18978
15581
25846
23482
14336
20619
24091
24687
17263
22690
26538
20773
19145
17385
18175
29026
30024
14983
24603
17752
22431
27315
32132
10698
30445
24480
20304
18958
15462
24434
24192
7282
20908
20451
24500
18658
28567
16361
32923
13993
34442
24266
16248
11728
18823
31774
31829
22199
18579
6187
21436
40224
22570
24162
20405
9426
10076
24361
24099
19694
18840
44570
31509
42393
13769
8881
31406
17630
17872
27718
11027
22100
12566
25699
9890
21763
29929
11226
13614
15520
31152
18042
28764
12990
16595
21748
12767
19665
23371
19526
23875
26216
24136
17426
33371
20711
26771
21145
17003
17341
16826
29445
8536
26574
14557
25424
22761
29205
23669
29798
30795
27573
28056
27901
19961
24887
21910
17156
23519
32115
21614
23813
16298
26945
21197
16961
32020
29883
17488
26518
33490
20898
29981
12922
26781
7535
19993
26929
22319
19662
10999
18136
0
20806
16569
12507
26571
20640
23939
15895
24321
18587
28190
7280
20707
39635
29964
25752
16113
0
28002
21240
18648
26673
31459
39671
33037
21808
24353
18842
27951
25916
17437
13141
26856
11180
18720
16720
28103
26821
14225
26399
20950
22572
21370
14328
15799
16808
27923
9348
29992
31817
24524
23836
18109
29165
24009
26471
28918
25069
19700
20039
14845
16381
22031
20773
7348
25053
21250
33091
12980
21841
15025
36704
21778
21938
14290
21325
26232
15996
31800
38475
37416
21238
20348
11187
23707
18412
19651
25905
10332
30693
27005
38151
22197
16571
18842
15003
30113
24088
16925
31945
25410
15937
27196
26209
22485
16119
23716
16898
6970
11310
23014
27573
16956
30071
23833
24390
13067
31393
38210
25693
27360
23907
19506
15270
9457
19523
20906
17448
27855
14174
26163
18565
13689
27625
27520
28671
19730
31586
25828
33100
17490
21958
12864
18846
15663
14104
15675
21372
26661
30989
22878
25324
21584
15452
4104
28131
24920
22196
24133
24010
23867
20951
16975
23598
25139
18347
10778
19762
16783
13424
16992
17363
24372
21962
23777
28440
38911
34131
19106
16759
22309
25383
11858
18638
30036
22955
18601
7696
20289
27160
11515
15143
13471
26108
18555
22740
18615
23450
25179
19984
20653
21907
15196
37098
30806
22961
26659
17851
21721
16956
29274
19925
9725
26887
28014
22443
12480
23326
21411
23632
18338
25410
16333
17968
18122
23546
19379
22719
23914
29495
28079
19659
11088
21993
18961
21038
32114
21755
11973
15365
20916
26849
18942
19104
11730
19802
14017
22782
16895
28871
22532
23187
18780
16164
18845
18932
23002
10834
22308
25846
26891
10535
5894
30677
22553
14612
32018
31104
16333
22447
14217
27167
15876
25413
20201
9000
32775
16886
30041
22110
23762
21545
9817
22671
27177
21671
10480
25375
35488
19792
16974
26667
23078
25374
21113
6675
16727
22586
27223
18746
22571
32945
16638
29741
36692
12569
23751
7538
17833
38196
31378
22999
23823
24951
7358
21252
18300
28252
29259
11376
20962
18597
23938
0
34786
20562
11339
26271
25296
25718
28788
18822
27971
15859
33686
27732
24554
23081
15924
18207
19417
13465
15630
19502
32458
36244
14532
21135
34043
48469
14565
33235
27102
22647
45794
14655
12289
19051
25038
23230
24726
7629
24880
28918
30354
20635
28548
21033
21721
22969
19898
27590
19829
24680
34333
14167
16799
29753
22969
