14263
16715
15244
10775
9053
19470
16071
16898
13156
14281
12956
8116
9125
16137
14639
10286
19616
3535
19143
12294
18562
14588
9029
4465
15787
9995
5853
5037
13118
15705
25198
16854
13042
22431
21943
15761
3573
13486
0
21149
20560
6347
17745
12252
14399
22640
17689
14769
16505
11440
16479
19583
14350
18765
12069
15153
5336
14364
14075
13535
10004
13251
23440
15279
14127
17973
11015
11807
18246
7357
8414
3894
19672
8037
17557
10115
13744
11812
18141
13064
15048
21902
17193
18983
29412
19877
14003
14684
8939
11582
21784
19837
10651
14831
16911
12502
3889
11925
6564
11677
15201
17159
11976
10568
17473
20382
9413
16230
29371
11979
15530
17741
13720
11230
23138
11271
18031
15433
16077
12648
13031
14683
22272
17366
16127
13118
12450
17332
17729
13421
14856
17722
12256
12775
24879
28665
3156
19237
15422
16751
15078
6699
12389
15428
10445
16424
7012
14442
15448
6714
18225
16190
14062
13814
14929
14593
17188
15439
15480
7624
10688
14664
15894
22880
11798
6531
18612
13495
17184
15902
19089
14542
15113
28242
14163
15566
22521
14660
9564
13553
18492
15347
17443
17732
6347
10962
6760
20754
21640
13133
19214
9066
10779
15106
24501
18985
18286
19399
11625
19410
18044
24368
15907
19234
18587
13401
12187
9995
7031
11413
24297
19957
17109
13267
6373
14796
21726
18999
17193
20452
14202
8848
17928
19489
9203
9834
12453
13136
13404
21645
10915
19568
23177
14075
13119
15841
13601
19020
23730
6642
12498
13488
12417
21056
9167
13214
7992
14501
14389
11197
22220
20800
9732
12528
18583
12229
5195
5853
12043
21443
20423
9837
11639
15854
14667
11066
24026
12995
16666
7296
11392
15842
13110
18775
20671
17128
574
11242
18034
19754
16350
12038
11551
21884
13619
11381
12945
10653
13172
15963
7102
12163
13614
12504
17308
12288
10350
21840
16551
15800
14661
16437
17134
22539
16046
8034
16637
9623
25154
12199
11773
20273
8356
14093
15970
5313
17295
22436
13027
6654
16786
11298
12127
7868
11680
17179
0
17032
15703
11329
23730
19800
13233
15268
19474
5467
20082
5047
17521
11605
6546
20147
21100
7555
19331
16004
32303
13895
18829
21799
18442
7597
22288
15349
12846
13132
13166
8902
19774
16466
19239
10443
14878
18344
8453
22004
9307
12123
16272
7296
13891
9073
14518
13956
19079
27734
13481
25535
19510
15569
19655
9557
12858
18172
13948
10739
15332
18707
11266
16959
6839
14316
10459
21414
13290
16470
18812
12888
19433
19855
11903
22975
10596
13618
25978
21725
19585
12854
16023
10725
13893
9190
12244
15052
18282
15676
11104
21539
17403
16125
19678
14021
13489
7208
13137
11027
7265
15218
20343
22874
14469
25216
14762
19108
13173
21314
13495
6714
12725
20061
11118
16216
14008
14811
12933
18775
15477
15231
0
16485
8346
22897
16050
19896
12884
14181
20232
15626
17212
13782
12155
17317
9653
14356
11881
16019
22524
12879
5144
12683
10757
16630
16427
14200
7840
12918
16153
12287
13401
14674
14628
12373
24233
15567
14081
0
13838
11543
16816
17403
17058
0
11128
22701
21214
10324
9676
6010
14571
6531
26662
16325
28600
17656
21359
15381
19224
13734
17659
18343
11632
15970
26824
14586
10270
20638
13814
10651
20671
5297
11730
16076
3413
23293
22717
9432
12258
8995
15025
22405
12733
17387
14425
13956
18337
13313
12350
9311
16892
9738
20855
14645
17622
19616
11259
17427
11253
16679
4757
9031
12679
7677
14949
12569
8678
22112
2612
12321
17236
16866
22606
13358
18499
16279
23600
23812
11181
13955
16015
0
9315
11909
13876
21287
13310
22102
12288
11725
8686
13289
15562
12995
13049
15511
11230
18889
12846
15021
6831
20949
14690
12876
14971
10445
4553
21356
15744
26662
23287
15541
8428
19474
14951
14521
3898
9563
10938
16509
10050
14350
861
17500
0
9305
9001
9775
12116
17891
10895
17711
16493
17349
17179
17853
10116
22679
16398
21943
22763
15020
18285
13820
4919
21257
14467
12174
11842
13692
22581
9510
11409
10371
8569
20268
15849
18357
11266
19280
19072
20845
16019
14623
17232
13155
17683
12027
23366
17343
15004
17521
16234
11729
20472
14249
4425
14737
12609
17993
9905
4757
0
20556
21558
17368
15676
20366
17722
14119
5750
14064
11769
22253
4893
9700
15232
10511
14382
14616
11353
14064
14867
14294
22539
10223
16478
8419
26798
18882
6351
14157
18236
19416
10034
0
17779
13646
18030
8711
19297
25098
13330
11404
9534
16915
16025
22102
17659
18344
23452
8168
17683
20034
12221
8617
15572
14747
22229
5467
9964
14566
21356
16895
15165
9000
16009
12318
17229
19619
11294
14619
17143
1282
12567
5692
16990
16452
18374
20890
17032
12582
17554
10965
11388
13127
6241
15751
17057
18988
19814
8902
6602
18815
11755
12043
20090
10616
15424
15633
13772
13641
8403
13518
6275
14613
9397
23503
22119
14490
15392
10603
20240
12962
12330
24366
21203
26169
16642
21539
8468
18805
25612
13871
14368
13735
0
11562
19149
19281
14901
0
15527
10510
7723
8672
18193
10691
15699
10544
13040
17662
20195
8390
10795
11248
11762
7700
9769
5693
23693
9441
9883
16634
12375
23255
9409
5881
8753
13811
9740
15287
21192
13960
11626
15112
18716
17572
21121
21871
18834
13925
12236
13776
12290
15456
18400
12988
16825
24779
15482
8644
20166
11472
15305
22424
17105
22000
12933
7548
12352
12722
10754
22102
25767
26464
9284
17434
10345
17551
14154
16509
15009
18201
10703
26545
20034
10080
5159
17418
17939
9676
17915
24307
22123
14961
14172
15103
17743
13297
14289
17770
17754
19931
18293
6325
11028
14927
17650
28242
4993
13784
3943
16287
18226
8411
16190
19957
15578
14645
16840
12019
16951
15699
15047
21494
15760
9536
10962
17369
15183
12291
19996
19474
15007
13279
12538
8316
14364
11489
26169
4866
10525
17046
21676
14515
17722
24324
11097
6839
14608
14794
16121
10365
16712
13957
23846
8896
9031
11813
11350
12021
18015
15538
18492
12949
15848
7971
15268
7065
9676
6652
12138
15902
25339
17046
17766
7628
19405
15179
19016
13937
13327
11624
10479
13370
9505
17662
15255
19767
7732
17722
17980
16800
10539
14584
12095
4465
14268
22791
16413
15568
5467
15652
11842
26464
6018
15354
18920
19171
15956
8327
9921
5484
5087
12309
1923
14890
18486
18220
19457
12864
14268
9117
16121
13934
9941
23679
14920
13258
15396
5087
21799
17180
12125
25705
16719
20600
24297
13611
9867
10235
8010
33124
19239
4373
14062
17293
22119
16471
11743
3499
7484
1710
18666
7922
14790
12633
23998
12897
19490
12567
14475
15543
12562
6491
16096
12043
10443
29201
9261
10774
24885
20807
10972
13014
6962
27254
14683
8738
10770
15177
15721
16286
22521
17285
21270
8997
6757
19730
14000
15014
11543
11285
17518
13971
19081
13118
22666
17266
17747
19692
10250
17743
9326
13317
20668
10728
16759
17574
13723
21802
16753
14156
16867
19043
9510
7814
11551
18587
15630
30430
18050
18637
19091
6225
9986
16318
25213
8546
13029
11309
16385
11366
14250
9788
23732
18694
14977
19612
16014
27881
18019
14947
16982
9068
7493
28571
11420
11478
9329
10227
11555
7408
20731
14976
2473
16010
20435
13684
16105
12047
15613
13836
14370
17717
12840
8016
14581
10728
12022
12861
14719
21257
14856
19658
8762
13752
10538
16244
11279
13684
19363
9206
16149
26479
16623
22739
11612
12385
22112
13831
13917
16690
2455
14608
19523
5368
22570
17252
10013
0
11118
13014
16108
11529
19058
11024
8356
18403
13441
21174
9861
18479
6629
16181
11047
15853
14374
15491
19195
14049
22039
12549
12429
12492
18769
19020
20463
10713
15043
9964
22229
17984
21264
13934
10173
8995
12466
21257
17290
7941
20537
13925
30317
3787
13070
10267
20754
16413
1355
5489
20529
32492
19631
5278
11845
0
10778
5467
13199
15853
18057
7274
15508
10445
12198
10352
21558
26319
13804
11145
4767
9654
12995
16777
19200
28768
15193
13346
22580
18776
10472
8700
13832
19152
13553
19011
18298
9030
15238
9953
9371
14047
18193
6893
14831
22521
20327
15721
11825
17439
13469
1792
13175
18681
13212
15739
7012
13084
18625
7349
13606
18223
22581
12504
23526
17246
9283
10667
12226
26044
2346
13982
19857
14093
10603
0
6305
12406
11761
14371
7208
21963
6172
14018
13170
18929
16324
3169
15721
15374
18512
13803
25639
15959
20876
33192
10587
5072
9738
13279
18963
11360
18474
17163
13647
17248
12389
0
18505
12453
18225
19201
20741
14909
11724
14877
17109
15959
10800
7571
12080
7779
18565
11724
10336
13090
11632
16606
19943
16265
19214
13619
12805
18655
9167
17188
15133
8491
15276
8985
18856
14538
21350
6337
10236
18587
22061
18141
24523
11981
15787
18491
10735
18047
18491
13166
15096
11293
18031
14626
15356
11429
11681
12649
22234
12757
19799
16286
14427
19200
13853
12187
10518
13685
12856
10110
13549
10826
9029
14848
14116
19047
12904
14237
20366
14933
19942
21814
11187
15912
4767
14855
14859
16506
6588
9676
16235
12004
15903
18215
16712
11749
11399
10412
22520
25535
10774
15111
5274
16523
15039
1525
0
28984
12294
12879
15349
13435
4425
14119
15508
1218
8491
10334
18085
19441
25365
21224
13258
6325
21645
7275
22424
13934
26479
17058
14095
9736
6913
14410
13172
23172
33666
20069
19729
19298
15433
16905
19534
14544
22613
8016
12926
13890
20642
8281
14947
13735
9096
4560
22226
17047
17285
18862
21203
11778
18999
15028
15597
9505
21809
12501
0
7306
11304
13127
14490
12150
18787
10055
12125
25390
22166
20117
6258
24657
26257
14933
24882
17918
25397
15764
16096
9311
20692
15706
7156
24368
16348
6831
28797
21926
13438
13968
10884
16780
17489
11129
10799
12213
13804
18636
12510
16777
17245
21508
14859
8020
11925
10059
13438
8571
10603
11892
10282
7193
14737
13972
20959
11065
12925
0
8160
11708
24273
15734
17824
14778
18292
11401
16302
12524
11230
14128
7349
7306
22277
15866
18625
7064
13113
15109
21207
15902
25636
8419
13860
8997
14796
17915
9206
21083
22150
16349
14163
27323
10470
22739
8839
13038
5275
15279
16705
11325
24402
17023
0
17982
7514
15527
14657
11773
23016
21389
6601
26798
14432
13268
12601
0
26205
11253
26096
17112
18418
18041
12950
15637
16921
16780
11420
14703
8281
20694
18550
12134
19043
9479
16928
9356
15792
9564
12977
17808
12466
10300
11341
9280
19133
18453
8126
15962
7408
14018
18765
17768
8491
8774
16097
23363
15568
17139
16999
19340
19109
9794
19255
14292
9474
12545
18251
16110
11964
23600
12583
7106
6010
21104
15630
11242
22019
7605
21811
0
14442
21853
11197
21050
19601
8745
9015
10081
17204
14389
5112
20195
10415
13639
17754
10495
19466
16778
14828
15908
18586
14015
19751
28665
15163
7922
21020
4889
11028
3249
12879
16751
21463
16795
10494
3381
11981
16278
23009
12118
22980
11455
20043
16771
24
8348
19202
7295
10550
12163
8336
16424
14382
17686
15908
14003
13646
6920
12916
16077
18505
14995
20986
8985
19911
10757
14378
18035
6652
8281
13274
10600
11071
15268
11160
8419
14140
9388
13108
21640
13166
21706
10884
6423
12022
12474
22375
14952
13456
12072
17147
22117
15508
18665
15902
12859
14575
17445
9304
13407
13956
7300
27738
21538
10300
11379
837
19900
13554
20505
15004
13408
13489
10306
14624
20853
16132
16066
18390
17863
15932
6175
8346
13239
16530
21676
17254
13276
19020
12538
20757
18545
16023
18445
16316
14163
16994
10221
7677
11119
31111
17119
10112
12177
19605
21348
16614
10511
9576
12035
16196
16034
13764
21804
17966
14828
14353
7481
18314
0
13419
11370
13969
18470
8187
14170
13716
16402
12544
14789
