-1
-1
-1
1786
-1
-1
-1
-1
-1
-1
-1
-1
-1
-1
2494
-1
-1
-1
-1
-1
-1
-1
-1
-1
-1
2016
-1
-1
-1
-1
-1
-1
-1
-1
-1
-1
-1
849
-1
0
-1
-1
-1
-1
-1
1505
0
-1
-1
-1
0
-1
-1
-1
-1
738
748
-1
1122
-1
991
-1
-1
-1
-1
-1
-1
-1
-1
-1
-1
-1
3234
-1
-1
-1
-1
-1
-1
2016
-1
-1
-1
-1
-1
-1
-1
0
-1
-1
-1
-1
-1
-1
-1
-1
-1
-1
-1
-1
-1
-1
-1
-1
1427
0
-1
-1
-1
527
-1
-1
-1
4368
-1
-1
-1
284
-1
269
659
-1
-1
-1
-1
-1
-1
-1
-1
1711
-1
1183
-1
-1
-1
-1
-1
2295
1746
-1
-1
-1
-1
-1
-1
-1
-1
-1
-1
-1
-1
2310
-1
2367
1792
-1
-1
2422
-1
-1
-1
612
-1
3078
-1
-1
0
-1
3630
818
-1
-1
-1
-1
-1
-1
-1
-1
-1
-1
-1
-1
-1
-1
-1
2295
-1
-1
-1
-1
-1
-1
-1
-1
-1
4069
-1
-1
-1
-1
541
-1
-1
-1
1573
-1
-1
-1
1134
-1
-1
-1
-1
-1
-1
-1
-1
-1
2040
-1
-1
-1
-1
-1
-1
-1
-1
-1
4226
-1
-1
-1
1945
-1
-1
-1
-1
-1
-1
1786
-1
-1
-1
-1
-1
-1
-1
835
-1
0
-1
-1
-1
-1
-1
-1
-1
-1
-1
-1
-1
-1
-1
-1
-1
4807
-1
2016
-1
-1
-1
-1
-1
-1
-1
-1
-1
-1
-1
-1
-1
-1
-1
-1
-1
-1
-1
-1
-1
-1
-1
-1
-1
-1
2310
1134
-1
-1
-1
-1
-1
-1
-1
-1
1122
-1
738
-1
-1
-1
-1
-1
-1
-1
-1
-1
-1
581
-1
-1
-1
0
-1
-1
-1
-1
-1
-1
-1
-1
1103
-1
-1
-1
-1
-1
-1
2766
3092
-1
-1
-1
-1
-1
-1
-1
-1
3358
-1
-1
-1
1746
-1
-1
-1
1945
-1
-1
4069
-1
-1
-1
-1
-1
-1
-1
-1
-1
-1
-1
-1
-1
-1
-1
-1
-1
2310
-1
-1
-1
-1
-1
-1
738
-1
-1
-1
-1
-1
-1
1729
-1
-1
2280
2564
-1
-1
-1
-1
-1
-1
-1
-1
-1
1884
-1
-1
1826
-1
-1
-1
-1
-1
-1
-1
-1
1632
2613
-1
-1
-1
-1
1826
-1
-1
-1
-1
-1
-1
-1
-1
-1
-1
1303
-1
-1
2751
-1
-1
711
-1
-1
-1
-1
-1
0
-1
-1
-1
-1
-1
-1
-1
-1
-1
-1
-1
-1
1384
-1
-1
-1
1186
-1
-1
642
-1
-1
-1
-1
-1
-1
0
-1
-1
-1
-1
-1
-1
-1
-1
-1
-1
581
-1
-1
2086
4368
-1
-1
1204
-1
762
-1
-1
-1
0
1204
-1
-1
-1
-1
-1
-1
-1
-1
-1
-1
-1
-1
-1
-1
-1
-1
-1
-1
-1
-1
-1
-1
-1
-1
-1
-1
-1
4226
0
-1
-1
-1
-1
-1
-1
-1
1618
-1
811
-1
1134
-1
-1
-1
-1
-1
-1
-1
-1
0
-1
-1
-1
-1
-1
-1
-1
-1
0
4096
-1
-1
-1
-1
0
-1
-1
2497
-1
-1
-1
-1
-1
1020
-1
-1
-1
-1
-1
-1
-1
-1
-1
-1
-1
-1
-1
-1
1792
-1
-1
-1
-1
1427
-1
-1
-1
3630
-1
-1
-1
-1
-1
-1
-1
-1
-1
-1
4368
-1
-1
-1
-1
-1
-1
-1
-1
2367
-1
-1
-1
-1
-1
-1
-1
-1
-1
862
-1
1632
-1
-1
-1
-1
-1
-1
-1
-1
-1
3358
-1
-1
-1
-1
-1
-1
-1
0
-1
-1
-1
-1
-1
-1
-1
-1
-1
-1
-1
-1
-1
-1
-1
-1
-1
-1
-1
-1
2310
-1
-1
-1
-1
0
-1
-1
-1
-1
-1
-1
-1
-1
-1
1204
-1
-1
-1
-1
0
1802
-1
-1
-1
-1
-1
656
711
0
-1
-1
-1
-1
-1
-1
-1
-1
1204
-1
-1
-1
1049
-1
-1
-1
-1
-1
-1
-1
-1
-1
-1
-1
-1
-1
-1
1387
-1
-1
-1
-1
-1
-1
-1
-1
-1
-1
-1
-1
-1
-1
-1
-1
-1
-1
0
-1
-1
-1
-1
-1
-1
-1
-1
-1
4665
375
-1
-1
-1
4096
-1
818
-1
-1
-1
-1
-1
-1
-1
-1
-1
-1
-1
1474
490
-1
-1
-1
-1
-1
-1
-1
0
-1
-1
868
1860
-1
-1
1587
-1
-1
-1
-1
0
-1
-1
-1
-1
-1
-1
-1
-1
-1
0
-1
-1
-1
3440
-1
-1
-1
-1
-1
-1
-1
-1
849
-1
-1
-1
375
-1
0
-1
-1
-1
-1
-1
-1
-1
-1
1166
-1
-1
-1
-1
-1
-1
-1
-1
-1
-1
-1
-1
-1
-1
-1
-1
3954
-1
-1
-1
-1
-1
870
-1
0
-1
-1
-1
-1
1204
-1
-1
-1
-1
1884
2494
3092
-1
-1
-1
-1
-1
-1
-1
-1
-1
-1
-1
-1
-1
-1
-1
1334
-1
-1
-1
-1
-1
-1
-1
-1
-1
-1
-1
1020
-1
-1
-1
-1
-1
-1
-1
3205
-1
-1
-1
-1
-1
-1
-1
2494
-1
-1
-1
-1
-1
-1
-1
-1
2312
1729
1049
-1
-1
-1
-1
-1
-1
-1
1746
-1
962
-1
-1
-1
-1
-1
-1
-1
-1
-1
-1
962
-1
-1
-1
-1
-1
-1
-1
-1
-1
-1
-1
-1
-1
-1
-1
-1
-1
-1
-1
-1
-1
-1
762
-1
-1
-1
-1
4368
-1
-1
-1
1278
1945
-1
-1
-1
-1
-1
1049
-1
-1
-1
2766
-1
1180
-1
-1
-1
-1
-1
-1
-1
-1
-1
1826
-1
-1
-1
-1
-1
-1
-1
-1
-1
2422
4226
-1
0
-1
-1
-1
1278
-1
-1
-1
-1
-1
4368
2613
-1
-1
-1
-1
-1
-1
-1
-1
-1
-1
-1
-1
-1
0
-1
-1
-1
-1
-1
-1
-1
2702
2494
-1
-1
-1
-1
4368
-1
-1
-1
-1
-1
-1
-1
-1
0
-1
-1
-1
-1
-1
-1
-1
-1
-1
-1
-1
-1
-1
-1
-1
-1
-1
-1
-1
-1
-1
-1
-1
0
-1
-1
-1
2497
-1
-1
-1
-1
-1
-1
-1
1122
-1
870
-1
-1
-1
-1
-1
-1
-1
-1
1333
-1
-1
-1
928
-1
-1
-1
-1
2496
-1
-1
-1
-1
-1
-1
-1
-1
-1
-1
-1
-1
-1
-1
-1
-1
-1
-1
-1
596
-1
-1
-1
-1
-1
3630
612
-1
-1
-1
-1
-1
4096
-1
-1
-1
-1
-1
-1
-1
-1
-1
-1
711
-1
2295
-1
2654
-1
-1
-1
-1
-1
-1
-1
-1
-1
-1
-1
-1
-1
1838
-1
-1
-1
-1
-1
-1
-1
4368
-1
-1
0
-1
-1
-1
-1
-1
-1
-1
1056
2422
-1
-1
-1
1056
-1
-1
-1
-1
-1
-1
-1
-1
-1
-1
-1
-1
-1
-1
-1
-1
-1
-1
-1
-1
-1
-1
-1
-1
-1
-1
-1
-1
-1
-1
-1
-1
-1
-1
-1
-1
-1
-1
1802
-1
-1
-1
2058
-1
1587
0
-1
-1
-1
-1
-1
-1
-1
-1
-1
-1
-1
-1
-1
-1
-1
-1
-1
0
642
-1
-1
-1
-1
-1
-1
-1
-1
-1
-1
-1
1183
-1
-1
-1
-1
-1
-1
2622
-1
-1
-1
-1
1176
-1
-1
-1
-1
-1
-1
0
-1
-1
-1
-1
-1
-1
-1
-1
-1
-1
-1
-1
-1
-1
-1
612
-1
-1
-1
-1
-1
-1
-1
-1
-1
-1
-1
-1
-1
-1
-1
2639
-1
-1
-1
1802
4096
-1
-1
596
-1
-1
2312
-1
-1
-1
835
-1
-1
-1
1134
-1
-1
1166
-1
-1
-1
-1
-1
-1
-1
-1
-1
-1
-1
287
-1
-1
-1
-1
-1
-1
-1
-1
-1
-1
-1
-1
-1
-1
-1
708
-1
-1
-1
-1
-1
-1
1278
-1
-1
3205
-1
269
-1
-1
-1
1134
-1
-1
-1
-1
-1
375
-1
-1
-1
-1
-1
-1
-1
-1
-1
-1
-1
-1
1103
-1
-1
1278
-1
-1
674
-1
2702
-1
-1
-1
-1
-1
-1
-1
-1
-1
-1
3078
-1
-1
-1
-1
-1
-1
-1
-1
-1
-1
-1
-1
-1
-1
-1
-1
-1
-1
-1
-1
-1
-1
-1
-1
-1
-1
-1
-1
-1
-1
-1
-1
334
-1
2766
-1
-1
-1
-1
-1
-1
-1
-1
-1
-1
-1
-1
-1
-1
-1
-1
-1
-1
-1
-1
-1
-1
3205
-1
-1
-1
748
-1
-1
-1
-1
-1
-1
-1
-1
-1
-1
-1
-1
-1
-1
-1
-1
-1
-1
-1
-1
-1
-1
-1
-1
-1
-1
-1
-1
-1
-1
-1
-1
-1
-1
-1
862
-1
-1
-1
-1
0
-1
-1
375
-1
-1
738
-1
-1
-1
-1
-1
0
-1
-1
-1
-1
1134
-1
308
-1
-1
-1
-1
-1
-1
-1
-1
-1
-1
-1
-1
-1
-1
-1
-1
-1
-1
-1
-1
4807
-1
-1
-1
-1
-1
-1
-1
2480
-1
-1
-1
1656
-1
-1
-1
-1
-1
1505
-1
1204
-1
-1
-1
2086
-1
-1
-1
0
-1
-1
1618
0
-1
-1
-1
-1
-1
-1
-1
596
-1
-1
-1
-1
-1
-1
-1
-1
-1
-1
-1
-1
-1
-1
2639
-1
-1
-1
-1
-1
-1
-1
-1
-1
-1
