69
268
617
157
237
517
553
662
296
269
146
464
294
485
188
409
320
147
291
118
212
344
155
376
308
410
260
287
415
352
180
220
648
141
457
496
414
523
434
147
234
669
642
138
283
143
380
327
475
380
568
561
296
193
269
314
260
369
56
391
186
130
279
341
464
438
503
323
260
299
280
0
47
254
483
268
406
399
294
143
417
548
548
171
310
597
409
558
232
506
153
340
266
168
344
264
125
491
444
389
471
668
397
190
476
668
260
585
331
467
214
139
299
236
221
164
393
391
419
524
209
195
245
288
270
358
485
565
234
293
308
326
264
244
435
512
299
287
274
144
87
303
289
309
455
418
144
234
447
285
231
536
288
311
367
548
575
294
168
338
274
240
341
597
568
345
423
532
344
72
300
59
370
500
208
741
493
243
441
104
416
277
392
214
575
287
575
422
310
480
274
416
25
328
335
308
341
640
122
289
214
626
328
301
122
353
220
72
351
270
137
283
648
488
139
205
690
689
184
630
582
58
374
267
344
232
141
716
74
548
351
331
421
503
291
406
553
521
561
322
276
344
99
280
389
280
602
527
122
450
376
118
242
89
664
207
162
410
179
352
637
516
248
191
137
351
287
585
513
486
324
567
61
270
491
186
310
425
315
239
464
395
480
309
604
414
430
377
206
523
401
614
409
493
560
574
345
122
568
464
319
345
570
551
62
630
122
469
185
175
461
144
302
467
422
169
276
378
422
309
434
219
351
328
741
165
279
518
530
561
471
418
535
179
294
318
253
431
40
560
475
0
260
348
566
471
186
312
269
438
73
259
244
500
264
561
401
330
584
239
436
189
610
501
335
125
195
201
137
338
321
580
407
267
311
352
329
80
75
485
261
81
220
173
285
261
399
595
465
511
528
434
459
222
180
540
601
188
301
205
516
350
137
339
203
292
177
568
456
309
488
360
170
170
378
213
495
410
530
367
394
293
587
457
597
227
476
214
16
199
364
323
310
328
175
376
276
342
389
416
593
135
320
177
513
262
168
149
720
455
294
387
266
216
420
378
635
427
799
648
624
160
569
286
293
42
145
523
464
186
205
202
585
478
272
397
326
409
351
647
25
111
252
430
416
476
521
384
630
799
243
320
294
318
214
382
345
126
470
321
294
430
243
174
375
453
318
448
544
308
388
437
301
399
388
353
0
177
180
291
376
342
238
493
572
477
395
183
18
317
260
373
510
553
140
72
491
3
305
671
17
288
324
419
305
535
380
431
319
398
395
305
245
441
143
414
438
143
371
422
546
302
268
266
108
418
207
465
204
280
170
210
518
422
303
356
581
544
324
524
296
423
419
215
537
397
467
425
742
338
157
116
656
568
317
483
211
186
532
186
260
548
301
544
566
218
319
335
133
324
400
244
545
342
53
299
336
391
350
283
121
252
418
464
380
560
562
448
212
406
354
642
393
327
506
140
637
213
287
357
214
206
485
395
395
205
165
404
617
371
662
394
186
569
69
360
200
597
155
442
306
404
274
567
456
337
450
387
171
495
262
331
285
482
325
272
164
523
416
561
560
162
457
430
358
224
228
164
464
326
365
