25
349
268
269
588
257
404
413
270
593
183
556
143
317
265
161
589
68
299
316
542
288
362
531
534
561
277
79
189
97
104
329
439
552
26
297
54
275
514
13
297
73
102
249
354
224
478
354
457
332
495
223
65
139
547
473
149
581
155
82
159
153
396
261
68
318
448
212
30
541
204
411
259
468
447
127
588
207
587
368
126
382
65
414
458
414
122
485
220
180
488
34
311
93
17
446
494
202
42
6
596
413
202
312
186
323
343
311
233
371
156
558
406
527
336
400
447
442
168
398
359
422
161
413
78
204
548
314
36
518
2
548
119
547
305
565
88
564
326
248
381
362
402
231
199
245
56
23
178
596
590
14
421
444
455
530
471
277
232
238
6
32
403
550
211
232
420
146
83
181
445
79
289
299
560
194
184
369
397
541
294
398
218
298
82
208
134
286
234
119
149
133
6
158
389
300
132
325
457
370
428
85
116
589
6
39
118
20
35
548
364
467
89
353
155
354
47
383
190
189
248
13
100
326
324
407
78
375
312
102
84
415
511
20
512
159
376
278
236
83
265
224
503
209
520
37
507
508
192
219
567
399
127
550
214
102
327
91
15
2
285
267
10
221
260
323
482
217
354
165
177
51
540
274
177
274
586
499
247
183
559
465
438
373
258
555
578
143
480
542
30
536
39
106
392
154
273
197
486
100
406
523
282
538
444
194
174
198
218
472
406
119
413
132
92
515
34
467
198
60
249
42
268
115
8
239
476
473
118
101
476
150
271
468
587
56
92
440
352
82
44
402
585
81
146
253
306
591
433
165
548
521
454
397
231
356
90
15
176
133
446
583
298
42
32
185
334
303
336
39
385
335
237
232
455
116
122
168
414
557
45
51
44
466
572
392
488
249
589
409
131
243
201
9
182
242
453
353
436
126
28
587
495
193
497
231
385
447
248
423
304
344
374
47
152
116
130
449
293
343
250
366
266
64
188
445
315
371
517
438
542
572
261
136
319
414
32
523
538
81
565
153
548
346
119
271
399
506
100
543
482
516
594
272
379
555
524
27
252
341
309
178
190
353
167
332
9
270
450
574
17
590
244
423
330
266
471
91
171
