453
368
755
jizz
373
480
124
624
422
290
75
285
jizz
461
16
582
606
271
102
390
449
jizz
jizz
656
417
843
383
431
639
61
596
115
jizz
jizz
jizz
509
565
jizz
520
527
97
821
jizz
122
436
421
27
57
393
90
507
450
331
463
720
487
646
116
547
465
68
jizz
243
383
jizz
jizz
260
310
jizz
628
78
647
775
478
109
jizz
4
832
86
265
412
jizz
608
431
503
642
235
jizz
jizz
713
jizz
jizz
jizz
284
325
524
411
jizz
701
jizz
jizz
292
jizz
170
41
755
jizz
jizz
263
293
17
664
676
96
537
40
5
jizz
jizz
342
204
530
jizz
jizz
535
592
542
662
587
461
417
584
jizz
250
jizz
753
jizz
169
jizz
515
65
332
36
404
jizz
844
646
548
135
457
393
50
573
359
790
87
177
387
jizz
684
208
151
746
241
342
692
795
157
jizz
215
jizz
369
87
433
jizz
309
303
503
377
482
475
jizz
696
jizz
547
51
138
463
jizz
753
jizz
744
569
400
333
562
208
709
818
790
375
jizz
94
138
648
jizz
jizz
jizz
701
722
381
277
844
421
349
6
142
701
146
409
667
jizz
718
747
271
523
jizz
355
692
jizz
675
jizz
320
jizz
554
jizz
jizz
337
jizz
582
jizz
538
111
jizz
789
192
720
446
290
jizz
365
jizz
799
795
846
179
419
449
jizz
324
783
jizz
jizz
527
159
174
585
509
409
761
25
790
515
401
400
663
265
jizz
785
23
754
32
92
439
48
289
146
jizz
jizz
jizz
247
522
425
634
jizz
373
387
359
621
387
jizz
57
jizz
621
683
36
137
2
jizz
536
496
230
757
jizz
jizz
58
796
310
234
95
jizz
375
12
184
48
419
496
741
713
783
762
jizz
507
jizz
25
643
155
60
552
jizz
jizz
482
100
417
jizz
jizz
302
jizz
659
575
738
778
617
646
779
86
794
jizz
551
325
534
458
jizz
jizz
jizz
102
659
65
650
558
79
181
579
102
jizz
428
jizz
718
373
5
405
59
618
705
269
13
515
535
453
jizz
745
376
540
388
716
255
15
1
jizz
116
573
662
832
jizz
jizz
387
347
835
36
255
291
47
jizz
565
jizz
459
703
794
468
jizz
764
584
226
jizz
349
468
197
351
500
489
jizz
381
409
jizz
370
403
260
408
604
jizz
391
562
725
832
452
96
jizz
522
230
227
jizz
591
jizz
jizz
274
jizz
526
jizz
656
jizz
409
jizz
316
jizz
118
755
402
485
jizz
145
492
513
785
571
509
jizz
163
jizz
jizz
787
537
562
639
162
20
747
jizz
201
jizz
jizz
795
573
526
433
587
400
jizz
643
25
513
jizz
jizz
526
773
jizz
426
jizz
jizz
jizz
670
740
184
19
114
353
486
353
780
348
jizz
475
416
400
808
740
815
323
192
597
586
jizz
292
51
830
jizz
697
450
789
411
jizz
430
442
jizz
29
213
316
702
661
687
jizz
306
jizz
514
jizz
jizz
192
576
769
jizz
jizz
765
435
467
82
696
jizz
474
290
797
137
661
380
790
537
jizz
jizz
jizz
846
428
788
548
jizz
821
118
313
jizz
jizz
125
61
543
334
513
332
290
92
jizz
139
jizz
403
402
367
jizz
846
808
jizz
jizz
289
667
648
278
767
380
39
jizz
629
524
367
123
174
774
jizz
307
jizz
jizz
jizz
753
643
465
313
722
211
jizz
645
353
458
135
170
34
709
92
610
272
654
524
426
458
71
304
12
jizz
52
353
589
653
367
751
89
844
61
jizz
jizz
555
jizz
446
300
79
53
303
138
16
307
jizz
jizz
jizz
526
jizz
470
372
226
842
jizz
831
jizz
400
453
577
828
jizz
206
397
447
75
817
174
409
480
16
jizz
244
846
157
755
jizz
829
50
689
793
690
428
jizz
569
801
1
613
214
jizz
765
144
jizz
194
jizz
368
jizz
129
829
96
610
683
jizz
631
jizz
446
437
193
jizz
101
jizz
334
34
643
102
5
307
jizz
706
534
107
jizz
74
692
463
311
270
390
jizz
823
jizz
jizz
411
jizz
2
216
412
jizz
101
240
823
680
564
423
