jizz
564562
jizz
jizz
147521
881491
890462
945994
777164
jizz
jizz
jizz
420671
725696
jizz
460199
755054
jizz
842189
jizz
184304
jizz
432121
jizz
jizz
408224
471686
315145
303245
931253
261418
jizz
284068
585169
241264
757097
115237
281030
741710
451925
827974
jizz
681004
jizz
526409
205933
jizz
jizz
596450
823718
jizz
jizz
jizz
jizz
401374
426827
710900
jizz
12611
118079
69383
252856
565418
jizz
666286
616295
jizz
jizz
jizz
160505
jizz
jizz
jizz
279683
jizz
jizz
199283
717509
47839
663704
424537
468265
512210
jizz
jizz
jizz
jizz
870452
612490
jizz
319561
109142
188269
jizz
510713
140048
392005
750197
jizz
jizz
138776
918034
591577
103771
jizz
790226
565807
499390
50986
848314
301244
jizz
158155
609040
jizz
jizz
658019
jizz
227587
534512
258638
410212
801364
417758
935059
921203
jizz
542821
jizz
jizz
jizz
67058
716824
929332
869420
650917
jizz
jizz
jizz
jizz
jizz
687025
486124
955786
445097
jizz
972157
jizz
2429
jizz
517031
440441
498839
322900
jizz
jizz
58180
429311
jizz
399874
128200
621368
jizz
519715
jizz
jizz
475507
863887
jizz
jizz
jizz
jizz
jizz
47810
243293
88444
jizz
jizz
183382
117097
888623
jizz
jizz
96577
jizz
662767
322130
511456
jizz
jizz
65084
974068
756322
260551
483673
jizz
688727
403810
210073
853300
jizz
jizz
jizz
jizz
jizz
730604
720817
jizz
262768
jizz
926294
604192
751649
jizz
jizz
jizz
943856
302881
jizz
275510
jizz
935464
490364
jizz
547679
485570
jizz
858260
863747
34324
698198
jizz
635914
jizz
158140
275470
jizz
720974
99736
656938
jizz
239413
219544
385948
132781
192304
jizz
584926
339182
jizz
244945
jizz
jizz
383686
jizz
683114
jizz
jizz
518501
jizz
491977
jizz
519433
486020
jizz
71204
jizz
437530
916751
502298
673201
jizz
jizz
68225
468295
jizz
jizz
jizz
285001
611306
jizz
616427
jizz
400259
275162
33326
567475
524773
755974
412075
487885
jizz
jizz
985382
811205
jizz
88090
753712
jizz
535901
jizz
651032
jizz
jizz
133550
963448
410980
646925
jizz
jizz
jizz
739519
561230
342668
698920
jizz
425111
jizz
473605
864370
jizz
jizz
353336
261956
685810
jizz
845761
933959
jizz
219406
jizz
640558
111863
396472
89248
jizz
201361
jizz
795479
814486
44197
321805
364811
961441
jizz
989812
jizz
77363
355528
886922
218305
115492
375095
501128
641956
54436
jizz
42679
jizz
260386
jizz
304960
803969
jizz
175453
250100
560434
jizz
887366
jizz
875710
516608
971459
jizz
jizz
jizz
jizz
jizz
120049
jizz
469501
jizz
jizz
208237
185476
102134
873836
235364
566315
843316
jizz
158315
521902
465661
jizz
581657
jizz
139012
836471
jizz
jizz
4322
jizz
571288
jizz
333620
413261
735932
291058
jizz
408182
715550
jizz
830012
jizz
365726
824062
572782
140002
307271
932030
387404
24919
696901
507656
460523
977291
447140
jizz
552509
jizz
397219
jizz
50155
449687
207506
jizz
jizz
jizz
50807
jizz
jizz
832741
328120
840344
jizz
239213
jizz
jizz
782623
699118
323372
jizz
201236
166684
364303
701042
825389
984860
jizz
jizz
jizz
jizz
725188
345530
jizz
jizz
645190
240791
112592
163076
jizz
jizz
470552
jizz
jizz
437342
716786
939293
jizz
jizz
99292
316483
jizz
763327
jizz
803984
262895
469142
764506
911413
831841
970723
714494
14965
678505
844958
600805
jizz
jizz
jizz
103811
jizz
jizz
247273
698992
523457
647821
499139
jizz
527617
jizz
497191
146326
62242
jizz
451892
678586
jizz
517220
946580
jizz
104284
982690
257180
209135
jizz
jizz
775429
982828
347954
460114
359611
jizz
jizz
645878
198355
jizz
850058
jizz
254090
440794
838066
jizz
jizz
172762
jizz
144182
jizz
jizz
jizz
465452
jizz
jizz
jizz
937876
350692
579029
568607
496313
291193
jizz
jizz
jizz
450716
176074
jizz
902185
128894
547399
706183
83197
jizz
jizz
893576
900751
273077
jizz
308654
jizz
271331
jizz
334294
539332
jizz
544442
969770
334118
jizz
46339
289636
488281
875281
580057
9047
jizz
574325
jizz
596674
261340
907198
jizz
jizz
jizz
140008
692792
314969
540433
jizz
jizz
597920
jizz
752540
jizz
jizz
jizz
437870
jizz
558139
jizz
394501
680632
494761
393343
411766
624472
771044
590812
950362
972949
230225
794723
jizz
734473
92035
703174
245458
891559
217792
213277
jizz
jizz
516994
580528
479471
jizz
560314
jizz
808463
724004
jizz
912200
41875
784570
jizz
100048
jizz
886948
jizz
830501
476435
jizz
267163
jizz
jizz
788905
869035
jizz
469132
jizz
310892
jizz
273206
jizz
759466
304853
894713
191944
979181
155444
281882
jizz
863957
152020
jizz
jizz
536420
jizz
jizz
jizz
744946
29875
866533
jizz
jizz
jizz
95158
608308
jizz
989342
594983
jizz
jizz
819800
379456
jizz
113080
jizz
316424
35281
802205
431230
jizz
516740
446506
748399
63242
78259
755113
822905
85943
135364
770450
394789
189029
jizz
113393
729026
230840
171368
58685
509036
jizz
51266
jizz
518471
jizz
jizz
jizz
jizz
379513
758899
393715
jizz
549574
jizz
547187
322159
793787
382420
jizz
jizz
129748
jizz
721276
jizz
jizz
720376
jizz
175246
822565
jizz
345589
166457
jizz
jizz
830603
jizz
jizz
879748
jizz
470147
169813
jizz
601111
748720
jizz
675538
916271
56392
jizz
895628
jizz
160916
411991
jizz
jizz
jizz
249979
251986
468910
jizz
980270
jizz
jizz
711359
jizz
243110
jizz
16970
5476
710821
255125
431180
jizz
326747
413887
412507
jizz
177164
895459
jizz
24622
jizz
jizz
234991
jizz
jizz
409487
jizz
jizz
877888
jizz
jizz
840089
jizz
jizz
jizz
630349
507041
138139
979049
jizz
jizz
216562
559058
318662
299347
619127
jizz
25462
jizz
863900
899446
442838
577109
281677
545776
jizz
613858
jizz
572842
jizz
217982
211888
jizz
58982
4850
595910
291556
660922
695110
558518
56690
697268
jizz
757795
jizz
jizz
jizz
724223
28505
jizz
361591
jizz
245804
522115
jizz
98782
150380
jizz
jizz
842185
886886
650861
532214
43552
731879
jizz
464873
jizz
jizz
33401
890702
880226
919193
664759
475096
496060
834659
484184
577768
766436
209302
jizz
523136
883663
jizz
jizz
105592
877928
431236
jizz
jizz
656021
jizz
761311
49985
jizz
586721
jizz
909836
102334
479842
423845
372314
329689
158437
735862
958627
jizz
473396
307036
jizz
283015
jizz
247825
751219
341893
478523
jizz
254335
360079
jizz
843799
jizz
394643
431843
jizz
jizz
jizz
jizz
459626
244568
jizz
483719
jizz
809033
777656
31267
779188
711068
960391
jizz
270743
416353
719015
708352
jizz
861424
jizz
382111
jizz
749642
397147
jizz
809731
893491
254545
jizz
953417
219379
580795
864019
604993
890773
157892
805193
167018
341590
427561
779159
jizz
jizz
305993
382015
624955
jizz
jizz
69427
jizz
554057
536866
528328
316775
533882
jizz
866735
238189
389804
112451
769186
32869
271069
903863
jizz
jizz
jizz
jizz
jizz
809083
107891
34118
jizz
848741
jizz
838964
jizz
jizz
952082
jizz
jizz
jizz
jizz
jizz
jizz
jizz
834905
298544
541028
54137
100441
jizz
jizz
749315
143740
jizz
jizz
584329
470815
821660
600757
jizz
396295
891500
865648
jizz
23119
322061
760489
jizz
jizz
587249
616847
408487
jizz
jizz
438781
540133
332003
jizz
jizz
jizz
643366
191231
660412
jizz
jizz
233981
774107
335162
607886
364799
736673
jizz
919406
212606
943322
708389
436318
733694
496675
282044
jizz
jizz
827189
752743
jizz
jizz
825971
jizz
jizz
924929
jizz
845821
558128
576550
317926
jizz
jizz
563779
982319
134635
jizz
367054
668587
jizz
jizz
165110
jizz
876725
208202
jizz
772438
892957
jizz
416633
jizz
308933
852293
659404
jizz
jizz
64922
231854
913106
866174
603419
87694
jizz
600833
jizz
jizz
jizz
150089
883010
jizz
970789
580292
526198
871759
369893
921983
jizz
jizz
jizz
304024
21149
150499
542791
35018
271010
jizz
jizz
936593
299219
508013
950902
427409
955550
134848
jizz
jizz
102974
jizz
jizz
660511
861478
795428
jizz
863819
207581
704597
jizz
224854
191894
565526
78056
243820
jizz
976241
jizz
jizz
65048
807650
130994
jizz
jizz
495940
17918
502391
jizz
135104
jizz
jizz
jizz
510910
127919
jizz
jizz
476006
72778
869113
757163
85682
751259
jizz
849706
866726
324617
jizz
666136
jizz
jizz
jizz
648847
575960
789905
254125
347641
831208
jizz
356662
648188
11576
764728
jizz
860291
329192
jizz
460324
452552
jizz
536174
839357
478874
974416
658645
330539
58319
jizz
406100
611864
584572
jizz
689885
jizz
236507
38872
680801
jizz
389987
853303
528637
438553
525809
jizz
jizz
jizz
298399
709774
283697
551611
jizz
600574
93682
547642
339977
jizz
347068
397619
505088
176237
jizz
jizz
jizz
520267
625805
449701
117844
680441
799954
jizz
906928
793952
485389
310918
117431
205678
jizz
jizz
jizz
jizz
388325
964658
940916
jizz
198550
622634
jizz
jizz
753250
953572
831803
274736
719623
5221
jizz
jizz
15973
894631
863248
18106
652793
365704
969692
121073
611963
94271
jizz
784720
117680
761666
773131
889742
30928
353323
jizz
250388
jizz
jizz
256792
737221
jizz
jizz
136597
jizz
133364
437708
969319
768892
783731
81799
jizz
jizz
jizz
846617
446065
769631
271193
387923
297205
jizz
876827
jizz
783295
498848
jizz
67484
632098
63709
392716
jizz
496748
898949
106417
577124
jizz
582940
466043
jizz
124601
242161
jizz
jizz
jizz
jizz
jizz
568382
794294
578912
511366
205159
766852
818783
jizz
442658
360886
347939
178616
573601
276883
jizz
jizz
jizz
207725
719579
jizz
625181
636164
761507
jizz
455542
256096
813190
jizz
771571
jizz
908770
927437
jizz
jizz
317897
475301
jizz
657752
897964
254843
458269
566437
jizz
jizz
210824
253166
176989
339116
151958
373289
479065
jizz
949294
234418
266590
473630
894811
791908
956882
612353
jizz
jizz
430301
406828
284434
920905
jizz
601744
jizz
771487
jizz
jizz
jizz
804979
411586
288113
825101
50795
679877
871628
jizz
868996
667447
603353
639316
16130
jizz
jizz
932101
592754
597218
300635
520819
jizz
55544
496819
347593
124652
391397
jizz
40238
500953
791368
605677
887809
613652
jizz
jizz
352489
jizz
405788
jizz
354656
493406
jizz
jizz
442646
750136
129557
916195
254654
737588
jizz
jizz
900454
jizz
63520
974398
264322
49057
740312
221305
451214
323219
878830
379543
805517
434915
421781
jizz
jizz
jizz
244135
jizz
856627
217586
jizz
602836
jizz
jizz
554618
jizz
jizz
987112
jizz
735557
jizz
733484
jizz
jizz
jizz
445942
955709
6002
458065
jizz
jizz
jizz
jizz
jizz
532912
jizz
jizz
537379
jizz
922517
jizz
jizz
83254
jizz
198625
356108
jizz
14873
208397
jizz
462175
515540
938585
116606
816679
520265
410719
413254
jizz
jizz
809240
955063
jizz
622985
jizz
340507
219139
720599
136388
jizz
278945
jizz
jizz
jizz
712039
jizz
jizz
jizz
693364
jizz
jizz
485195
304606
348193
284545
327421
759170
301481
684605
jizz
jizz
jizz
869627
jizz
jizz
jizz
jizz
494017
929108
467342
jizz
jizz
680866
162959
490346
651467
jizz
jizz
331964
893893
528862
jizz
766886
jizz
jizz
jizz
433991
151862
jizz
492587
764327
242218
705665
826088
jizz
365219
23692
jizz
593867
827351
jizz
jizz
jizz
385928
43733
119537
jizz
606358
jizz
2546
jizz
602306
jizz
jizz
466238
jizz
849430
145963
jizz
334640
jizz
444295
944878
355502
430102
503992
73676
833156
727220
182318
810977
102134
965683
855074
jizz
jizz
602371
87559
236720
jizz
jizz
534500
792827
jizz
jizz
523957
jizz
630590
455362
909683
58762
jizz
jizz
815368
796163
jizz
823720
752180
jizz
jizz
877282
jizz
jizz
853694
jizz
jizz
57229
265559
164513
836113
479221
890348
jizz
439168
557708
944503
832117
493208
846809
679850
jizz
jizz
917849
jizz
777697
896299
jizz
178985
32765
690371
jizz
748054
205093
jizz
jizz
697052
276733
887669
jizz
28870
jizz
920330
jizz
810502
113909
895580
733529
723493
jizz
632248
jizz
588355
jizz
jizz
833647
716666
754985
44378
894943
jizz
70036
519164
133766
369695
202283
462061
21761
646495
jizz
111670
jizz
jizz
jizz
835492
jizz
jizz
562348
jizz
jizz
691216
881060
jizz
185270
jizz
jizz
jizz
754858
594971
235325
646679
jizz
558784
523298
54215
181202
jizz
18427
jizz
jizz
jizz
jizz
826868
572635
605932
jizz
jizz
jizz
276349
906956
672731
792061
319798
788434
637256
jizz
660110
980491
jizz
784525
333185
jizz
225365
874219
jizz
126074
jizz
487337
510749
jizz
789731
jizz
369583
860041
jizz
149801
175439
jizz
125917
787927
310030
869782
96431
623641
456829
863914
852125
612133
801268
971435
498958
jizz
847774
748505
935336
469309
jizz
jizz
974164
150788
49784
jizz
161794
521296
450100
jizz
721459
154505
jizz
177770
763243
jizz
jizz
108481
jizz
949642
958067
jizz
291065
602093
895858
713153
190033
53126
144334
461473
jizz
300022
187144
122615
893386
jizz
545531
798208
830179
jizz
jizz
jizz
167836
jizz
317443
jizz
jizz
330967
jizz
jizz
689948
360671
404996
24226
285686
234944
506327
68554
jizz
jizz
857275
903587
jizz
jizz
jizz
344359
jizz
jizz
822700
jizz
962918
468181
392599
jizz
493628
384307
jizz
jizz
51722
368695
151019
607966
286076
jizz
jizz
631837
536951
921463
936469
jizz
jizz
546853
jizz
263906
646583
488737
jizz
826693
151376
jizz
636512
jizz
jizz
573002
534166
469844
849481
982708
179267
jizz
41485
862573
jizz
jizz
601625
727048
jizz
jizz
834332
261145
jizz
524546
659413
969517
821488
jizz
jizz
233674
308846
38938
jizz
845891
197777
jizz
910394
579355
343150
939350
jizz
856720
124711
jizz
jizz
7838
62407
818872
613666
217609
jizz
jizz
171005
488657
303458
598354
615332
jizz
289529
jizz
820931
861367
114442
jizz
jizz
406900
642161
jizz
413404
216191
jizz
jizz
375410
jizz
jizz
443903
789173
772501
628784
539300
810227
jizz
jizz
579995
328720
jizz
715868
63379
jizz
243920
632021
146054
jizz
jizz
307688
jizz
jizz
jizz
228709
422566
jizz
507451
793507
559370
jizz
jizz
607801
jizz
jizz
724745
744176
264133
594736
685538
516385
982850
855659
658117
jizz
jizz
jizz
812795
324640
jizz
820030
591890
jizz
115831
461878
936817
232897
jizz
60518
168364
421735
244142
431774
jizz
546832
273908
jizz
547103
881548
474973
889537
jizz
63034
955465
436666
739079
637852
172892
jizz
808424
jizz
449996
69319
728359
958967
990565
192044
889076
497669
973174
254032
jizz
789416
155207
jizz
326471
550576
jizz
781139
431704
252964
984352
245875
776561
jizz
jizz
jizz
405041
jizz
541594
jizz
512932
jizz
836228
592414
386888
850726
398065
jizz
jizz
133531
597218
888448
jizz
289799
jizz
400220
jizz
2572
jizz
jizz
372205
353885
153664
238427
474701
9545
470884
557435
547640
194068
jizz
jizz
jizz
227860
32981
jizz
924320
831010
jizz
605966
jizz
330335
941495
281195
989254
jizz
jizz
jizz
jizz
689819
122629
511138
jizz
37360
jizz
jizz
745925
113264
965950
45793
902302
jizz
939680
219208
285323
138029
jizz
749081
292349
jizz
126262
jizz
jizz
464324
274102
542887
jizz
50372
jizz
757480
574121
115099
238168
279839
jizz
986974
jizz
jizz
113077
491753
643543
76403
jizz
418568
252640
58505
474245
849044
jizz
444557
421799
429935
610552
95393
jizz
372386
724277
564230
jizz
jizz
436841
jizz
389303
264359
642875
410285
jizz
jizz
jizz
635039
655573
jizz
736286
216314
800867
784876
914134
728224
206659
