17593
21358
jizz
32971
31616
19771
jizz
49402
48415
15536
1489
46498
48374
1099
jizz
jizz
24827
26801
48541
jizz
20692
18004
jizz
3983
jizz
25522
4762
9436
25244
jizz
15517
521
jizz
15104
jizz
45646
21221
39106
jizz
31639
12763
jizz
27035
45881
3235
14902
16307
47120
29965
22096
jizz
29338
jizz
jizz
jizz
4099
8597
jizz
40210
35933
14192
28009
jizz
jizz
jizz
5822
1951
jizz
jizz
jizz
33527
24730
11891
25997
jizz
42820
30043
37492
26623
jizz
jizz
13340
jizz
45464
37709
35984
48371
24002
jizz
4073
48031
jizz
13153
46220
26258
40022
jizz
jizz
12188
40666
13882
13135
jizz
jizz
26254
10334
32551
23128
4735
1990
17540
2365
29233
22657
jizz
21421
2587
jizz
49354
34585
9122
10282
5980
15497
23432
46946
jizz
jizz
45913
41578
47453
23329
jizz
21647
31723
jizz
jizz
4414
43979
jizz
11696
42511
jizz
28292
35168
5897
27953
jizz
12167
3920
5537
jizz
45112
40738
32305
31232
45922
43181
jizz
jizz
3719
8113
29438
4801
49247
14350
jizz
19592
jizz
39340
47563
jizz
19904
37321
jizz
16178
jizz
18443
jizz
34682
24932
15661
20363
jizz
jizz
29038
37327
26668
jizz
38662
23470
33883
25469
20290
13787
10393
649
jizz
jizz
47758
32929
46954
jizz
16139
35179
34604
37007
jizz
jizz
jizz
12440
jizz
16486
jizz
44992
jizz
jizz
48971
15614
24182
24413
jizz
13225
jizz
37856
jizz
29686
44320
20939
jizz
40094
jizz
13322
16354
47272
jizz
28970
20447
24884
1312
jizz
jizz
48325
35093
jizz
jizz
26332
11099
47767
33581
7741
35425
3755
jizz
40807
jizz
44876
11575
jizz
39166
25549
10775
jizz
18916
jizz
41605
37156
jizz
29839
18211
37253
11536
9326
jizz
39154
29603
36178
10564
jizz
jizz
15827
jizz
22802
8749
jizz
jizz
jizz
14843
jizz
15409
jizz
jizz
46949
4253
26600
47333
jizz
36602
30506
46255
14707
40027
12518
14845
jizz
9308
40184
17944
24430
jizz
32378
15905
11798
15467
17468
jizz
22739
31219
jizz
21248
jizz
5495
6706
31210
12385
12302
37604
29296
jizz
11495
40885
39761
jizz
47299
40379
9920
48914
41432
jizz
6839
34885
jizz
18937
jizz
jizz
4372
38980
38300
11230
11587
15908
44086
jizz
44899
45007
36824
1142
jizz
28393
25687
30470
jizz
jizz
jizz
jizz
47981
jizz
13447
jizz
jizz
jizz
26842
jizz
22993
44926
10519
20240
jizz
39469
26465
49429
34430
16349
29179
44257
27520
5104
13198
46174
jizz
512
jizz
37648
jizz
jizz
48800
30329
32423
jizz
40001
49130
43624
18026
41338
30716
jizz
10481
jizz
6035
21448
41848
31066
14584
30511
7924
7151
jizz
jizz
4685
20897
32078
jizz
jizz
31777
45125
jizz
jizz
jizz
29362
jizz
5369
jizz
595
jizz
6124
29347
jizz
jizz
18215
jizz
44083
38761
jizz
jizz
48502
34924
1144
33860
18548
16289
jizz
41951
2488
39341
30761
6676
6620
43462
jizz
jizz
jizz
jizz
7646
jizz
jizz
jizz
17012
jizz
29642
jizz
43934
jizz
30362
9083
jizz
11302
43525
jizz
35260
26414
9209
34285
27385
jizz
jizz
19219
18914
15251
jizz
21187
42817
8567
19510
42503
jizz
35357
27365
jizz
jizz
jizz
3613
27320
25982
jizz
13306
36388
10921
2048
jizz
jizz
1037
jizz
6764
48332
37640
36122
jizz
jizz
42725
jizz
19057
jizz
44281
40424
23030
15578
jizz
jizz
jizz
jizz
49238
jizz
14039
5926
42461
jizz
jizz
27791
49402
jizz
29107
14683
16891
jizz
jizz
23098
44530
830
48725
16007
664
8852
28480
9310
jizz
jizz
25802
jizz
jizz
42157
1376
5809
3271
jizz
17233
jizz
jizz
jizz
4936
21745
35068
jizz
1613
16604
10429
5878
43118
26668
jizz
jizz
16273
17176
36340
9754
jizz
47075
jizz
9314
32354
43964
jizz
jizz
25802
35921
45088
17747
jizz
24283
41887
5734
jizz
22408
2269
jizz
2128
6539
28825
32585
10045
40766
4406
jizz
39070
jizz
37768
15956
jizz
12160
jizz
28573
jizz
7325
18584
11048
jizz
98
15149
319
24392
jizz
43601
jizz
jizz
11471
jizz
48298
2197
26564
25124
32258
16067
32197
44630
jizz
4783
7949
15404
jizz
jizz
6302
45148
29381
26249
jizz
11669
jizz
jizz
34552
39406
jizz
6047
40802
45271
18599
28204
15506
jizz
jizz
42935
jizz
15517
jizz
43204
5132
jizz
15620
16687
26849
38053
jizz
34072
jizz
3445
13187
jizz
6362
7267
2231
23822
jizz
2567
20879
25181
10330
jizz
1309
jizz
39434
jizz
1828
29210
16021
33760
27841
30332
13567
27253
48703
21460
24811
40357
36658
jizz
23000
5902
19606
38296
jizz
2837
3020
22019
27844
2278
28450
48778
12673
jizz
5903
44126
35192
9437
jizz
jizz
3872
25159
jizz
jizz
9310
37265
39094
39770
12982
14452
jizz
jizz
jizz
jizz
jizz
22607
15989
31346
48313
jizz
13993
47914
jizz
jizz
jizz
5318
40043
22046
2788
35086
jizz
jizz
2786
26660
49120
jizz
37100
7706
10349
33941
jizz
16828
jizz
jizz
27241
20752
jizz
8585
20399
jizz
39793
7781
20357
36551
31933
18965
39850
38188
23780
8702
18523
4345
jizz
10502
jizz
31210
20651
7351
19837
39956
46253
9269
jizz
jizz
18916
1190
jizz
jizz
31481
jizz
jizz
jizz
4382
jizz
48512
jizz
21157
20312
jizz
38681
21910
18577
jizz
48425
45806
jizz
40948
5609
45125
14050
15298
13583
jizz
48052
42334
7613
jizz
875
22441
jizz
jizz
12812
42125
jizz
47360
6496
jizz
17570
9577
jizz
13915
jizz
28742
42740
32251
45845
22745
jizz
17780
39037
45355
jizz
4901
jizz
22406
23885
jizz
29572
jizz
21353
44611
13532
10358
2267
38438
16861
48167
22222
13174
jizz
31601
12988
22666
590
48134
24797
jizz
38347
29233
8128
39625
602
jizz
jizz
19546
39391
994
3808
24341
45896
34795
43087
16216
3349
8668
44072
jizz
5012
41089
46556
jizz
4952
42316
26324
jizz
jizz
40864
jizz
jizz
jizz
jizz
5444
12620
30805
5885
29924
jizz
jizz
jizz
jizz
7954
838
11390
jizz
9205
jizz
jizz
jizz
jizz
jizz
jizz
31205
13163
jizz
jizz
jizz
29321
12796
23897
43087
48650
jizz
jizz
18881
20389
jizz
jizz
jizz
48757
43315
jizz
jizz
32099
jizz
32191
16619
42758
jizz
23731
40579
jizz
7532
36542
44341
15142
34774
17291
20842
48208
jizz
42815
15631
jizz
9142
16868
32629
jizz
2230
48367
31420
12674
24749
41507
11840
jizz
46360
23723
jizz
40762
28165
2321
43375
22063
35167
4627
jizz
19744
jizz
23816
16637
5474
jizz
jizz
27494
jizz
30472
20761
19199
39749
36824
jizz
jizz
27211
20273
34910
jizz
jizz
35537
jizz
jizz
29021
46373
35338
30871
jizz
jizz
jizz
48287
27368
39601
jizz
33037
10126
jizz
35378
4897
jizz
40318
46417
jizz
jizz
jizz
44060
8174
47794
2711
jizz
35272
29503
jizz
jizz
jizz
45008
jizz
jizz
17276
21562
38591
37619
jizz
22910
18968
8864
2647
18398
13984
29074
35674
32638
29885
jizz
jizz
23089
jizz
jizz
42796
39796
3181
17855
39616
26267
jizz
581
15143
jizz
20648
2500
15155
48841
3787
21716
17510
jizz
4982
49223
28589
18232
38753
33322
32404
jizz
24257
5858
23747
25703
jizz
29410
13826
14284
22325
16471
37172
22331
38948
jizz
41132
43390
19900
33292
30158
jizz
40834
31414
9233
36497
3509
33296
3373
49300
37751
1921
24949
26365
44221
19543
37694
1490
29638
jizz
43055
jizz
17003
33239
12862
33134
jizz
12031
30547
jizz
48632
jizz
45740
jizz
10963
jizz
jizz
2471
21845
jizz
2315
7684
13477
jizz
16667
9406
14675
32872
3794
38503
jizz
42770
jizz
jizz
28600
25630
42409
8563
jizz
jizz
23516
1193
23668
jizz
1199
7045
jizz
35935
23275
6050
jizz
jizz
30449
40540
47057
37427
jizz
jizz
44084
12983
15943
48943
35305
9325
23467
21706
jizz
36022
jizz
28030
jizz
27449
28268
jizz
11270
jizz
28219
25874
jizz
23815
47720
22886
46190
28033
jizz
2675
17377
jizz
26482
19294
17927
30077
31327
jizz
jizz
10394
jizz
34120
10336
34579
8084
4567
38350
jizz
31451
27355
jizz
30728
21059
jizz
27536
jizz
jizz
29669
29318
43825
18088
2903
12722
jizz
23344
jizz
41813
jizz
32560
11081
35567
jizz
jizz
39593
29105
13753
jizz
9730
10810
jizz
29368
jizz
38908
14353
5935
jizz
jizz
23234
jizz
13337
8039
37985
48329
jizz
45961
jizz
7252
9136
jizz
jizz
jizz
42004
jizz
20506
jizz
jizz
jizz
47633
jizz
jizz
jizz
46588
23854
39517
10256
25378
jizz
12455
21251
13597
jizz
jizz
jizz
29968
jizz
22949
20702
44327
8827
45167
jizz
2180
22747
8053
12763
21301
3899
6299
jizz
26869
2420
40033
23018
28177
jizz
9217
27838
jizz
31393
22045
17503
430
38543
34544
6422
4738
16694
37102
6752
9811
24872
22517
jizz
3569
jizz
jizz
14996
30554
30098
23072
44590
19960
13136
jizz
jizz
9581
7210
24215
jizz
6254
6311
6292
23303
15755
27770
7190
jizz
47084
7969
322
jizz
43502
34631
jizz
27322
jizz
jizz
jizz
20632
19016
jizz
19277
46616
8807
27013
6260
31642
jizz
32405
10706
28844
24925
33332
28451
16136
jizz
jizz
36485
43286
4579
42064
9293
jizz
7757
33041
6554
9742
jizz
jizz
jizz
jizz
36970
7606
23510
jizz
46882
19639
13177
33041
jizz
jizz
40876
4922
11987
jizz
28817
7427
jizz
21118
4613
16679
11509
29078
12526
jizz
15157
jizz
jizz
39854
14362
26872
17575
43210
25621
jizz
6155
jizz
20186
41152
jizz
11705
jizz
18806
21767
17527
8455
jizz
49237
17917
jizz
28396
9361
47108
16142
32396
7339
13025
jizz
30056
jizz
jizz
jizz
jizz
jizz
jizz
jizz
47543
30475
16567
jizz
29534
jizz
jizz
jizz
26717
7732
jizz
36224
jizz
jizz
10165
15347
40348
jizz
jizz
jizz
62
14414
jizz
jizz
4667
39520
jizz
jizz
jizz
jizz
19069
42709
4207
42547
25420
jizz
37498
24943
jizz
24685
5348
28472
27034
jizz
10732
13900
jizz
jizz
jizz
20846
jizz
1270
jizz
46831
33509
jizz
27358
370
42013
5690
jizz
46130
jizz
jizz
jizz
6721
jizz
43238
jizz
11063
3514
14483
jizz
31297
45421
jizz
jizz
42556
24832
20639
46606
jizz
21175
jizz
35416
jizz
jizz
39427
20077
41887
jizz
jizz
11486
11960
jizz
jizz
3613
jizz
jizz
jizz
27313
25883
37495
14863
38207
jizz
jizz
jizz
12116
jizz
36125
jizz
11327
22723
jizz
jizz
28127
43238
43867
jizz
48878
jizz
31874
28109
jizz
5203
8953
41471
jizz
10457
jizz
32200
35423
35797
31648
8777
jizz
jizz
365
24002
10205
jizz
jizz
jizz
26303
jizz
17806
26578
40060
5519
43843
jizz
31816
38386
jizz
17543
36221
jizz
jizz
36115
jizz
jizz
16300
29171
33112
30256
13894
jizz
jizz
30697
5102
28136
jizz
jizz
jizz
45344
jizz
15034
12737
7061
26774
13153
7423
jizz
jizz
jizz
916
jizz
jizz
30535
jizz
34486
15376
4997
6527
36344
jizz
25826
28889
41765
44963
jizz
13846
jizz
jizz
32221
41020
40553
jizz
jizz
9772
37430
jizz
jizz
24841
jizz
43669
31291
jizz
17353
jizz
27494
5879
jizz
jizz
jizz
34948
jizz
jizz
jizz
12136
jizz
36652
6962
18115
2624
15886
3355
24619
jizz
24815
44707
31112
39487
jizz
30254
8849
30844
jizz
jizz
9521
2794
jizz
31264
jizz
34898
25121
35828
46930
jizz
5890
9286
21412
17419
38140
41656
jizz
4934
jizz
1160
jizz
jizz
23206
13579
15256
jizz
28013
4763
jizz
43900
jizz
23071
40297
40796
3737
43567
15091
jizz
38938
42629
46855
jizz
48754
31546
jizz
7534
jizz
jizz
25249
2558
14123
39008
jizz
33254
28325
27739
17303
38728
30938
jizz
20215
3979
38327
37048
jizz
46156
jizz
24010
3479
jizz
38096
32393
17638
jizz
jizz
jizz
2951
jizz
34930
jizz
jizz
jizz
14465
jizz
jizz
jizz
jizz
jizz
jizz
jizz
1238
42242
32863
21463
3080
31181
30502
jizz
jizz
32378
jizz
jizz
22460
48053
jizz
40789
jizz
12317
45172
7661
18376
16877
jizz
37066
jizz
3752
42049
36989
jizz
21611
46415
jizz
19736
31007
1267
24466
3443
18403
46006
33697
jizz
43643
jizz
18887
jizz
jizz
39022
40318
jizz
23665
9989
38608
jizz
36698
jizz
jizz
jizz
jizz
jizz
25634
jizz
27610
25552
jizz
47965
jizz
27568
37472
jizz
jizz
32207
21532
14447
31730
41213
17126
2864
jizz
49225
22301
jizz
560
44159
32467
jizz
7054
jizz
30418
12982
42587
12370
7697
jizz
jizz
48263
34340
jizz
24761
jizz
jizz
16652
jizz
25562
jizz
jizz
12590
jizz
8879
32510
jizz
8161
29795
jizz
1187
39382
27377
46405
jizz
32333
jizz
jizz
16762
1018
jizz
18127
jizz
15112
17054
30626
23986
jizz
21332
43958
jizz
jizz
38341
58
26173
jizz
17960
jizz
18695
5168
425
37718
20132
36608
15017
48922
34081
jizz
13709
jizz
46273
39172
jizz
20663
27839
21389
49094
25363
jizz
jizz
42358
2579
37156
jizz
20650
jizz
30326
34678
45311
45391
jizz
26045
4100
13360
34577
40730
34754
jizz
45979
jizz
47747
25204
40091
jizz
jizz
33736
jizz
1090
jizz
40247
jizz
jizz
jizz
12211
jizz
jizz
42901
16130
41615
14377
jizz
20714
jizz
3986
42788
9544
jizz
47534
6829
jizz
13948
jizz
41192
jizz
jizz
45643
7198
jizz
9005
20038
36268
39923
18743
jizz
26644
jizz
39953
jizz
6331
17209
jizz
jizz
jizz
4231
35479
20354
3668
jizz
14798
jizz
16511
21445
33169
455
8365
jizz
19121
20350
jizz
40985
25981
jizz
40408
jizz
18440
19708
jizz
28579
jizz
35374
21043
12229
jizz
4345
31966
19666
jizz
jizz
43805
32345
35147
10258
jizz
jizz
jizz
40177
9467
40088
23176
21982
39503
13589
31205
11644
18665
jizz
jizz
48716
36238
35705
5572
jizz
3041
28310
jizz
9974
jizz
jizz
25714
jizz
9218
jizz
28745
jizz
jizz
31130
14707
jizz
11437
jizz
43954
10526
49136
18871
16982
41849
30569
jizz
jizz
19898
jizz
jizz
7190
412
10543
jizz
jizz
10010
jizz
35729
23384
4640
5585
jizz
jizz
46165
4892
26620
23116
jizz
17773
25477
38699
jizz
jizz
19654
12064
jizz
12383
22264
48443
jizz
42337
28217
3671
jizz
3029
29288
34864
jizz
46496
jizz
jizz
24578
29863
4471
jizz
jizz
29845
jizz
jizz
27064
14338
42092
35057
jizz
4201
46829
10223
jizz
jizz
jizz
3193
jizz
39838
46004
16543
19993
21554
jizz
6722
jizz
19417
167
6607
26416
4504
27497
jizz
14813
4535
15080
8005
jizz
16789
20762
2210
42874
14216
40327
jizz
19595
43280
49361
jizz
6539
18454
jizz
38482
48473
17269
45382
jizz
10931
jizz
35743
40714
18286
43297
jizz
12259
33854
29081
jizz
21466
32776
35482
22021
jizz
35831
jizz
jizz
33107
44261
18032
jizz
33752
40277
38735
jizz
jizz
27904
30902
49027
28201
29995
34894
jizz
jizz
jizz
29360
20059
27346
jizz
38348
jizz
jizz
jizz
10630
23647
479
7615
25697
10510
44918
25553
13295
25129
25579
48359
35957
jizz
9431
4432
jizz
jizz
21136
jizz
44050
19334
857
41165
8533
15968
10403
6262
28523
29308
49168
13139
2384
jizz
jizz
10373
jizz
7885
jizz
43093
15290
jizz
40564
134
34168
26971
19306
10747
39163
21349
26998
18025
25208
36175
24325
6056
jizz
33541
48862
jizz
jizz
16298
1462
jizz
48907
4685
44536
29653
38012
28456
jizz
352
jizz
29230
6284
jizz
30022
jizz
28838
40936
jizz
jizz
jizz
jizz
43339
25601
28246
934
jizz
21623
11048
35017
jizz
jizz
28631
jizz
jizz
47345
24842
3301
12139
12958
jizz
47264
jizz
44413
31141
17845
40339
jizz
1723
jizz
28336
7723
2506
44654
497
15005
jizz
jizz
11105
33686
jizz
19324
3617
11024
19646
jizz
30520
18922
42587
23824
24380
46457
jizz
6212
40661
35182
7145
2830
24352
jizz
30583
27014
36056
jizz
28382
34385
44321
2512
34621
4379
jizz
12469
41617
39080
5039
29659
46618
25015
34210
36389
7346
10021
jizz
445
jizz
39176
6811
jizz
jizz
7426
jizz
24056
4792
jizz
13034
34883
jizz
1489
jizz
jizz
13750
13214
jizz
30193
jizz
24268
jizz
jizz
21373
24223
20647
47017
jizz
9535
jizz
44314
jizz
25114
jizz
jizz
23680
18730
30604
48764
40114
jizz
15607
jizz
40459
14152
23285
jizz
5021
jizz
44929
39028
jizz
jizz
14405
12956
37490
30913
49012
jizz
44449
23003
20168
30212
28862
jizz
48584
jizz
13508
31586
21767
28238
jizz
16393
jizz
jizz
jizz
1963
23756
20281
jizz
21578
9502
23789
42074
jizz
47713
jizz
20231
jizz
jizz
46627
jizz
12494
jizz
23060
6605
40307
45874
35386
jizz
jizz
jizz
jizz
jizz
25310
305
12061
31015
5999
27868
3742
39299
30679
jizz
jizz
10360
34681
33959
jizz
10048
19642
jizz
18925
jizz
6538
44804
8293
jizz
35930
36274
jizz
40417
26578
jizz
jizz
jizz
7184
23434
707
32528
31252
23372
27511
jizz
26941
jizz
35204
48041
5591
5471
47771
jizz
jizz
jizz
jizz
35798
34838
jizz
jizz
15875
18947
35593
jizz
jizz
jizz
4066
42677
37577
7862
jizz
10735
47594
jizz
17986
1516
jizz
32345
22615
jizz
jizz
6001
44449
24259
jizz
47045
12658
jizz
7396
47987
25067
42256
jizz
44953
2998
6419
jizz
14174
11953
jizz
1579
40706
26281
jizz
15239
49151
11926
jizz
9332
20959
28049
43603
jizz
29159
jizz
29858
19130
12229
jizz
2380
33112
13574
9379
30782
673
15476
35873
jizz
jizz
10630
19100
34774
3455
3913
42040
12680
24119
9221
jizz
10679
jizz
32485
17737
23008
21895
14896
jizz
18476
48214
32539
24293
19246
34201
jizz
15650
15796
24295
18233
45073
24988
9110
jizz
34793
jizz
jizz
26990
2692
jizz
jizz
jizz
5042
jizz
jizz
12296
40853
39536
jizz
21305
27685
1676
jizz
jizz
35186
jizz
12386
22900
19852
33307
125
19516
20549
jizz
40657
38921
8308
6095
jizz
4435
43255
19273
28114
jizz
16382
jizz
jizz
21799
38239
39646
47038
28085
6082
42977
44263
1042
jizz
41566
16919
31294
24074
36356
36535
jizz
11867
15944
41938
jizz
31619
jizz
33251
jizz
10100
7361
jizz
6565
46535
jizz
11168
9851
jizz
jizz
47765
1025
1418
45320
33668
36788
38393
37214
27869
jizz
jizz
48343
jizz
jizz
jizz
37573
37135
jizz
35195
32737
jizz
38795
34235
jizz
48932
jizz
jizz
32675
30941
jizz
jizz
jizz
22013
21070
5353
46925
jizz
2971
jizz
6665
14975
jizz
jizz
2834
6484
jizz
35558
16514
jizz
jizz
25624
15269
6379
jizz
40256
jizz
jizz
35036
jizz
41033
38710
jizz
jizz
6743
30760
2495
9979
jizz
32686
46394
jizz
11276
14290
44737
43318
jizz
jizz
29911
16424
23900
44713
42670
jizz
30671
44270
jizz
32158
4439
jizz
jizz
8617
23089
10678
jizz
jizz
jizz
37450
17518
jizz
19733
19327
jizz
19247
jizz
7
40028
jizz
33010
37508
48037
41723
11840
22580
jizz
8576
17231
104
2050
37673
44663
jizz
20725
41875
33749
38261
39349
jizz
13909
1868
jizz
2608
jizz
8338
30091
24908
16973
7100
20231
11107
3175
24457
22840
19361
23683
40067
39517
36458
33127
16333
29665
28985
jizz
30421
jizz
3901
1535
7274
8795
7510
19507
23714
47129
452
jizz
jizz
jizz
29272
11813
25819
34492
21817
jizz
jizz
47948
10379
jizz
14477
5990
32339
jizz
jizz
34780
3380
jizz
26564
25646
38102
jizz
10285
7826
37879
15266
jizz
4099
40315
47755
33161
jizz
29707
27812
39466
6859
26368
28603
38759
19673
3709
jizz
jizz
27986
jizz
4426
jizz
jizz
jizz
18544
jizz
17624
19444
30139
40610
5225
47662
12304
38440
8590
jizz
19358
2416
jizz
jizz
44270
32374
jizz
25867
28004
3704
11383
jizz
17309
jizz
jizz
11585
37976
35192
jizz
jizz
25915
jizz
37930
41293
jizz
jizz
jizz
23902
jizz
jizz
jizz
31976
33118
48980
jizz
jizz
jizz
jizz
jizz
30136
48583
794
jizz
jizz
jizz
31642
48910
30085
33572
17972
14156
jizz
44411
22361
2765
43490
29446
15811
jizz
jizz
14858
45530
jizz
32569
38846
24875
39929
34403
37136
21949
44303
6248
jizz
32605
jizz
jizz
43208
24307
jizz
21742
jizz
jizz
24205
33130
11096
36209
jizz
jizz
jizz
jizz
3094
jizz
24610
6550
12925
jizz
1421
9349
26690
jizz
jizz
6679
jizz
12010
jizz
34858
jizz
17705
jizz
jizz
jizz
jizz
29693
jizz
29711
jizz
25139
39560
700
19546
jizz
407
jizz
6229
36695
36556
48977
25000
29401
jizz
jizz
36296
jizz
jizz
44482
1718
43391
49151
16109
jizz
3431
jizz
jizz
jizz
jizz
10945
39392
2798
5218
31100
19060
48760
42808
jizz
10981
jizz
jizz
jizz
47801
jizz
427
25291
jizz
22690
20984
10705
8198
14468
4795
14863
jizz
jizz
40771
9694
43484
jizz
17884
11059
jizz
28813
44996
16231
46037
jizz
21799
30481
2672
5656
8767
25580
13819
29939
36746
30478
jizz
18040
9331
16585
43441
27502
jizz
9647
36280
jizz
20930
517
jizz
47068
3316
22601
16744
jizz
jizz
12572
36358
16625
jizz
23663
jizz
jizz
20258
22784
41114
jizz
36772
33505
32135
32179
jizz
35165
23563
22543
15767
5132
jizz
jizz
jizz
33896
31978
jizz
9964
14591
jizz
jizz
24053
43537
jizz
20000
jizz
jizz
46033
25087
6827
31903
23492
jizz
jizz
34534
43834
27151
jizz
jizz
42518
36050
29920
38231
35525
34603
4181
jizz
47899
26774
jizz
jizz
jizz
14612
jizz
29998
8909
46522
23311
jizz
28042
jizz
jizz
26500
jizz
37979
34600
12575
37886
13208
12160
jizz
jizz
2549
jizz
27137
7403
jizz
jizz
33389
jizz
47042
jizz
35777
12662
44321
21685
21389
17956
jizz
34723
34523
jizz
jizz
3641
38200
25472
27586
jizz
25957
jizz
32843
42001
jizz
jizz
38642
jizz
5687
33236
32951
jizz
48479
31238
40465
45038
jizz
jizz
13762
48689
38606
21289
46417
jizz
jizz
35411
jizz
jizz
41092
jizz
7448
2803
23030
47299
10027
jizz
27011
50
jizz
29383
36860
jizz
jizz
42271
jizz
jizz
11707
21619
46336
2549
3923
29822
jizz
772
jizz
jizz
1636
24851
jizz
43088
jizz
27580
44581
38156
20869
18806
3572
9487
39904
jizz
25279
983
jizz
jizz
19042
26822
6539
41942
33872
jizz
jizz
43486
jizz
jizz
34366
18872
37076
24223
jizz
47038
49333
39325
29473
jizz
jizz
13118
11015
45950
15203
20306
48091
29554
34277
25625
32510
jizz
28417
14660
12041
5651
41632
42290
33727
jizz
jizz
38828
jizz
jizz
10600
10912
25919
jizz
45247
622
11783
24631
jizz
21506
48392
7610
5200
3557
26281
jizz
19526
jizz
38990
5251
37433
21896
jizz
40547
8261
jizz
26942
27968
17008
2311
27812
jizz
4462
48079
jizz
jizz
jizz
25519
41039
16535
17603
jizz
5669
10511
5584
jizz
jizz
13558
jizz
jizz
46868
jizz
26096
2291
25222
38996
42550
48290
jizz
36347
15809
29755
20452
10811
4445
3802
29375
jizz
19036
13330
47260
34516
40753
5390
36769
42895
jizz
jizz
34991
17314
18026
jizz
jizz
44185
33727
8381
45745
jizz
17639
21950
30295
18230
27643
8659
35126
30143
15968
2686
jizz
25558
jizz
27836
jizz
49097
46502
32887
jizz
47089
jizz
2605
29575
35566
31600
jizz
jizz
41338
3484
jizz
34738
15640
7619
25853
4604
13405
49109
29456
jizz
18317
jizz
34480
47246
11449
11204
40522
12082
jizz
jizz
jizz
jizz
5185
19588
13220
jizz
jizz
36626
jizz
28555
12130
37610
15578
1183
26447
jizz
41759
9605
41837
1906
31705
jizz
1604
jizz
jizz
35806
5344
1553
10558
42989
jizz
jizz
jizz
12869
jizz
jizz
jizz
24728
41693
27928
jizz
45428
17587
16918
38252
22409
27955
3017
35876
20125
15631
16774
11993
jizz
jizz
jizz
17914
29986
8465
2141
9734
5398
46234
9712
7990
25487
39440
15763
12727
730
5348
10555
38299
19949
24754
38939
jizz
5558
jizz
22610
22556
29326
jizz
jizz
jizz
jizz
2263
31960
26764
17830
jizz
46684
45082
32312
jizz
26479
22049
45403
jizz
jizz
18118
30718
jizz
14552
47393
jizz
23672
26026
jizz
31760
22997
23435
12805
40225
7495
16280
34978
31535
39421
jizz
jizz
jizz
jizz
31925
jizz
21826
26692
jizz
640
42944
20305
22721
19519
17849
27211
jizz
30505
14384
jizz
1885
22633
28034
37969
jizz
13912
jizz
35747
6686
jizz
jizz
24056
33869
39356
jizz
6566
634
jizz
22151
1766
47621
jizz
jizz
43222
29564
47180
jizz
34280
2854
3692
10691
19406
jizz
jizz
40187
jizz
jizz
jizz
jizz
jizz
34121
5060
jizz
jizz
15665
32411
18374
28066
jizz
jizz
2657
jizz
8521
5452
7304
jizz
jizz
47
5677
jizz
jizz
jizz
47105
49378
jizz
jizz
25099
jizz
33692
jizz
jizz
jizz
22568
jizz
43061
jizz
jizz
35677
jizz
jizz
13316
jizz
jizz
jizz
jizz
49087
jizz
jizz
33418
jizz
10900
17134
34543
jizz
jizz
8347
jizz
18662
37802
28793
jizz
37916
30031
3029
41090
jizz
4517
39161
449
jizz
5171
4930
40558
40403
38554
jizz
46490
22682
jizz
19693
40786
jizz
14275
jizz
18650
47411
jizz
jizz
48040
jizz
jizz
17062
jizz
jizz
20947
18386
jizz
11386
jizz
20701
518
jizz
jizz
jizz
jizz
25810
35825
6220
42842
36850
jizz
17662
23047
jizz
jizz
36614
7052
jizz
jizz
34483
20098
jizz
jizz
jizz
30524
26317
31781
47044
jizz
14687
2017
7096
23036
44090
jizz
40063
7652
2950
32863
jizz
jizz
jizz
1343
jizz
jizz
15935
4129
16480
2894
jizz
32744
36517
jizz
482
37709
9029
jizz
38150
jizz
22234
28232
24130
25166
4160
44377
16582
26539
27694
37267
33073
jizz
jizz
46664
19499
35224
jizz
34654
18316
jizz
22882
jizz
26950
jizz
18170
38974
jizz
35537
17869
25112
28315
4441
33670
jizz
26533
11057
jizz
47206
41399
19708
28966
jizz
jizz
34607
jizz
jizz
28552
24826
jizz
42538
jizz
47404
21865
40627
47
15365
28030
3347
jizz
44732
jizz
jizz
jizz
34720
37960
209
992
jizz
35729
4259
21091
26485
jizz
jizz
jizz
jizz
2210
jizz
44023
jizz
jizz
33178
jizz
13744
jizz
12052
jizz
jizz
36362
14558
45622
jizz
28066
jizz
22181
15946
4337
jizz
jizz
jizz
24109
jizz
jizz
jizz
jizz
12113
jizz
15121
36628
26461
jizz
27938
18146
42410
22718
jizz
17564
jizz
28258
jizz
16484
11263
42685
14575
19336
11678
jizz
39859
39631
28247
38905
jizz
jizz
jizz
36259
jizz
jizz
21817
18139
7768
7367
jizz
jizz
33997
36310
44437
35293
3229
34408
26291
29164
30136
26588
jizz
43052
44845
3485
jizz
jizz
1522
jizz
jizz
21164
32300
6928
21479
43298
28081
25366
28457
20756
41086
167
jizz
30332
12286
21839
44147
jizz
33277
27566
4106
31819
3685
35468
jizz
jizz
38791
6130
jizz
29233
10807
31772
35654
26083
19597
24691
4835
16087
42916
37238
jizz
14596
20827
904
12574
26836
jizz
jizz
44356
14231
jizz
jizz
30409
jizz
16405
30227
jizz
1667
43828
25924
jizz
18440
23573
jizz
jizz
46600
9571
49040
jizz
29984
22289
49037
48229
jizz
36124
22744
24451
47134
jizz
38846
jizz
8117
706
9430
39431
21776
jizz
jizz
31795
39023
8158
16352
49297
33472
6319
jizz
jizz
17774
27587
19558
6956
10345
17176
47893
27521
3250
2969
jizz
jizz
jizz
jizz
28366
1735
35872
22037
953
18977
42928
jizz
1882
20992
jizz
49382
jizz
16538
41362
10150
5408
jizz
jizz
jizz
jizz
jizz
jizz
26288
1790
jizz
47978
5872
20030
jizz
15256
47224
2773
9367
9215
22313
21220
jizz
5687
jizz
jizz
15143
jizz
jizz
14701
23164
jizz
22331
jizz
18188
39296
10400
48082
jizz
jizz
31889
49127
23078
23521
23540
13432
jizz
jizz
jizz
jizz
18827
jizz
24859
jizz
jizz
34439
32146
jizz
38896
36037
29095
4906
38741
29557
26318
jizz
jizz
jizz
jizz
11446
jizz
jizz
23144
17251
24094
jizz
43013
11834
13759
2438
jizz
41623
jizz
21170
jizz
23860
7214
jizz
jizz
48824
10094
12371
3181
jizz
3484
39239
24149
26941
9221
4627
jizz
32536
28309
554
jizz
49327
jizz
39074
9157
12835
jizz
jizz
jizz
44021
18859
46681
8738
21689
43297
39989
5125
jizz
26926
16000
485
jizz
48019
jizz
18469
31978
28498
22558
jizz
jizz
679
21121
jizz
jizz
19915
40678
jizz
jizz
39217
17458
16019
jizz
22837
jizz
776
47752
21791
jizz
10604
jizz
jizz
16690
jizz
31094
11935
45233
48559
jizz
3134
48359
33964
jizz
jizz
7501
jizz
27767
jizz
30989
24949
33116
jizz
jizz
44725
jizz
jizz
19964
3788
jizz
37777
455
7513
38033
jizz
7913
1033
36787
32689
9697
2140
jizz
13279
36331
47527
jizz
9197
jizz
45103
10532
19624
jizz
jizz
45827
17896
32557
12878
jizz
45091
jizz
7585
jizz
36850
26239
20297
6425
23113
jizz
28760
jizz
36521
jizz
5228
6407
2900
jizz
41543
48676
jizz
jizz
40400
jizz
10762
jizz
5540
jizz
38486
jizz
1795
jizz
9577
48281
30052
jizz
48119
jizz
44150
36566
jizz
27092
jizz
46756
36304
38518
49232
25118
jizz
19996
23962
jizz
jizz
jizz
jizz
27133
jizz
33034
46564
3037
jizz
33946
21263
18932
4342
jizz
5804
jizz
jizz
40907
3226
833
41284
14201
25781
33580
23363
30164
46553
45158
43960
jizz
jizz
jizz
jizz
6557
15431
jizz
26002
24182
jizz
jizz
8354
32146
jizz
19013
jizz
41737
41044
2332
jizz
39596
5653
jizz
jizz
47015
12655
jizz
11332
13594
24512
1483
jizz
jizz
jizz
4196
30434
45103
jizz
jizz
48731
28516
34048
jizz
17330
jizz
10097
14648
jizz
1310
jizz
36653
45131
13157
13258
jizz
jizz
jizz
33479
10735
39026
jizz
jizz
40102
4073
21358
983
33031
37247
jizz
jizz
jizz
15824
jizz
40876
2201
29515
7019
33206
32999
jizz
jizz
15083
jizz
19133
15166
45973
6218
917
jizz
21644
27587
31249
jizz
6407
19441
33313
jizz
34294
jizz
29590
27158
42958
jizz
32254
jizz
jizz
9959
26494
39611
5185
38731
6724
34624
14803
15454
jizz
jizz
28510
46120
41080
33473
jizz
6275
jizz
jizz
36590
3466
16567
26998
23132
jizz
jizz
23128
5369
jizz
33023
42718
10619
26147
42707
jizz
jizz
jizz
27710
4097
45223
jizz
jizz
48104
10639
14996
jizz
jizz
18730
37900
42743
36475
jizz
jizz
jizz
38480
5278
863
21959
jizz
22199
jizz
jizz
4799
15770
1451
3133
37382
11399
jizz
jizz
jizz
20347
jizz
jizz
43697
jizz
11462
30832
20783
2948
44746
44747
7805
45107
16042
jizz
jizz
20279
jizz
jizz
7357
jizz
6422
32042
jizz
9380
jizz
jizz
30659
45439
jizz
jizz
jizz
24329
jizz
jizz
5665
18580
15335
jizz
5035
42571
27086
jizz
4051
19436
jizz
39275
4091
jizz
32339
18119
136
29623
4454
29672
10385
8812
39221
26776
3127
5879
jizz
24713
6157
jizz
42605
20062
4919
25828
jizz
31220
38392
36965
12692
8440
12983
jizz
15686
16231
29821
17848
11618
30025
4934
jizz
jizz
jizz
jizz
4315
jizz
9557
12532
47777
32453
32804
jizz
17132
jizz
5333
36886
29438
11915
4760
2749
15619
jizz
7682
jizz
1442
19949
19417
32368
39911
32896
796
398
jizz
9635
jizz
38674
jizz
jizz
8906
jizz
jizz
jizz
21190
41591
jizz
jizz
20545
45539
jizz
jizz
19460
jizz
jizz
46057
jizz
48731
13549
18170
4253
10874
20359
jizz
jizz
29375
13255
34718
47209
jizz
25994
8674
32405
jizz
22919
45037
jizz
30344
35381
jizz
15796
jizz
22127
jizz
20849
jizz
35342
jizz
jizz
10144
31660
jizz
17651
23437
11362
jizz
13046
13477
jizz
jizz
41389
jizz
jizz
8213
jizz
37462
14228
26374
4517
35743
37181
1214
30001
jizz
8239
jizz
jizz
jizz
3236
38519
jizz
24977
jizz
44431
23636
46991
jizz
jizz
jizz
19001
2555
jizz
jizz
24542
jizz
3122
jizz
40580
13850
jizz
7907
10385
39454
43301
2786
jizz
33374
6610
27407
jizz
19675
jizz
jizz
49343
jizz
17773
11083
29728
38867
39065
jizz
jizz
9760
37918
33817
37369
jizz
jizz
16948
28529
jizz
jizz
41308
967
32704
26977
13450
38908
jizz
16495
1027
jizz
13433
1916
10640
11078
40900
jizz
jizz
48443
jizz
326
13765
17363
jizz
11251
jizz
jizz
jizz
18356
14854
39868
17483
jizz
jizz
7043
jizz
7792
jizz
26072
45137
26878
8831
11606
25009
21464
13946
jizz
jizz
9166
jizz
37553
15415
2357
8651
19139
29081
45209
47828
jizz
jizz
30298
jizz
jizz
13631
jizz
6359
24869
32024
2290
38011
8573
42394
43313
jizz
20813
22544
11407
45940
jizz
22186
26696
28226
jizz
10456
47705
83
jizz
27641
298
35161
12202
15599
18733
34889
jizz
46913
jizz
13034
19823
11515
21949
18673
4720
jizz
15425
jizz
6547
39682
47740
6890
24172
6188
24020
jizz
14900
6311
29686
3845
jizz
jizz
jizz
6586
jizz
jizz
jizz
jizz
28877
20303
17624
9968
12229
25136
jizz
jizz
49100
jizz
3166
jizz
23165
12116
26849
jizz
jizz
19510
jizz
jizz
29743
jizz
jizz
37766
38621
32980
jizz
30866
8894
jizz
4085
jizz
jizz
17153
jizz
4078
4579
15860
25462
jizz
jizz
16505
43096
jizz
jizz
170
47006
21887
41536
32963
38882
jizz
17021
24706
jizz
36031
45880
19513
16442
31750
jizz
jizz
13981
13403
jizz
32000
11897
jizz
18650
47378
jizz
42218
23315
35302
6115
19781
514
29605
jizz
10726
jizz
15929
44059
12637
16645
40253
47584
38378
12701
jizz
jizz
9809
jizz
45940
jizz
jizz
664
9422
44573
jizz
45721
18436
33952
9724
jizz
9241
9643
24649
27008
34150
44284
15562
jizz
36385
45958
jizz
jizz
5408
8497
14615
32974
jizz
jizz
19204
7474
19330
10738
jizz
31261
jizz
42406
3749
jizz
29063
4423
34387
jizz
31727
jizz
jizz
41923
jizz
37916
31820
jizz
37712
6677
jizz
15689
jizz
jizz
12574
11537
30671
jizz
5105
23696
jizz
jizz
43037
9080
42313
7286
19877
23479
916
27791
3835
33979
22216
jizz
15293
12470
496
5971
44234
jizz
1549
34433
9112
jizz
11011
jizz
jizz
39005
jizz
jizz
jizz
38660
21578
jizz
jizz
16396
35302
1346
jizz
13361
27079
jizz
jizz
23650
37573
11657
16192
jizz
1052
2395
32080
jizz
jizz
46177
30380
410
40912
jizz
24175
6433
21046
41735
27688
jizz
34870
3028
22484
39118
35867
jizz
18607
jizz
34540
jizz
4619
4178
8849
jizz
32117
jizz
39143
38809
33946
32663
41156
6574
9433
jizz
jizz
jizz
4916
31195
25804
36920
12410
26756
jizz
17309
31697
43678
2104
16139
2078
44767
jizz
41264
jizz
43853
jizz
jizz
1133
12419
12830
7876
22931
12224
jizz
jizz
7811
jizz
jizz
36520
44564
7975
jizz
23296
jizz
14353
116
39002
7678
31760
9691
4486
jizz
15229
33302
3418
39677
jizz
32350
29576
16925
17261
46127
34699
6772
22406
21875
jizz
47026
34214
jizz
jizz
29663
jizz
25912
29854
45677
29282
jizz
jizz
jizz
22585
5665
jizz
jizz
jizz
44174
jizz
jizz
jizz
9229
1588
jizz
24796
jizz
7087
35068
27140
9218
15985
25333
10382
29119
47780
jizz
48848
30254
39307
jizz
18332
4841
jizz
17224
43378
jizz
jizz
jizz
jizz
47159
25541
jizz
21233
18037
4480
jizz
38468
jizz
15991
28280
jizz
30868
913
6505
33101
jizz
16352
6935
3380
jizz
jizz
jizz
25345
34937
jizz
40435
jizz
5360
39074
42068
jizz
jizz
5810
40577
8357
20578
33688
jizz
32833
12268
46598
14312
23834
38120
41884
39659
jizz
26716
jizz
jizz
42604
6352
38939
jizz
jizz
jizz
jizz
45962
26537
2368
22667
7079
49276
jizz
5198
33023
45763
13433
20203
814
jizz
29845
5000
47327
5816
jizz
42199
jizz
41326
34922
39836
37651
20075
jizz
40549
jizz
1997
jizz
jizz
47008
jizz
38146
jizz
jizz
jizz
23272
jizz
jizz
22079
jizz
jizz
10679
34616
jizz
28129
23599
9361
jizz
jizz
jizz
36602
24977
29321
42517
45634
jizz
12532
31762
jizz
30244
38747
24533
36869
jizz
jizz
17212
21020
26614
19217
jizz
jizz
21179
jizz
27283
35762
jizz
jizz
5173
37312
18667
29039
jizz
5677
23020
jizz
jizz
22909
47198
4499
jizz
jizz
jizz
jizz
15928
13873
jizz
3019
24568
jizz
12668
25226
jizz
18568
jizz
jizz
jizz
jizz
21985
21427
44251
14800
jizz
35258
40924
9254
27770
40010
9544
44461
21238
42166
25312
46711
4409
16363
jizz
jizz
jizz
jizz
41225
jizz
jizz
12470
jizz
1987
20345
jizz
27457
1019
jizz
17323
8518
37819
43895
37330
13999
38368
33575
947
17309
5978
jizz
35428
16357
jizz
27542
2824
3586
31247
7424
22604
14389
jizz
23992
23503
jizz
18818
20942
3835
18464
10732
jizz
25072
31687
jizz
jizz
2198
33526
10445
jizz
25024
jizz
jizz
35017
jizz
3121
18001
10726
5746
jizz
jizz
48412
jizz
48307
jizz
jizz
39871
19253
42089
33365
31319
42953
jizz
jizz
48668
jizz
jizz
45707
jizz
jizz
14759
jizz
13304
jizz
32032
jizz
46676
41081
34519
40607
24340
jizz
14194
22750
jizz
33640
48842
45047
3206
34873
jizz
jizz
7933
jizz
jizz
38711
jizz
jizz
10921
20200
40502
21104
jizz
jizz
43108
919
jizz
8632
jizz
jizz
jizz
jizz
6370
jizz
29996
13597
jizz
jizz
12104
jizz
14642
11411
42935
38638
jizz
48107
jizz
2086
48962
43759
jizz
38416
16658
35927
29645
jizz
jizz
11579
22399
3139
15302
jizz
jizz
jizz
37097
14291
jizz
23762
jizz
6437
jizz
11186
jizz
jizz
30047
jizz
jizz
28541
43738
1375
jizz
jizz
12929
jizz
jizz
5531
18101
jizz
31697
31597
jizz
jizz
33749
jizz
32678
8183
jizz
3403
jizz
jizz
44959
4706
4637
jizz
7520
jizz
19768
jizz
17054
13771
jizz
8603
jizz
8645
33170
43630
jizz
12056
14161
48697
jizz
23932
jizz
jizz
28454
25042
jizz
36752
jizz
1093
13532
9598
jizz
17827
26176
20749
10420
29791
jizz
44818
jizz
28214
jizz
11140
44639
29158
29261
jizz
11107
7033
24262
27641
41144
jizz
jizz
44362
9871
jizz
jizz
2998
27308
jizz
jizz
jizz
jizz
35555
33763
46916
39971
34756
7913
43615
49046
10639
4468
45355
34585
19189
12826
34094
22060
29152
48952
jizz
40010
24901
3407
20993
jizz
38239
6638
25588
47552
26458
43693
45868
jizz
49300
15761
jizz
jizz
12491
jizz
41894
46291
jizz
33487
jizz
24473
38653
jizz
11798
8543
jizz
jizz
38342
jizz
5209
jizz
jizz
jizz
8665
jizz
20153
10718
44795
10219
jizz
jizz
23710
2626
jizz
30098
jizz
jizz
412
jizz
24386
jizz
14398
5414
1448
jizz
9178
47812
jizz
jizz
35956
25057
27496
jizz
25411
jizz
6833
jizz
jizz
22654
46841
16474
1721
32101
28433
21176
7270
jizz
40304
26891
jizz
9923
jizz
1052
30946
22238
9475
40661
jizz
15349
jizz
27275
47105
1522
21293
47902
2569
39919
16463
36185
16202
jizz
19027
42265
jizz
43748
16064
45347
jizz
2812
39398
6874
7849
44302
28738
11795
41701
23612
46013
10370
9355
22379
39853
37013
jizz
11861
jizz
23186
jizz
25823
7700
37538
24868
30056
42868
jizz
17632
11467
26906
42985
34787
39221
jizz
45362
jizz
jizz
26584
29272
26773
12206
jizz
48613
14143
jizz
jizz
33244
jizz
44132
jizz
30953
6608
34250
jizz
12869
10166
jizz
20375
10196
jizz
jizz
34813
jizz
42352
25651
5641
jizz
31280
31381
10757
27689
34604
35258
jizz
jizz
jizz
jizz
jizz
38957
41878
13313
jizz
jizz
21098
2575
22649
38515
5609
6860
jizz
jizz
jizz
38860
jizz
jizz
jizz
12337
26935
24137
11389
3901
43546
jizz
jizz
19256
30328
21238
1891
48458
21095
24736
5626
2971
jizz
jizz
36233
6335
jizz
47360
19519
31972
39937
jizz
10213
31502
jizz
10600
37414
jizz
jizz
16145
17546
jizz
jizz
29981
25286
26674
jizz
1304
jizz
jizz
39502
jizz
5551
32426
23828
jizz
48836
jizz
11270
37615
38767
12434
36950
5974
15770
47180
jizz
jizz
25552
6280
48110
49169
13024
18194
29872
29443
25022
jizz
26465
3019
4390
11680
5788
jizz
24611
12013
15904
19397
22360
42406
49060
jizz
27227
20251
jizz
25811
jizz
jizz
2134
jizz
31733
26086
18050
jizz
jizz
38663
28271
jizz
18440
27127
10136
jizz
11018
40345
jizz
11182
jizz
13238
33335
14480
5156
30517
jizz
jizz
jizz
38279
34804
33274
jizz
jizz
33433
jizz
jizz
42710
jizz
33647
29354
15103
14740
23206
jizz
31210
jizz
32461
28325
jizz
6796
24275
25745
jizz
jizz
jizz
43862
5893
jizz
25643
11359
48839
42007
25612
13870
jizz
12965
24463
21704
jizz
jizz
15398
15098
jizz
jizz
jizz
2408
jizz
jizz
jizz
15304
19796
6161
jizz
jizz
jizz
jizz
jizz
44182
38546
16358
jizz
6337
jizz
15395
36944
45335
36629
40045
43228
10499
jizz
jizz
jizz
jizz
33428
jizz
jizz
12275
1753
jizz
jizz
1219
jizz
34411
jizz
jizz
18092
22642
19661
18244
16031
48370
23318
6187
45863
48437
jizz
1213
jizz
jizz
34487
688
18253
jizz
jizz
4471
jizz
jizz
39068
7231
17116
14435
jizz
jizz
jizz
47990
jizz
jizz
26566
25126
37853
20803
jizz
jizz
41554
jizz
46456
11482
34132
jizz
38413
27403
jizz
43658
jizz
jizz
jizz
42905
jizz
jizz
19489
jizz
jizz
29810
jizz
28279
27472
jizz
27862
25012
jizz
25652
46213
jizz
jizz
11863
5890
38846
17723
10442
jizz
40316
22420
29146
22825
jizz
48554
jizz
jizz
27010
jizz
19913
41057
jizz
41047
25180
jizz
jizz
43364
12367
jizz
38414
43030
jizz
jizz
jizz
16916
11564
24260
18269
jizz
17729
39593
48806
jizz
20573
27088
47078
36307
44212
jizz
jizz
49282
19009
17359
45668
17959
46487
44437
jizz
jizz
45119
28040
jizz
jizz
27062
36695
jizz
29689
jizz
35006
35735
17434
7435
38635
26933
jizz
12055
13954
jizz
29078
jizz
jizz
19195
27691
28370
18272
8023
13258
40169
jizz
jizz
24463
29759
jizz
3971
47665
26476
jizz
jizz
jizz
17309
12773
11369
20845
jizz
24856
jizz
11674
2005
14296
jizz
18578
jizz
jizz
46568
jizz
43193
2642
35930
jizz
44731
jizz
31883
jizz
25649
jizz
44146
33988
jizz
26719
jizz
38626
38197
6089
jizz
41266
jizz
20494
41494
44395
39241
42377
38024
jizz
jizz
8743
jizz
24095
jizz
jizz
jizz
31994
42869
21388
31040
15518
38957
45073
65
jizz
45449
jizz
49357
44108
jizz
43658
12356
10826
14252
jizz
26306
17590
42878
19250
jizz
2027
30740
24761
24826
7732
jizz
jizz
23701
jizz
jizz
18220
1115
12779
45208
40940
47872
17840
8351
23746
jizz
jizz
25532
6550
24985
40652
35993
20135
27937
19627
jizz
jizz
jizz
238
24391
8014
jizz
43889
jizz
jizz
9523
jizz
46121
13265
13660
7070
jizz
8747
jizz
jizz
38059
jizz
12383
jizz
1168
43679
6245
47699
16796
44594
46574
jizz
38674
jizz
22025
36557
jizz
jizz
26218
17222
21460
48089
jizz
5989
jizz
44414
jizz
20770
jizz
jizz
10057
40562
34469
jizz
jizz
jizz
557
jizz
28934
jizz
9875
jizz
jizz
jizz
38648
jizz
3118
18626
jizz
jizz
jizz
jizz
29303
jizz
11849
33403
39440
jizz
jizz
48971
jizz
jizz
4903
jizz
32180
48836
21775
34333
1169
13370
36973
29864
jizz
49051
13280
1159
43913
12475
jizz
jizz
jizz
15392
31811
47054
15383
48092
8872
jizz
jizz
33877
13415
26807
jizz
38815
7523
17318
11030
14603
jizz
40906
2024
3920
43256
44605
28559
jizz
jizz
9314
jizz
1240
jizz
11645
48028
26167
41573
24052
38600
jizz
jizz
jizz
650
2779
jizz
2311
13114
5899
27514
14732
jizz
12089
25973
27257
45307
jizz
jizz
jizz
10306
45478
jizz
42917
44843
jizz
14941
30355
23150
7211
25934
30275
jizz
36772
jizz
36679
jizz
jizz
jizz
jizz
jizz
15451
17051
jizz
85
jizz
27085
13451
jizz
jizz
17123
48010
29395
37285
jizz
jizz
15779
jizz
4312
43925
42650
jizz
24271
jizz
25721
jizz
2665
40723
jizz
22403
18985
23423
27418
28219
29609
46196
32219
jizz
23890
jizz
13445
1097
25399
19838
jizz
22339
35468
33841
1292
jizz
12845
24748
5626
20507
jizz
21061
33034
42793
jizz
jizz
46157
jizz
jizz
48920
48187
jizz
36904
27283
37076
40972
36956
jizz
42871
jizz
33899
jizz
jizz
jizz
14909
45091
46972
6508
32461
21205
1900
21817
jizz
32134
jizz
jizz
jizz
24715
jizz
jizz
26071
jizz
3875
36454
14210
22660
jizz
28040
jizz
15896
jizz
34717
37918
3497
34547
jizz
jizz
1117
jizz
20911
jizz
788
16859
jizz
5728
jizz
14201
jizz
37418
33307
jizz
39877
jizz
14233
38717
jizz
jizz
jizz
43924
jizz
jizz
16151
