26464
17419
17497
14768
jizz
29408
36527
7244
jizz
24368
17055
3512
35352
5317
15882
jizz
24685
jizz
7659
8319
36277
7340
17256
2952
3285
9090
34588
jizz
27025
23619
13420
27467
3113
2700
12405
5451
32134
jizz
12911
jizz
jizz
21877
38603
jizz
jizz
14169
jizz
13023
22877
23622
28898
8938
10925
38482
34661
34414
19052
9969
jizz
9493
28162
10991
22255
24358
1676
16563
14692
jizz
22529
35073
5473
33066
18575
25630
1868
12539
32803
23811
34823
jizz
jizz
30553
33452
jizz
6966
36713
jizz
22191
jizz
14211
20192
19828
14313
3252
19231
22441
19625
20571
17252
19996
jizz
2739
2829
27296
jizz
jizz
32894
5596
24573
1167
30336
24566
20887
36299
36748
29572
14293
30683
17655
2428
27756
13431
14638
35779
10391
3439
jizz
jizz
jizz
26102
27903
7695
15653
13248
1305
33346
jizz
30
jizz
30713
jizz
jizz
jizz
664
jizz
27036
jizz
36377
4645
35127
20021
7270
23797
26330
38025
22094
17359
jizz
jizz
13030
17686
jizz
39092
32770
32491
36710
31198
27313
14145
18066
32386
8770
8273
5538
21653
26717
jizz
10289
591
2610
jizz
17270
jizz
9619
jizz
16594
35633
20919
6106
20134
17958
18831
37873
28857
jizz
11640
36574
15735
32679
11143
15033
10670
36850
jizz
6768
jizz
35524
15388
30608
25437
17151
9829
1899
30729
16096
24226
jizz
30792
7852
jizz
jizz
4868
739
1489
18423
20001
38271
39068
jizz
6127
17574
jizz
12154
jizz
jizz
33277
14082
34355
22056
27656
31134
jizz
1784
15182
jizz
jizz
19272
jizz
28582
jizz
26912
22462
33329
14576
30334
38751
13032
6912
28093
19659
35136
28817
22541
jizz
29748
5994
8642
10992
jizz
jizz
jizz
jizz
11010
jizz
131
1518
9693
2029
28024
29205
5167
jizz
jizz
21459
22927
27011
3034
34703
33567
8756
24489
5777
jizz
18168
2364
30231
330
5571
jizz
jizz
21991
33347
17686
jizz
17191
25048
jizz
1543
24716
32510
35468
29236
16846
1230
21391
16125
jizz
jizz
21747
17788
32716
15950
jizz
37794
8362
jizz
jizz
36441
8402
1954
23040
23194
jizz
13078
15934
24383
4563
jizz
jizz
6442
5988
jizz
jizz
22040
jizz
16510
jizz
30383
11811
32330
21907
8354
37493
jizz
5437
38398
31677
jizz
11171
3992
37916
11716
jizz
10635
11742
37006
2666
21321
37161
7382
jizz
28289
4009
32675
30629
20283
34320
jizz
37783
21470
7640
30475
32715
jizz
9704
12464
33021
13726
24842
28204
jizz
13907
24554
19407
22889
8259
24383
37990
39150
jizz
jizz
28431
922
jizz
5675
6871
10088
37509
30794
1864
jizz
3391
29346
36927
jizz
37103
36357
10796
jizz
30094
22331
27882
20262
25778
39078
28704
9302
jizz
28359
11542
25927
396
23487
jizz
8433
26372
18673
8598
26848
11055
34516
20544
37033
jizz
jizz
15
34955
19024
jizz
18554
35276
16486
18646
jizz
3168
4051
841
25457
23748
27239
jizz
304
jizz
36733
26581
17418
30446
32778
1404
3389
13393
jizz
26321
5913
32514
jizz
1665
25523
38328
4548
35514
jizz
2490
7972
3786
24964
28110
26709
24117
19636
jizz
31557
6410
14767
jizz
jizz
16007
4064
32397
12244
698
25189
jizz
jizz
11869
28089
20813
14612
5378
36668
32331
31317
9738
17637
18129
5738
474
3901
12205
7843
jizz
15952
11692
4808
36945
3800
37385
28247
32636
16313
16001
8334
jizz
jizz
237
35181
27588
31672
18387
30327
jizz
jizz
225
2155
31814
jizz
36443
15941
29034
5554
25150
13155
15444
jizz
13861
23050
21803
11005
11563
10076
29821
jizz
jizz
4178
3380
21374
jizz
39325
23644
22958
39115
29955
11601
31880
13250
jizz
9585
129
31232
3497
jizz
jizz
jizz
26351
11240
31806
17981
33273
11749
13500
3982
29436
1803
26916
38637
22417
3750
jizz
jizz
30193
39266
24490
jizz
19060
29135
jizz
38967
18096
30153
15672
9160
6617
17235
23260
17695
24039
35760
16705
19212
30019
16630
28024
37078
29185
37589
10586
21170
35684
22667
15594
jizz
12221
8640
24053
jizz
23122
33317
19520
jizz
9314
12681
25783
12610
24513
1919
15182
30750
27570
21864
9743
22241
20319
24635
31653
jizz
7872
20231
6257
5679
25591
8685
5570
8222
12731
31478
jizz
8859
20358
jizz
31840
12583
4574
21248
7788
jizz
38288
32679
18328
jizz
jizz
34086
1402
21747
26790
1144
11888
jizz
21064
jizz
37222
27408
jizz
34616
9449
jizz
12734
36429
jizz
jizz
15329
18204
12685
31855
5289
jizz
jizz
26828
jizz
9139
30939
33104
14849
446
jizz
36009
9106
jizz
jizz
15924
32328
22482
27150
31035
20113
2929
8445
jizz
4712
jizz
13051
29553
25604
2269
3378
jizz
4009
19568
23445
jizz
jizz
12108
38750
jizz
746
4038
22745
1227
25610
18923
10126
jizz
15223
12554
1712
23455
23886
37895
26120
8545
jizz
9876
30784
26744
jizz
14306
37462
36287
25317
32075
32274
jizz
22990
28276
3340
32790
1444
29026
18566
33165
37103
23
8193
31925
21576
3919
jizz
22895
11147
14118
13182
37739
22629
jizz
7384
6990
22131
35128
7355
3243
10134
14989
jizz
12108
32471
31604
jizz
jizz
3534
2699
30560
37419
9558
35046
12207
38422
4337
35732
jizz
29047
31275
12967
29660
11447
35255
jizz
5282
8660
jizz
36867
21956
33179
4644
26256
jizz
jizz
5176
jizz
35319
7778
27441
12746
8656
4128
5002
jizz
1878
jizz
3275
21571
jizz
10338
32729
37550
jizz
29137
14610
30419
15236
16367
31546
jizz
38310
jizz
21324
37711
20649
6207
jizz
35011
11969
12238
26287
34059
5374
15665
36252
34960
jizz
19998
8674
15108
181
29224
jizz
28111
21527
jizz
34581
jizz
38229
11763
29802
33164
jizz
25492
32848
14380
24733
10337
5274
16906
23122
15982
1448
jizz
27043
7512
7321
14825
11295
15437
9620
38917
20970
14033
22634
6264
jizz
10249
jizz
7557
3687
35773
10156
jizz
2218
36544
jizz
28528
9815
25677
5625
1332
32754
28474
20448
34950
22153
27065
25703
10940
32890
25965
jizz
7426
4999
jizz
11139
2316
34505
jizz
4252
34841
jizz
20085
jizz
20011
8516
24967
14103
27135
6492
jizz
jizz
18971
30064
7003
22055
35499
6396
32058
jizz
jizz
17797
24079
35729
1450
33990
32990
37641
21874
10649
27037
7268
8780
15356
3046
5625
8326
18315
3098
jizz
17056
7065
4248
26899
jizz
19780
jizz
jizz
19578
jizz
16803
7790
19588
13541
12514
12408
16070
11909
10226
11740
jizz
6956
21458
11276
18688
33987
4703
11197
16846
39296
12141
27470
jizz
9343
34891
jizz
26470
9696
jizz
jizz
jizz
jizz
4059
18145
jizz
22690
16253
20397
jizz
jizz
14956
28965
jizz
jizz
37970
jizz
9354
3797
jizz
37022
jizz
35926
jizz
jizz
11260
21907
29003
20644
21662
36076
20583
36158
32778
2488
34404
3688
7278
4072
31105
8965
35863
27869
20648
jizz
jizz
36371
30273
26167
20535
33307
12786
jizz
12073
jizz
22058
jizz
274
24887
23063
8285
25236
9628
jizz
24869
jizz
27626
12097
jizz
1308
jizz
22118
5073
jizz
842
18271
31090
5570
33561
12216
26297
jizz
16676
9790
21639
jizz
jizz
jizz
jizz
5052
34865
jizz
jizz
8933
11838
jizz
14090
jizz
28634
20591
9837
jizz
16089
jizz
jizz
27989
jizz
jizz
21914
2591
24182
34712
2495
jizz
jizz
31662
38496
jizz
8717
6345
36469
jizz
18051
17070
20478
jizz
36891
35571
9542
20805
24424
6950
20560
3328
14291
jizz
jizz
21187
25132
jizz
17224
jizz
8557
24215
jizz
jizz
21380
29398
8663
18926
jizz
21614
9232
29298
4135
26342
7996
36696
jizz
8528
12045
16042
4925
32286
26946
24033
35825
38763
21087
12226
15231
31341
2697
19154
23318
jizz
jizz
jizz
jizz
13899
jizz
29466
28912
jizz
22363
32628
20439
jizz
11163
14542
35680
25332
7437
jizz
28405
jizz
35516
10799
18821
23040
jizz
16833
39191
20236
26970
29796
13452
29493
6263
35093
20170
1363
38744
249
jizz
22656
34224
jizz
29996
jizz
9084
14806
31006
32246
jizz
38594
jizz
15730
16858
jizz
24699
1537
7348
jizz
27711
jizz
9935
20302
14474
8539
7376
14752
3744
6488
11616
31747
31636
19169
16171
jizz
jizz
jizz
27614
jizz
11327
9827
27835
jizz
jizz
13235
35713
jizz
jizz
jizz
jizz
25800
31342
9017
jizz
13631
24728
20506
jizz
17982
32570
7149
11448
22013
6980
27277
7444
13252
6037
36182
13168
31973
3041
22171
26141
10170
9617
jizz
18692
27066
33192
28316
16532
8270
jizz
jizz
30615
37577
17520
jizz
16645
227
24166
23971
2427
jizz
10562
28523
30244
34495
26413
1945
33934
14341
jizz
jizz
jizz
jizz
464
jizz
8948
37560
9000
22089
33920
156
30845
jizz
28236
1906
jizz
3565
13868
14796
38644
10463
15786
jizz
18764
4687
jizz
10867
19386
jizz
14673
jizz
jizz
21839
28585
11751
15304
18426
jizz
5580
8896
jizz
jizz
29105
7262
22723
jizz
32048
30734
jizz
17511
34828
16322
7148
9097
1251
38397
2075
16431
18113
jizz
26086
3069
14976
5374
17081
37117
25824
36658
27836
35260
32885
11201
18897
18556
31340
18436
jizz
16203
jizz
31986
37955
jizz
23295
jizz
35807
jizz
9970
24053
jizz
27800
jizz
21353
jizz
29870
15940
14398
3449
12799
32491
jizz
jizz
13805
35664
jizz
jizz
5630
838
35199
13847
27386
28743
7240
35153
jizz
jizz
7674
jizz
25219
jizz
18502
32400
5308
16523
jizz
36977
21185
jizz
34914
20513
11624
29027
3042
14925
5160
25978
18841
7360
17128
23197
19361
21801
5426
jizz
37427
32227
23848
19025
6208
282
14417
19921
18505
24705
22461
10890
14500
7699
25297
38748
jizz
20798
2575
jizz
19017
18966
jizz
2790
jizz
21820
3266
29088
10389
24328
3454
21051
22515
3398
15689
jizz
11836
10068
36059
jizz
18976
15592
33070
19098
7232
34945
23218
18483
31704
35839
25456
6316
16872
9672
32176
11899
28376
jizz
29712
710
1815
11881
13674
7726
22374
15937
23728
33536
31916
3119
7913
4876
2328
9047
jizz
12511
34688
7937
7148
24944
11558
24777
16217
1665
13346
2015
5875
30773
15921
14727
20581
28474
31886
20561
6231
14746
38382
6546
895
jizz
jizz
jizz
14011
jizz
8298
27451
32689
34452
23304
jizz
jizz
1660
jizz
11911
37524
26632
16810
4034
33025
1368
32279
14541
37881
33715
6126
14746
16725
jizz
24172
28340
37472
16526
28552
29081
18644
28235
24844
jizz
26584
jizz
18966
26976
26022
15356
36252
jizz
4064
21296
22531
39166
5727
jizz
13878
jizz
jizz
38789
jizz
2043
15131
26451
4184
3792
jizz
25985
13878
jizz
39111
15052
27627
20291
26071
jizz
23252
jizz
37486
33043
17246
9848
9533
jizz
jizz
jizz
jizz
jizz
4174
8685
29499
22539
21449
8851
1371
3582
12023
36522
jizz
31828
24891
jizz
17532
26660
18933
29854
30880
jizz
401
1184
18579
jizz
12680
37753
jizz
jizz
jizz
36955
36774
31845
12696
7388
20736
566
27184
21472
4360
36553
jizz
26361
jizz
34875
33301
11692
36417
20539
19868
11192
23886
2981
39335
21004
8318
jizz
1875
5896
29345
jizz
19762
17774
27214
jizz
11955
jizz
26466
jizz
jizz
31660
8486
7134
37083
23748
22132
20467
jizz
29517
12318
36706
21694
jizz
34803
jizz
27946
23087
29077
35312
29252
jizz
10926
jizz
2589
11446
jizz
20058
2795
9943
jizz
jizz
36749
11771
9577
29758
jizz
2711
24635
4691
34962
963
jizz
18702
27528
jizz
29111
32290
6767
18611
36786
16749
jizz
24092
31383
jizz
11535
15310
30332
jizz
31792
28678
jizz
25202
19844
jizz
1675
23694
2335
jizz
17970
11195
33275
jizz
4346
34506
32805
jizz
jizz
jizz
jizz
34299
412
31568
jizz
8335
jizz
jizz
14333
3768
29816
18759
jizz
jizz
jizz
4973
27448
jizz
5834
9213
33059
23106
jizz
31105
18807
19015
jizz
37724
36405
jizz
21571
14561
16005
17061
3735
jizz
36979
36130
37915
27249
jizz
25553
37785
1774
23491
30015
32688
17351
28375
27116
19240
37119
25863
37997
jizz
2484
31313
24861
37981
10240
26688
jizz
jizz
27722
34296
jizz
15339
3853
36235
27243
7488
2967
33092
10840
15333
10305
38263
13978
36126
26157
17142
jizz
8818
30018
4107
jizz
26121
jizz
31028
jizz
30952
25286
16880
17904
jizz
jizz
10751
jizz
5895
32246
15374
13368
jizz
22243
10888
36454
37164
4646
jizz
25896
31733
6743
21540
jizz
3949
29332
36416
21398
9742
25185
38663
jizz
jizz
6149
27443
5582
39106
jizz
jizz
jizz
jizz
25275
37641
20702
11013
jizz
25519
6036
jizz
2626
950
18265
5356
25106
32600
2173
20821
3056
5813
23292
10092
14659
17260
34849
4449
26301
jizz
22088
20430
37112
34872
jizz
18772
33850
37311
35892
34954
5961
433
18043
8758
27933
29681
jizz
11481
5853
jizz
jizz
15779
24312
jizz
8496
29815
jizz
39223
jizz
33595
21967
10610
17599
5200
3824
10196
6963
22430
jizz
33400
20554
4885
32955
jizz
4048
jizz
20551
23740
jizz
35113
jizz
39077
19454
13548
37027
15026
22245
18997
jizz
36950
9175
17571
jizz
jizz
24876
jizz
28141
12396
34588
20564
34705
jizz
22357
5910
jizz
39322
30091
11773
jizz
18058
35674
10145
21934
13045
5210
394
36768
27012
27870
34439
27964
34256
36220
18451
34190
20360
jizz
jizz
13234
8185
24804
6940
10020
jizz
142
18145
17530
jizz
33370
20514
10713
10614
25516
1875
11261
jizz
jizz
22864
28760
17553
jizz
12200
37038
445
14418
23325
5130
14958
3665
12659
12946
32364
20576
jizz
2001
33356
20023
32149
14691
20816
6719
30057
6226
5917
7584
23921
jizz
jizz
13155
8378
38044
20242
5267
22426
15150
12732
37234
29740
32526
jizz
35769
30713
27380
jizz
jizz
18842
jizz
27765
7415
29686
9717
36374
27597
jizz
5960
21342
jizz
jizz
27613
12931
15728
21555
jizz
jizz
39133
3518
17741
15340
jizz
18825
31774
25141
28652
37134
jizz
314
26602
21958
jizz
29723
jizz
jizz
30293
jizz
jizz
jizz
29035
35576
1753
2916
6077
25250
33037
26139
jizz
22062
28530
33251
22123
jizz
16113
29157
18892
31758
29906
24179
23686
18730
38908
35163
jizz
22084
11702
20336
37031
jizz
29136
3797
jizz
10443
24068
35772
jizz
28201
21997
11898
32807
4440
34523
23185
29215
18813
6053
24366
35274
23942
21416
15947
jizz
2657
729
13129
12687
13309
9977
jizz
jizz
19309
29032
jizz
21992
7872
5594
36019
5109
jizz
22513
19389
24767
3629
jizz
20668
36552
jizz
20962
10670
5466
15573
20903
24134
21514
10180
jizz
1244
8630
9241
5200
jizz
30390
6935
jizz
jizz
1146
27985
33958
jizz
jizz
17217
31925
jizz
36072
jizz
35415
26580
jizz
15852
38796
jizz
6416
28995
10991
27687
27107
jizz
31989
jizz
22937
14655
37395
34215
31072
22731
32188
21780
16102
13388
17081
32726
35520
7883
2560
21123
3869
36056
20779
16883
jizz
8291
20886
11191
23421
jizz
36045
jizz
28874
31755
jizz
1835
23368
8175
24625
30816
22872
11238
20049
25756
38741
13296
jizz
13581
38603
24614
23224
22978
17963
5930
34998
22509
37475
35850
jizz
18771
37095
13065
35418
36060
7486
6990
9472
300
13933
29301
8272
38873
28253
6765
26177
jizz
jizz
21748
jizz
jizz
jizz
4993
24142
1009
37508
37619
38034
10131
38330
14758
24771
jizz
jizz
37812
22777
jizz
3041
13117
26424
14197
11506
25990
1837
20364
30543
17795
jizz
7264
28320
jizz
12664
3532
29182
34364
7822
38293
23096
36487
12241
2538
1529
jizz
39369
23871
9237
jizz
36233
6584
29213
7416
14061
38800
jizz
18511
20253
6339
32812
jizz
11979
19521
1446
jizz
4048
2095
jizz
38434
1276
15335
6458
2781
28363
23155
13520
jizz
2777
8427
25512
39056
35388
8068
24757
19135
10291
8947
12225
18400
12900
15994
13829
38478
1842
2307
15685
10016
23008
34341
20952
33608
20709
12790
jizz
29482
3916
32828
24571
jizz
jizz
31099
jizz
8142
34679
jizz
13411
5963
4019
18668
jizz
jizz
35134
2370
16259
12031
38690
39188
37293
jizz
14271
11748
16707
jizz
jizz
30165
jizz
37827
21141
33559
23474
32145
23973
14888
34210
9993
32047
27131
6901
9063
jizz
jizz
13210
8713
39254
20592
30768
39164
22025
38044
36131
16073
jizz
jizz
26483
24716
27096
jizz
15209
jizz
14558
20319
36597
6079
jizz
20817
15773
jizz
31079
jizz
29968
jizz
22840
3786
jizz
24967
jizz
37713
28292
13416
18720
3118
jizz
36255
4397
9068
jizz
7515
29384
jizz
9201
30998
16962
13360
2190
11002
36854
38690
32148
250
22783
12664
35121
jizz
2792
26666
jizz
19217
2789
18055
1716
jizz
9215
19238
12113
jizz
14125
21683
jizz
26615
36163
18167
13952
jizz
36961
29831
8810
32149
jizz
9780
jizz
17896
10284
28736
14256
38540
26360
36600
27541
29532
31028
29720
19668
jizz
8648
29244
2470
38812
6498
jizz
12737
jizz
11566
5886
7387
6281
21257
35659
10922
jizz
6527
1227
jizz
5008
3442
20616
jizz
31893
jizz
5756
jizz
jizz
22681
27571
8238
32261
jizz
14958
34437
6457
2446
25353
19153
jizz
35283
39143
jizz
18311
jizz
12741
35400
1346
7636
3982
3853
11873
jizz
16469
1747
20345
12091
27341
20278
jizz
jizz
13506
6491
17317
21773
jizz
15517
18232
19322
16132
1300
33692
jizz
33687
19455
3033
jizz
17537
22672
jizz
22024
34276
24536
34428
10621
30129
864
jizz
31177
31942
22046
jizz
19616
1193
20098
29670
24389
22832
jizz
19577
17946
37718
jizz
jizz
27968
27798
3438
32378
39135
30433
31128
33119
36151
29702
8545
29441
34355
4307
15278
36181
38779
jizz
443
11573
33718
jizz
6266
jizz
jizz
34080
29797
jizz
26450
jizz
39028
1916
31666
4226
16174
15193
31028
3984
25168
12140
24936
17067
14844
11435
jizz
38991
22501
36286
jizz
9361
21725
38820
18135
9830
38705
14101
jizz
jizz
23697
17622
jizz
29486
3917
7349
19037
jizz
5001
3303
7641
15126
4961
8276
6725
28760
23454
32348
11994
10417
jizz
10662
17574
23636
28205
5385
jizz
14131
jizz
11010
30546
33494
7331
29026
20919
7605
13187
31222
6385
33419
30104
4761
14829
8837
6821
5931
19949
5109
18855
jizz
1091
4140
28115
3959
33751
29305
28936
21010
2479
11405
4439
30439
jizz
27915
jizz
jizz
30335
7492
24657
23617
18167
32363
jizz
31767
jizz
5682
14393
10186
5506
1033
247
4699
9514
15116
17463
38079
35267
17826
22242
15509
37340
20437
jizz
4372
jizz
30694
1517
30556
2642
jizz
34158
16537
jizz
jizz
22137
22770
29125
2267
7129
4142
29222
25475
18199
3623
17905
2539
jizz
6108
38596
jizz
34155
11625
13009
jizz
15597
17467
35562
27232
17963
35214
9250
jizz
13194
38049
jizz
26713
jizz
6505
17823
5027
28447
10246
1383
jizz
8207
23937
7996
3116
28332
24198
25712
28114
29086
13564
22639
28661
jizz
11986
330
3219
jizz
11993
21305
17880
36541
37518
20878
21482
37035
15122
38002
9892
4430
8425
33146
22693
jizz
10641
25293
31273
2917
jizz
9379
31293
jizz
2969
jizz
jizz
28489
11636
1509
27333
5959
37167
jizz
35485
19319
9781
34018
38205
36146
14765
35585
jizz
24592
9347
17921
19728
12127
22767
jizz
37339
32554
27561
12910
17026
21779
13227
10544
jizz
20458
13364
32189
14629
17828
36713
36837
34297
730
551
21089
5419
475
jizz
12575
13859
2188
1875
14164
23747
34180
36816
37818
13094
17030
8838
36979
4902
2063
jizz
37172
jizz
11854
7541
30397
37543
22615
1257
30068
8220
10375
21016
jizz
24632
37141
19877
985
5925
19728
34737
1650
jizz
29984
36591
jizz
28443
12093
12388
5494
37833
12820
3895
jizz
25162
19083
7173
1362
8523
4502
23669
31026
29630
8571
jizz
jizz
25854
38842
18073
24744
3075
2911
22070
13147
17704
23283
1236
31590
35384
30621
jizz
jizz
33347
37512
14555
3750
12051
34467
8292
8446
33365
13816
24942
38676
34669
jizz
1443
29305
25420
27490
17468
jizz
31012
24370
1420
jizz
14442
jizz
jizz
19475
5228
485
32562
16476
35195
22671
36301
3898
jizz
2077
26477
jizz
33525
17984
5227
3841
37676
30643
22837
3792
12193
12998
239
jizz
8957
18730
9403
24162
26604
2472
jizz
9300
5018
jizz
36245
35512
33867
18488
39120
10208
19867
30451
27124
25268
21596
12182
12238
33842
38559
27847
jizz
jizz
33563
35848
5014
13002
32819
3141
33249
7261
7113
8139
35930
26895
31005
26790
jizz
24751
39356
33297
5793
4647
34570
jizz
32744
35311
15814
25040
23277
36661
jizz
13682
24785
7930
9983
39050
23649
14234
jizz
jizz
37524
22549
jizz
5517
jizz
21282
jizz
39099
20361
2307
31299
25560
28046
jizz
21239
8042
25846
7839
jizz
5584
jizz
1555
22725
jizz
25100
2713
36636
35362
30482
30466
jizz
13927
11692
25063
31413
20945
31315
29748
4251
35131
jizz
14876
27355
25600
11320
31023
2767
jizz
jizz
jizz
26983
2143
23225
33969
34402
13824
jizz
jizz
jizz
1852
jizz
jizz
1991
28094
8010
37626
28485
15269
jizz
9796
10110
jizz
32083
15193
jizz
24058
27205
33479
16924
30624
18680
jizz
37350
25507
6
33309
20197
35460
6616
12353
30816
jizz
26301
37854
19605
38677
31389
16351
20992
19583
jizz
24666
jizz
11909
22674
34737
27826
11094
jizz
5388
20087
29411
27147
27031
22165
6773
19560
37540
26559
21121
32117
13341
35841
9060
10441
12416
12905
15857
12130
jizz
26613
20169
3229
1772
jizz
5519
jizz
jizz
19967
34870
39024
8359
jizz
17358
21241
30375
17502
jizz
2734
10588
13091
4976
28646
18121
21482
jizz
2859
17865
jizz
13459
12029
24540
14631
12650
26517
35603
37481
7257
29630
jizz
18677
15943
21979
36711
30691
4517
26094
1329
jizz
23397
3497
jizz
jizz
3937
15998
7121
13169
26168
6170
22662
38246
jizz
15359
18330
9902
34672
30750
1839
jizz
18384
8102
38435
893
21479
35302
321
8013
174
5478
27168
jizz
21480
13480
jizz
jizz
jizz
jizz
15653
22551
28810
7799
37378
jizz
37769
20766
31329
453
jizz
21303
34764
35681
14498
jizz
37658
20280
27478
30206
12069
12375
jizz
22013
22461
36472
jizz
38015
21937
jizz
34421
14079
34278
11596
13036
jizz
22030
1542
jizz
24739
jizz
2789
jizz
12200
jizz
23867
30902
35720
7521
jizz
31487
28782
4017
33856
12584
6215
38431
jizz
24462
18349
3764
988
jizz
8201
4091
999
36998
33399
24674
31729
30799
jizz
jizz
3361
22828
26247
jizz
31228
17230
16362
2647
12314
23671
7723
2739
2372
31155
5150
29355
6529
8068
34521
8060
18395
20239
35943
4958
jizz
32712
19583
28736
jizz
8550
27873
10973
29537
jizz
36367
23005
10732
30981
34737
32323
26466
jizz
31112
9505
1501
4283
35783
16250
6297
33223
jizz
23278
29471
jizz
jizz
12981
28537
jizz
14571
15964
18765
jizz
21741
20815
33260
25225
18187
23588
6997
34743
12294
22485
16761
2921
4042
12881
jizz
33678
jizz
jizz
34249
7199
22679
29294
21725
8657
24231
30305
jizz
29371
22090
36699
17992
9574
38349
1591
24572
jizz
12706
27480
jizz
19169
9652
32791
jizz
22565
16712
jizz
1912
4448
jizz
23474
14254
27427
18310
20208
28608
jizz
1905
5854
10680
23957
23620
jizz
13534
582
15067
jizz
21842
23850
31572
23923
jizz
29443
32091
31250
24371
1006
9235
28503
30844
38069
15548
jizz
jizz
37813
16799
31299
28834
37008
22446
17477
9631
37154
31041
22182
jizz
36343
10090
jizz
39104
10119
26064
jizz
27543
36030
jizz
36101
2302
28879
34687
6611
12225
jizz
7199
1906
16431
35984
13295
9992
7699
32539
3656
17478
30650
30046
33276
18303
7949
28605
11799
38244
16802
31998
24992
14274
jizz
1499
jizz
jizz
8957
20717
33282
25495
26713
jizz
jizz
22824
jizz
37834
jizz
2600
10561
16243
20795
37830
jizz
11057
jizz
38690
17494
26746
274
16904
36520
jizz
33984
20892
35873
15016
489
4079
24986
jizz
jizz
4880
13057
jizz
23297
23559
22164
jizz
34049
24608
17809
34506
18460
37971
5128
20660
38299
11952
10652
22840
28687
2050
39367
1927
458
3735
37258
19359
jizz
jizz
12263
30503
jizz
jizz
12804
14109
28550
21421
2022
14164
jizz
jizz
33807
659
jizz
22359
23691
37971
23685
4805
6654
4827
6917
38491
36641
16922
7619
28925
4737
jizz
34175
11686
20845
31754
28348
29377
28388
jizz
2098
jizz
21744
15103
20064
1192
18162
30866
13970
12865
19069
29124
jizz
29244
39108
jizz
12826
28307
17798
jizz
jizz
jizz
jizz
20866
417
33408
8649
2846
jizz
11842
33491
11323
17438
5490
21545
31118
2250
36209
14006
jizz
34312
jizz
10691
16174
28688
31125
28589
jizz
37885
28158
jizz
3951
39027
15966
7254
26309
4451
25920
32349
18588
jizz
21615
15574
34029
jizz
13364
35670
24937
jizz
12339
17876
jizz
5293
jizz
37167
jizz
30997
24863
jizz
14575
25093
17637
17314
33119
jizz
37809
10176
39285
jizz
35146
jizz
23692
15094
jizz
32539
21269
18925
12976
31085
27865
8297
30907
jizz
36656
25094
21643
18094
23397
32218
jizz
35657
30741
33144
19487
jizz
7912
10943
17627
25944
5176
3046
jizz
35775
36654
921
jizz
jizz
1951
8096
38285
21446
3228
jizz
9096
33330
15455
39108
32876
jizz
1910
4729
jizz
9490
31152
39101
19784
37355
35052
29713
jizz
22934
25008
35514
17208
35124
4978
jizz
4934
9999
13239
8172
jizz
jizz
9493
37697
10611
27039
17882
25828
36466
13465
23916
33378
jizz
29216
473
13843
13703
6438
22020
38802
37288
311
22130
3481
12972
33070
27169
jizz
23006
23882
36528
jizz
36688
30826
32757
35251
8618
8562
14549
24911
28690
jizz
jizz
jizz
7713
2955
18747
36709
21551
33000
22619
33006
25077
1319
22243
8376
jizz
25826
20648
jizz
19143
jizz
12335
jizz
jizz
29961
jizz
3368
jizz
9407
34106
8186
10884
