2905703
1217809
6230848
4892860
699592
5109362
114983
3393580
3637185
421153
341420
4341028
427767
2053764
5790058
5931915
6538759
4295971
166082
4889971
6503868
156621
793391
65974
1201502
560671
5761238
5481838
5953650
2186329
4757015
4596423
3763375
906919
2699581
3352747
2954334
3181859
6491186
6198668
5040434
362372
2769567
1583983
6561452
6023795
6145907
4143878
2360616
5381395
212049
5864872
4489336
2466282
3949162
5809577
2927736
1527389
4504944
3876699
738801
3258900
4844127
2219093
1621068
4730359
676855
6380178
5643092
719896
5672921
3811059
1159393
5130642
2106643
3456743
1835947
1541895
1050514
317714
1931032
1875479
5082761
3171355
2987767
4683700
5693755
5460547
3275322
5636556
1579891
1977328
3625986
3914786
4646602
6217072
2512655
5757138
6534150
2160846
6615925
1809040
3770441
2841442
636351
3894978
6234382
2481848
311416
503192
6036104
2092952
1979205
3955749
1853917
365964
799368
4628376
58396
5676945
3704658
3891782
4764897
857027
4785170
6258054
4694175
6289056
1833018
2832728
1992453
6089780
2379511
2657574
4820222
1812431
5138367
6293284
656898
414890
3164811
947612
6186451
1846609
6130284
2755274
2657240
207759
2015477
3576064
3588545
4327058
2659224
1325284
2874048
5113805
5245312
2433885
5635671
3829102
6091350
4216987
3299737
6245165
4430992
6026923
4349312
407079
2858037
1640257
798477
3283723
3336944
1030893
6612698
792459
2889244
1067965
6518367
1850104
3980152
3903119
822198
1774388
3448235
6010263
3566022
497108
5386057
849680
3176872
829550
5361074
541337
2961439
6145544
1775164
2707918
4630598
5669859
4973330
3648038
5953166
1986325
4637343
715694
3787597
4917585
1391345
5751429
1223293
3823250
50416
6601244
5000881
359186
2652003
3164585
375759
5862326
1323106
3026216
2615
3413312
6379076
2041960
3367255
1712894
989367
1917568
1871709
1986762
2599268
6153025
674979
1133539
2521259
3263757
1608436
5977204
6158738
1184222
5357755
5569005
4721266
4692677
3363125
6288081
5796247
6380296
3694990
6207819
1611519
1721307
6413664
708476
150377
2965294
4198175
4734179
777187
4582497
4292848
4182889
2488184
1362720
1312572
595676
5391392
835767
2938977
3538297
4190354
4618852
5070317
1004116
1430068
5374052
2356188
1381377
4802429
6079490
1581038
417083
3050526
1183099
4275217
1971850
1944981
2478073
2490541
4829156
3815351
795850
3121845
5489219
2868405
3435353
5760346
770435
1295384
3826269
1003494
3162783
3360521
2725675
3801229
1030451
3044277
6484156
1650721
2656851
2717628
3540708
5965555
3114039
4264771
1824393
5669300
885761
5517664
5925882
3795213
2155478
467805
89750
4997261
664120
2163894
4151425
2551855
2339176
3198399
6254711
35817
4395994
6551793
2643833
4515266
6624318
1149897
2787907
5187917
1634675
6324803
1856738
855244
1533084
2829687
1078429
4147763
82988
5373125
6172419
1791229
332676
21083
1572498
4773874
5720807
2738387
3708325
1937434
5036762
566032
554930
606067
6424929
2270688
2178429
2215061
1964184
1369527
1181857
5571404
5018634
5440161
2777940
367695
6427206
3469849
6111930
3369148
5185590
3443076
1321340
5192499
1788295
6485963
3628853
182107
5102350
3040594
5590253
3503543
3075519
2606658
1468866
3463997
1280835
820102
375930
4932961
6495178
5732864
6025004
320942
388363
179407
3886397
5670935
306045
6564772
4605491
1195152
4325072
4696173
1043636
4359224
1272121
2939377
2858655
772041
5879335
1280980
