939524095
1073741823
1073741823
1073741823
939524095
1073741823
1073741823
936902655
1073741823
1073741823
1073741823
1072691199
1073741823
1064562163
1073217535
1073741823
1073479679
536870143
1073741823
1070332839
1073741823
1073733631
1073741819
1073741823
1073741823
195813759
1073217535
1073741823
1073741823
1073741823
1073741823
1073741823
1073741823
1073741823
1073741823
1073741823
1073741823
1073741819
402653181
1073741823
1073741823
1073741823
1073741823
1073741823
1073741823
1073741823
1073217535
1073741823
536870143
1073741823
904364031
1073741823
1040187391
1073741823
1073217535
1073741823
1073741823
1073741823
1073741823
1073741823
1073741823
