338851660
154032922
658373979
1035993054
0
1006631902
1035993054
1069547487
1073741662
1069547487
0
1035993054
0
1035993054
901748822
1073741791
338851660
968883166
1056964428
1069415903
1069547487
1069547487
490635102
0
1069547487
0
0
1035993054
987749196
490635102
1073741662
338851660
154032922
338851660
1035993054
1035992926
901775198
1069547487
1069547487
1035992926
1006623582
1073741662
987749196
490635102
1069415903
987749196
1069415903
658373979
1056964428
1006623582
490635102
1073741662
1035993054
1073741791
0
966654172
1035993054
1069547487
1006623582
338851660
154032922
1069547487
1035992926
338851660
1069415903
901748822
1069547487
901748822
966654172
154032922
1006623582
0
1073741662
1069547487
1069547487
1073741791
1035993054
1073741662
1069547487
1069547487
1073741791
338851660
1069547487
1056964428
1073741791
968883166
658373979
1035993054
968883166
966654172
987749196
901748822
901775198
987749196
1069547487
1035993054
1073741791
658373979
966654172
1035992926
1069547487
987749196
658373979
1069415903
1073741791
154032922
1073741662
1035992926
987749196
1035993054
1006631902
1073741662
490635102
1006623582
338851660
901775198
1069415903
1006631902
1069547487
0
1069547487
1035992926
154032922
1056964428
1006623582
1056964428
490635102
1073741791
0
490635102
1073741791
338851660
1069547487
1069547487
1035993054
1069547487
658373979
0
901775198
1069547487
901775198
0
1073741791
987749196
658373979
1006631902
338851660
154032922
490635102
901775198
0
901775198
0
968883166
901775198
1073741662
0
0
987749196
658373979
1035993054
1073741662
1073741662
1035993054
1006631902
0
901748822
1056964428
154032922
1035993054
0
1035993054
968883166
1006623582
987749196
0
1035993054
338851660
338851660
658373979
966654172
658373979
1073741791
1006623582
1073741662
901748822
1069415903
1006623582
1069547487
1073741791
0
966654172
338851660
1006631902
1069547487
1006631902
1069415903
968883166
154032922
490635102
987749196
1069547487
987749196
1035992926
1006631902
1073741791
1006623582
901775198
966654172
658373979
968883166
490635102
1056964428
1073741662
901775198
1035993054
1035992926
1069547487
1069547487
1069547487
338851660
1069415903
1035992926
658373979
1073741662
1056964428
1073741662
0
658373979
1069547487
1006631902
1035993054
1006623582
1069415903
0
1073741791
1056964428
968883166
1056964428
490635102
966654172
1035993054
1006623582
1056964428
968883166
1006631902
901775198
338851660
0
987749196
1069547487
0
1069547487
0
658373979
901748822
901748822
901775198
968883166
1056964428
1069415903
966654172
987749196
1035993054
1035992926
0
1035992926
1073741662
966654172
966654172
968883166
1056964428
0
1069547487
490635102
1035993054
1056964428
1069547487
154032922
658373979
1006631902
1006631902
1073741662
1073741662
490635102
1069547487
658373979
154032922
1006631902
1035993054
338851660
966654172
901775198
1073741662
1035992926
490635102
1035993054
1069547487
1006631902
1056964428
1069547487
987749196
1035992926
1069547487
490635102
0
1073741791
1035992926
1035993054
0
966654172
1069547487
1069547487
1073741791
901748822
1035993054
1069415903
1035992926
154032922
901775198
1035992926
1069547487
1035993054
1035993054
1069415903
1069547487
0
490635102
1035992926
968883166
1035992926
658373979
987749196
1069547487
901775198
1069547487
1069547487
0
0
154032922
1069547487
968883166
1073741662
1035993054
0
901775198
901775198
1073741662
154032922
154032922
658373979
987749196
338851660
1069415903
901775198
658373979
987749196
1073741662
154032922
966654172
901748822
0
154032922
1006631902
966654172
901775198
0
1006631902
966654172
490635102
1006623582
1073741662
1035993054
1073741662
1073741662
1035993054
1069415903
0
1069547487
0
1069547487
968883166
0
968883166
0
338851660
0
1069547487
1069547487
966654172
0
0
1035993054
154032922
0
1035993054
338851660
1069547487
1006631902
154032922
0
1035992926
0
490635102
968883166
1056964428
0
1006631902
1069415903
0
0
987749196
0
658373979
338851660
658373979
1073741791
987749196
154032922
1073741791
1035993054
901748822
0
987749196
1006623582
1069547487
966654172
1035992926
490635102
1073741791
338851660
1069547487
1069547487
1056964428
968883166
968883166
0
1035992926
1006623582
0
1035993054
987749196
1069415903
1035993054
1035993054
1073741791
1006631902
1069547487
0
901748822
1073741791
1056964428
1069415903
1035992926
1073741791
490635102
1069415903
1035992926
901748822
1035993054
0
987749196
1035992926
658373979
901775198
1035993054
1006631902
968883166
0
1035993054
0
1006631902
901748822
1006631902
901748822
1073741791
1035993054
154032922
1069547487
0
1056964428
1035992926
1069547487
1069547487
338851660
966654172
1073741791
1073741791
1069547487
1056964428
1035993054
338851660
1035993054
1069547487
1035993054
1056964428
987749196
0
1006631902
1073741662
901775198
1069547487
338851660
0
1035992926
1035993054
1073741791
490635102
901775198
0
901748822
1035993054
338851660
966654172
987749196
987749196
1006623582
0
1035992926
1073741662
1069547487
987749196
1006623582
0
1006631902
0
0
154032922
1069415903
490635102
0
338851660
154032922
901775198
490635102
901775198
1069547487
1035993054
1035992926
1006631902
1006623582
1006631902
0
658373979
968883166
154032922
968883166
901775198
338851660
901748822
901748822
338851660
1073741791
1035993054
1056964428
1073741791
1006631902
987749196
1006623582
0
966654172
1069547487
658373979
338851660
338851660
1073741791
154032922
1006623582
0
0
0
1069415903
154032922
901775198
901775198
338851660
1069547487
658373979
1069547487
0
1056964428
901748822
658373979
1069547487
1035992926
966654172
1035993054
0
0
1069547487
1035993054
1069547487
987749196
0
1073741791
1069547487
1069415903
968883166
1069547487
901775198
0
1073741662
1073741662
1056964428
1006631902
1069547487
1073741791
1073741662
901748822
0
1069547487
1069547487
0
1056964428
966654172
1069547487
966654172
1069547487
1073741791
901748822
1069547487
1035993054
1035993054
1069547487
338851660
338851660
1073741791
1073741791
1069415903
1035993054
1006631902
1035992926
338851660
1006623582
1069547487
1006631902
1069547487
1035993054
1069547487
1073741662
1069547487
901748822
966654172
0
1035992926
1073741791
1069547487
1069547487
901748822
1006623582
968883166
1073741791
1035993054
1056964428
1035993054
338851660
1035992926
1069547487
1035993054
154032922
1056964428
1069547487
0
1073741791
0
0
0
966654172
1006631902
0
658373979
968883166
490635102
1035993054
1073741662
901775198
490635102
968883166
1006631902
966654172
987749196
0
966654172
1073741791
1035993054
1073741662
1069415903
1069547487
1069547487
1006623582
987749196
987749196
0
1035993054
1006631902
1069547487
1069547487
490635102
1035993054
901775198
1073741791
1069415903
0
490635102
1069415903
1069547487
1073741791
0
1069547487
1035993054
1035993054
1073741791
0
1035993054
1035993054
987749196
1069547487
1069547487
968883166
1035993054
1035993054
658373979
0
1069547487
987749196
987749196
1035993054
987749196
658373979
1035993054
0
0
1069547487
987749196
1069547487
490635102
1069547487
338851660
338851660
1006623582
966654172
1073741791
658373979
1069415903
966654172
1069547487
1073741791
1069547487
1035993054
1073741791
338851660
1006631902
968883166
966654172
1035993054
1006631902
966654172
968883166
338851660
1056964428
1069547487
1073741791
1069547487
0
901775198
1035993054
1069547487
0
1069415903
0
0
0
1069547487
901775198
0
1006623582
154032922
1069415903
490635102
1035993054
1069415903
1069415903
1073741662
1006623582
1069547487
987749196
901775198
490635102
658373979
0
0
154032922
901775198
987749196
901775198
338851660
0
1035993054
1035992926
901775198
1006623582
1006623582
1035993054
658373979
338851660
338851660
154032922
0
901748822
966654172
901748822
1006623582
901748822
1073741662
658373979
987749196
154032922
1006623582
1006623582
968883166
1069547487
338851660
1056964428
1073741791
1056964428
0
490635102
1056964428
0
1035992926
1069415903
1035993054
1006623582
0
966654172
1073741791
1035993054
658373979
1035992926
154032922
0
1056964428
0
154032922
338851660
490635102
154032922
1069547487
0
1069547487
1069547487
987749196
966654172
0
1035993054
987749196
1035993054
338851660
658373979
0
1006631902
1073741791
0
490635102
1006623582
901748822
1056964428
338851660
1069547487
1035992926
1035992926
1069415903
658373979
987749196
0
490635102
1073741662
1035993054
1035993054
1006623582
966654172
1056964428
901748822
1069547487
1056964428
0
966654172
1035993054
1035992926
0
1035992926
0
1006623582
0
0
0
901775198
901775198
0
1073741662
0
1006623582
1056964428
658373979
901775198
490635102
1035992926
901775198
1035992926
1073741662
1069547487
1006631902
1069415903
987749196
0
1069547487
0
1006623582
490635102
1056964428
968883166
1069547487
1073741791
0
901775198
1035993054
1006623582
987749196
490635102
901775198
658373979
1035992926
154032922
490635102
1035993054
1035993054
1035993054
1073741662
1056964428
1073741662
1035993054
1006631902
1069547487
1073741791
1035992926
966654172
1006623582
