1073741759
1073741823
1073741823
1073741823
1073741823
1073741823
1073741823
1073741823
1073741759
1073741823
1073741823
1073741823
1073741823
1073741823
1073741823
1073741823
1073741823
1073741823
1073741815
1073741823
939524031
1073741823
1073676287
1073741823
791723716
1073741823
1073733631
1073741823
1073676287
1073741823
1073741823
1073741823
1073741823
1073741823
1073741823
1073741823
1073741823
1073741823
1073741823
1073741823
1073741823
1073741823
1073741823
1073741823
1073741823
1073741823
1073741823
1073741823
1073741823
1073741823
1073741823
1073676287
1073741823
1073200127
1073741823
1073741823
1006632959
1072692959
1073741823
1073741823
1073741823
1073741823
1073741823
1073741823
1073741823
1073741823
1073741823
1073741823
1073741823
1073741823
