1073741823
1073741823
805240831
1073741823
1073741823
1073741823
1073741823
1073741823
536869887
1073725423
1073741823
738164735
1073741823
1073741823
1073741823
803209212
1073741823
1072693183
1073741823
0
796777181
1073741823
1073741823
1073216511
1023410171
1073741823
1073741823
1073741823
1073741823
1073740799
1006599167
536868847
1073741823
1073741823
1073741823
1073741823
1073741823
1073709055
460052399
1073741823
1065353135
1073741823
1073741823
1073741823
1073741823
1073741823
1073741823
1073741759
1073741823
1073741823
1073479663
1073741823
536772607
1073741822
1073741823
1073741823
1073676287
1073741823
1073741823
1073741823
1073741823
1047453695
1073741823
1073741823
1073741823
1073741823
1073708991
1073741823
1073741823
1073741823
1073676287
506438442
1073741823
1073741823
1065353199
890959837
1073741823
938475439
1073741823
1073741823
1073741823
1073741823
1073741823
1073741823
201285119
1073741815
1073741823
1073741823
723947013
805304831
1073741823
1073741823
1073741823
1055916031
805306367
1073741823
1073741823
1073741759
1073741823
1073741823
141191461
520077309
1073725423
1073741823
1047322623
1065352191
1073741823
1073741823
805306367
1073741823
1073741823
1073741823
669990911
671088639
1073741823
1073741823
1073741823
536870911
133610310
1073741823
1073741309
1073741823
1073741759
1073610743
1073741823
805306367
805306367
1073741823
132052956
1073741807
1073741823
1073741759
1073741823
1073741823
1073741819
352318447
1073741823
536866799
368435066
1073741823
1073741823
1073741823
1073741823
536870895
112151519
1073741822
1073741823
1073741823
1073741823
520084447
1073741823
1073741759
1073741823
936378367
1073741823
1073741823
1073741823
1073741823
1073741823
1073741823
1073741823
1073741823
1073741823
1073741823
1055916023
805171191
1073741823
805306367
1073741823
1073741631
1073741823
1072693247
805306367
1073741823
1065353215
1073741823
1073741823
1073741823
1073741823
1073741759
1073213375
1073741823
1073741823
1073741823
805306175
1073741823
1073676287
1073741823
1073741823
1023410175
1073741823
1073741823
1073741823
1073741823
1073741823
1073741823
1073741823
1073741823
436173183
1073741823
1073725423
1073741823
1073217471
1073741819
1073741759
1073741823
1073741823
1072693247
1073741823
1065353135
1073741823
494921724
796849141
939524015
1073741823
1073741823
1073602559
1073741823
770631963
1073741823
1073676287
0
1073741823
534507503
1073741823
1006599103
1073741823
1073741823
805305855
1073741823
1073741823
1073741823
1073741823
1073741823
1073741823
536870895
1073741823
1073741823
771685375
1073741823
1073741823
1073741759
1073741823
1073741823
805298175
1073674749
1073741823
1073741823
1073741823
1073741823
1073741823
1073741823
1073741823
1073741823
1073741823
1073741823
1065336751
1073741823
1073741823
1073741823
1073741823
1065353135
1056964603
1073610743
1073741823
1073741823
1008727551
1073741823
1073741823
804257791
0
1073741823
1072693183
536870895
1073741823
1073741823
382730174
1073741822
1023410171
1073741823
1073741823
1073741755
939524079
1073741823
1040187391
1073741823
1073741823
519039998
536870895
1073741823
1073741823
1073741823
1055915966
1073741823
1073741823
1073741823
1073741823
1073741823
1073741823
1056964607
1040121855
1073741823
1073708031
1073741823
1073741823
1073741823
1073741823
1073741823
1073741823
738164223
369096687
1073741823
1073741631
1073741823
534511615
1073741823
1073741823
1056964607
1073741823
1073741819
1073741823
1073741823
1073741823
382730174
1073741822
1073741823
1073741823
1073741823
1073741823
1073741823
1073741823
1073741823
1073741823
1073741823
1073741823
1073741823
1073741823
1073741823
1073741823
1073741823
1073741823
1073741823
1031798783
1073741823
1006632959
1073741823
1073741823
1040187387
1073741823
1073741823
1073741823
1073741819
1073741823
1073741823
1073741823
1073741823
1021175771
1073741823
1073741759
1073741823
1073741823
1073741823
1073741823
1073741823
1073741823
1072693183
1073741823
1073741695
1073741823
1073741823
1068498943
1073741823
1073741823
1073741823
1073741823
112197631
1073741823
76464061
1073741823
1073741823
1073741823
1073675263
1073741823
723947013
1073741823
534511615
1073741823
1073741823
1073741823
1073741823
1073741823
1073741823
1073708991
1073741823
1073741823
805306367
1073741823
1073676287
1073741823
1073741759
1073741823
1073741823
1073741819
1073741823
961706818
872961417
1073741823
1073741823
494897068
1073741823
1073741823
951524639
1073741759
1073741823
805306367
1073741823
1073741823
1073741823
1073741823
1073741823
1073741823
1006631935
733854754
1073741823
1073741823
1073741823
1073741823
1073741823
1073741823
1073741805
805306367
1073741823
1073741823
1073741823
1073741823
1073741823
1073741823
1073741823
1073741823
1073741823
738164731
1073741823
1073741823
805306367
1073741823
805306367
1073676287
1073741823
1073741821
1073741823
1073741823
1073741823
1073741815
535822335
1073741759
1073741823
1056964543
805306367
1073741823
1055915967
1073741823
1073741823
1073741823
0
1073676287
1073741759
1073741823
805306367
1073741807
1073741823
1073741823
1073741759
1073741823
1073741823
1040121855
804192223
1073741823
499040031
1073676287
1073741823
939524095
1073741823
805268455
535822335
368566267
1073741823
1073085174
1073741823
1073741823
805306367
1073741823
1073741823
1073741823
1072693183
1073741823
536870911
1073741823
1073741823
1073741823
1073741823
1073741823
1040121855
1073741822
1073741823
1073741823
1073741823
1055883263
1073741823
0
1073741823
1073741823
1073741823
939524031
1073741823
0
1073676287
1073741823
536870895
528474111
1072693183
1073741823
1073741823
1073741823
1065353215
1073741823
805306367
1073741823
1073741823
1073741823
805306175
1073741823
1004437503
1073741823
1073741759
1073741823
1073741823
1073741823
1006567422
1073741823
1073741823
1073740767
1072693183
667822949
914087899
1073741823
1073741823
1073479663
1073741823
1006599103
1073741823
1073741823
1073741823
1073741823
1073741823
1072693247
805306367
1073741823
803504181
1073741823
1073741823
74678985
1073741823
1073741823
1073741823
1073741823
1073741823
1073741823
1073725423
1073741823
1073741823
1073741823
443176359
805306367
1073741823
1073741823
1073741759
1073741823
1073741823
1073741822
1073741823
1073741823
1073724911
536870911
1073741823
1073741823
1073741823
805306367
1073741823
1073741823
1073741823
1073741823
1073741823
1056309239
1056964603
1073741823
931119081
1073741823
1073741823
1073741823
38477210
1073741823
1073741823
1073741823
1073741823
515922417
1072693183
1073741823
1073741631
536870895
1073741823
1073741823
1073741823
1073741823
511700735
1073741823
1006632959
800964350
1073676287
1073741823
1073741823
1073741823
682038546
0
1073741823
1073741823
1073741823
1055915967
804257727
1073741823
1073741823
1073741823
1073741823
1040187295
1073741823
1073741823
1073741823
1073741823
1073741823
1073741823
268435453
1073737151
805306367
519044086
1073741309
1073676287
1073741823
1073741823
1073741819
1073741823
1073148927
1073741823
251592703
1073741823
1073741823
