1073741823
1073733629
1073741823
1073741823
1073741823
1073741823
1073741823
1073741823
1073741823
1073741823
1073741823
1073741823
1073741823
1073741823
1073741823
1006632895
1073741823
1073741759
1073741823
1071644671
1073741823
1073741823
1073741821
1073741823
1073741823
1073741823
1073741823
1073741823
1073741823
1073741823
1073741823
1037815805
1073741823
1073741823
1073741823
1073741823
1073741823
1073741823
1073741823
1073741823
1073741823
1073741823
1073741823
939524095
1073741823
1073676287
1073741823
1073741823
1073741823
1073741823
1073741823
1073741823
1073741823
1073741823
1073741823
1073479679
1073741823
1073741823
0
1072693247
956276695
1073741823
1073741823
1073741823
1073741823
1073741823
1072693247
1073741823
1073741823
1073741823
1073741823
1073741823
1073741823
1073741823
1073741823
805273311
1073741823
1073741823
1073741823
1073741823
1073741823
1073741823
1073741823
1073741823
1073741823
1073741823
1073741823
1073741823
1073741823
1006632959
1073741823
1073741823
1073741567
1073740799
1073741823
1073741823
1073741823
1073741823
1073741823
1073741823
