1073741823
1073741823
1073610495
1073741823
1073741823
1073741823
1073741823
1073741823
1073217535
1073741823
1073741823
1073741823
1073741819
1073741823
1073741823
1073741823
1073741823
1072693247
1073741823
805306367
1073741823
1073741823
1073741823
1073741823
1073741823
1073741823
1073741823
1073741823
1073741823
1073741823
1073741823
1073741823
1064042491
1073741823
1069023231
1073217535
920381355
1073741823
939524095
1073741823
1056964607
939524095
1073741823
1073741823
1073741823
1073741823
1056964607
1073741823
1056964607
1073741823
1069023231
1073741823
1073741823
1073740671
1073217535
1073741823
1073741823
1073741823
1073741823
1040187391
1073741823
1073741823
1073741823
1073741823
1073741823
1073217535
1065353215
1073741823
1073741823
1073741823
1073741823
1073741823
1073741823
1073741823
1073741823
1073733631
1073741823
1073741823
1073741823
1073217535
1064828927
1073741823
1073741823
1073741823
1049531261
1073741823
1073741823
1073741823
1073741823
1040187391
1073741823
1073741823
1073741823
1073741823
1073741823
1073739775
1073741823
1073741823
1073741823
1073741823
1073741823
736624531
1073741823
1073741823
1073741823
1073741823
1073741823
770703327
1073741823
1073741823
939261949
1073741823
527629055
1073741823
1073741823
1073741823
1073741823
1073741823
1073741823
0
1073741823
1073741823
1073741823
1073741823
1073741823
1073741823
1073741823
1073741823
1073741823
1073741823
1073741823
1073217535
1073741823
1073741823
1073741823
1073741823
1073741823
1073741823
1073741823
1073741823
1073741823
1073741823
1073741823
1056899071
1073741823
1073741823
1073741823
1073741823
1073741823
1073741823
1073741823
1073741815
1073741823
1073741823
1073741823
1073741823
1073741823
1073741823
1073741823
1073741823
1073741823
949747711
1073741823
1073741823
1073741823
1073741823
1073741823
1073741823
1073741823
1073741823
1073741823
1073741823
1073741823
1073217535
1073741823
1073741822
1073741823
1073741823
1065353215
1073741823
1073741823
1073741823
1073676287
1073741759
1073741823
1073741823
1073741823
230423291
1073741823
1073741823
1073741823
1073741823
1073741823
1073741823
1073739775
1073741823
1073741823
1073741823
1073741823
1073741823
1073741823
1073740799
1073741823
1073741823
1073741823
1073741823
0
1073741823
1073741823
1073741823
1073741823
1073741823
1073741823
1073741823
1073741823
1073741823
1073741823
1073610751
1073217535
1073741823
1073741823
1073741823
1073741823
1073741823
1073741823
1073741823
1073741823
1073741823
1073741823
532344511
1073741823
1073741823
1073741823
1073741823
1073741823
1073741823
1073741823
1073741823
1073741823
1073741823
1073741823
1073741823
1064697855
1073479679
1073741823
1073741823
1073741823
973078511
1073741823
799801343
1006632927
1073741823
1056963583
0
1055916031
1023342589
1073217535
1073741823
1073741823
1073741823
1073741823
1073741822
1073741823
1073741823
1073741823
1073741823
1073741823
1073741823
1073741823
1073741823
1073741823
1073741823
1073741823
1073740799
1073741823
1073741823
1073741823
1073741823
1073741823
1073741823
1073741823
1073741823
1073217535
1073741823
1073741823
1073741823
1073741823
1073741823
1073741823
1073741823
1073741823
1073741823
1073741823
1073741823
1073741823
1073741823
1073741823
1073741823
1073479679
1073741823
1073741823
1073741823
1073741823
1065353215
1073741823
1073741759
1073741823
1073741823
1073741823
1073741823
1073741807
1073741823
1073741823
1073741823
1073741823
1040187391
1073741823
1073741819
1073217535
1073741823
1073741823
1073217535
1073741823
1073741823
1073741823
1073741823
1073741823
1073741823
1073741823
1073741823
1073741823
1073741819
1073741823
528055627
1073741823
1073741823
1073741823
1073741823
1073741823
1073741823
1073741823
1073741823
1073741823
1073741823
1073741823
1073741823
1073741823
1073741823
1073741823
1073741823
1073741759
1073741823
1073741823
1071644143
1073741823
1073741823
1073741823
1073741823
1073741823
1073741823
1073741823
1073741823
939524079
1073741823
1073741823
1073741823
1056963583
805306299
1073741823
1073217535
1073741823
1069547519
1073741823
1073741823
1073741823
1073741823
1073741823
1073741823
1073217535
1073741823
1073741823
1073741823
1073741823
1073741823
1073741823
1073741823
1073741823
1073741823
1073741823
1073741823
1073736702
1073741823
1073741823
1073741823
1073741311
1073737727
1073741823
1073741823
1073741823
1069023230
1073741823
1073741823
1073741823
1073741823
1073741823
1073741823
1073741823
1073741823
1073741823
1073741823
1073741823
1073741823
1073741759
1073741823
1073741823
1073739775
1073741823
1073741823
1073217535
1073741823
1073741823
1073741823
1073741823
1069547519
1006108671
1073741823
1073741823
1073741823
1073741823
1073741823
1073741823
1073741823
1073741823
1073217535
1073741823
1073741823
1073741823
1073741823
1073741823
1069547519
1073610751
1073741823
1073741823
1073741823
1073741823
1073741823
1073668092
1073741823
1073741815
1073741823
1073741823
1073741823
1073741823
1073741823
1073741823
1040187391
1073741823
1073741823
1073741823
1073741823
1073741823
1073741823
1031274495
1073741823
1073741823
1073741823
1073741823
1073741823
1071627735
1073741823
1073741823
1073741823
1073741823
1006632959
1073741823
1073741823
1073741823
783285746
1073741823
1073741823
1073741823
1056964607
1073741823
1073741823
1073741823
1073741823
1073741823
1054851063
1073741823
1073741823
1072692959
1073741823
1073741823
1073741823
1073741823
1073741823
1073741823
1073741823
1056964607
1073741823
1073741823
1073741823
1073741823
1073739775
1073741823
1073741823
1073741823
1073741823
1073479647
1073741823
1073741823
1073741823
1073741823
1073741823
1073741823
1073741823
1073741823
1073741823
1073741823
1073741823
1073741823
1073741823
1073741823
1073741823
1073741823
1073741823
1073741823
1073741823
1073741823
1073741823
1073741823
1073741823
1073741823
1073741695
1073741823
135562845
1073741823
1073741823
938999807
1073741819
1073741823
1073741823
1073741823
1073741823
1073741823
1073741823
1073741823
1073741823
1073741823
1073739775
