1073741823
1073741823
1073741823
1073741823
1073741823
1073741823
1073741823
1073741823
1073741823
1073741823
1073741823
1073741823
1073741823
1073610751
1073737727
1073741823
1073741823
1073741823
1073741823
1073741823
1073741823
1073741823
1073741823
1072693247
1073741823
1073741823
1073741823
1073741823
1073741311
1073741823
1073741823
1073741823
1073741823
1073479679
1073741823
1073741823
1073741823
1073741823
1073741823
1073741823
1073741823
1073741823
1039663103
1073741823
1073741823
1073741823
1073741823
1073741815
1073741823
1073741823
1073741823
1065353215
1073741823
1073741823
1073741823
1073741823
1073741823
1072671742
1073741823
1073741823
1073741823
1073741823
1073741823
1073737727
1073741823
536739711
1073741823
1073741823
1073741823
1073741823
1073739775
1073741823
1073741823
1073741823
1073741823
1073741823
1073741823
1073741823
1073741823
1073741823
1073741823
1073741823
1073741823
1073741823
1073741823
1073741823
1073741823
1073741823
1073741823
1073741823
1073741823
1073741759
1073741823
1073741823
1073741823
1073741759
1073741823
1073741823
1073741823
