1073732599
905969663
1073741823
1073741823
1073741823
1073741823
1073741823
1073741823
1072691195
1073741823
360405983
1073739775
1073741823
1073741823
1073741823
1073741823
1073741823
1073741823
1073741823
1065334261
1072692095
905969663
1073741759
1073741823
1073741823
1073741823
939524095
1073741823
1073741823
1073741822
1073741823
1073741807
536870911
1073741823
1073741823
528482303
1073741823
1073741823
1040186367
1073741823
939524095
1073741823
1073741823
1073741823
528474111
1073741822
1073741823
863473730
1073741823
1073741823
1073741823
1073741823
1073741823
1073741823
1073741823
1073741823
1073737727
1073381375
1073741823
1073741823
1073741823
1006043135
1073741823
1073741823
1073741823
1073741823
1073741823
1073741823
1073741823
1073741823
1073741823
1018658739
1073741823
1073741823
1073741823
1073741823
1073741823
1073741823
993982853
1073741823
1073741823
1065353199
1073741823
536870911
1073741823
1065353215
1073741823
1073741823
1065353199
1073741823
1073741823
1073741823
1073741823
1073741823
0
1073741822
1073741823
1073741823
1073463295
1073741823
1073741823
1073741823
1073741823
1073741823
1073741823
1073741823
1073741823
1073741822
1073741823
1073741823
1073741823
1073741823
1065353215
1073741823
1073733631
1073741823
1065353215
1073741823
1072691195
1073741823
1065351167
763224025
1073741823
1073741823
1073741823
1073741823
1073741823
1073741823
1073741823
1073741821
1073741823
1065353215
1073741823
1073741823
461346815
528482303
528482303
528474111
1073741823
1073638391
1073741823
1073741823
1073741823
1073741823
1073741823
1073741823
1073676287
1073741823
1073741823
1065353215
1073741823
1073741823
1073741791
1073740799
1073741807
1073741823
536870895
1073741823
1073741567
1073741823
1073741823
1073741823
252693694
1073741823
1073741823
1073429495
1065353213
1073741823
1073741823
405932446
536870911
1073741823
1073741807
1073739754
1073741822
1065353215
1073740799
1073741823
1073733631
1073741823
788524927
1073741823
1073741823
1073425407
1073741823
1073741823
1073741823
1073741823
1073741823
1073741823
1073610751
1065353215
1073741823
509540330
1073741823
1073741823
0
1073741823
1073741823
1073741823
1073741822
1073741823
536870911
1073741822
528480238
1073739775
1073610751
1073741823
1073741823
1073741823
582355485
1073741823
1073741823
1073610751
1073741823
1073741823
1073741823
1073741823
1073741823
1073741823
1073741823
1073741823
1073741823
1073741823
1073741823
1073741823
1073741823
1073741823
1073610751
1073741823
1073741823
1073741823
1073610751
1073741823
1064828927
1073741823
1073741823
1073741823
1073741823
1073741823
939393022
1073741823
1073741823
1073741823
1073741823
1073741823
1073741823
1073741823
1073741823
1073741823
536870911
1073741823
1073741823
992381974
939524095
1073741823
1073741823
1073733631
1073741823
1073741807
1065353215
528482303
1073741815
1073741823
1073741823
528482303
1073151999
1073741806
1073610751
1065345023
1073741823
1073741823
1064501247
1073741823
1073741823
1073741823
1073741823
1073741807
1073741823
805158905
1073741823
1073741823
1073741823
1073741823
1073741823
1073741823
528482303
1065353215
1006559199
1073741823
1073735679
1073741823
1073741823
1073741823
1073610751
1073741823
1073737727
1073741823
1065353215
1073741823
1073737727
528482287
536870911
1073741823
1073741823
32099676
1073739775
1073741823
1073741823
1073741823
