1073741823
1073741823
1073741823
1073741823
1073741823
1073741823
1073741823
1073610751
1073709055
1073741823
1073741823
1073741823
1073741823
1073741823
1073733631
1071644607
1073741823
1073741823
1073741823
1073741823
1073741823
1073741823
1073741823
1073741823
1071644671
1073741823
1073741823
1073741823
1073741823
1073741823
1073741823
1073741823
1073741823
1073741823
1073741823
1073741823
1073741823
1073741823
1073741823
1073741823
1073741823
805298175
1073741823
1073741823
1056964607
1073741823
1073741823
1073741823
1073741823
1073740799
1073741823
1073741823
1073741823
1073741823
1073741823
1073741823
1073741823
1073741823
1073741823
1073741823
1073741823
1073741823
1073741823
1073741823
1073741823
1073741823
1073741823
1040187391
1073741823
1073741823
1073741823
1073741823
1073741823
1073741823
1073741823
1073741823
1073741823
1073741823
1073741823
1073741823
1073741823
1073741823
1073741822
1073741822
1073741823
1073741823
1073741823
1073741822
1073741823
1073741823
1073610751
1073741823
1073741823
1073741823
1073741565
1073741823
1073741823
1071644671
1073741823
1073741823
1073741823
1073741823
1073741823
1073741823
1073741823
1073741823
1073741823
1073741823
1073741823
1073741823
1073704958
1073741823
1073741823
1056964607
1073741823
1073741823
1073741823
1073741823
1073741823
1073741823
1073741823
1073741815
1073741823
1073741823
1073741823
1073741823
1073741823
1073741823
1073733630
1073741823
1073741823
1073741823
1073741823
1073741823
1073741823
1073741823
1073741823
1073741823
1073741823
1073741823
1073741823
1073741823
1073741823
1073741823
1073741823
1073741823
1073741823
1073741823
1073741823
1073741823
1073741823
1073741823
1073741823
1073741823
1073741823
1073741823
1073741823
1073741823
1073741823
1073741823
1073741823
1073741823
1073741821
1073741823
1073741823
1073741823
1073741823
1073741823
1073741823
1073741823
1073741823
1073741823
1073741823
1073741823
1073741823
1073741823
1073741823
1073741823
1073741823
1073741823
1073741823
1073741823
1073741823
1073741823
1073741823
1073741823
1073741823
1073741823
1073741823
1073741823
1073741823
1073741823
1073741823
1073741823
1073741823
1073741823
1073741823
1073741823
1073741823
1073741823
1073741823
1073741823
1073741823
1073741823
1026855295
1073741823
1073741823
1073741823
1073741823
1073741823
1073741823
1073741823
1073733631
1073741823
1073676287
1073741823
1073741823
1073741823
1073741823
1073741823
1073741823
1073741823
1073741823
1073741823
1073741823
1073741823
1073741823
1073741823
1073741823
1073741823
1073741823
1073741823
1073741823
1073741823
1073741823
938999807
1073741823
1073741823
1073741823
1073741823
1073479421
1073741823
1073741823
1073741823
1073741823
1065353215
1073741823
1073741823
1073741823
1073741823
1073741823
1073741823
1073741823
1073479679
1073741823
1073741823
1073741823
1073741823
1073741823
1073741823
1073741823
1073741823
1073741823
1073741823
1073741823
1073741823
1073741823
1073741823
1073741823
1073741823
1073741823
1073741823
1073741823
1073741823
1073741823
1073741823
1073741823
1073676287
1073741823
1073741823
1073741823
1073741823
1073741823
1073741823
1073741823
1073741823
1073741823
1073741823
1073741823
1073741823
1073741823
1073741823
1073741823
1056669039
1065353215
