1073741823
1073741823
939524095
1073741823
1073741823
939524095
1073479679
1052769245
1073741823
1073741823
1073741823
1073741823
536870911
1073741823
1073741823
1073741823
1073741823
1073741823
1073741823
1073741823
1073741823
1073741823
1073741823
1073741823
1073741823
1073741823
1073741823
1073741823
1073741823
1073741823
1073741823
1073741823
1073741823
1073741823
1073741821
1073741823
1073741823
1073741823
1073741823
1073741823
536870911
536870911
1073741823
1073741823
1006632959
1073741311
1073741823
1073741823
1073741823
1073741823
1073741823
1073741823
1073741821
1073741823
1073741823
1073741823
1073741823
1073741823
1073741823
1073741823
1073741823
1073741823
1073741822
1073741823
1073741823
1073741823
1073741823
1073741823
1073741823
1071644654
1073741823
1073741311
1073741823
1073737726
1073724927
1073741823
1073741823
1073741823
1073741823
1073741823
1073741823
1073725439
1069285375
532672239
1073741823
536870911
536870911
1073741823
1021038205
1073741823
1073741823
1073741823
1073741823
1073741823
1073741823
1073741823
1073740799
536870911
1073741823
1073741823
1073741823
1073741823
536870911
1073741823
1006522235
1073741823
805306367
1073741823
1073741823
931135359
1073741823
939458527
1073741823
1073741823
1006632943
1006632959
939524093
1073741823
1073733631
1073741823
1073741823
536870911
1073741823
1073741823
1073709055
536870655
1073741823
536870911
1073741823
536870911
1073216955
1073479679
1073741823
1065213951
536870911
1073741823
1073741823
1073741823
1073741823
1073741823
1073741823
1073741823
1073741823
1073741823
536870911
1073741823
1069547519
1073741823
1073741823
402653183
1073741823
1073741823
1073741823
1073479679
1073741823
1073741823
1073741822
1073741823
1073741823
1073741823
1073740782
1073741823
1073741823
1073741823
801112063
1065342911
1073741823
1073741823
1073741823
1073741823
1073741823
1073741823
1073741823
1073741823
1073741823
1073741823
1073741823
1073741823
1006632959
1073741823
1073741823
1073741823
536870911
1073741823
1073741823
1073741823
1073741823
1073725439
1073741823
1073741823
1073741823
1073741823
1073741823
1073741823
1073741823
1073741823
1069547517
1073741823
1073741823
1073741823
536870911
802421758
1073741823
1073741823
1073741823
1073733631
1056683002
1073741823
1073741823
1073741823
1073741823
1073741823
1073741823
1073741823
1073741823
1073741823
1073741823
1073741823
1073741823
1073741822
1073741823
1073741823
1073741823
1073741823
1073741823
1073741823
1073741823
536862719
1073733631
1073741823
1073741311
1073741823
1073741823
1073741823
1073741823
1073741823
1006632959
1073741823
1073741823
1073741823
1073741823
1073741823
1069547519
1073741823
1073741823
939524095
1073741823
1073741823
1073741823
1073741823
1073741823
1073741823
1073741823
1073741823
1073741823
1073741823
1072955389
536862719
1073741823
1073741823
1073741823
1073741823
939523583
1073741823
1073741823
1073741823
1073741823
633740202
1073741823
734003199
1073741823
1073741823
1073741823
1073741823
1071643647
1069547517
1073741823
1073741823
1073741823
1072689147
850664623
1073741823
469762047
1073741823
1073741823
1073741823
1073741823
1073741823
1073741823
1073741823
1040017911
805306351
1073741807
1073741823
1073741823
805306367
1073741823
805306367
1073741823
1073741823
1073741823
1073741823
1073741823
738197487
1073741823
1073741823
1073741823
1073741807
1073741823
1073741823
1040178175
1073479679
536870911
939524095
1073741823
1073741823
1073741823
1073741823
1073741823
1073741823
1040183167
805289419
1073741823
1056964351
1073741823
1073741823
1073741823
1073741823
1073741807
1073741823
1073610751
1073741823
536870911
1073741823
1073741823
1073741823
1073741823
1073733119
1073741823
1073741823
1073741823
1073741823
1073733631
1073741823
1073741823
1073479679
1073741823
1073741823
1073733631
1073741823
1073741817
1073741823
1073741823
805306367
1073741823
1073741823
1073741823
1073741823
1073741823
536870911
586155764
1073741823
1056964602
1073741823
1073741823
1073741823
1073741823
1073741823
1073741823
935009258
1073741823
1073725439
1073741823
1073741823
1073741823
536870911
1071636479
1073741823
1073741823
1073741823
1073741823
1073741823
1073741823
1073741823
1006632943
1073741823
1006632911
1073741823
1073741823
536870911
536870911
1073741823
1073741823
1073741823
1073741823
1073741823
1073741823
1073741823
1073741823
1073741823
1073741823
1073733631
1073741311
1073741823
1073741823
1073741823
1073741823
1073741823
1073741823
1073741823
1073741823
1073741823
1073741823
1073741823
1073741823
1073741823
1073741823
1073741823
1073741823
1073741823
1073741823
1073741823
1073741823
536870911
1073741823
1073741823
1073741823
1069547519
1073708543
1073741823
833137666
1073741823
1073741823
1073741823
1073741823
1073741823
805289471
1073741823
1073741823
939524095
1073741823
1073741823
1073741823
1073741823
1071644655
1073741823
1073741823
1073741823
939524095
1073741823
1073741823
1073741823
1073741823
1073741823
1073741823
1073741823
1073741823
1073741823
939393023
1073741823
1073741823
1073741823
1073741823
1073741823
1073741823
1073741823
1073741823
1073741823
1073741823
1073741823
1063256063
1073741823
1073741823
1073741823
1073741823
1073741822
1073741823
1073741823
1073741823
1073741823
1073741823
1073741823
1073741823
1073741823
1073741823
1073741823
1073741823
536870911
1056963549
1073741823
1073741823
1073741823
939524095
1073741823
1073741823
1073741821
1073741823
1073741823
1073741822
1073741823
1073741823
1073741823
1073741823
1073741823
1073741823
1069547519
1073676287
1073741823
1073741311
1073741823
1073741311
1073741823
1073741823
1073741823
939515903
1073741823
1073741823
1073741823
1073741823
1073741815
536870911
1073741823
1073741823
1073741823
1073741823
1073676287
1073741823
1073741823
1073741823
1073741823
1073741823
1073741823
1073741823
1073741823
1073741823
1073741823
1073709055
1073741823
1073741823
1073741823
1073741823
1073741311
1073741823
1073741823
385855443
1073741823
1073741823
1073741823
1073741822
469757951
1073741823
1073741823
1073741823
1073741823
1073741823
1073741823
1073741823
1073741823
524160763
1073217009
536870911
1073741823
1073741823
1073741823
1069547519
1073741823
1073741823
1073741823
1073741823
1073741823
1073741823
1073733631
1073479679
1073741823
1073733119
1073741823
1073741822
1073741823
996133871
1073741823
1073741823
1073741823
1073741823
1073741823
1073741823
1073741791
1073676287
1073741823
1073741823
1073737727
1073741823
1073741823
1073741823
1073741823
1073741823
1073741311
1073741823
1073741823
1073741823
1073741823
1073741823
1073741823
1073741823
1073741823
1073741823
1069547519
1073741823
1064220671
1073733631
1073741823
1073741823
1073741823
1073741823
1073741823
1073733631
1073741823
0
1073741823
1073676287
1073733631
1073741823
1073741823
1073741823
1073741823
1073741823
1073741823
536870911
1073741823
1073741823
1073741823
