1073741823
1073733629
1072562175
1073704925
1073643515
1073709055
331285618
503316349
1073741823
1073741823
1073741823
1073739775
1073741823
1002430463
1073733119
1073741823
1040187391
1073741823
1073741823
1073739775
1073741823
0
1040187391
1073741823
1040187391
1073739775
493698397
1073741823
536870909
1073741823
1073741803
1073709055
904873981
704380793
1073741823
1073741823
1073741823
1072562175
677456270
1073733631
535649275
1073737727
0
0
1073741823
502038527
1073741823
1073741823
1073741823
1073737727
1073741823
1073741823
805273598
1071640575
1040187391
1073741823
1073709055
1073610751
704380793
1073733629
1073741823
1073741823
1073731581
1073741823
1073741823
1073733629
1073739775
1073741821
1073741823
1073741823
1073741823
805171199
1073741823
536870911
536862719
1073569791
1031780351
1073733631
1073741823
1040177151
536870899
804913151
1073733631
1073741823
114469858
235513392
1073741823
1073737727
1073741823
1070392316
449792200
726180732
1073733631
1073737726
1073735671
1073741807
1073741823
503316349
1073741823
1073741823
1006587135
536870899
1056930815
1040187391
1073737727
1073741823
771751805
536854493
1060630195
536866559
1073741823
1073741823
1065349119
801090983
1073741823
1040187391
637528039
905266925
503218175
1073741823
1073741823
1073741823
1073741823
1073741823
1073741823
1073741823
1073739775
1040187391
788265909
449792200
251377329
1073741823
1073736959
1073735671
1073741823
805302271
536862719
796649342
1073741823
1072692735
1073741823
1073741823
1073741823
905266925
1073741823
1073736959
964427775
1040185343
1073737599
805171199
1073741823
1073741823
1073741823
1073606399
0
1073741815
1073741823
1073741567
1073741823
1073737727
1073741823
0
1073741823
1073741823
1073704958
1073737726
1073708027
1073741823
1073741823
1040187391
1073741823
535777275
1073741823
1040187391
1040187391
1073741823
1053776895
1073733631
1073741823
1073741823
1073610751
535821307
536866559
1073741823
1073741823
1073741821
1073741823
1073728767
1073741567
1073737727
1073741823
1072562175
462356921
536866783
1073741823
469759999
533712111
1065348991
1073741823
1073740799
1073741823
1073739775
1073741823
1073700591
1040187391
1073704925
0
1040181234
1073739511
1073741823
1073741823
1040187391
1073741823
536870911
0
1073739775
788529145
1073741823
1073741823
1073741823
1065349119
536870911
1073741823
1073741823
1073741823
1073741823
1073741823
1073733103
535649275
805306367
1073741823
266202879
805306367
536870879
528482237
1073741819
1073737727
1073741821
1040187391
1073737726
1073610751
1065351167
1073741823
1073709055
1073741823
730704935
0
1040187391
1073741823
805302271
1073709055
1073610751
1073741823
1073741823
1073741823
1073737726
1040187391
1073741823
1073741823
1073741823
0
1073739775
1073741823
1073741823
1073608447
1073741823
1073741823
1073741815
220630736
1073741823
1073610495
1073741823
1040183263
1073741823
1073741823
1073741823
1073741823
1073741823
1073741823
592188039
1073741823
902677759
1073741823
1040187391
1073741815
1073741823
1063610847
331285618
1040187391
1073732079
1073741823
1073741823
1073741823
1040181247
1073741823
1073741823
1073741819
0
1073741823
1073737727
1031796735
1073741823
1073733629
251387557
1072562175
1073473406
1040187391
535658495
946170319
905932759
1065316319
1040187391
1073704957
536868863
1073741823
1073741823
1073733103
1060630195
234811228
536870911
1073741823
1040187391
788529145
805306367
1073739775
1073741823
1073741567
1073741823
805302271
805273599
1073696767
1073741823
503218175
805306367
989189885
1073741823
1073741823
502169599
1073741823
503218175
268433143
1073704959
1040150495
1073741823
489598940
503316349
1005436543
838840314
1073741815
536870655
1040015359
1073739519
1073737727
536870911
805302242
1040187391
1073741823
268236543
1073741823
357539090
1073741823
1073737727
939349679
1031780351
1073741823
1073739775
905965567
1073604351
1073741823
788265909
1073741823
1073704906
1073733629
1073741823
1006598143
1073737727
1073741823
1073643515
1040177151
536870908
1073733631
1073741823
939481087
1073741823
1073741823
1040187391
1073733119
536870909
1072693247
1073737727
1073741823
1073741823
1073737719
1073739775
1040187389
1073741823
1040187391
1006628350
1073741559
1073741823
1073732079
1073739775
1040187391
1073741823
1073741821
1073733615
1056930815
1073741823
1073741823
905965567
1040187391
1073741823
1065009119
1073741823
1073741823
254085794
1073741823
939524083
1073741823
1070451967
265152247
1073741823
1073739775
1073741823
1073733631
1073741823
1073741823
1073741823
1073741823
1073741823
536870655
1073741823
1073741823
1073741823
1040187389
536870655
1040187391
1073741311
1073741823
1073741823
1073741823
1038974975
1073741823
1073741821
1073741823
536870911
1073741823
1073741823
1040187391
1073741823
771751805
1073569791
1073741823
536870911
536608755
1073709055
1073737727
1040187391
1073733631
1073737727
1073725311
1040187391
805306367
1073741823
1073741823
1073741823
939491327
1073741823
536870911
1073741823
805306366
930756447
1040187389
1073733631
1072557054
1073741823
535777275
1073741823
1073608447
1073741823
1002430463
488800188
763350519
1073737727
