1073741823
1073741823
1073741823
1073741823
1073741823
1073741823
1073741823
1073741823
1073741823
1073741823
1073741823
1073741823
1073741823
1073741823
1073741823
1073741823
1073741823
1073741823
1073741823
1073741823
535822335
209844847
1073741823
1073741823
1073741823
1071644671
1073741823
1073741823
536870911
1073741823
1073741823
1073741823
1073741823
939524095
1073741823
1073741823
1073741791
1073741823
1073479679
939524095
1073741823
1072693247
1073741823
1073725439
1073741823
1073741823
1073479679
1006632959
1073741823
1072693247
1073741823
1073741823
1073741823
1073741823
1073741823
1073741823
1073741823
1006632959
1063247863
1073741823
1073741823
1073741823
1073741823
1073741823
1073741823
1073741823
532529151
1073741823
1073741823
1073741823
874534391
1073741823
1073741823
1073741823
1073741823
1073741823
535623359
1073741823
1073741822
1073741823
1073741823
1072431103
1006632959
1073741823
796901375
779852734
939507703
1073741823
1073741823
939522047
1073741823
1073741823
1073741823
1073741823
1073739775
1006632959
1073741823
1073741823
1073741823
465500027
1073414143
1073741823
0
1073741823
872412147
1073741823
1073741823
1073741567
1073741823
1073741823
1006632959
939524095
1073741823
1069547519
1073741823
1071445587
1073741823
1073741823
1073741823
1073741823
1073741823
1073741823
1073741823
1073741823
1073741823
1073741823
1073741823
1073741823
1073741823
1073741823
1073741823
1073741823
1073741823
1073741823
1073479679
1073741823
1073741823
1073741823
1073741823
1073741823
1073741823
1073741823
1073741823
1073741823
1073741823
1073741823
451578849
1073741823
1073479647
1073741823
536870911
1073741823
1073741823
1073741823
536870911
1073741823
1073741823
1073741823
1073741823
1073741823
93332922
1073741823
1073741823
1073741823
1044229877
1073741823
1073741823
1073741695
1073741823
1073741823
1073741823
1073741823
536870911
1073741823
1073741823
1073741823
1073741823
1073741823
1073741823
1073741823
1073741823
1073741823
1069412069
1073741823
1073741823
936902655
1073741823
1073741823
871857917
1073741823
1006632959
1073741823
1073741823
1073741823
1006632959
1073741823
1073741823
1040121847
1073741823
1073741823
1073737463
1073741823
1073479679
1073741823
1060569071
1073741823
1073741823
918216511
939524095
1073741823
1073741823
166719221
1073741823
1073741679
934795007
1073741823
1073741823
1073741823
1073741823
1073741823
1006632959
1073741823
1073610623
1073741823
804764671
1006632831
1073741823
1073741823
1002437503
1073741823
1073741823
1073741823
1073741823
998234047
1073479679
1073741823
1073479679
939524095
1073741823
939523967
1073741823
1073741823
1073741823
1033535484
1073741823
1073741823
1073741823
1073741823
1073741823
1073741823
1073741823
1073741823
1069412069
1073741823
1073741823
1073741823
1073741823
1073741823
989059709
1073741823
1073741823
1023197173
939524095
1073741823
1073741823
261749759
1073741823
939524095
402652543
1073741823
1073741823
1073741823
1073741823
1073741823
1073741823
1073741823
1073741823
1073741823
1073741823
1073741823
1073478655
1073741823
1073741823
1073741823
1073741823
1073741823
1072693247
1039925247
1073741823
1073741823
1073741823
1073741823
1073741823
536862719
1073741823
805297151
939524095
1073741823
1006632831
536870911
1073741823
1073741823
1073741823
1073741823
1073741823
1073741823
1006632575
1073741823
1073741823
1073741823
1073741823
1073741823
503316479
1073741823
1073741823
1073741823
1073741823
1073741823
1056899071
1073741823
939524095
1073741823
1073741823
1073479679
1073741823
1073741823
190242546
1073741823
1073741823
1073741823
1073741823
1073741823
1073741823
1073741823
1073741823
1006632959
1073741823
1021278207
1073741695
1073741823
1073741823
922664959
1073741567
1073741823
1073741823
939524095
1073741823
1073741567
1073478399
536608767
1073741823
1073741823
1073741823
1073741823
1073741695
1073741823
939524095
1073741823
738197487
1073741823
1073741823
1073741823
1073741823
1073741823
1072561887
1073741823
1073741823
1073741823
1073741823
1073741823
939491070
1073741823
1073741823
1073479663
1073741823
1073741823
1073741823
1073741823
939524095
1073741823
535730748
1006632959
1073741823
1073741823
1073479679
1073741823
1073741823
1073741823
1073741823
536870847
1073741823
1073741823
1073741823
1073741823
1073741823
1073741823
1073741823
1073741823
1073741823
1073741823
1073741823
1072693247
796390765
1073741823
939524087
1073741823
1073741823
1073741823
939524095
1073741823
1073741823
1073741823
1073741823
1073741823
1073741823
536866815
1006501631
1073741823
1073479679
872415231
1073741823
1073741823
1073741823
1073741823
1073741823
1073741823
1073741823
1073741823
1073741823
1073741823
1073741823
1073741823
1073741823
1073741823
1073741823
1073741823
1073610751
1073741823
1073741823
1073741823
1073741823
1073741823
1073741823
1073741823
1073741823
1073741823
1073741823
401576614
1073741823
1071513599
463469495
1073741823
1073741823
528475895
1073741823
1073741823
1073741823
1073741823
1073741823
1073741823
1073741823
1073741823
1073741823
1073741823
1073741823
1073741823
1073741823
1073741823
536608767
1073741823
1073741823
1073741823
1073741823
1073741823
1073741823
1073741823
1073741823
1068366815
1073741823
1073741823
1073741823
1073741823
1073741823
350428294
1073740543
939523950
1073741567
1006632573
1073741823
1073741823
1073741823
1006632959
1073741823
1073741823
1073741823
1073741567
1073741823
1073741823
1073741823
1073731583
1073741823
1073741823
1073741567
1073741823
1073741823
1073741823
1073737727
1073741823
433716991
1073741823
1073741823
1073741823
1073741823
1071644671
1073741823
1073741823
1073741567
1073741823
1006632959
1006632959
1073741823
1040187391
1073741823
1073741823
1073741823
1073741823
939524095
1073741567
1073741823
1073741823
1073741823
1073741695
1073741823
1073741823
1073741823
1073741823
1073741823
1073741823
1073741823
1073741823
1006632959
1073741823
1072674815
1073741823
1073741823
1073741823
998234047
1073741823
1006632959
1073741823
1073479679
1073741823
1073741823
1039859695
1073741823
1073741823
1073741823
1073741823
1071513599
1073741823
1073741823
1073741823
1073741823
1073741823
1073741823
1073741823
1073741823
1073741823
1073741823
1073741823
1073741823
1006616575
1073741823
939524095
1073741823
1073741823
1073741823
1073741823
939524095
1073741823
1073741823
1073741822
1073741823
1073741823
939524095
1073741823
1073741823
1073741823
1073741823
1073741823
1073741823
536870911
1073741823
1073479679
1073741823
1073741823
1006632959
1073741823
1073741823
465559231
1073479679
1073741823
1073741823
1073741823
939524095
1073741823
1073741823
939524095
1073741823
1073741823
1073741823
1073741823
1073741823
1073479679
939522047
1073741823
1073479679
1073741823
1073741823
1073741823
1073741823
1040154623
1073741823
1073741823
1073741823
1073741823
939524095
1073741823
1073741823
1073741823
536870911
1073741823
1073741823
1073741823
939524095
1073741823
1073741823
1073741823
938736494
1073741823
1073741823
1073741823
1073741823
1073741823
1073479679
1073741823
1039925247
1073741823
1073741823
465559231
1073741823
1073741823
1006632959
1073741823
1073741823
1073741823
1073741823
1073741823
1073739775
1073741823
1073741823
996136595
1073741823
1073741823
1073741823
1073741823
1073741823
1073479679
805306111
1073741823
1073741823
1073741823
1073741823
804782047
1073741823
1073741823
939524095
1073741823
1073741823
1073741815
1073741823
1073741823
1073741823
1073741823
1073741823
1073741823
1073741823
1073741823
1073741823
1073741823
939253503
1073741823
384810751
1073741823
1073741823
1073741823
1073741823
1071642623
1073741823
1073741823
1073741823
1073741823
805289983
1073741823
1073741823
1073741823
1073741823
1056931805
1073741823
1073741823
1065353215
535560189
889159671
1073741823
1073741823
1004535551
1073741823
1073741823
1073741823
871890941
1073741823
1073741815
939524095
939518719
1073741823
1073741823
1073741823
1073741823
1073741823
1073741823
201435723
1073741823
1073741823
1073741823
1073741823
1073741823
1073741823
1073741823
1073741823
1006632959
1073741823
1073741821
1073741823
1073741823
1073741823
1073741823
1073741823
1073741439
1073741823
1073741823
1073741823
1073741823
1073741823
1073741823
1073741823
1073741823
1006632959
1073741823
1073741823
1073741823
1073741823
529399551
1073741823
1073741823
1073741823
536607743
1073741823
1073741567
1073741823
1073741823
1073741823
1073741823
1073741823
1073741823
1073741823
1073741823
779850686
788381375
1073741823
1073741823
519042924
1073741823
1073741823
1073741823
1073741823
1073741823
939524095
1073741823
1073741823
1006632959
1006632959
1073741823
1073741823
1073741823
1073741823
1073740543
1073741823
1073741823
1073741823
1073741823
1073741823
1073741823
1073741823
1073741823
1073741823
1073741823
1073741823
1073741823
1073741823
738197487
1073741823
1073741823
1073741823
1073741823
1073741823
536870911
1073741823
1073741823
1073741823
1073741823
1073741823
1073741823
1073741823
1006632959
1073741823
0
1073741567
1073741823
1073741823
1073741823
1073741823
1006632959
1073741823
1073741823
603191295
1073741823
1073741823
1073741823
1073741823
1073741823
1073741823
1073741823
1073741823
1073479679
1073741823
1073741823
1073741815
1073741823
1073741823
1073741823
1073477631
1073741823
1073741823
1073741823
1073741823
1073741823
1073741823
1073741823
1073741823
1073741823
1073741439
0
723935222
782272287
1073741823
1073741823
1073741823
1056702463
1073741823
1073741823
1073741823
1006632575
503316479
1073741823
1006632959
1073741823
1073741823
1006632959
1073741823
1073741823
329230783
1073741823
1073741823
1039925247
1073741823
1073741823
1006632959
1073741823
1073741823
1073741823
1006632831
1073741823
536870911
1073741823
1073741823
1073741823
1073741823
1073741823
1073741823
1073741823
536870911
1073741823
1073741823
1073741823
1073741823
1073741823
1073741823
1073741823
1073741823
1073741823
1073741823
1073741823
1073741823
1040187391
1073741823
1073741823
1073700735
1073741823
1073741823
1073741823
1073741823
1073741823
1006632959
1073741823
1073741823
1073741823
1073741823
1073741823
1006632959
1073741695
1073741823
1073741823
1073741823
1073741823
361845266
872415223
1073741823
1006632575
1073741823
1072676607
1073741823
1073741823
1073741823
1073741823
1073741823
1073741823
1073741823
334919165
1073741823
871890941
1073741823
1073741823
1073741823
1073741823
939524095
1073741823
939524095
1073741823
1073741823
1073741823
1073741823
1073741823
1073741823
1073741823
1073741823
1073741823
1073741823
1073741823
805289983
1073610751
1073741823
1073741823
