1073741823
1073741823
1006632959
1073741823
1073741823
1073741823
1073741823
1073741823
1073741823
1073741823
1073741823
1073741791
1073741823
1073741823
1073741823
1073741823
1073741823
1073741823
1073741823
1073741823
1073741823
1073741823
1073741823
1073741823
1073741823
1073741823
1073741823
1073741823
1073741823
1073741823
1073741823
1073741823
1073709055
1073741823
1073741823
1073741823
1073741823
1073741823
1073741823
1073741823
1073741823
1073741823
1073741823
1073741823
1073741823
1073741823
1073741823
1073741823
1073741823
1073741823
1073741823
1073741823
1073741823
939524079
1073741823
1073741823
1073741823
1073741823
1073741823
1073741823
1073741823
1073741823
1073741823
1073741823
1073741823
1073741823
1073741823
1073741823
1073741823
999276255
1073741823
1073741823
1073741823
1073741823
1073741823
1073741823
1071644671
1073741823
1073741823
1073741823
1073741822
1073741823
1073741823
1073741823
1073741823
1073741823
1073741823
1073741823
1073741823
1073741823
1073741823
1073741823
1073741311
1073741823
1073741823
1073741823
1073741823
1073741823
1073741823
1073741823
1073741823
1073741823
1073741823
1073738751
1073741823
1073741823
1073741823
1073741823
1073741823
1073741823
1073741807
1073741823
1073741823
1073741823
1073741823
1073741822
1073741823
1073741823
1073741823
1073741823
1073741823
1073741823
1073741823
1073741823
1073741823
1073741823
1073741823
1073741823
1073741823
1073741823
1073741823
1073741823
1073741823
1073741823
1073741823
1073741823
1073741823
1073741695
1073741823
1073741823
1073741823
1073741823
1073741823
1073741823
1073741823
239489336
1073741823
1073741823
1073741823
1073741823
1073741823
1073741823
1073741823
1073741823
1073741823
1073741823
1073741823
1073741823
1073741823
1073741823
1073741823
1073741823
1073741823
1073545215
1073741823
1073741823
1073741823
1073741823
1073741823
1073741823
1073741823
1073741823
1073740783
1073741823
1073741823
1073741823
1073741823
1073741823
1073741823
1073741823
1073741823
1073741823
1073741823
1073741823
1073741823
1073741823
1073741823
1073741823
1073741759
1073741823
1073741823
1073741823
1073741823
1073741823
1073741823
1073741823
1073741823
1073741823
1073741311
1073741823
1073741823
1073741823
1073741823
1073741823
1073741823
1073741823
1073741823
1073741823
939523967
1073741823
1073741823
1073741823
1073741823
1073741823
1073741823
1073741823
1073741823
1073741823
1073741823
1073741823
1071644159
1073741823
1073741823
1073741823
1073741823
1073741823
1073741823
1073741823
1073741823
1073741823
1073741823
1073741823
1065353215
1073741823
1073741823
1073741823
1073741823
1073741823
1073741823
1073741823
1073741823
1073741823
1073741823
1073741823
1073741823
1073741823
1073741823
1073741823
1073741823
1073741823
1073741823
1073741823
1073741823
1073741823
1073741823
1073741823
1073741823
662666179
939261695
1073741823
1073741823
1073741695
1073741823
1073741823
1073741823
1073741695
1073741823
784169471
1073741823
1073741823
1073741823
1073741823
1073741823
1073741823
1073741823
1073741823
1073741823
1073741823
1073741823
1073741823
1073741823
1073741823
1056964607
1073741823
1073741823
1073741823
804911023
1073741823
1073741823
1073741823
1073741823
1073741823
1073741823
1073741823
1073741823
1073741823
1073741823
1073741823
1071644671
1071644671
1073741823
1073741823
1073741823
1073741823
1073741823
1073741823
1073741823
1073741823
1073741823
1073741823
1073741823
1073741823
1073741823
1073741823
1073741823
1073741823
1073741823
1073741823
1073741823
1073741823
1073741823
1073741823
1073741823
1073741823
1073741823
1073741823
1073741823
1073741791
1073741823
1073741823
1073741823
1073741823
1073741823
1073741823
1073741823
1073741823
1073741823
1073741823
1073741823
1073741823
1073741823
1073741823
1073741823
1073741823
1073741823
1073741823
1073610495
1073741823
1073741823
1073741823
1073741823
805306367
1073741823
1073741823
1073741823
1073741823
1073741823
1073741823
1073741823
1073741823
1073741823
1073741823
1073741823
1073741823
1073741823
1073733631
1073741823
1073741823
1073741823
1073741823
1073741823
1073741823
1073741823
1073741823
1073741823
1073741823
1073741823
1073741823
1073741823
1073741823
1073741823
1073741823
1073741823
1073741823
1073741823
1073741823
1073741823
1073741823
1073741823
1073741823
1073741823
1073741823
1073741823
1073741823
1073215487
1073741823
1073741823
1073741823
1073741823
1073741823
1073741823
1073741791
1073741823
1073741823
1073741823
1073741823
1073741823
1073741823
1073741823
1073741823
1073741823
1073741823
1073741823
1073741823
1073741823
1073741823
1073741695
1073741823
1067450367
1073741823
1073741823
1073741823
1073741823
1069545439
1073741823
1073741823
1073741823
1073741823
1073741823
1073741823
1073741823
1073741823
1073741823
1056829439
1073741823
1073741823
1073741823
1073741823
1073741823
1073741823
434885531
1073741823
1073741823
1073741823
1073741823
1073741823
1073741823
1073741823
1073741823
1073741823
1073741823
1073741823
1073741823
1073741823
1073741823
1073741823
1073741823
1073741823
1073741823
1073741823
1073741823
1073741823
1073741823
1073741823
1073741791
1073741823
1073741823
1073741823
1073741823
1073741823
1073741823
1073741823
1073741311
1073741823
1073741819
1073741823
1073741823
1073741823
1073741823
1073741823
503312351
1073741823
1040187263
1073741823
1073741823
1073740799
1073741823
1073741823
1073741823
1073741823
1073741823
1073741823
1073741823
112940922
1073741823
1073741823
1073741823
1073741823
1073741823
1073741823
1073741823
1073741823
1073741823
1073741823
1073741823
1073741823
1073741823
1073741823
1073741823
1073741823
1073741823
1073741823
1073741823
1073741823
1073741823
1073741823
1073741823
1073741823
788529151
1073741823
1073741823
1073741823
1073741823
1073741823
1073740799
1073741823
1073741823
1073741823
1073676287
1073741823
1073741823
1073741823
1073741823
1073741823
1073741823
1073741823
1073740799
1073741823
1073741791
1073741823
1073741823
1073741567
1073741823
1073741823
1073741823
1073741823
1073741823
1073741823
1073741823
1073741823
1073741823
1073741823
1071644671
1073741823
1073741823
1073741806
1073741823
1073741823
1073741823
1073676287
1073741823
1073741823
1073741823
1073741823
536838143
1073741823
1073741807
1073741823
1073741823
1073733631
1073741823
1073741823
1073741823
1073741823
1073741567
1073741823
1073741823
1073741823
1073741823
1073741823
1073741823
1073741823
1073741823
1073741823
1073741823
1073741823
1073741823
536343551
1073741823
1006632959
1073741823
1073741823
1073479679
1073741823
1073741823
1073741823
1073741823
1073741823
1073741823
1073741823
1073741823
1073741823
1073741823
1073741823
1073741823
1073741823
1073741823
1073741823
1065286975
1073741823
1073741823
580186526
1073741823
1073741823
1073741823
1073741823
1073741823
1073741823
1073741823
1073741823
1073741823
1073741823
1073741823
1073741823
1073741823
1073741823
1073741823
1073741823
1073741823
1073741823
1073741823
1073741823
1073741823
1073741759
1073741823
1073741823
1073741823
1073741823
1073741823
1073741823
1073741823
1073741823
1073741823
1073741823
1073741311
1073741823
1073741823
1073741823
1073741823
1073741823
1073741823
1073741823
1073741823
1073741823
1073741823
1073741823
1073741823
1073741823
1073741823
1073741823
1073741823
1073741823
1073741823
1073741823
1073741823
1073741823
1073602303
1073741823
1073741823
1073741823
1073741823
1073741821
1073741823
1073741823
1073741823
1073741823
1073741823
1073741823
1073741823
1073741823
1073741823
1073741823
1073741823
1073741823
1073741823
1073741823
1073741823
1073741823
1073741823
1073741823
1073741823
1073741823
1073741823
1073741823
1073741823
1073741823
534740991
1073741823
1073741823
1073741823
1073741823
1073741823
1073741823
1073741823
1073741823
1073741823
1073741823
1073741823
1073741823
1073741823
1073741823
1073741823
1073741823
1065353215
536870903
1073741823
1073741823
1073733631
1073741823
1073741823
1073741822
1073741823
1073741823
1073741823
1073741823
1073741823
1073741823
1073741823
1073741823
1073741823
1073741823
1073741823
1073741823
1073741823
1073741823
1073741823
1073741823
1073741823
1073741823
1073741823
1073741823
536870910
1073741823
1073610239
1073741823
1073741823
1073741823
1073741823
1073741823
1073741823
1073610735
1073741823
1073741823
1073741823
1073741823
1073741823
1073741823
1073741823
1073114095
1073741823
1073741823
1073741823
1073741823
1073741823
1073741823
1073741823
1073741823
1073741823
1073741823
1006632959
1073709055
1073741823
1073741823
1073741823
1073741823
1073741823
1073741823
1073741823
1073741823
1073741823
1073741791
1073741823
1073741823
1073741823
1073741823
1073741823
1073741823
1073741823
1073741823
1073741823
402652159
1073741823
1073741823
1065320447
1073741823
1073741823
1073741823
1073741823
1073741823
1073741823
1073741823
1073741823
1073741823
1073741823
1073741823
1073741823
1073741823
1073741823
1073741823
1073741823
1073741823
1073741823
402587647
1073741823
1073741823
1073741822
1073741823
1073741823
1073741823
1073741823
1073741823
1073741823
1073741823
1073741823
1073741823
1073741823
1073741823
1073741823
1073741823
1073741823
1073741823
1073741823
1073741823
1073741823
1073741823
1073741823
1073741823
1073741823
1073741823
1073741823
1073741823
1073741823
1073741823
1073741823
1073741823
1073741823
1073708895
1073741823
1073741823
1073741823
1073741823
1073741823
1073741823
1073741823
1073741823
1073741823
1073741807
693829343
1073741823
1073741823
1073741823
1073741823
1073150638
1073741823
1073741823
1073741823
1073741823
1073741823
1073741823
1073741823
1073741823
1073741823
1073741823
1073741823
973077951
1073741823
1073741823
1073741823
1073741823
1073741823
1073741823
1073676287
1073741823
1073741823
1073741823
1073741823
1073741823
1073741823
1073741823
1073741823
1073741823
1073741823
898594241
1073741823
1073741823
1073741823
1040187391
1073741823
1073741823
1073741823
1073741823
1073741823
1073610239
1073741823
1073741823
1073741823
1073741823
998206975
1073741823
1073741823
1073741823
1073741823
1073741823
1073741823
1073741823
1073741823
1073741823
1073741823
1073741823
151678622
1073741823
1073741823
1073741823
1073741823
1073741823
1073741823
1073741823
1073741823
1040187391
1073741823
1073741823
1073741823
1073738719
1073741823
1073741823
1073741823
1073741823
1073741823
1073741823
1073741823
1073741791
1073741823
1073741823
1073741823
1073741823
1073741823
1073741823
536870911
1073741823
161835990
469762023
1073741823
1073741823
1073741823
1073741823
1073741823
1073741823
1073741823
1073741823
1073741823
1073741823
1073741823
1073741823
1073741823
1073741823
1073741823
1073741823
1073741823
1073741823
1073741823
1073741823
939524095
1073741823
1073741823
1073741823
1073741823
1073741823
1073741823
1073741823
1073741823
1073741823
1073741823
1073741695
1073741823
1073741823
1073741823
1073741823
1073479679
1073741311
402644137
1073741823
1073741823
1073741823
1073741823
1073741823
1073741823
1073676287
1073741823
1073741823
1073741823
1073741823
1073741823
1073741823
1073733375
1073741823
1073741823
1073741823
1073741823
1073741823
1073741823
1073741823
1073741823
1073741823
1073741823
1073741823
1073741823
1073741823
1073741823
1073741823
1073741823
1073741823
1073741823
1073741823
1073741823
1040185853
1073741823
1073676287
1073741823
1073741823
1073741823
1073741823
1073741823
1073741823
1073741823
1073741823
1073741823
1073741823
1073741823
1073741823
1073741823
1056964607
1073741823
1073741823
1073741822
1073741823
1073741823
1073741823
1073741823
1073741823
1073741823
1073741823
1073741823
1073741823
1073741823
1073741823
1073741823
1073741823
1073741823
1073741807
1073741823
1073741823
1073741823
1073741823
1073741823
1073741823
1073741823
1073741823
1073741823
1073741823
1073741823
1073741823
1073741823
1073741823
1073741823
1073741823
1073741823
1073741823
1073741823
1073741823
1073741823
1073741823
1073741823
1006501883
1073741823
1073741823
1073741823
1073741823
1073741823
1073741823
1073741823
1073741823
1073741823
1073741823
1073741823
1073741807
1073741823
1073741823
1073741823
1073741823
1073741822
1073741823
1073741823
1073741823
1073741823
1006632959
469762046
1073741823
1073741823
1073741823
1056964607
1073737727
1073741823
1073741823
1073741823
1073741823
1073741823
1073741823
805292031
536870911
1073741823
1073741807
1073741823
1073741823
1073741823
1073741823
1073741823
1073741823
1073741823
1073741823
1073741823
1073741823
1073741823
1073741823
1073741823
1073741823
1073741823
1073741823
1073741823
1073741823
1073741823
788529151
1073741823
1073741823
1073741823
1073741823
1073741823
1073741823
1073741823
1073741823
1073741823
1073741823
1073741823
1073741823
1073741823
1073741803
1073741823
1073741823
1073741311
1073741823
1073741823
1073741823
1073741823
1073741823
1073741823
1073741823
939524094
1073741567
1073741823
1073741823
1073741823
1073741823
1073741823
1073741823
1073741823
1073741823
1073741823
1073741823
1073741823
1073741823
1073741823
1073741823
1073741823
1073741823
1073741823
1073741823
1073741823
1073741823
1073741823
1073741823
1073741823
1073741823
1073610172
1073741823
1073741823
1073741823
1073741823
1073741823
1073741823
1073741823
1073741823
1073741823
1073741823
1073741823
1073741823
1073741823
1073741823
1073741823
536870911
1073741823
805306367
1073479679
1073741823
988610300
1073741823
1073741823
1073741823
1073741823
1073741823
1073741823
1073741823
1073741823
404832255
1073741823
1073741823
1073741823
1073741823
1073741823
1073676255
1073741823
1040187390
1073741823
1073741823
1073741823
1073741823
1073741823
1073741823
1073741823
1073741823
1073741823
1073741823
1073741823
1073741823
1073741823
1073741823
1073741823
1073741823
1073741791
1073741823
1073741823
1073741823
536870911
1073479679
1073741823
1073737727
1073741823
1073741823
1073741823
1073741823
1073741823
1073741823
1073741823
1073741823
1073741823
1073741823
1073741823
1073741823
1073741823
1073741823
1073741823
1073741823
1073676287
1073741823
1073741823
1056964479
1073741823
1073741823
1073741823
1073741823
1073741823
1073741823
1073741823
1073741823
1073741823
1073741823
1073741823
1073741823
1073741823
1073741823
1073741823
1073741823
1073741823
1073741823
1073741823
317235579
1073741823
1073741823
1073741823
1073741823
1073741823
1073741695
1073741823
1073741823
1073741823
1073741823
1073741823
1073741823
1073741823
1073741823
1073741823
1073741823
1073741823
1073741823
1073740799
1073741823
1073741823
1073741823
1073741823
1073741823
1073741823
1073741823
1073741823
1073741823
1073741823
1073741823
1073741823
1073741823
1073741823
1073741823
1073741823
1073741823
1073741823
1073741823
1073741823
1073741823
1073741823
1073741823
1073741823
1073741823
1073741823
1073741823
1073741823
1073741823
1073741823
1073741823
1073741823
1073741823
1073741823
1073741823
1073741823
1073741823
1073737727
713943035
1073741823
1073741823
1073741823
1073741823
1073741823
1073741823
1073741823
1073741823
1073741823
1073741823
1073741823
939122686
1073741823
1073741823
1073741823
1072691199
1065320445
1073741823
1073741823
1073741823
1073741823
1073741822
1073741823
1073741823
1006632959
1073741791
1073737727
1073741823
1073741823
536800766
1073741823
1073741823
1073741823
1073741823
1073741823
1073741823
1073741823
1073741823
1073741823
1073741823
170470197
1073741823
1073741823
1073741823
1073741823
1073741823
1073741823
1073741823
1073741823
1073741823
1073741823
1073741823
1073741823
1073741823
1073741823
1073741823
1073741823
1073741823
1006632447
1073741823
1073741823
1073741823
1073741823
1073741823
1073741823
1073741823
1073741823
1073737727
1073741823
1073741823
1073741823
1073741823
1073741823
1073741823
796917759
1073741823
1073741823
1073741823
1073741823
1073741823
1073741823
1073741823
1073741823
1073741823
1073741823
1073741823
1073741823
1073741823
1073741823
1073741823
0
1073741823
1073741823
1073741823
1073741823
1073741823
1073741823
1073741823
1073741823
1073741823
1073741823
1073741823
1073741823
1073741823
1073741823
1073741823
1073741823
1073741823
1073741823
1073741823
1073741823
1073741823
1073741823
1073741823
1073741823
1073741823
1073741823
1073741823
1073676287
1073741823
1073741823
1073741823
1073741823
1073741823
1073741823
1073741823
1073741823
1073741823
1073741823
1073741823
1073676287
1073741823
1073741823
1073741823
1073741823
1073709047
1073739775
1073741823
1073741823
1073741823
1073741823
1073741823
1073741823
1073741823
1064525813
1073741823
1073741823
1073741823
1056964607
1073741823
1073741823
939260671
1073741823
1073741807
1073741823
1073741823
1073741823
1073741823
1073741823
1073741823
1073741823
1073741823
1073741823
1073741823
1073741823
1073741823
1073741823
1073741823
1073741823
1073741823
1073741823
1073741823
1073741823
1073741823
1073741823
1073741823
1073741823
1073741823
1073741823
1073741823
1073741823
1073741823
804646891
1073741823
1073741823
1073741823
1073741823
1073741567
1065058015
1073741823
1073741823
1073741823
536870907
1073741823
1073741823
1073741823
1073741823
1073741823
1073741823
1073741823
1073741823
1073741791
1073741823
1073741823
1073741823
1073741823
1073741823
1073741823
1073741823
1073741823
1073741823
1073741823
1073741823
1073741823
1073741823
1073741823
1073741823
1073741823
1073741823
1073741822
1073741823
1073741823
937426879
1073741823
1073741823
1073741823
1073741823
1073741823
1073741823
1073741823
1073741823
1073741823
1073741823
1073741823
1073741823
1073741823
1073741823
1073741823
1073741823
1073741823
1073741823
1073741823
1073741823
1073741823
1073741823
1073741823
1073741823
1073739775
1073741823
1073741823
1073741823
1073741823
1073741823
1073741823
1073741823
1073741823
1073741823
1073741695
1073741823
1073741823
1073741823
1073741823
1073741823
1073741823
1073741823
1073741823
1073741823
1073741823
1073741823
1073741823
1073741823
1073741823
1073741823
1073676287
1073741823
1073741823
1073741823
1073741823
1073741823
1073741823
1073741823
1073741823
1073741823
1073741311
1073741823
1073741823
1073741823
1073741823
1073741823
1073741823
1073741823
1073741823
1073741823
1073741823
805306351
1073741823
1073741823
528449535
1073741823
1073741823
1073741823
1073741823
1073741823
1073741823
1073741823
1073741823
1073741823
1073741823
1073741823
1073741823
1073741823
1073741823
1073741823
1073741823
1073741823
1073610239
1073741823
1073741823
1073741823
1073741823
1073741823
1073741823
1073741823
1073741823
1073741823
1073741823
1073741823
1073741823
1073741823
1073741823
1073741823
1073741823
1073741823
1073741823
1073741823
389990143
1073741823
1073741823
1073741823
1071644671
939261695
1073741823
1073739775
1073741823
1073741823
1073741823
1073741823
1073741823
1073741823
1073741823
1073741823
1073741823
1073741823
1073741823
1073741823
1073741823
1073741823
1073741823
1073741823
1073741823
1073741823
1073741823
1073741823
1073741823
1073741823
1073741823
1073741823
1073741823
1073741823
1073741823
1073741823
1073741823
1073741823
1073741823
1073741823
1073741823
1073676287
1073741823
1073741823
1073741823
536870143
1073741823
1073741823
1073741791
1073741823
1073741823
1073741823
805306367
1073741823
1073741823
1073741823
1073741823
1073741823
1073741823
1073741823
1073741823
1073741823
1073741823
1073741823
1073741823
1073741823
1073741823
1073741823
402653183
1073741823
1073741823
1073741823
1073741823
1073741823
1073741823
1073741823
1073741815
1073741823
1073741823
1073741823
1073741823
1073741823
1073741823
1073741823
1073741823
1073741823
1073741823
1073741823
1073741823
1073741823
1056964607
1073741823
1073741823
536870911
1073741823
1073741823
1073741823
1073741823
1073741823
1073741823
1073741823
1073741823
1073741823
1073741823
1073741823
1073741823
908654847
1073741823
1073741823
1073741823
1073733631
1073741823
1073741823
1073741823
1073741823
1073741823
1073741823
1073741823
1073741823
1073741823
1073741823
1073741823
1073741823
1073741823
1073741823
1073741823
1073741823
1073741823
1073741823
1073741823
1073741823
1056964607
1071644671
1073741823
1073741823
1073741823
1073741823
1073741823
1073741823
1073741823
1073741823
1073741823
1073741823
1073676287
1073741823
1073741823
1073741823
1073741823
1073741823
1073741823
1073741823
1073741823
1073741823
1073741823
1073741823
1073741823
1073741823
1073741823
1073741823
1073741823
1073741823
1073675231
1073741823
1073741823
1073741823
1073741823
1073741823
1073741823
1073741823
1073741823
1073741823
1073741823
1073741823
1073741823
1073741823
1073741823
1073741823
1073741823
1073741823
1073741823
1073741823
1073741823
1073741823
1073741823
1073741823
1073741823
1073741823
1073741823
1073741823
1073741823
1073741823
1073741823
1073741823
1073741823
1073741823
1073741823
1073739775
1073741823
1073741823
1073741823
1073741823
1073741823
1073741823
1073741823
1073741823
1073741823
1002376571
1073741823
1073741823
1073676287
1073741823
1073741823
1073741823
536801278
1073741823
1073741823
1073741823
1073741823
1073741823
1073741823
1073741823
1073741823
1073741823
1073741823
1073741823
1073733631
1073741823
1073741823
1073741823
1073741823
1073741823
1073741823
1073741823
1073741823
1073741807
0
1073741823
1073741823
1073741823
1073741823
1073741823
1073741823
1073741823
1073741823
1073741823
1073741823
1073741823
1073741823
1073741823
1073741823
1073741823
1073741823
1073741823
1073741823
1073741823
1073741823
1073741823
536803837
1073741823
1073741823
1073741823
1073741823
1073741823
1073741823
985658879
1073741823
1073741823
1073741823
1073741823
1073741823
1073741823
1073741823
1073741823
1073741823
1073741823
1073741823
1073741823
1073741823
1073741823
1073741823
1073741823
1073741823
1071644671
1073741823
1073741823
1073741823
402652671
1073741823
1073741823
1073741823
1073741823
1073741823
1073741823
1073741823
1073741823
869905308
1073741823
1073741823
1073741823
1073741823
1073741823
1073741823
1073741823
1073741823
1073741823
1073741823
1073741823
1073741823
1073741823
1073741823
1073741823
1073741823
1073741823
1073741823
1073741823
1073741823
1073741823
1073741823
1073741823
1073741823
1073741823
1073741823
468270847
1073741823
1073741823
1072431103
1073741823
1073741823
1073741823
1073741823
1073741823
1073741823
1073741823
1073741822
1073741823
1073741823
1073741823
1073741823
1073741823
1073741823
1073741823
1073741823
1073741823
1073741823
1073741823
1073741823
1073741823
1073741311
1073741823
1073741823
1073741823
1073741823
1073741822
1073741823
1073741823
1073741823
1073741823
1073741823
1073741823
939524095
1073741823
1073741823
1073741823
1073741823
1073741823
1073741823
1073741823
1073741823
1073741823
1073741823
1073741823
1073741823
1073741823
1073741823
1073741823
1073610751
534773759
1073741823
1073741823
1073741823
1073741823
1073741823
1073741823
1073741823
1073741823
536870846
1073741823
1073741823
1073741823
1073741823
1073741823
1073741823
1073741791
1073741823
1073741823
1073741823
1073741823
0
1073741823
1073741823
1073741823
1073741823
1073741823
1073741823
1073741823
1073741823
1073741823
1073741823
1073741823
1073741823
1073741823
1073741823
1073741823
1073741823
1073741823
1073741823
1073741823
1073741823
1073741823
251396094
1073741823
1073741823
1073741823
1073741823
1073741823
1073741823
1073741823
1073741823
1073741823
1073741823
1073741823
1073741823
1073741823
1073741823
1073741823
1073741823
1073741823
1073741823
1073676287
1073741823
1073741823
1073741823
1073741823
1073741823
1073741823
1073741823
1073741823
1073741823
1073741823
1073741821
1073741823
1073741823
1073741823
1073741823
1073741823
1073741823
1073741823
1073741823
1073741823
1073741823
1073741823
1073741823
1073741823
1073741823
1073741823
1073741823
1073741823
459509494
1073741823
1073741823
1073741823
1073737727
1073741823
1073741823
1073741823
1073741823
1073741791
1073741823
1073741823
1073741823
1073741823
1073741823
1073741823
1073741823
1073741823
1073741823
1073741823
1073741823
1073741823
1073741823
1073741791
1073741823
1073741823
1073741823
1073741823
1073741823
1073741823
1073741823
1073741823
1073741823
1073741823
1073741823
1073741823
1073741823
1073741823
1073741823
1073741823
1073741823
1073741823
1073741823
1073741823
1073741823
1073741823
1073741823
1073741823
1073741823
1073741823
1073741823
1073741823
1073741823
1073741823
1073741823
1073741823
1073741823
1073741823
1073741823
1073741823
1073741823
1073741823
1073741823
1073741823
1073741823
1073741823
1073741823
1073741823
1073741823
1073741823
1073741807
1073741823
1073741823
1073741823
1073676287
1073741823
1073741823
1073741823
1073741823
1073741823
939524095
1073741823
1073741823
1073741823
1073676255
1073741823
1073741823
1073741823
1073676287
1073741823
1073741823
1073741823
1073741823
1073741823
1073741823
1073741823
1073741823
1073741823
1073741823
1073741823
1073741823
1073741823
1073741823
1073741823
1073741823
1073741823
1073741823
536869885
1073741823
1073741823
1073741823
1073741823
1073741823
1073741823
1073741823
1073741823
1073741823
1073741823
1073741821
1073741567
1073741823
377355231
1073741823
1073741823
1073741823
1073741823
1073741823
1073741823
1073741823
1073741823
1073741823
1073741823
1073741823
951779247
1073741558
1073741823
1073741823
1073741823
1073741823
1073741823
1073741823
1073741823
1073741823
1073741823
1073741823
1073741823
1073741823
1073741823
1073741823
1073741823
1073741823
1073741823
1073741823
1073741823
1073741823
1073741823
1073741823
1073741823
1073741823
1073741823
1073741823
1073741823
1073741823
1073741823
1073610751
1073741823
1073741823
1073741823
1073741823
1073741823
1073741823
1073741823
1004535099
1073741823
1073741823
1073741823
1073741823
1073741823
1073741823
1073741823
1073741823
1073741823
1073741823
1073741823
1073741823
1073741823
1073741823
1073737727
1073741823
1073741823
1073741823
1073741823
1073741823
1073741823
1073741823
1073217535
1073741823
1073741823
1073741823
1073741823
1073676287
1073741823
1073741823
1073741823
402653183
1073741823
1073741823
1073741823
1073741823
1073741823
1073741823
1073741823
1073741823
1073741823
536870911
1073741823
1073741823
1072660479
1073741823
1073741823
1073741823
1073741823
1073741823
1073741823
1073741823
1073741823
1073741823
1073741823
1073741823
1073741823
1073741823
1073741823
1073709055
1073741823
1073741823
1073741823
1073741823
1073741823
1073741823
1073741823
1073741823
1073741823
1073741823
1073741823
939524095
1073741823
1073741823
1073741823
1073741823
1073741823
1073741823
1073741823
1073741823
1073741823
1073741823
1073676287
1073741807
1073741823
1073740799
1073741823
536870911
1073741823
1073741823
1073741823
1073741823
1073741823
1073741823
1073741823
1073741823
1073741823
1073741823
1073741823
1073741823
1073741823
1073741823
1073741823
1073741823
1073741823
1073741823
1073741823
1073741823
1073741823
1073741823
536870911
1073741822
1073741823
1073741823
1073741823
1073741695
1073741823
1073741823
1073733631
1073741823
1073741823
1073741823
1073741823
1073741823
1073741823
1006632959
1073737727
1073741823
1073741823
1073741823
1073741823
1073741823
1073741823
1073676287
1073741823
1073741823
1073741823
1073741823
1073741823
1073741823
1073741823
536805375
1073741823
1073741823
1073741823
1073741823
1073741823
1073741823
1073741823
1073741823
1073741823
1073741823
1073741823
1073741567
1073741823
1073741823
1073741823
869191112
1073741823
1073741823
1056964607
1073741823
1073741823
1073741823
1073741823
1073741823
1073741823
1073741823
1073741823
1073741823
1073741823
1073741823
1073741823
1073741823
1073741823
1073741823
1073741823
1073741823
1073741823
1073741823
1073741823
1073741823
1073741823
1073741823
1073741823
1073741823
1073741823
1073741823
1073741823
1073741823
1073741823
402651229
1073741823
1073741823
1073741823
1073741823
1073741823
1073741823
1073741823
1073741823
1073741823
1073741823
1073741823
1073741823
1073741823
1073741823
1073741823
1073741823
1073741823
1073741823
1073741823
1073741823
1073741823
1073741807
1073741823
1073741823
1073741823
1073741823
1073741823
1006632959
1073741823
1073741823
1073741823
1073741823
1073741823
1073741823
1073741695
1073741823
1073741823
1073741822
1073741695
1073741823
1039925247
1073741823
1073741823
1073741823
1073741823
1073741823
1073741823
1073741823
1073741807
1073741823
1073741823
805306367
1073741823
1073741823
1073741823
1073741821
1073741823
1073741823
1073741823
1073741823
1073741823
1073741823
1073741823
1073741823
1073741823
1073741823
1073741823
1073741823
1073741823
1073741823
1073741823
1073741823
1073741791
1073741823
1073741823
1073741823
1073741823
1073741823
1073741823
1073741823
1073741823
1073741823
1073741823
1073741823
1073741823
1073741823
1073741823
1073741823
1073741823
1073741823
1073741823
1073741823
1073740911
1073741823
1073741823
1056763903
1073741807
1073741823
1073741823
1073741823
1073741823
1073741823
1073741823
1073741823
1073741823
1073741823
1073741823
805304319
1073741823
1073741823
1073741823
1073741823
1073741823
1073741823
1073741823
1073741823
1065349119
1073741823
1073741807
1073741823
1073741823
1073741823
1073741823
1073741823
1073741823
1073741823
1073741823
1073741823
1073741823
1073741823
1073741823
1073741823
1073741823
1073741823
1073741823
1073741823
1073741823
536870399
1073741823
1073741823
1073741823
1073741823
1073741823
1073741823
1073741823
1073741823
1073676287
1073741823
1073741823
1073741823
1073741823
1073741823
1073741823
1073741823
1073741823
1073741823
1073741823
1073741823
1073741823
1073741823
1073741823
1073741823
1073741823
1073741823
805240831
1073741823
1073741311
1073741823
1073741823
1073741823
1073741823
1073741823
1073741823
1073741823
1073741823
1073741823
1073741823
1073741823
1073741823
1073741823
1073741823
1073741823
1073741823
1073741823
1073741823
1073741823
1073741823
1073739775
1073741791
1073741823
1073741823
1073741823
1073741823
1073741823
1073741823
1073741823
1073741807
1073741791
1073741823
1073741823
1073741823
431673229
145094506
1073741823
1073741823
1073741823
1073741823
1073741823
1073741823
1073741823
1073741823
1073741823
1073741823
536870910
1073741823
1073741823
1073741823
1073741823
1073741823
1073741823
1073741823
1073741823
1073741823
1073741823
1073741823
1073741823
1073741823
1073741823
1073741823
1073741823
1073741823
1073741823
1073741823
1073741823
1073741823
1073741823
1073741823
1073741807
1073741823
1073741823
1073741823
536868863
1073741823
1073741823
1073741823
1073741823
1073741823
1073741823
1073741823
1073741823
1073741823
1073741823
1073741823
1073741807
1073741823
1073741823
1073741823
1073741823
1073741823
1073741823
1073741823
1073741823
1056898687
1073741823
1073741823
1073741823
1073741823
1073741823
1073741823
988260157
1073741823
1006632573
1073741823
1073741823
1073741823
1073741823
1073676287
1073741819
1056964607
1073741823
1073741823
1073741823
1073741823
1073741823
1073741823
1073741823
1073741823
1073741823
1073741823
1073741823
1073741823
1073741823
1073741823
1073741823
1073741823
1073741823
1073741823
1073741823
1073741823
1073741823
1073741823
1073741823
1073741823
1073741823
1073741823
1073741823
1073741823
1073741823
1073741823
1073741823
1073741823
1073741823
1073676287
1073741823
1073741823
1073741823
1073741823
1073741823
1073741823
1073741823
1073741823
1073741823
1073741823
1073741823
1073741823
1073741823
1073741823
1073741823
1073741823
1073741823
1073741823
1073741823
1040118831
1073741823
1073741823
1073741823
1073741823
1073741819
1073741823
1073741823
1073741823
1073741823
1073741823
1073741823
1073741823
1073741823
1073741823
1073741823
1073741823
1073741567
1071579103
1073741823
1073741823
1073741823
1073741823
1073741823
1073741823
1073741823
1073741823
1073741823
805248767
1073741823
1073741823
1073741823
1073741823
1073741823
1073741823
1073741823
1073741823
1073741823
1073741823
1073709055
1073741823
1073741823
1073741823
1073741823
1073741823
1073741823
1073741823
1073741823
1073741823
1073741823
1073741823
1073741823
1073741823
1073741823
1073741823
1073741823
1073741823
1073741823
1073741823
1073741823
1073741823
1073741823
1073741823
1073741823
1073741823
1073741823
1073741823
1073741823
1073741823
1073741823
1073741823
1073741823
1073741823
1073741823
1073741823
1073741823
1073741823
1073741823
861927883
1073741823
1073741823
1073741823
1073741823
1073741823
1073741823
1073741823
1073741823
1073741823
1073741823
1073741823
1065351131
1073741823
1073741819
1073741823
1073741823
1073741823
1073741823
1073741823
1073741823
1073741823
1073741823
1073741823
1073741823
1073741823
1073741823
1073741823
1073741823
1073741823
1073741823
1073741823
1073741823
1073741823
1073741823
1073741823
1073741823
1073741823
1073741823
1073741823
1073741823
1073741823
1073741823
1065091020
1073741823
1073741823
1073741823
1073741823
1073741823
1073741823
1073741823
1073741823
1073741823
1073741823
1073741823
1073741823
1073740287
1073741823
1073741823
1073741823
1073741679
1073741823
1073741823
1073741823
1073741823
1073741823
1073741823
1071644670
1073741823
1073741823
1073741823
1073741823
1073741823
1073741823
1073741823
1073741823
603963263
1072693247
1073741823
1071644671
1073741823
1073741823
1073741823
1073741823
1073741823
1073741823
1073741823
1073741823
1073741823
1073676287
1073741823
1073741823
1073741823
1073741823
1073741823
1073741823
1073741823
1073741823
1073741823
1073709055
1070596095
1073741823
1073741823
1073741823
1073741823
1073741823
1073741815
1073741823
1073741823
1073741823
503316061
1073741759
1073741311
1073741823
1073741823
1073741823
1073741823
1073741823
1073741823
1073741823
1073741823
1073741823
1073741823
1073741823
1073741823
1073741823
1073741823
1073741823
1073709039
1073741823
1073741823
1073741823
1073741823
1073741823
1073741823
1073741823
1073741823
1073741823
1073741823
1073741823
1073741823
1073741823
1073741823
1073741823
1073741823
1073741823
1073741823
1071644671
1073740783
1073741823
494370381
1073741823
1073741823
1073741823
1073741823
1073741823
1073741823
1073741823
1073741823
1073741823
1073741823
1073741823
1073741823
1073741823
1073741823
1073741823
1073741823
1073741823
1073741823
1073741823
1073741823
1073741823
1073741823
1073741823
1006632959
1073741823
1073741823
1073741823
1073741823
1073741823
1073741823
1073741823
1073741823
1073741822
1073741823
1073741823
1073733631
1073741823
1073741823
1073741823
1073741823
1073741823
1073741823
1073741823
1073741823
1073741823
1073741823
1073741823
1073741823
461365055
1073741823
1073741823
1073741823
1073676287
1073741823
1073741823
1073741823
1073741823
1073741823
1073741823
1073741823
1073741823
1073741823
1073741823
1073741823
1073741823
1073741823
1073741823
1073741823
1073741823
1073741823
1073741823
1073741759
1073741823
1073741823
1073741823
1073741823
1073741823
939524095
1073741823
1073676287
1073741823
1073741823
1073741823
1073741823
1073741823
1073741823
1073741823
1073741823
1073741823
1073741823
1073741823
1073741823
1073741823
1073741823
1073741823
1073741823
1073741823
1073741823
1073741823
1073741823
1073741823
1073741823
1073741823
1073741823
1073741823
1073741823
1073741823
1073741823
805306239
1073741823
1073741823
1073741823
1073741823
1073741823
1073741823
1073741823
1073741823
1073741823
1073741823
1073741823
1073741823
1073741823
1073741695
1073741823
1073741823
1065058303
1073741823
1073741823
1073741823
1073741823
1073741823
1073741823
1056964607
671088639
1073741823
1073741823
1073741823
1073741823
1073741823
1073741823
1073741823
1073741823
1073741823
1073741823
1073741823
1072693247
1073741823
1073741823
1073741823
1073741823
1073741822
1073741823
1073741823
1073741823
1071636479
1073741823
1073741823
1073741823
1073741823
1073741823
1073741823
1073741823
1073741823
1073741823
1073741823
1073741823
1073741823
1073741823
1073741823
1073741823
1073741823
1073741823
1073741823
1073741823
1073741823
1073741823
1073741823
1073741823
1073479679
1073741823
1073741823
1073741823
1073741823
1073741823
1073741823
1073741823
1073741823
1073741823
1073741823
1073741823
1073741823
1073741823
1073741823
1073741823
1073741823
1073741823
1073741823
1073741823
1073741823
1073741823
1073741823
1073741823
1073741823
1073741823
1073741823
1073741823
1073741823
1073741823
1073741823
1073741823
1073741823
1073741823
1073741823
1073741823
1073741823
1073741823
1073741823
1073741823
1073741823
1073741823
1073741823
1073741823
805306335
1073741823
1073741823
1073741823
1073741823
1073741823
1071644671
1073741823
1073733631
1073741823
536870783
1073741823
511696889
1073741823
1073741823
1073741823
1073741823
1073741823
1073741823
1073741823
1073741823
1073741823
1073741823
1073741823
1073741823
1073741823
1073741823
1073741823
1073741823
1073741823
1073741823
1073741695
1073741823
1073741823
1073741823
1073741823
1073741823
1073741823
1073741823
1073741823
1073741823
1073741823
1056767983
1073741823
1073741823
1073741823
1073741823
1073741823
1073741823
1073741823
1073741823
1073709055
1073741823
1073741823
1073741823
1073741823
1073741823
1073741823
1073741823
1073741823
1073741823
1006632959
1073741823
1073741823
1073741823
1073741823
1073741823
1073741823
1073741823
1073741823
1073741823
1073741823
1040187391
1073741823
1073741823
1073741823
1073741820
1073741823
1073741823
1073741823
1073741823
1073741823
1073610687
1073741823
1073741823
1073741823
1073741823
1073741823
1073741823
1073741823
1073741823
1073741823
1073741823
998206975
1073741823
1073707007
1073741821
1073741823
1073741823
1073741823
1073741823
1073737727
1073741823
1073741823
1073741823
1073741823
1073741823
1073741791
534773755
1073741823
1073741823
1073741823
1073741823
1073741823
1073741823
1073741823
1073741823
1073741823
1073741823
1073741823
1073741823
1073741823
1073741823
1073741823
1073741823
1073741823
1073741823
1073741823
1073676287
1073741823
1073741823
1073741823
1073741823
1073741823
1073741823
1073741823
1073741823
1073741823
1073741823
1073733631
1073741823
1073741823
1073741823
1073741823
1073741823
1073741823
1073741823
1073741823
1073741823
1073741823
1073741823
1073741823
1073741823
1073741823
939524095
1073741823
1073741823
1073741823
1073741823
1073741823
1073741823
1073741823
1073741823
1073741823
1073741823
1073741823
1073741823
1073741823
1073741823
1073741823
1073741823
1073741823
1073741823
1073741823
1073741823
1073741823
1073741823
1073741823
1073741823
1073741823
1073741823
1073741823
1073741823
1073741823
1006600191
1073741823
1073741823
1073741823
1073741823
1073741823
1073741823
1073741823
1073741823
1073741823
1073741823
1073741823
1073741823
1073741823
1073741823
1073741823
1073741823
1073741823
1073741823
1073741823
1073741823
1073741823
1073741823
1073741823
1071448060
1073741823
1073741823
1073741823
1073741823
1073741823
1073741823
1073737727
1073741823
1073741823
1073741823
1073741823
1073741823
1073741823
1073741823
1073741823
1073741823
1073741823
1073741823
1073741823
1073741823
1073741823
1073741823
1073741823
1073741823
1073741823
1073741823
1073733631
1073741823
1073741823
1073741823
915186559
1073741823
1073741823
1073741823
1073741823
1073741823
1073741823
1073741823
1073741823
1073741823
1073741823
1073741823
1073741823
1073741823
1073741823
1073741823
1073741823
1073741823
1073741823
1073741823
1073741823
1073741823
1073741823
1073741823
1073741823
1071644159
1073741823
1073741823
1073741823
1073741823
1073741823
1073741823
1073741823
1073741823
1006632959
1073741823
1073741823
1073741823
1073741823
1073741823
1073741823
805306367
1073741823
1073741823
1073741823
1073741823
1073741823
1073741823
1073741823
1073741823
1073741823
1073741823
1073741823
1073741823
1073741823
1073741823
1073741823
1073741823
1073741823
1073741823
1073741823
1073741823
1056894975
1073741823
1073676287
1073741823
1073740799
1073741823
1073741823
1073741823
1073741823
1073741823
1073741823
1073741823
1073741823
1073741823
1073741823
1073676287
1073741823
1073741823
1073741823
1073741823
1073741823
1073741823
1073741823
1073741823
1073741823
1073741823
1073741823
1073741823
1073741823
1073741823
1073741823
1073741823
1073741823
1073741823
1073741823
1073741823
1073741823
1073741823
1073741823
1073741823
1073741823
1073741823
1073741823
1073741823
1073741823
1073741823
1073741823
1073741823
1073741823
1073741823
1073741823
1073741823
1073741823
1073741823
1073741823
1073741823
1073741823
1073741823
1073741823
1073741823
1073741823
1072693231
1073741823
1073741823
1073741823
1073741823
1073741823
1073741823
1073741823
1073741823
693829343
1073741823
1071644415
1073741823
1073741823
1073741823
1073741823
1073741823
1073741823
1073741823
1073741823
1073741823
1073741823
1073741823
1073741823
1073741823
1073741823
1073741823
1073741823
1073741823
1073741823
1073741695
1073741823
1073741823
1073741823
1073733631
863919789
1073741823
1073741823
1073741823
1073741311
1073741823
1073741823
1073709055
1071611903
1073741823
1073741823
1073741823
1073741823
1073741823
1073741823
1073741823
1073741823
1073741823
1073741823
1073741823
1073741823
1073741823
1073741823
1073676287
1073741823
1073741823
1073741823
1073741823
1073741823
1073741823
1073741823
1039925183
1073741823
1073741823
1073741823
1073741823
1073741823
1073741823
1073741823
1073741807
1073741823
1073741823
1073741823
1073741823
1073741823
1073741823
1073741823
1073741823
1073741823
1073741823
1073741823
1073741823
1073741823
1073741823
1073741823
1073741823
1073741823
805304319
1073741823
1073741823
1073741823
614383071
1073741823
1073741823
1073741823
1073741823
1073741823
1073741823
1073741823
1073741823
1073741823
1073741823
1073741823
1073741823
1073741823
1073741823
1073741823
1073741823
1073741823
1073741823
1073741823
1073741823
1073741823
1073741823
1073741823
1073741823
1073741823
1073741823
1073741823
1073741823
1073545215
1073741823
1073741823
0
1073741823
536870687
1073741823
1073610751
1073741823
938475519
1073741823
805240831
1073741823
1073741823
1073741823
1073741823
1073741823
1073741823
1073741823
1073741823
1073741823
1073741823
1073741823
1073741823
1073741823
1073741823
1073676287
1073741823
1073741823
1073741823
1073741823
1073741823
1073741823
1073741823
1073741823
1073741823
1073741823
1073741823
1073741823
1073741823
1073741823
1073741823
1073741823
1073741823
1073741823
805306367
1073741823
1073217535
340749602
1073741823
1002428127
1073741823
1073741823
1073741823
1073741823
1073741823
1073741567
536805375
1073741823
1073741823
1073741823
1073741823
1073741823
1073741823
1073741823
1073741823
1073741823
1071644671
1073741823
1073741823
1073741823
534771455
1073741823
1073741823
1073741823
1073741823
1073741823
1073741823
1073741823
1073741823
1073741823
1073741823
1073741823
1073741823
1073741823
1073741823
1073741823
713943035
1073741823
1073741823
1073741823
1073610751
1073741823
1073741823
1073741823
1073741823
1073741823
1073741823
1073741823
1073741823
1073741823
1073741823
1073741823
1073741823
1073741823
1073741823
1073741823
1073741823
921695231
1073741823
1073741823
1073741823
1073741791
1073741823
1073741823
1073741823
1073741823
1073741823
1073741823
1073741823
1073741823
1073741823
1073741823
1073741823
1073741823
1073741823
1073741823
1073741823
1073741823
1073741823
1073741823
1073741823
1073741823
1073741823
1073741823
1073741823
1073741823
1073741823
1073741823
1073741823
1073741823
1073741823
1073741823
1073741823
1073741823
1073741823
1073741823
1073741823
1073741823
1073741823
1073741565
1073741823
1073741823
1073741823
1073741823
1073741823
1073741823
1073741823
1073741823
1073741823
1073741823
1073741823
1073741823
1073741823
1073741823
1073741823
1073741823
1073741823
1073741823
1073741823
1073741823
1073741823
1073741823
1073741823
1073741823
1073741823
1073741823
1073741823
1006632959
1073741823
1073741823
1073741823
1073741823
1073741823
1073741823
1073741823
1073741823
1073741807
1073741823
1073741823
1073741823
1073741823
1073741823
1073741823
1073741823
1073741823
1073741823
1073741823
1073676287
1073741823
1073741823
1073741823
1073741823
1073741823
1073741823
1056964599
1073741823
1073741823
1073741823
1073741821
468349253
1073741823
1073741823
1073741823
1073741823
1073741823
1073741823
1073741823
1073741823
1073741823
1073741823
1073741823
1073741823
1073741823
1073741823
1073741823
1073741823
1073741823
1073741823
1073741823
1073741823
1073741823
1073741823
1073741823
1073741823
1073741823
939524095
1073741823
1073741823
1073741823
1073741823
1073741823
1073741823
1073741822
1073741823
1073741823
1073741823
1073741823
1073741823
1073741823
1073741823
1073741565
805306367
1073741823
1073741823
1073741823
1073741823
1072693247
1073741823
1073741823
1073741807
1073741823
536870911
1073741823
1073741823
1073741823
1073741823
1073741823
1073741823
1073741823
1073741823
1073741823
1073741823
1073741823
1073741823
1073741823
1073741823
1073741823
1073741823
1073741823
1073741823
1073741823
1073741823
1073741823
1073741823
1073741823
1073741823
1073741823
1073741823
1073741823
1073741823
1073741823
1073741823
1073741823
1073741823
1073741823
1073741823
1073217535
1073741823
1073741823
1073741823
1073479679
1073741823
1073741823
1073741823
1073741823
1073741823
1073741823
1073741823
1073741823
1073741823
1073741823
1073741822
1073741823
1073741823
1073741823
1073741823
1073741823
1073733631
1073741823
1073741823
1073741823
1073741823
1073740783
1073741823
1073741823
1073741823
1073741823
349522962
1073741823
1073741823
1073741823
788529151
1073741823
1073741823
1073741823
1073741823
1073741823
1073741823
1073741823
1073741823
1073741823
905969663
1073741823
1073741823
1073741823
1073741823
1073741823
1073741823
1073741823
1073741823
1073741823
1073741823
1073741823
1073741823
1073741823
1073741823
1073741823
1073741823
1073741823
1073741823
1073741823
1073741823
1073741823
1073741823
1073741823
1073741823
1073741823
1073741311
1073741823
1073741823
1073741823
1073741823
1073737727
1073741823
1073741823
1073741823
1073741823
1073741823
1073741823
1073741823
1073741823
1073741823
1073741823
1073741823
1073741823
1073741823
1073741823
1073741823
1073741823
1073741823
1073741823
1073741823
1073741823
1073741823
1073741823
1073741823
1073741695
1073741823
1073741823
1073741823
1073741823
1073741823
1073741823
1073741823
1073741823
1073741823
1073741823
1073741823
1073741823
1073741823
1065352703
1073741823
1073741823
1073741823
1073741823
1073741823
1073741823
1073741823
939515903
1073741823
1073741823
1073741823
1073741823
1073741823
1073741823
1073741823
1073741823
1073741823
1073741823
1073741823
1073741823
1040187342
1038088155
1073741823
1073741823
1073741823
1073741823
1073741823
1073741823
1073741823
1073741823
1072693247
1073741823
1073741823
1073741823
1073741823
1073741823
1073733631
1073741823
1073741823
528482303
1073741823
1073741823
1073741823
1073741823
1073741823
1073741823
1073741823
1073741823
1073741823
1073741823
1073741823
1073741823
1071644671
1073709055
1073741823
1073741823
1073741823
805306363
1073741823
1073741823
1073741823
1073741823
536870911
1073741823
1073741823
1073741823
1073741823
1073741823
1073741823
1073741823
1073741823
1073741823
1073741823
1073741823
1073709047
1073741823
1073741823
1073741823
1073741823
1073741823
1073741823
1071382015
1073741823
1073741823
1073741823
1073741823
1073741823
1073741823
1073741823
1073741823
1073741823
1073741823
1073741823
1073741823
1073741823
1073741823
1073741823
1073741823
1073741823
1073741823
788529143
1073741823
1073741823
1073741823
1073741823
1073741823
1073741823
1073741823
1073741823
1073741823
1073741823
1073741823
1073741823
1073741823
1073741823
1073741823
1073741823
1073741823
1073741823
1073741823
1073741823
1073741823
1073676287
1073741823
1073741823
1073741823
1073741823
1073741823
1073741823
1073741823
1073741823
1073741823
1073741823
1073741823
528482303
1073741823
1073741823
1071644159
1073741823
1073741823
1073741823
1073741823
1073741823
1073741823
1073741823
1073741823
1073741823
1073741823
1073741823
1073741823
1073741823
804781949
1073741823
1073741823
1073741823
1073741823
1073741823
1073741823
1073741823
1073741823
1073741807
1073741823
1073741823
1073741823
1073741823
1073741311
1073741823
1073741823
1073741823
1073741823
1073741823
1073741823
1073741823
1073741823
1073741823
1073741823
1073741823
1073741823
1073741823
1073741823
1073741823
1073741823
1073741823
1073741823
1073741823
1073741823
1073672183
1073733631
1073741823
1073741823
1073741823
1073741823
1073741823
1073741823
1073741823
1073741823
1073741823
1073741823
915186559
1073741823
1073741819
1073741823
1073741823
1073741823
1073741823
1073741823
1073741823
1073741823
1073741823
1073741823
1073741823
1073741823
1073741823
1073741823
1073741823
1073741823
1073741823
1073741823
1073741821
1073741823
1073741823
1073741823
1073733631
1073741823
1073741823
1073741823
1073741823
1073741823
1073741823
1073741823
1073741823
1073741823
1073741823
1073741791
1073741823
1073741823
1073741823
1073741823
1073741823
1073741823
1073741823
1073741823
1073741823
1073741823
1065353215
1073741823
1073741815
1073741823
939524095
1073741823
1073741823
1073741823
1073741823
1073741823
1073741823
1073737727
1073741823
1073741823
1073741823
1073741823
1073741823
1073741823
1073741823
1073741823
1073741823
1073741823
1073741823
1073741823
1073741823
1073741823
1073741823
1073676287
1073741823
1073741823
1073741823
1073741823
536870847
1073741823
1073741823
1073741823
1073741823
805158783
1073741823
1073741823
1073676287
1073741823
1073741823
1073741823
1073741823
1073741823
1073741823
1073741823
1073741823
1073741823
1073741823
536346623
1073741823
1073741823
1073741823
1073741823
1073741823
1073741823
1073741823
1073741823
1073741823
1073741823
1073741823
1073741823
1073741823
1073741823
1073741823
1073741823
1073741823
1073741823
1073741823
1073741823
1028390766
1073741823
1073741823
1073676287
1073741823
1073741823
1073741823
1073741823
1073741823
1073741823
1073741823
1039925247
1073741823
1073741807
1073741823
1073741823
1073741823
1073741823
1073741823
1073741823
1073741823
1073741823
1073741823
939261951
1073741823
1073741823
1073741823
1073741823
1073741823
1073741823
1073741823
1073741823
1073741823
1073741823
1073741823
1073741823
1073741823
1073741823
1073741823
1073741823
1073741823
1073741823
1073741823
1073741823
1073741823
1073741823
1073741823
1073733631
1073479167
1073741823
1073741823
1073741823
1073741823
1073741823
1073709055
1073741823
1073741823
1073741823
1056964607
1073741823
1073741823
1073741823
1040187231
1073741823
1073741823
1073741823
1073741823
1073741823
1073741823
1073741823
1073741823
1073741823
1073676287
1073741823
1073741823
1073741823
1073741567
1073741823
1073741823
1073741823
1073741823
1073741823
1073741823
1073741823
1073741823
1073741823
1073741823
1073741823
1073741823
1073741823
1073741823
1073741823
1065349119
1073741823
1073741823
1073741823
1073741823
1073741823
1073741823
1006632959
1073741823
1073741823
1073741823
1073741823
1073741823
1073741823
1073741823
1073741823
1073741823
1073741823
1073741823
1073741823
1073741823
1073741823
1073741823
1073741823
1073741823
1073741823
1073741823
1073741823
1073741823
1073741822
1073741823
1073741823
1073741823
1073741823
1073741823
1073741823
1073741823
1073741823
1073741823
1073741823
1073741823
1073741823
1073741823
1073741567
1073741823
1073741823
1073741823
1073741823
1073741823
1073741823
1073741823
1073741823
1073741823
1073741823
1073741823
1073741823
1073741823
1073741823
1073741823
1073741823
1073741823
1073741823
1073741823
1073741823
1073741823
1073741823
1073741823
1073741823
1073741823
1073741823
1073741823
1073741823
1073741822
1073741823
1073741823
1073672191
1073741823
1073741823
1073741823
1073741823
1073741823
1073741823
1073741823
1073741823
1073741823
1073741823
1073741823
1073741823
1073741823
1073741823
1073741823
1073741823
1073741823
1073741823
1073741823
1073741823
1006632959
1073741823
1073741823
1073741823
1073741823
1073741823
1073741823
1073741823
1073741823
1073741823
1073741823
535820159
1073741823
1073741823
1073741823
1073741823
1073741823
1073741823
1073741823
1073709054
1073741823
1069547519
1073741823
1073741823
1073741823
1073741823
1073741823
1073741823
1073741823
1073741823
1073741823
1073741823
1073741823
1073741823
1073741823
1073741823
1073741823
1073741823
1073741823
1073741823
1073741823
1073741823
1073741823
1073741823
1073741823
1073741823
1073741823
1073741823
1073741823
1073741823
1073741823
1073741823
1073741823
1073741823
1073741791
1073741823
1073741823
1073741823
1068433375
1073741823
1073741823
1073741823
1073741823
1073741823
1073741823
1073676287
1073741823
1065353086
1073741806
1073741823
1073741823
1073741823
1073741823
1073741823
1039663103
1073741823
1073741823
1073741823
1073741823
1073741823
1073741823
1073741823
1073741823
1073741823
1073741823
1073741807
1073741823
1073741823
1073741823
1073741823
1073741823
1073741823
1073741823
1073741823
1073741823
1073741695
1073741823
1073741823
1073741823
1073741823
1073741823
1073741823
1073741823
1073741823
1073741823
1073741823
1073741823
1073741823
1073741823
1073741823
1073741823
1073741823
1073741823
1073741823
1073741823
1073741823
1073741823
1073741823
1073741823
1073741823
1073741823
1073741823
1073741823
1073741823
1073741823
1073741823
1073741823
1073741823
1073741823
1073741823
1073741823
805302271
1073741823
1073741823
1073741823
1073741823
1073741823
1073741823
1073741823
1072693247
1073741823
1073741823
1073741823
1073741823
1073741823
1073741823
1073741823
1073741823
1073709055
1073741823
269837687
1073741823
1073741823
1073741823
1073741823
1069318143
1073741823
1073741823
1073741823
1073741823
1073741823
1073741807
1073741823
1073741823
1073741823
1073741823
1073741823
1073741823
1073741823
1073741823
1073741823
1073741823
1073741823
1073741823
1073741823
1073741823
1073741567
1073741823
471314664
1073741823
1073741823
1073741823
1071644671
1073741823
1073741823
1073741823
1073733375
1073741823
1073741823
1073741823
1073741823
1073741823
1073741823
1073741823
1073741823
1073741823
1073741823
1073741823
1073741823
1073741823
1073741823
1073741823
937410557
1073741823
1073741823
1073741823
1073741823
1073741823
1073741823
1073741823
1073741823
1073741823
1073741823
1073741823
1073733119
1073741823
1073741823
1006600191
1073741823
1073741823
1073741823
1073741823
1073741823
1073741823
1073741823
1073741823
1073741823
1073741823
1073741823
1073741823
1073740799
1073741823
1073741823
939524095
1073741823
1073741823
1073741823
1073741823
1073741823
1073741695
1073741823
1073741823
1073741823
1073741823
1073741823
536870911
1073741823
1073741823
1073741823
1073741823
1073741823
1073741823
1073741823
1073741823
1073741823
1073741823
1073741823
1073741823
1073741823
1073741823
1073741823
1073741695
1073741823
1073741823
1073741823
1073741823
1073741823
1073741823
1073741823
1073741823
1073741823
1073741823
1073676287
1073741823
1073741823
1073741823
1073741823
1073741823
1073741823
1073741823
1073741823
1073741823
1073741823
1073741823
1073741823
1073741823
1073741823
1073741823
1073741823
1073741823
1073741823
1073741823
1073741823
1073741311
1073741823
1073741823
1073741823
1073741823
1073741823
1073741823
1073741821
1073741823
1073741823
1073741823
1073741823
1073741823
1073741823
1073741823
1073741823
1073741823
1073741823
1073741823
1073741823
1073741823
939524095
1073741823
1073741823
1073741311
1073741823
1073741823
1073741823
1073741823
1073741823
1073741823
1073741823
1073741823
1073741823
1073741823
1073741823
1073737727
1073741823
1073741823
1073741823
1073741823
1073741823
1073741823
1073741823
1073741823
1073741823
1073741823
1073741823
1073741823
1073739775
1073741823
1073741823
1073741807
1073741823
1073741823
1006632959
1073741823
1073709055
1073741823
1073741823
1073741823
1073741823
1073741823
1073741823
1073741823
1073676287
1073741823
1073741823
1073741823
1073741823
1073741823
1073741823
1073741823
1073741823
1073741823
1073741823
1073741823
1073741823
1073741823
1073741823
1073741823
1073741823
1073741823
1073741823
1073741823
1073741823
1073741823
1073741823
1073741823
1073741823
1073741823
1073741823
1073741823
1073741823
1073741823
1073741823
1073741823
1073741823
1073741823
1073741823
1073741807
1073741823
1073741823
1073741823
1073741823
1073741823
1073741823
1056931839
1073741823
1073741823
1073741823
1073741823
1073741823
1073741823
1073741823
1073741823
1073741823
1073741823
1073741823
1073741823
1073741823
1073741823
1073741823
1073741823
1073741823
1073741823
1073741823
1073741823
1073741823
1073741823
1073741823
1073741823
1073741823
1073741823
1073741823
1073741823
1073741823
1073741823
1073741823
1073741823
1073741823
1073741823
1073741823
536870911
1073741823
1073741823
1006632959
1073479679
1073741823
1073741823
1073741823
1073741823
1073741823
1073741823
1005354223
1073741823
1073741823
1073741823
1073741823
1073741823
1073741823
1073741823
1073741823
1073741823
1073741823
1073676223
1073741823
1073741823
1073741823
1073741823
1073741823
1073741823
1073741823
1073741823
1073741823
1073741823
1073741823
1073741567
267905021
1073741823
1073741823
1073741823
1073741823
1073737727
1073741823
1073741823
1073741823
1073741823
1073741823
1073741823
1073741823
1073741823
1073741823
1073741823
1073741823
1073741823
1073741823
1073741823
1073741823
1073741823
1073741823
1073741823
1073741823
1073741823
1073741823
1073741823
1073741823
1073741823
1073741823
1073741823
1073741823
1073143803
1073676031
1073741823
1073741823
1073741823
1073741791
1073741823
1073741823
1073741823
1073741823
1073741823
1073741823
1072627675
1073741791
1073741823
1073741823
1073741823
1073741823
1073741823
1073741823
1073741823
1069547519
1073741823
1073741823
1073741823
1073741823
1073741823
1073741823
1073741823
1056964607
1073741823
1073741823
1073741823
536870655
1073741823
1073741823
1073741823
1073741815
1073741823
1073741823
1073676287
1073741823
805306367
1073741823
1073741823
1073741823
1073741823
1073741823
1073741823
1073741823
1073741823
1073741823
1073741823
1073741823
1073741823
1073741823
1073741823
1073741823
1073741823
1073741823
1073741823
1073741823
1073741823
1073741823
1073741823
1073741823
1073741823
1073741823
1073741823
1073741823
1073741823
1073741823
1073741823
1073741823
1073741823
1073741823
1073741823
1073741823
1073741823
1073741823
1073741823
1073741823
1073741823
1073741823
1073741823
1073741823
1073676287
1073741823
1073741823
1073741823
1073741823
1073741823
1073741823
1073741823
1073741823
1073741823
1073741823
1073741823
1073741823
1073741823
1073741823
1073741823
1073741823
1073741823
1073741823
1073741823
1073741823
1073741823
1073741823
1073741823
1073741823
1073741823
1073741823
1073741823
1073741823
1073741823
1073741823
1073741823
1073741823
1073741823
1073741823
1073741823
1073741823
1073741823
1073741823
1073741823
1073741823
1073741823
1073741823
1073741823
1073741823
1073741823
1073741823
1073741823
1073741823
1073741823
1073741823
1073741823
1073741823
1073741823
1073741823
1073741823
1073741823
1073741823
1073741823
1073741823
1073741823
1073741823
1073741823
1073741823
1073741823
1073741823
1073741823
1073741823
1073741311
1073676287
1073741823
1073709055
1073741823
1073741823
536866815
1073741823
1006632959
1073741823
1073741823
1073741823
1073741823
1073741823
1073741823
1073741823
1073610751
1073741823
1073741823
1073741823
1073741823
1073741823
1073741823
1073741823
1073741821
1073741823
1073741823
1073741823
1073741823
1073741823
1073741823
1073741823
1073741823
1073741823
1073741823
1073741823
1073741823
1006632959
1073741823
1073741823
1073216991
1073741823
1073741823
1073741823
1073741823
1073741823
1073741823
1056826367
1073741823
1073741823
1073741823
1073741823
1073741823
1073741823
805232639
1073741823
1073741823
1073741823
1073741823
1073741823
1073741823
1073741823
1073737727
1073741823
1073741823
1073741823
1073741559
1073741823
1073741823
1006632959
1073676287
1073741823
1073741823
1073741823
1073741823
805154674
1073741823
1073741823
1073741823
1073741823
1073741695
1073741823
1073741823
1073741823
1073741823
1073741823
1073217519
1073741823
1073741823
1073741823
1073741823
1073676287
1073741823
1073741823
1073741821
1073741823
1073741823
1073741823
1073741823
1073741791
1073741823
1073741823
1073741823
1073741823
1073741823
1073741823
1073741823
1073741823
1073741823
1073741823
1073741823
1073741823
1073741823
1073741823
1073741823
1073741823
1073741823
1073741823
1073741823
1073741823
1073741823
1073741823
1073741823
1073741823
1073741823
1073741823
1073741823
1073741695
1073741823
1073741823
1073741823
1073741823
1073741823
1073741823
1073741823
1073741823
1073741823
1073741823
1073741823
1073741823
1073741823
1073741823
1073741823
1073741823
1073741823
1073741823
1073741823
1073741823
1073741695
1073741823
1073741823
1073741822
1073741823
1073741823
1073741823
1073741823
1073741823
1073741823
1073741823
1073741823
1073741823
1073741823
1073741823
201284603
1073741823
1073741823
1073741823
1073741823
1073741823
1073741823
1073741806
1073741823
520077311
1073741823
1073741823
1006566711
1073741823
1073741823
1073741823
18624041
1073741823
1073741823
1073741823
1073741823
1073741823
1073741823
939524095
1073741823
1073741823
1073741823
1073741823
1073741823
1073741823
1073741823
1073741823
1073741823
1073741823
1073741823
1073741823
1073741823
1073741823
1073741823
1073741823
1073741823
1073741823
1073741823
1073741823
1073741823
1073741823
1073741823
1073741823
1073741823
1073741823
1073741823
1073741823
1073741823
1073741823
1073741823
1073741823
1073741823
1073741823
1073741823
1073741823
1073741823
1073741823
1073741823
1073741823
1073741823
1073741823
1073741823
1073741823
1073741823
1073741823
1073741823
1073741823
1073741823
1040187263
1073741823
1073741823
1073741823
1073741823
1073741823
1073741823
1073741823
1073741823
1073741823
1073741823
1073741823
1073741823
1073741823
1073741823
1073741823
1073741822
1073741823
1073741823
1073741823
1073741823
1073741823
1073741823
1073741823
1073741823
1073741823
1073741823
1073741823
1073740735
1073741823
1073741823
1073741823
1073741823
1073741823
1073741823
1073741823
1073741823
1073741823
1073741823
1073741823
1073741823
1073741823
1073741823
1073741823
1073741823
1073741823
1073741823
1073741823
1073741823
1073741823
1073741823
1073741823
1073741823
1073741823
1073741823
1073741823
1073741823
1073741823
629212969
1073741823
1073741823
1073741823
1073741823
1073741823
1073741823
1073741823
1073741823
1073741823
1073741823
1073741823
1073741823
1073741823
1073741823
1073741823
1073741823
1073741823
1073741823
1073741823
1073741823
1073741823
1073741823
1073741823
1073741823
1073741823
1073741823
1073741823
1073741823
1073741823
1073741823
1073741823
1073741823
1073741823
1073741823
1073741823
1073741823
1073741823
1073741823
1073741823
1073741823
1073741823
1073741823
1073741823
1073741823
1073741823
1073741823
1073741823
1073741823
1073741823
1073741823
1073741823
1073741823
1073741823
1073741823
1073741823
1073741823
1073741823
1073741823
1073741823
1073741823
1073741823
1073741823
1073733631
1073741823
1073741791
1073741823
1073741823
1073741823
1073741823
1073741823
1073741823
1073741823
1073741822
1073741823
1073741823
1073741823
1073741823
1073741823
1073741823
1073741823
1073741823
1073741823
1073741823
1073741823
1073741823
456982317
1073741823
1073741807
1073741807
1073741823
1073741823
1073741823
1073741823
1073741823
1073741823
1073672191
1073741823
1073741823
1073741823
1073741823
1073741823
1073741823
1073741823
1073741823
1073741823
1006532607
1073741823
1073741823
1073741823
1073741823
1073741823
1073741823
1073741823
1073741823
1073741823
1073741823
1073741823
1073741663
1073741823
1073741823
1073741823
1073741823
1056964607
1073741823
1073741823
1039138686
1073741823
1073741823
1073741823
1073741823
1073741823
1073741823
1073741823
1073741823
1073741823
1073741823
1073741823
1073741823
1073741695
1073737726
1073741823
1073741823
536870910
143772737
1073741823
1073741823
1073740799
1073741823
1073741823
1073741823
1073741823
1073741823
1073741823
1073741823
1073741823
1073741823
1073741823
998219241
1073741823
1073741823
1073741823
939524095
1073741823
1073741823
1073741823
1073741823
1073741823
1073741823
1073741823
1073741823
1071644671
1073741823
1073741823
1073741823
1073741823
805056511
1073741823
1073741823
1073741823
1073741823
1073741823
1073741823
1073741823
1073741311
1073741823
1073741823
1073741823
1073741823
1073741823
1073741823
1073741823
1073741823
1073741823
1073741823
1073741823
1073741823
1073741823
1073741823
1073741823
1073741823
1073741823
1073741823
1073741823
1073741823
1073741823
1073741823
1073741823
1073741823
1073678205
1073741823
1073741823
1073741823
1073741823
1073741823
1073741823
1073741823
1073741823
1073741823
1073741823
1073741823
1073741823
1073741823
1073741823
1073741823
1073741823
1073741823
1073741823
1073741823
1073741823
1073741823
1073741823
1073741823
1073741823
1073741823
1073741823
1073741823
1073741823
1073741823
1073741823
1073741823
1073741823
1073741823
1073741823
1073741823
1040187391
1073741823
1073741823
1073741823
1073741695
1073741823
1073741823
1006631411
1073741823
1073741823
1073741823
1073741823
1073739775
1073741823
1073741823
1073741823
1073741823
1073741823
1073741823
1073741823
1073741823
1073741823
1073741823
1073741823
1073741823
1073741823
1073741823
1073741823
1073741823
1073741823
1073741823
1073741823
1073741823
1073741823
1073741823
1073741823
1073741823
1073741823
1073741823
1073741823
1073741823
1073741823
1073741823
1073741823
1073741823
1056964607
1073741823
1073741823
1073741823
1073741823
1073741823
1073741823
1073741823
1073741823
1073741823
1073741823
1073741823
1073741823
1073741823
1073741823
1073741791
1073741823
1073741823
1073741823
1073741823
1073741823
1073741823
1073741823
1071644671
1073741823
1073741823
1073741823
1073741823
1073741823
1073741823
1073741823
1073741823
1073741823
1073741823
1073741823
1073741823
1073741823
1073741823
1073676287
1073741823
1006338039
1073741819
1073741823
1073741823
1073741823
1073741823
1073741823
1073741823
1040187391
1073676287
1073741823
1073741823
1073741823
1073741823
1073741759
1073741823
1073741823
1073676287
1073741823
1073741823
1073741823
1073741823
1073741823
1073741823
1073741823
1073741823
1073741823
1073740799
1073741823
1073741823
1073741823
1073741823
1073741823
1073741823
534773247
1073739773
1073741823
1073741823
1073708031
1073741823
1073741823
1073741823
1073741823
1073741823
1073741823
1073741823
1073741823
1073741823
1073741822
1073741823
1073709055
1073741823
1073741823
1073741823
1073741823
1073741823
1073741823
1073741823
1073741823
1073741823
1073741823
1073676287
1073741823
1073741823
1073741823
1073741823
1073741823
1073741823
1073741823
1073741823
1073741823
1073741823
1073741823
1073741823
1073741823
939524063
1073741823
1073741823
1073741823
1073741823
1073741823
1073741823
1073741823
1073741823
1073741823
1073741823
1073741823
1073741823
1073741823
1073741823
1073741759
1073741823
1073741823
1073741823
1073741823
1073741823
1073741823
1073741823
1073741823
1073741823
1073741823
1073741823
1073741823
1073741823
1073741823
1073741823
1073741823
1073741823
1073741823
1073741823
1073741823
1073741791
1073741823
1073741823
1073741823
1073741823
1073741823
1073741823
1073741823
1073741823
1073741823
1073741823
1073741823
1073741823
1073741823
1073479676
1073741823
1073741807
1073741823
1073741823
1073741823
1073741823
1073741823
1073741823
1073741823
1073741823
1073741823
1073741820
1073741823
1073741823
1073741823
1073741823
1073741823
1073741823
1073741823
1073741823
1073741823
1073741823
1073741823
1073741823
1073741823
1073741823
1073741823
905969663
1073741823
1073741823
1073610751
1073741823
1073741823
1073741823
1073741823
1073741823
1073741823
1073741823
1073741823
1069547519
1073741823
1073525119
1073741823
1073741823
1073741823
1073741823
1073741823
1073741823
1073741823
1073741823
1073741823
1073741823
1073741823
1073741823
1073741823
1073741823
1073741823
1073741823
1073741823
1073741823
1073741823
1073741823
1073741823
1073741823
1073741823
1073741823
1073741823
901775323
1073741823
1073741823
1073741823
1073741823
1073741823
1073741823
1073741823
1073741823
1073676287
1073740799
1073741823
1073741823
1073741823
1073676287
1073741823
1073741823
1073741823
1056964607
1073741823
1073741823
1073741823
1073741823
1073733375
536870910
1073741823
1073741823
1073741823
1073741823
1073741823
1073741823
1073741823
1073741823
1073741823
1073741823
1073741823
1073741823
1073741807
1073741823
1073741823
1073741823
1073741823
1073741823
1073741823
1073741823
1073741823
1073741823
1073741823
1073741823
1073741823
1073741823
1073741823
1073741823
1073741823
1073741823
1073741823
1073741823
1073741823
1073741823
1073741823
1073741823
1073741823
1073741823
1071644671
1073741823
1073741823
1073741823
1073741823
1073741823
1073741823
1073741823
1073741823
1073741823
1073741823
1073741823
1073741823
1073741823
1073741823
1073741823
1073741823
1073741823
1073741823
1073741823
1073741823
1073741823
1073741823
1073741823
1073741823
1073741823
1073741823
1073741823
1073741823
1073741823
922746879
1073741823
1073741823
1073741822
1073741823
1073741311
1073741823
1073741823
1073676287
1073741823
1073741823
1073741823
1073741823
1073741823
1073741823
1073741823
1073741823
1073741823
1073741823
1073741823
1073741823
1073741823
1073741823
1073741823
1073741823
1073741823
1073741823
1073741823
1073741823
1073741823
1073741823
1073741823
1073741823
1073741823
1073741823
1073741823
805306335
1073741823
1073741823
1073741823
1073741695
1073741823
1073741823
1073741823
1073733631
1073741823
1073741823
1073741823
1073741823
1073741823
1073741823
1073741823
1073741823
1073676287
1073741823
1073741823
1073741823
1073741823
1073741823
1073741823
1073741823
1073741823
1073741823
1073741823
1073741823
1073741823
1073741791
1073741823
1073741823
1073741823
1073741823
1072690175
1073741823
1073741823
1073741823
1073741823
1073741823
1073741823
1073741823
1073741823
1073741823
1073741823
1073741823
1073741823
1073741823
1073741823
1073741823
1073741823
1073741823
1073741823
1073741823
1073741823
1073741823
1006632959
1073741823
1073741823
1073741823
1073741823
1073741823
1073741823
1073741775
1073741823
1073741823
1073741823
1073741823
1073741823
1073741823
1073741823
1073733631
1073741823
1073741823
1073741823
1073741823
1073741823
1073741823
1073741823
939524095
1073741823
1073741823
1073741823
1073741823
1073741823
1073741823
1073741823
1073741823
1073741823
1073741823
1073741823
1073741823
1073741823
1073741823
1073741823
1073741823
1073741823
1073741823
1073741823
1073741823
1073741823
1073741823
1073741823
1073741823
1073741822
1073741823
1073741823
1073741823
1073741823
1073741823
1073741823
1073741823
1073741823
1073741791
1073741823
1073741823
1073741823
1073741823
1073741823
1073741823
1073741823
1073741823
1073741823
1073741823
1073741823
1073741823
1073741823
1073741823
1073741823
1073741823
1073741311
1073741823
1073741823
1073741823
1073741823
1073741823
1073741823
1073741823
1073737727
1073741823
1073741823
1073741823
1073741823
1006632959
1073741823
1073741823
1073741823
1073741823
1073741823
1073741823
1073741823
1073737727
1073741823
536870911
1073741823
1073741823
1073741823
1071644671
1073741823
1073741823
1073741823
1073741823
1073217535
1073741823
1073741823
1073741823
1073741823
1073741823
1073741823
1073741823
1073741823
1073741823
1073741823
1073741823
1073741823
1073741823
1073676287
1073741823
1073741823
1073741823
1073741823
1073741823
1073676287
1073741823
1027161900
1073741823
1073741823
1073741823
1073741823
1073741823
1073741823
1073741823
1073741823
1073741823
1073741823
1073741823
1073741823
1073741823
1073741823
1073741823
939524079
1073741823
1073741823
1073741823
1073741823
1073741823
1073741823
1073741823
1073741823
1073741823
1073741823
1073741823
1073741823
1073741823
1073741823
1073741823
1073741823
1073741823
536870879
1073741823
1073741823
1073741823
1073741823
1073741823
1073741823
1073741823
1073741823
1073741823
1073741823
1073741823
1073741823
1073741823
1073741823
1073741823
1073676287
1073741823
1073675101
939519927
1073741823
1073741807
1073741823
1073741823
1073741823
1073741823
1073741823
1073741823
1073741823
1073741823
1073741823
1073741823
1073741823
1073741823
1073741823
1073741823
1073741823
1073741823
1073741823
1073741823
1073741823
1073741823
1073741823
1073741823
1073741823
1073741823
1073741823
1073741823
1073741823
1073741823
1073741823
1073741823
1073741311
1073741823
1073741823
1073741823
1056964607
1073741823
1073741823
1073741823
1071644671
1073741823
1073741823
1073741823
1073741823
1073741823
1073741823
1073741823
1073741823
1073741823
1073741823
1073741823
1073741823
1073741823
1073674927
1073741823
1073741823
1073741823
1067450367
1073741823
1073741823
1073741823
1073741823
1073741823
1073741823
1073741823
1056700409
1073741823
1073741823
1073741823
1073741823
1073741823
1073741823
1073741823
1073741823
1073741823
1073741823
1073741823
1073741823
1073741823
1073741823
1073741823
1073741823
1073741823
1073741823
1073741823
1073741823
1073741823
1073741823
1073741823
1073741823
1073741823
1073741823
1073741823
1073741823
1073741823
1073741823
1073741823
1073741823
1073741823
1073741823
1073741807
1073741823
1073741823
1073741823
1073741823
1073741823
1073741823
1073741823
1073741823
1073741823
1073741823
1073741823
1073741823
1073741823
1073741823
1073741823
1073741823
536870910
1073741823
1073741823
1073741695
1073741823
1073741823
1073741823
1073741823
1073741823
1073741823
1073741823
1073741823
1073741823
1073741823
1073741823
1073741823
1073741823
1073741823
1073741823
1073741823
1073741791
1073741823
1073479679
1073741823
1073741819
1073741823
1073741823
1073741823
1073741823
1073741823
1073741823
1073741823
1073741823
1073741823
1073741823
1073741823
1073741823
1073741823
1073741823
1073741823
1073741823
1073741823
1073741807
1073741823
1073741823
1073741823
1073741823
1073741823
1073741823
1073741823
1073741823
1073741823
1073741823
1073741823
1073741823
1073741823
1073741823
1073741823
1073741823
1073741823
1073741823
1073741823
1073741823
1073741823
1073741823
1073741823
1073741823
1073741823
1073741823
1073741823
1073741823
1073741807
1073741823
1073741823
1073741823
1073741823
1073741823
1073741823
1073741823
1073741823
1073741823
1073741823
1073741823
1073741823
1073741823
1073741823
1073741823
1073741823
1073741823
1073741823
1073741823
1073741823
1073741823
1073741823
1073741823
1073741823
1073741823
1073741823
1073741823
1073741823
1073741823
1073741823
1073741823
1073741823
535687134
1073741823
1073741823
800956138
1073741823
1073741823
1073741823
1073741823
1073741823
1073741823
1073208319
1073741823
536870911
1073741823
1073741823
1073741823
1073741823
1073741823
1073741823
1073741823
1073741823
1073741823
1073741823
1073741823
1073741823
1073741823
1073741823
1073741823
1073741823
1065353215
1073741823
1073741823
1073741823
1073741823
1073741823
1073741823
1073741823
1073741823
1073741823
1073610751
1073741823
1073741311
1073741823
1073741823
1073741823
1073741823
1073741823
1073741823
1073741695
1073741823
1073741823
1073741823
1073741823
1073741823
1073741567
1073741823
1073741823
1073741823
1073741823
1073741823
1073741823
1073741823
1073741823
1073741823
1073741823
1073741823
1073741823
1073741823
1073741823
1073741823
1073741823
1073741823
1073741823
1073741823
801112063
1073741823
1073741823
1073741823
1073741823
1073741823
1073741823
939524094
1073741823
1073741823
1073741823
1073741823
1073741823
1073741823
1073741823
805300223
1073741823
1073741823
1073741823
1073741823
1073741823
1073741823
1073741823
1073741823
1073741823
1073741823
1073741823
1073741823
1073741823
1073741823
1073741823
1073741823
1073741823
1073741823
1073741823
1073741823
1073741823
1073741823
1073741823
1073741791
1073741823
1073741823
1073741823
1073741823
1073741823
1073741823
1073741823
1073741823
1073741823
1073741823
1073741823
1073741823
1073741823
1073741823
1073741823
1073741823
1073741823
1073741823
1073741823
1073741823
1073741823
1073741821
1073741823
1073741823
1073741823
1073741823
1073741823
1073737727
1073741823
1073741823
1073741823
1073741823
1073741823
1073741823
788495359
1073741823
1073741823
1073741823
1073741823
1073741823
1073741823
1073741823
1073741823
939524094
1073741823
1073741823
1073741823
1073741791
1073741823
1073741823
1073741823
1073741823
1073741823
1073741819
1073741823
1073741823
1073741823
1073741823
1073741823
1073741823
1073741823
1073741823
1073741823
1073741823
1073741823
1073741823
1073741823
1073741823
1073741823
1073741823
