1073741823
1073741823
1073741823
1073741823
1073741823
1073741823
1073741823
1073741823
1073741823
1073741823
1073741823
1073741823
1073741823
1073741823
1073741823
1073741823
1073741823
1073741823
1073741823
1073741823
1073741823
1073741823
1073741823
1073741823
1073741823
1073741823
1073741823
1073741823
1073741823
1073741823
1073741823
1073741823
1073741823
1073741823
1073741823
1073741823
1073741823
1073741823
1073741823
1073741823
1073741823
1073741823
1073741823
1073741823
1073741823
1072693247
1073741823
1073741823
1073741823
1073741823
1073741823
1073741823
1073741823
1073741807
1073741823
1073741823
1073741823
1073741823
1073741823
1073741823
1073741823
1073741823
1073741823
1073741823
1073741823
1073741823
1073741823
1073741823
1073741823
1073741823
1073741823
1073741823
1073741823
1073741823
1073741823
1073741823
1073741823
1073741823
1073741823
1073741823
1073741823
1073741819
1073741823
1073741823
1073741823
1073741823
1073741823
1073741823
1073741823
1073741823
1073741823
1073741823
1073741823
1073741823
1073741823
1073741823
1073741823
1073741823
1073741823
1073741823
1073741823
1073741823
1073741823
1073741823
1073741823
1073741823
1073741823
1073741823
1073741823
1073741823
1073741823
1073741823
1073741823
1073741823
1073741823
1073741823
1073741823
1073741823
1073741823
1073741823
1073741823
1073741823
1073741823
1073741823
1073741823
1073741823
1056964607
1073741823
1073741823
1073741823
1073741823
1073741823
1073741823
1073741823
1073741819
1073741823
1073741823
1073741823
1073741823
1073741823
1073741823
1073741823
1073741823
1073741823
1073741823
1073741823
939524095
1073741823
1073741823
1073741823
1073741823
1073741823
1073741823
1073741823
1073741823
1073741823
1073741823
1073741823
1073741823
1073741823
1073741819
1073740799
1073741823
1073741823
1073741823
1073741823
1073741823
1073741823
1073741823
1073741823
1073741823
1073741823
1073741823
1073741823
1073741823
1073741823
1073741823
1073741311
1073741823
1073741823
1073741823
1056964607
1073741823
1073741823
1073741823
1073741823
1073741823
1073741823
1073741823
1073741823
1073741823
1073741823
1073741823
1073737727
1073741823
1073741823
1073741823
1073741823
1073741823
1073741823
1073741823
1073741823
1073741823
1073741823
1073741823
1073741823
1073741823
1073741823
1073741823
1073741823
1073741823
1073741823
1073741823
1073741823
1073741823
1073741823
1073741823
1073741823
1073741823
1073741823
1073741823
1073741823
1073741823
1073741823
1073741823
1073741823
1073741823
1073741823
1073741823
1073217535
1040178175
1073741823
1073741823
1073741823
1073741823
1073741823
805255167
1073741551
1073741823
1073741823
1073741823
1073741823
1073741823
1073741823
1073741823
1073741823
1073741823
1073741823
1073741823
1073741823
1073741823
1073741823
1073741823
1073741823
1073741823
1073741823
1073741819
1073741823
1073741823
1073741823
1073741823
1073741823
1073741823
1073741823
1073741823
1073741823
1073741823
1073741823
1073741823
1073741823
1073741823
1073741823
1073741823
1073741823
1073741823
1073741823
1073741823
1073741823
1073741823
1073741823
1073741823
1073741823
1073741823
1073741823
1073741823
1073741823
1073741823
1073741823
1073741823
1073741823
1073741823
1073741823
1073741823
1073741823
1073741823
1073741823
1073741823
1073741823
1071644671
1073741823
1073741823
1073741823
1073741823
1073741823
1073741823
1073741823
1073741823
1073741823
1073741823
1073741823
1073741823
1073741823
1073741823
1073741823
1073741823
1073741823
1073741823
1073741823
1073741823
1073741823
1073741823
1073741823
1073741823
1073741823
1073741823
1073741823
1073741823
1073741823
1073741823
1073741823
1073741823
1073741823
1073741823
1073741823
1073741823
1073741823
1073741823
1073741823
1073741823
1073741823
1073741823
1073741823
1073741823
1073741823
1073741823
1073741823
1073741823
1073741823
1073741823
1073741819
1073741823
1073741823
1073741823
1073741823
1073741823
1073741823
1073741823
1073741823
1073741823
1073741823
970059647
1073741823
1073741823
1073741823
1073741823
1073741823
1073741823
1073741823
1073741823
1073479679
1073741823
1073741823
1073741823
1073741823
1073741823
1073741823
1073741823
1073741823
1073741819
1073741823
1073741823
1073741823
1073741823
1073741823
1073741823
1073741823
1073741823
1073741823
1056964607
1073741823
1073741823
1073741823
1073741823
1073741823
1073741823
1073741823
1073741823
1073741823
1073741823
1073741823
1006600187
1073741823
1073741823
1073741823
1073741823
1073741823
1073741823
1073741823
1073741823
1068498943
1073741823
1073741823
1073741823
1073741823
1073741823
1073741823
1073741823
1073741823
1073741823
1073741823
1073741823
1073741823
1073741823
1073020927
1073741823
1073741823
1073741823
1073741823
1073741823
1073741823
1073741823
1073741823
1073741823
1073741823
1073741823
1073741823
1073741823
1073741823
1073741823
1073741823
1073740799
1073741823
1073741823
1073741823
1073741823
1073741823
1073741823
1073741823
1073741823
1073741823
1073741823
1073741823
1073741823
1073741823
1073741823
1073741823
1073741823
1073741823
1073741823
1073741823
1073741823
1073741823
1073741823
1073741823
1073741823
1073741823
1073741823
1073741823
1073741695
1073741823
1073741823
1073741823
1073709055
1073741823
1073741823
1073741823
1073741823
1073741823
1073741823
721416191
1073741823
1073741823
1073741823
1073741823
1073741823
1073741819
1073741823
1073741823
1073741823
1073741823
1073741823
1073741823
1073741823
1073741823
1073741823
1073741823
1073741823
1073741823
1073741823
1073741823
1073741823
1073741823
1073741823
1073741823
1073741823
1073741823
1073741803
1073741823
1073741823
1073741823
1073741823
1073741823
1073741823
1073741823
1073741823
1073741823
1073741823
1073741823
1073741823
1073741823
1073741823
1073741823
1073741823
1073741823
1073741823
1073741823
1073741823
1073741823
1073741823
1073741823
1073741823
1073741823
1073741823
1073741823
1073741823
1073741823
1073741823
1073741823
1073741823
1073741823
536870911
1073741823
1073741823
1073741823
1073741823
1073741823
1073741823
1073741823
1073741823
1073741823
1073741823
1073741823
1073741823
1073741823
1073741823
1073741823
1073741823
1073741823
1073741823
1073741823
1073741823
1073741823
1073741823
1073741823
1073741823
1073741823
1073741823
1073741823
1073741823
1073741823
1073741823
1073741823
1073741823
1073741823
1073741823
1073741823
1073741823
1073741823
1073741823
1073741823
1073741823
1073741823
1073741823
1073741823
1073741823
1073741823
1073741823
1073741823
1073741823
1073741823
1073741823
1073741823
1073741823
1073741823
1073741823
1073741823
1073741823
1073741823
1069547519
1073741823
1073741823
1073733631
1073741823
1073741823
1073741823
1073741823
1073741823
1073741823
1073741823
1073741823
1073741823
1073741823
1073741823
1073741823
1073741823
1073741823
1073741823
1073741823
1073741823
1073741823
1073741823
1073741823
1073741823
1073741823
1073741823
1073741823
1073741823
1073741823
1073741823
1073741823
1073741823
1073741823
1073741823
1073741823
1073741823
1073741823
1073741823
1073741823
1073741823
1073741823
1073741823
1073741823
1073741823
1073741823
1073741823
1073741823
1073741823
1073741823
1073741823
1073741823
1073741823
1073741823
1073741823
1073741823
1073741823
1073741823
1073741823
1073741823
1073741823
1073741823
1073741823
1073741823
1073741823
1073741823
1073741823
1073741823
1073741823
1073741823
1073741823
1073741823
1073741819
1073741823
1073741823
1073741823
1073741823
1073741823
1073741823
1073741823
1073741823
1073741823
1073741823
1073741823
1073741823
1073741823
1073741823
1065353215
1073741823
1073741823
1073741823
1073741823
1073741823
1073741823
1073741823
1073741823
1056702399
1073741823
189267836
1073741823
1073741823
1073741823
1073741823
1073741823
1073741823
1073741823
1073741823
1073741823
1073741823
1073741823
1073741823
1073741823
1073741823
1073741823
1073741823
1073741823
1073741823
1073741823
1073741823
1073741823
1073741823
1038090239
1073741823
1073741823
1073741823
1073741823
1073741823
1073741823
1073741823
1073741823
1073741823
1072693247
1073741823
1073741823
1073741823
1073741823
1073741823
1073741823
1073741823
1073741823
1073741823
1073741823
1073741823
1073741823
1073741823
1073741823
1073741823
1073741823
1073741823
1073741823
1073741823
1073741823
1073741823
1073741823
1073741823
1073741823
1073741823
1073741823
1073741823
1073741823
1073741823
1073741823
1073741823
1073741823
1073741823
1073741823
1073741823
1073741823
1073741823
1073741823
1073741823
1073741823
1073741823
1073741823
1073741823
1073741823
1073741823
1073741823
1073741823
1073741823
1073741823
1073741823
1073741759
1073741823
1073741823
1073741823
1073741823
1073741823
1073741823
1073741823
1073741823
1073741823
1073741823
1073741823
1073741823
1073741823
1073741823
1073741823
1073741823
1073741823
1073741823
1073741823
1073741823
1073741823
1073741823
1073741823
1073741823
1073741823
1073741823
1073741823
1073741823
1073741823
1073741823
1073741823
1073741823
1073741823
1073741823
1073741823
1073741823
1073610751
1073741823
1073741823
1073741823
1073741823
1073741823
1073741823
1073741823
1073741823
1073741823
1073741823
1073741823
1073741823
1073741823
1073741823
1073741823
1006632959
1073741823
1073741823
1073741823
1073741823
1073741823
1073741823
1073741823
1073741823
1073741823
1073741823
1073741823
1073676287
1073741823
1073741823
1073741823
1073741823
1073741823
1073741823
1073741823
1073741823
1073741823
1073741823
1073741823
1073741823
1071644543
1073741823
1073741823
1073741823
1073741823
1073741823
1073741823
1073741823
1073741823
1073741823
1073741823
1073741823
1073741823
1073741823
1073741823
1073741823
1073741823
1073741823
1073741823
1073741823
1073741823
1073741823
1073741823
1073741823
1073741823
1073741823
1073741823
1073741823
1073741823
1073741823
1073741823
1073741823
1073741823
1073741823
1073741823
1073741823
1073741823
1073741823
1073741823
1073741823
1073741823
1073741823
1073741823
1073741823
1073741823
1073741823
1073741823
939522879
1073741823
1073741823
1073741823
1073741823
1073741823
1073741823
1073741823
1073741823
1073741823
1073741823
1073741823
1073741823
1073741823
1073741823
1073741823
1073741823
1073741823
1073741823
1073741823
1073741823
1073741823
1073741823
1073741823
1073741823
1073741823
1073741823
1073741823
1073741823
1073741823
1073741823
1073741823
1073741823
1073741823
1073741823
1073741823
939524095
1073741823
1073741823
1073741823
1073741823
1073741823
1073741823
1073741823
1073741823
1073741823
1073741823
1073741823
1073741823
1073741823
1073741567
1073741823
1073741823
1073741823
1073741823
1073741823
1073741823
1073741823
1073741823
1073741823
1073741823
1073741823
1073741819
1073741823
1073741823
1073741823
1073741823
1073741823
1073741823
1073741823
1073741823
1073741823
1073741823
1073741823
1073741823
1073741823
1073741823
1073741823
1073741823
1073741823
670560255
1073741823
1073741823
1073741823
1073741823
1073741823
1073741823
1073741823
1073741823
1073741823
1073741823
1073741823
1073741823
1073741823
1073741823
1073741823
1073741823
1073741823
1073741823
1073741823
1073741823
1073741823
1073741823
1073741823
1073741823
1073741823
1073741823
1073741807
1073741823
1073741823
1073741823
1073741823
1073741823
1073741823
1073741823
1073741823
1073741823
1073741823
1073741823
1073741823
1073741823
1073741823
1073741823
1073741823
1073741823
1073741823
1073741823
1073741823
1073741823
1073741823
1073741823
1073741823
1073741823
1073741823
1073741823
1073741535
1073741823
1073741823
1073741823
1073741823
1073741823
1073741823
1073741823
1073741823
1073741823
1073741823
1073741823
1073741823
1073741823
1073741823
1073741823
1073741823
1073741823
1073741823
1073741823
1073741823
1073741823
1073741823
1073741823
1073741823
1073741823
1073741823
1073741823
1073741823
1073741823
1073741823
1073741823
1073741823
1073741823
1073741823
1073741823
1073741823
1073217535
1073741823
1073741823
1073741823
1073741823
1073741823
1073741823
1073741823
1073741823
1073741823
1073741823
1073741823
1073741823
1073741823
1073741823
527685503
1073741823
1073741823
1073741823
1073741823
1073741823
1073741823
1073741823
1073741823
1073741823
1073741823
1073741823
1073741823
1073741823
1073741823
1073741823
1073741823
1073741823
1073741823
1073741807
1073741823
1073741823
0
1073741823
1073741823
1073741823
400406527
1073741823
1073741823
1073741823
1073741823
1073741823
1073741823
1073741823
1073741823
1073741823
1073741823
1073741823
1073741823
1073741823
1073741823
1073741823
1073741823
1073741823
1073741823
1073741823
1073741823
1073741823
469762047
1073741823
1073741823
1073741823
1073741823
1073741823
1073741823
1073741823
1073741823
1073741823
1073741823
1073741823
1073741823
1073741823
1073741823
1073741823
1073741823
1073741823
1073741823
1073741823
1073741823
1073741823
1073741823
1073741823
1073741823
1073741819
1073741823
1073741823
1073741823
1073741823
1073741823
1073741823
1073741823
1073741823
1073741823
1073741823
1073741823
1073741823
1073741823
1073741823
1073741823
1073741823
1073741823
1073741791
1073741823
1073741823
1073741823
1073733631
1073741823
1073709055
1073741823
1073741823
1073741823
1073741823
1073741823
1073741823
1073741823
1073741823
1073741823
1073741823
1073741823
1073741823
1072693247
1073741823
1073741823
1073741823
1073741823
1073741823
1073741823
1073741823
1073741823
1073741823
1073741823
1073741823
1073741823
1073741823
805306367
1073741823
1073741823
1073741823
1073741823
1073741823
1073741823
1073741823
1073741823
1073741823
1073741823
1073741823
1073610751
1073741823
1073741823
1073741823
1073741823
1073741823
1073741823
1073741823
1073741823
1073741823
1073741823
1073741823
1073741823
1073741823
1073741823
1069416311
1073741823
1073741823
1073741823
1073741823
1073741823
1073741823
1073741823
1073741823
1073741823
1073741823
1073741823
1073741823
1073741823
1073741823
1073741823
1073741823
1073741823
1073741823
1073741823
1073741823
1073741823
1073741823
1073741823
1073741823
1073741823
1073741823
1073741695
1073741679
1073741823
1073741823
1073741823
1073709055
1073741823
1073741823
1073741823
1073741823
1073741823
1073741823
1073741823
1073741823
1073741823
1073741823
1073741823
1040187391
1073741823
1073741823
1073741823
1073741823
1073741823
1073741823
1073741823
1073741823
1073741823
1073741823
1073741823
1073741823
336858824
1073741823
1073741823
1073741823
1073741823
1073741823
1073741823
1073741823
1073741823
1073741823
1073741823
1073741823
1073741823
1073741823
1073741823
1073741823
1073741823
1073741823
1073741823
1073741823
1073741823
1073741823
1073741823
1073741823
1073741823
1073741823
1073741823
1062469240
1073741823
1073741823
1073741823
1073741823
1073741823
1073741823
1073741823
1073741823
1073741823
1073741823
1073741823
1073741823
1073741823
1073741823
1073741823
1073741823
1073741823
1073741823
1073741823
1073741823
1073741823
1073741823
1073741823
1065353215
1073741823
1073741823
1073741823
1073741823
1073741823
1073741823
1073741823
1073741823
1073741823
1073741823
1073741823
1073741823
1073741823
1073741823
264206335
1073741823
1073741823
1073741823
1073741823
1073741823
1073741823
1073741823
1073741823
1073741823
1073741823
1073741823
805306351
1073741823
1073741823
1073741823
1073741823
1073741823
1073741823
1073741791
1073741823
1073741823
1073741823
1073741823
1073741823
1073741823
737869039
1073741823
1073741823
1073741823
1073741823
1073741823
1073741823
1073217535
1073741823
1073741823
1073741823
1073741823
1073741823
1073741823
1073741823
1073741823
1073741823
1073741823
1073741791
1073741823
1040154623
1073741823
1073741823
1073741823
1073741823
1073725423
1073741823
1073741823
1073741823
1073741823
1073741823
1073741823
1073741823
1073741823
1073741823
1073741823
1073741823
1073741823
1073741823
1073741823
1073741823
1073741823
1073741823
1073741823
1073741823
1073741823
1073741823
1073741823
1073741823
1073741823
1073741823
1073741823
1073741823
1073741823
1073741823
1073741823
1073741823
1073741823
1073741823
1073741823
1073741823
1073741823
1073741823
1073741823
1073741823
1073741823
1073741823
1073446911
1073741823
1073741823
1073741823
1073741823
1073741823
1073741823
1073741823
1073741823
1073741823
1073741823
1073741823
1073741823
1073741823
1073741823
1073741823
805289943
1073741823
1073741823
1073741823
1073741823
1073741823
1073741823
1073741823
1073741823
1073741823
1073741823
1073741823
1073741823
1073741823
1073741823
1073741823
1073741823
1073741823
1073741823
1073741823
1073741823
1073741823
1073741823
1073741823
1073741823
1073741814
1073741823
1073741823
1073741823
1073741823
1073741823
1073741823
1073741823
1073741823
1073741823
1073741823
1073741823
1073741823
1073741823
1073741823
1073741823
1073741823
1073741823
1073741823
1073741823
1073741823
1073741823
1073741823
1073741823
1073741823
1073741823
1073741823
1073741823
1073741823
1073741823
1073741823
1073741823
1073741823
1073741823
1073741823
1073741823
1073741823
1073741823
1073741823
1073741823
1073741823
1073741823
1073741823
1073741823
1073741823
1073741823
1073741823
1073741823
1073741823
1073741823
1073741823
1073741823
1073741823
1073741823
1073741823
1073741823
1073741823
1073741823
1073741823
1073741823
1073741823
1073741823
1073741823
1073741823
1073741823
1073741823
1073741823
1073741823
1073741823
1073741823
1073741823
1073741823
1073741823
1073741823
1073741823
1073741823
1073741823
1073741823
1073741823
1006632959
1073741823
1073741823
1073741823
1073741823
1006632959
1073741823
1073741823
1073741823
1073741823
1073741823
1073741823
1073741823
1073741823
1073741823
1073725439
1073741823
1073741823
1073741823
1073741823
1073741823
1073741823
1073741823
1073741823
1073741823
1073741823
1073741823
1073741823
1073741823
1073741823
1073741823
1073741823
1073741823
1073741823
1073741823
1073741823
1073741823
1073741823
1073741823
1073741823
1073741823
1073741823
1073741823
1073741823
1073741823
1073741823
1056964607
1073741823
1073741823
1073741823
1073741823
1073741823
1073741823
1073741823
1073709055
1073477629
1073741823
1073741823
1073741823
1073741823
1073741823
1073741823
1073741823
1073741823
1073741823
1073741823
1073741823
1073741823
1073741823
1073741823
1073741823
1073741823
1073741823
1073741823
1073741823
1065351167
1073741823
1073741823
1073741823
1073741823
1073741823
1073741823
1073741823
1073741823
1073741823
1073741823
1073741823
1073217535
1073741823
1073741823
1073741823
1073741823
1073741823
1073741823
1073741823
1073741823
1073741823
1073741823
1073741823
1073741823
1073741823
1073741823
1073741823
1073741823
1073741823
1073741823
1073741823
1073741823
1073741823
1073741823
1073741823
1073741823
1073741823
1073741823
1073741823
1073741823
1073741823
1073741823
1073741823
1073741823
1073741823
1073741823
1073741823
1073741823
1073741823
1073741823
1073741823
1073741823
1073741823
1073741823
1073741823
1073741823
1073741823
1073741823
1073741823
1073741823
1073741823
1073741823
1073741823
1073741823
1073741823
1073741823
1073741823
1073741823
1073741823
1073741823
1073741823
1073741823
1073741823
1073741823
1073741823
1073741823
1073741823
1073741823
1073741823
1073741823
1073741823
1073741823
1073741823
1073741823
1073741823
1073741823
1073741823
1073741823
1073741823
1073741823
1073741823
1073741823
1073741823
1073741823
1073741823
1073741823
1073741823
1073741823
1073741823
1073741823
1073741823
1073741823
1073741823
1073741823
1073741567
1055916031
1073741823
1073741823
1073741823
1073741823
1073741823
1073741823
1073741823
1073741823
1073741823
1073741823
1073741823
1073733631
1073741823
1073741823
1073741823
1073741823
1073741823
1073741823
1073741791
1073741823
1073741823
1073741823
1073741823
1073741823
1073741823
1073741823
1073741823
1073741823
1073741823
1073741823
1073741823
1073741823
1073741823
1073741823
1073741823
1073741823
1073741823
1073741823
1073741823
1073741823
1073741823
1073741823
1073741823
1073741823
1073741823
1073741823
1073741823
1073741823
1073741823
1073741823
1073741823
1073741823
1073741823
1073741823
1073741823
1073741823
1073741823
1073741823
1073741823
1073741823
1073741823
1006632959
1073741823
1073741823
1073741823
1073741823
1073741823
1073741823
1073741823
1065091053
1073741823
1073741823
1073741823
1073741823
1073741823
1073741823
1073741823
1073741823
1073741823
1073741823
1065353215
1073741823
1073741823
1073741823
1073741823
1073741823
1073741823
1073741823
1073741823
1073676287
1073741823
1073741823
1073741823
1073741823
1073741823
1073741823
1073741823
1073741823
1073741823
1073741823
1073741823
1073741823
1073741823
1073741823
1073741823
1073741823
1073741823
1073741823
1073741823
1073741823
1073741823
1073741823
1073741823
1073741823
1073741823
1073741823
1073739775
1073741823
1073741823
1073741823
1073741823
1073741823
1073741823
1073741823
1073741823
536870911
1073741823
1006567415
1073741823
1073741823
1073741823
1073741823
1073741823
1073741823
1073741823
1073741823
1073741823
1073741823
1073741823
1073741823
1073739775
1073741823
1073741823
1073741823
1073741823
1073741823
1073741823
1073741823
1073741823
1073741823
1073741823
1073741823
1073741823
1073741823
1073741823
1073741823
1073741823
1073741823
1073741823
1073741823
1073741823
1073741823
1073741823
1073741823
1073348607
1073741823
1073741823
1073741823
1073741823
1073741823
1073741823
1073741823
1073741823
1073741823
1073741823
1073741823
1073741823
1073741823
1073741823
1073741823
1073741823
1073741823
1073741823
1073741823
1073741823
1073741823
1073741823
1073741823
1073741823
1073741823
1073741823
1073741823
1073741823
1073741823
1073741823
1073741823
1073741823
1073741823
1073741823
1073741823
1073741823
1073741823
1073741823
1073741823
1073741823
536870911
1073741823
1073741823
1073741823
1073741823
1073741823
1073741823
1073741823
1073741823
1073741823
1073741823
1073741823
1073741823
1073741823
1073741823
1073741823
1073741823
1073741823
1073741823
1073741823
1073741823
1073741823
1073741823
1073741823
1006469115
1073741807
1073741823
1073741823
1073741823
1073741823
1073741823
1073741823
1073741823
1073741823
1073741823
1073741823
1073741823
1073741823
1073741823
1073741823
1073741823
1073741823
1073741823
1073741823
1073741823
1073741823
1040187391
1073741823
1073741823
1073741823
1073741823
1073741823
1072627455
1073741823
1073741807
1073741823
1073741823
536870911
1073741823
1073741823
1073741823
1073741823
1073741823
1073741823
1073741823
922746879
1073741823
1073741823
1073741823
1073741823
1073741823
1073741823
1073741823
1073741823
1073725439
1073741823
1073741823
1073741823
1073741823
1073741823
1073741823
1073741823
1073741823
1073741823
1073741823
1073741823
1073741823
1073741823
1073741823
1073741823
1073741823
1073741823
939524095
1073741823
1073741823
1073741823
1073741823
1073741823
1073741823
1073741823
1073741823
1073741823
1073741823
1073741823
1073217535
1073741823
1073741823
1073741823
1073741823
1073741823
1073741823
1073741823
1073741823
1073741823
1073741823
1073741823
1073741823
1073741823
1073741823
1073741823
1073741823
1073741823
1073741823
1073741823
1073741823
1073741823
1073741823
1073741823
1073741823
1073741823
1073741823
1073741823
1073741823
1073741807
1073741823
1073741823
1073741823
1073741823
1073741823
1073741823
1073741823
1073725439
1073741823
1073741823
1073741823
1073741823
1073741823
1073741823
1073741823
1073741823
1073741823
1073741823
1073741823
1073741823
1073741823
1073741823
1073741823
1073741823
1073741823
1073741823
1073741823
1073741823
1073741823
1073741823
1073741823
1073741823
1073741823
1073741823
1073741823
1073741823
1073741823
1073741823
1073741823
1073741823
1073741823
1073741823
1073741823
1073741823
1073741823
1073741823
1073741823
1073741823
1073741823
1073741823
1073741823
1073741823
1073741823
1073741823
1073741823
1073741823
1073741819
1073741823
1073741823
1073741823
1073741823
1073741823
1073741823
1073741823
1073741823
1073741823
1073741823
1073741823
1073741823
1073741823
1073741823
576433244
1073741823
1073741823
1073741823
1073741823
1073741823
1073741823
1073741823
1073741823
1073741823
1056964607
1073741823
1073741823
1073741823
1073741823
1073741823
1073741823
1073741823
1073741823
1073741823
1073741823
1073741823
1073741823
1073741823
1073741823
1073741823
1073741823
1073741823
1073741823
1073741823
1073741823
1073741823
1073741823
1073741823
1073741823
1073741823
1073741823
1073741823
1073741823
1073741823
1073741823
1073741823
1073741823
1073741823
1073741823
1073741823
1073741823
1073741823
1073741823
1073741823
1073741823
1073741823
1073741823
805306367
1073740799
1073741823
1073741823
1073741823
1073741823
1073741823
1073741823
1073741823
1073741823
1073741823
1073741823
1073741823
1073741823
1073741823
1056964599
1073741823
1073741823
1073741823
1073741823
1073741823
1073741823
1073741823
1073741823
1073741823
1073741823
1073741823
1073741823
1073741823
1073741823
1073741823
1073741823
1073741823
1073741823
1073741823
1073741823
1073741823
1073741823
1073741823
1073741823
1073740799
1073741823
1073741823
1073741823
1073741823
1073741823
1073741823
1073741823
1073741823
1073741823
1073741823
1073741823
1073741823
1073741823
1073741823
1073741823
1027604345
1073741823
1073741823
1073741823
1073741823
1073741823
1073741823
1073741823
1073741823
1073741823
1073741823
1073741823
1073741823
1073741823
1073741823
1073741823
1073741823
1073741823
1073741823
1073741823
1073741823
1073741823
1073741823
1073741823
1073741823
1073741823
1073741823
1073741823
1073741823
1073741823
1073741823
1073741823
1073741823
1073741823
939524095
1073741823
1073741823
1073741823
1073741823
1073741823
1073741823
1073733631
1073741823
1073741823
1073741823
1073741823
1073741823
1073741823
1073741823
1073741823
1073741823
938901503
1073741823
1073741823
1073741823
1073741823
1073741823
1073741823
1073741823
1073741823
1073741823
1073741823
1073741823
1073741823
1073741823
1073741823
1073741823
1073741823
1073741823
1073741823
1073741823
1073741823
1073741823
1073741823
1073741823
1073741823
1073741823
1073741823
1073741823
1073676287
1073741823
1073741823
1073741823
1073741823
1073741823
1073741823
1073741823
1073741823
1073741823
1073741823
1073741823
1073741823
1073741823
1073741823
1073741823
1073741823
1073741823
1073741823
1073741823
1073741823
1073741823
1073741823
1073741823
1073741823
1073741823
1073741823
1073741823
1073741823
1073741823
1073741823
1073741823
1073741823
1073741823
1073741823
1073741823
1073741823
1073741823
1073741823
1073741823
1073741823
1073741823
1073741823
1073741823
1073741823
1073741823
1073741823
1073741823
1073741823
1073741823
1073741823
1073741823
1065353215
1073741823
1073741823
1073741823
1073741823
1073741823
1073741823
1073741823
1073741823
1073741823
1073741823
1073741823
1073610751
1073739647
1073741823
1073741823
1073741823
1073741823
1073741823
1073741823
1073741823
1073741823
1073741823
1073741823
1073741823
1071644671
1073741823
1073741823
1073741823
1073741823
1073741823
1073741823
1073676287
1073741823
1073741823
1073741823
1073741823
1073741823
314307007
1073741823
1073741823
1073741823
1073741823
1073741823
1073741823
1073741823
1073741823
1073741823
1073741823
1073741823
1073741823
1073741823
1073741823
1073741823
1073741823
1073741823
1073741823
1073741823
1073741823
1073741823
1073741823
1073741823
1073741823
1073741823
1073741823
1006632959
1073741823
1073741823
1073741823
1073741823
1073741823
1073741823
1073741823
1073741823
1073676287
1073741823
1073741823
1073741823
1073741823
1073741823
1073741823
1073741823
1073741823
1073741823
1073741823
1073741823
1073741823
1073741823
1073741823
1073741823
1073741823
1073741823
1073741823
1073741823
1073741823
1073741823
1073741823
1073741823
1073741823
1073741823
1073741823
1073741823
1073741823
1073741823
1073741823
1073741823
1073741823
1073676287
1073741823
1073741823
1073741823
1073741823
1073741823
1073741823
1073741823
1073741823
1073741823
1073741823
1073741823
1073741823
1073741823
1073741823
1073741823
1071644671
1073741823
1073741823
1073741823
1073741823
1073741823
1073741823
1073741823
1073741823
1073741823
1040187359
1073741823
1073741823
1073725439
1073741823
1073741823
1073741823
1073741823
1073741823
1073741823
1073741823
1073741823
1073741823
1073741823
1073741823
1073741823
1073741823
1073741823
1073741823
1073741823
1073741823
1073741823
1073741823
1073741823
1073741823
1073676287
1073741823
1073741823
1073741819
1073741823
1073741823
1073741823
1073741823
1073741823
1073725439
1073741823
1073741823
1073741823
1073741823
1073741823
1073741819
1073741823
1073741823
1073741823
1073741823
1073741823
1073741823
1073741823
1073741823
1073741823
1073741823
1073741823
1073741823
1073741823
1073741823
1073741823
1073741823
1073741823
1073741823
1073741823
1073741823
1073741823
1073741823
1073741823
1073741823
1073741823
1073741823
1073741823
1073741567
1073741823
1073741823
1073741823
1073741823
1073741823
1073741823
1073741823
1073741823
1073676287
1073741823
1073741823
1073741823
1073741823
1073741823
1073741823
1073741823
1073741823
1065353215
1073741823
1073741823
1073741823
1073741823
1073741823
1073741823
1073741823
1073741823
1073741823
1073741823
1073741823
1073741823
1073741823
1073741823
1073741823
1073741823
1073741823
1073741823
1073741823
1073741823
1073741823
1073741823
1073741823
1073741823
1073741823
1073741823
1073741823
1073741823
1073741823
1073741791
1073741823
1073741823
1073741823
1073741823
1073741823
1073741823
1073741823
1073741823
1073741823
1073741823
1073741823
1073741823
1073741823
1073741823
1073741823
1073741823
1073741823
1073741823
1073741823
1073741823
1073741823
1073741823
1073741823
1056964479
1006501887
1073741823
1073741823
1073741823
1073741823
1073741823
1073741823
1073741823
1073741823
1073741823
1073741823
1073741823
1073610751
1073741823
1073741823
1073741823
1073741823
1073741823
1073741823
1073709055
1073741823
1073741823
1073741823
1073741823
1073741823
1073741823
1073741823
1073741823
1073741823
1073741823
1073741823
1073741823
1073741823
1073741823
1073741823
1073741823
1071643647
1073741823
1073741823
1073741823
1073741791
1073741823
1073741823
1073741823
1073741823
1073741823
1073741823
1073741823
1073741823
1073741823
1073741823
1073741823
1073741823
1073741823
1073741823
1073741823
1073741823
1073741823
1073741823
1073741823
1073741823
1073741823
1073741823
1073741823
1073741823
1073741823
1073741823
1073741823
1073741823
1073741823
1073741823
1073741823
1073741823
1073741823
1073741823
1073741823
1073741823
1073741823
1073741823
939524085
1073741823
1073741823
1073741823
1073741823
1073741823
1073741823
1073741823
1073741823
1073741823
1073741823
1073741823
1073741823
1073741823
1073741823
1073741823
1073741823
1073741823
1073741823
1073741823
1073741823
1073479679
1073741823
1073741823
1073741823
1073741823
1073741823
1073741823
1073741823
1073741823
1073741823
1073741823
1073741823
1073741823
1073741823
1073741823
1073741823
1073741823
1073741823
1073741823
1073741823
1073741823
1073741823
1073741823
1073741823
1073741823
1073741823
1073741823
1073725439
1073741823
1073741823
1073741823
1073741823
1073741823
1073741823
1073741823
1073741823
1073741823
1073741823
1073741823
1073741823
1073741823
1073741823
1073741823
1073741823
1073741823
1073741823
1073741823
1073741823
1073741823
1073741823
1073741823
1073741823
1073741823
1073741823
1073741823
1073741823
1073741823
1073741823
1073741823
1073741823
1073741823
1073741823
1073741823
1073741823
1073741823
1073741823
1073741823
1073741759
1073741823
1073741823
1073741823
1073741823
1073741823
1073741823
1073741823
1073741823
1073741823
1073741823
1073741823
1073741823
1073741823
1073741823
1073741823
1073741823
1073741823
1073741823
1073741823
1073741823
1073741823
1073741823
1073741823
1073741823
1073741823
1073741823
1073741823
1073741823
1073741823
1073741823
1073741823
1073741823
1073741823
1073741823
1073741823
1073741823
1073741823
1073741823
1073741823
1073741823
1073741823
1073741823
1073741823
1073741823
1073741823
1073741823
1073741823
1073741823
1073741823
1073741823
1073741823
1073741823
1073741823
1073733631
1073741823
1073741823
1073741823
1073741823
1073741823
1073741823
1073741823
1073741821
1073741823
1073741823
1073741823
1073741823
1073741823
1073741823
1073741823
1073741823
1073741823
1073741823
1073741823
1073741823
1073741823
1073741823
1073741823
1073741823
1073741823
1073741823
1073741823
1073741823
1073741823
1073741823
1073741823
1073741823
1073741823
1073741823
1073741823
1073741823
1073741823
1073741823
1073741823
1073741823
1073741823
1073741823
1073741823
1073741823
1073741823
1073741823
1073741823
1073741823
1073741823
1073741823
1073741823
1073741823
1073741823
1073741823
1073741823
1073741823
1073741823
1073741823
1073741823
1073741823
1073741823
1073741823
1073741823
1073741823
1073741823
1073741823
1073741823
1073741823
1073741823
1073741823
1073741823
1073741823
1073741823
1073741823
1073741823
1073741823
1073741823
1073741823
988737279
1073741823
1073741823
1073741823
1073741823
1073741823
1073741823
1073741823
1073741823
1073741823
1073741823
1073741823
1073741823
1073741823
1073741823
1073741823
1073741823
1006612414
1073741823
1073741823
1073741823
1073741823
1073741823
1073741823
1073741823
1073741823
1073741823
1073741823
1073741823
1073741823
1073741823
1073741823
931135487
1073741823
1073741823
1073741823
1073741823
1073741823
1073741823
1073741823
1073741823
1073741823
1073741823
1073741823
1073741823
1073741823
1073741823
1073741823
1073741823
1073741823
1073741823
1073741823
1073741823
1073741823
1073741823
1073741823
1073741823
1073741823
1073741823
1073741823
1073741823
1073741823
1073741823
1073741823
1073741823
1073741823
1073741823
1073741823
1073741823
1073741823
1073741823
1073741823
1073741823
1073741823
1073741823
1073741823
1073741823
1073741823
1073741823
1073741823
1073741823
1073741823
1073741823
1073741823
1073741823
1073741823
1073741823
1073741823
1073741823
1073741823
1073217535
1073741823
1073741823
1073741823
1073741823
1073741823
1073741823
1073741823
1073741823
1073741823
1073741823
1073741823
1073741823
1073741823
1073741823
1073741823
1073741823
1073741823
1073741823
1073741823
1073741823
1073741823
1073741823
1073741823
1073741823
1073676287
1073741823
1073741823
1073741823
1073741823
1073741823
1073741823
1073741823
1073741823
1073741823
1073741823
1073741823
1073741823
1073741823
1073741823
1073741823
1073741823
1073741823
1073741823
1073741823
1073741823
1073741823
1073741823
1073741823
1073725439
1073741823
1073741823
796884479
1073741823
1073741823
1073741823
1056964607
1073741823
1073741823
1073741823
1073741823
1073741823
1073741823
1073741823
1073741823
1073741823
1073741823
1073741823
1073741823
1073741823
1073741823
1073741823
1073741823
1073741823
1073741823
1073741823
1073741823
1073741823
1073741823
1073741823
1073741823
1073741823
1073741823
1073741823
1073741823
1073741823
1073741823
1073741823
1073741823
1073741823
1073741823
1073741823
1073741823
1073741823
1073741823
1073741823
1073741823
1073741823
1073741823
1073741823
1073741823
1073741823
1073741823
1073741823
1073741823
1073741823
1073741823
1073741823
1073741823
1073741823
1073741823
1073741823
1073741823
1073741823
1073741823
1073741823
1073741823
1073741279
1073741823
1073741823
1073741823
1073741823
1073741823
1073741823
1073741823
1073741823
1073741823
1073741823
1073741823
1073741823
1073741823
1073741823
1073741823
1073741823
1073741823
1073741823
1073741823
1073741823
1073741823
1073741823
1073741823
1073741823
1073741823
1073741823
1073676287
1073741823
1073741823
1073741823
1073741823
1073741823
1073741823
1073741823
1073741823
1073741695
1073741823
1073741823
1073741823
1073741823
1073741823
1073741823
1073741823
1073741823
1073741823
1073741823
1073741823
1073741823
1073741823
1073741823
1073741823
1073741823
1073741823
1073741823
1073741823
1073741823
1073741823
1073741823
1073741823
1073741823
1073741823
1073741823
1073741823
1073741823
1073741823
1073741823
1073741823
1073741823
1073741823
1073741823
1073741823
1073741823
1073741823
1073741823
1073741823
1073741823
1073741823
1073741823
1073741823
1073741823
1073741823
1073741823
1073741823
1073741823
1073741823
1073741823
1073741823
1073741823
1073741823
1073741823
1073741823
1073741823
1073741823
1073741823
1073741823
1073741823
1073741823
1073741823
1073741823
1073741823
1073741823
1073741823
1073741823
1073741823
1073741823
1073741823
1073741823
334753350
1073741823
1073741823
1073741823
1073741823
1073741823
1073741823
1073741823
1073741823
1073741823
1073741823
1073741823
1073741823
1073741823
1073741823
1073741823
1073741823
1073741823
1073741823
1073741823
679438004
1073741823
1073741823
1073741823
1073741823
1073741823
1073741823
1073741823
1073741823
1073741823
1073741823
1073741823
1073741823
1073741823
1073741823
1073741823
1073741823
1073741823
1073741823
1073741823
1073741823
1073741823
1073741823
1073741823
1073741823
1073741823
1073741823
1073741823
1073741823
1073741823
1073741823
1073741823
1073741823
1073741823
1073741823
1073741823
1073741823
1073741823
1073741823
1073741823
1073741823
1073741823
1073741823
1073741823
1073741823
1073741823
1073741823
1073741823
1073741823
1073741823
1073741823
1073741823
1073741823
1073741823
1073741823
1073741823
1073741823
1073741823
1073741823
1073741823
1073741823
1073741823
1073741823
1073741823
1073741823
1073741823
1073741823
1073741823
1073741823
1073741823
1073741823
1073741823
1073741823
1073741823
1073741823
1073741823
1073741823
1073741823
1073741823
1073741823
1073741823
1073741823
1073741823
1073741823
1073741823
1073741823
1073741823
1073741823
1073741823
1073741823
1073741823
1073741823
1073741823
1073741823
1073741823
1073741823
1073741823
1073741823
1073741823
1073741823
1073741823
1073741823
1073741823
1073741823
1073741823
1073741823
1073741823
1073741823
1073741823
1073741823
1073741823
1073741823
1073741823
1073741823
1073741823
1073741823
1073741823
1073741823
1073741823
1073741823
1073741823
1073741823
1073741823
1073741823
1073741823
1073741823
1073741823
1073741823
1073741823
1073741823
1073741823
1073741823
1073741823
1073741823
1073741823
1073741823
1073741823
1073741823
1073741823
1073741823
1073741823
1073741823
1073741823
1073741823
1073741823
1073741823
1073741823
1073741823
1073741823
1073741823
1073741823
1073741823
1073741823
1073741823
1073741823
1073741823
1073741823
1073217501
1073741823
1073741823
1073741823
1073741823
1073741823
1073741823
1073741823
1073741823
1073741823
1073741823
1073741823
1073741823
1073741823
1073741823
1073741823
1073741823
1073741823
1073741823
1073741823
1073741823
1073741823
1073741819
1073741823
1073741823
1073741823
1073741823
1073741823
1073741823
1073741823
1073741823
1073741823
1073741823
1073741823
1073741823
1073741823
1073741823
1073741823
1073741823
1073741823
1073741823
1073741823
1073741823
1073741823
1073741823
1073741823
1073741823
1073741823
1073741823
1073741823
1073741823
134151679
1073741823
1073741823
1073741823
1073739775
1073741823
1073741823
1073741823
1073741823
1073741823
1073741823
1073741823
1073741823
1073741823
1073741823
1073741823
1073741823
1073741823
1073741823
1073741823
1073741823
1073741823
1073741823
1073741823
1073741823
1073741823
1073741823
1073741823
1073741823
1073741823
1073741823
1073741823
1073741823
1073741823
1073741823
1073741823
1073741823
1073741823
1073741823
1073741823
1073741823
1073741823
1073741823
1073741823
1073741823
1073741823
1073741823
1073741823
1073741823
1073741823
1073741823
1073741823
1073741823
1073741823
1073741823
1073741823
1073741823
1073741823
1073741823
1073741823
1073741823
1073741823
1073741823
1073741823
1073741823
1073741823
1073741823
1073741823
1073741823
1073741823
1073741823
1073741823
1073741823
1073741823
1073741823
1073741823
1073741823
1073741823
1073741823
1073741823
1073725439
1073741823
1073741823
1073741823
1073741823
1073741823
1073741823
1073741823
1064746683
1073741823
1073741823
1073741823
1073741823
1073741823
1073741823
1073741823
1073741823
1073741823
1073733631
1073741823
1073479679
1073741823
1073741823
1073741823
1073741823
1073741823
1073741823
1073741823
1073741823
1073741823
1073741823
1073741823
1073741823
1073741823
939521791
1073741823
1073741823
1073741823
1073741823
1073741823
1073741823
1073741823
1073741823
1073741823
1073741823
1073741823
1073741823
1073741823
1073741823
1073741823
1073741823
1073741823
1073741823
1073741823
1073741823
1073741823
1073741823
1073741823
1073741823
1073741807
1073741823
1073741823
1073741823
1073741823
1073741823
1073741823
1073741823
1073741823
1073741823
1073741823
1073741823
1073741823
1073741823
1073741823
1073741823
1073741823
1073741823
1073741823
1073741823
1073741823
1073741823
1073741823
1073741823
1073741823
1073741823
1073741823
1073741823
1073741823
1073741823
1006632959
1073741823
1073741823
1073741823
1073741823
1073741823
1073741823
1073741823
1073741823
1073741823
1073741823
1073741823
1073217535
1073741823
1073741823
1073741823
1073741823
1073741823
1073741823
1073741823
1073741823
1073741823
1073741823
1073741823
1073741823
1073741823
1073741823
1073741823
1073741823
1073741823
1073741823
1073741823
1073741823
1073741823
1073741823
1073741823
1073741823
1056440319
1073741823
1073741823
1073741823
1073741823
1073741823
1073741823
777481720
1073741823
1073741823
1073741823
1073741823
1073741823
1073741823
1073741823
1073741823
1073741823
1073741823
1073741823
1073741823
1073741823
1073741823
1073741823
1073741823
1073741823
1073741823
1073741823
1073741823
1073741823
1073741823
1073741823
1073741823
1073741823
1073741823
1073741823
1073741823
1073741823
1073741823
1073741823
1073741823
1073741823
1073741823
1073741823
1073741823
1073741823
1073741823
793378149
1073741823
1073741823
1073741823
1073741823
1056833531
1073741823
1073741823
1073741823
1073741823
1073741823
1073741823
1073741823
1073741823
1073741823
1073741823
1073741823
1073741823
1073741823
1073741823
1073741823
1073741823
1073741823
1073741823
1073741823
1073741823
1073741823
1073741823
1073741823
1073741823
1073741823
1073741823
1073741823
1073741823
1073741823
1073741823
1073741823
1073741823
1073741823
1073741823
1073741823
1073741823
1073741823
1073741823
1073741823
1073741823
1073741823
1073741823
1073741823
1073741823
1073741823
1073741823
1073741823
1073741823
1073741823
1073741823
1073741823
1073741823
1040187391
1073741823
1073741823
1073741823
1073741823
1073741823
1073741823
1073741823
1073741823
1073741823
1073741823
1073741823
1073741823
1073741823
1073741823
1073741823
1073741823
1073741823
1073741823
1073741823
1073741823
1073741823
1073741823
1073741823
1073741823
1073741823
1073741823
1073741823
1073741819
1073741823
1073741823
1073741823
1073741823
1073741823
1073741823
1073741823
1073741823
1073741823
1073741823
1073741823
1073741823
850036123
1073741823
1073741823
1073741823
1073741823
1073741823
1073741823
1073741823
1073741823
1073741823
1073741823
1073741823
1073741823
1073741823
1073741823
1073741823
1073741823
1073741823
1073741823
1073741823
1073741823
1073741823
1073741823
1073741823
1073741823
1073741823
1073741823
1073741823
1073741823
1073741823
1073741823
1073741823
1073741823
1073741823
1073741823
1073741823
1073741823
1073741823
1073741823
1073741823
1073741823
1073741823
1073741823
1073741823
1073741823
1073741823
1073741823
1073741823
1073741823
1073741823
1073741823
1073741823
1073741823
1073741823
1073741823
1073741823
1073733631
1073741823
1073741823
1073741823
1073741823
1073741823
1073741823
1073741823
1073741823
1073741823
1073741823
1073741823
1073741823
1073741823
1073741823
1073741823
1073741823
1073741823
1073741823
1073741823
1073741823
1073741823
1073741823
1073741823
1073741823
1073741823
1073741823
1073741823
1073741823
1073741823
1073741823
1073741823
1073741823
1073741823
1073741823
1073741823
1073741823
1073741823
1073741823
1073741823
1073741823
1073741823
1073741823
1056964599
1073741823
1073741823
1073741823
1073741823
1073741823
1073741823
1073741823
1073741823
1073741823
1073741823
1073741823
1006632959
1073741823
1073741823
1073741823
1073741823
1073741823
1073741823
1073741823
1073741823
1073741823
1073741823
1073741823
1073741823
1073741823
1073741823
1073741823
1073741823
1073741823
1073741823
1073741823
1073741823
1073741823
1073741823
1073741823
1073741819
1073741823
1073741823
1073741823
1073741823
1073741823
1073741823
1073741823
536870911
1073741823
1073741823
1073741823
1073741823
1073741823
1073741823
1073741823
1073741803
1073741823
1073741823
1073741823
1073741823
1073741823
1073741823
1073741823
1073741823
1073741823
1073741823
1073741823
1073741823
1073741823
1073741823
1073741823
1073741823
1073741823
1073741823
1073741823
1073741823
1073741823
1073741823
1073741823
1073741823
1073741823
1073741823
1073741823
1073741823
1073741823
1073741823
1073741823
1073741823
1073741823
1073741823
1073741823
1073741823
1073741823
1073741823
1073741823
1073741823
1073741823
1073741823
1073741823
1073741823
1073741823
1073741791
1073741823
1073741823
1006632959
1073741823
1073741823
1073741823
1073741823
1073741823
1073741823
1073741823
1073741823
1073741823
1073741823
1073741823
1073741823
1073741823
1073741823
1073741823
1073741823
1073741823
1073741823
1073741823
1073741823
1073741823
1073741823
1073741823
1073741819
1073741823
1073741823
1073741823
1073733631
1073741823
1073741823
1073741823
1073741823
1073741823
1073741823
1073741823
1073741823
1073741823
1073741823
1073741819
1073741823
1073741823
1073741823
1073741823
1073741823
1073741823
1073741823
1073741823
1073741823
1073741823
1073741823
1073741823
1073675775
1073741823
1073741823
1073741823
1073741823
1073741823
1073741823
1073741823
1073741823
1073741823
1073741823
1073741823
1073741823
1073741823
1073741823
1073741823
1073741823
1073741823
1073741823
1073741823
1073741823
1073741823
1073741823
1073741823
1073741823
1073741823
1073741823
1073741823
1073741823
1073733631
1073741823
1073741823
1073741823
1073741823
1073741823
1073741823
1073741823
1073741823
1073741823
1072414447
1073741823
1073741823
1073741823
1073741823
1073741823
1073741823
1073741823
1073741823
1073741823
1073741823
1073741823
1073741823
1073741823
1073741823
1073741823
1073741823
1073741823
1073741823
1073741823
1073741823
1073741823
1073741823
1073741823
1073741823
1073741823
1073741823
1073741823
1073741823
1073741823
1073741823
1073741823
1073741823
1073741823
1073741823
1073741823
1073741823
1073741823
1073741823
1073741823
1073741823
1073741823
1073741823
1073741823
1073741823
1073741823
1073741823
1073741823
1073741823
1073741823
1073741823
1073741823
1073741823
1073741823
1073741823
1073741823
1073741823
1073741823
1073741823
1073741823
1073741823
1073741823
1073741823
1073741823
1073741823
1073741823
1073741823
1073741823
1073741823
1073741823
1073741823
1073741823
1073733615
1073741823
1073741823
1073733631
1073741823
1073741823
1073741823
1073741823
1073741823
1073741823
1073741823
1073741823
1073741823
1073741823
1073741823
1073741823
1073741823
1073741823
1073741823
1073741823
1073741823
1073741823
1073741823
1073741823
1073741823
1006632959
1073741823
1073741823
1073741787
1073741823
1073741823
1073741823
1073741823
1073741823
1056964607
1073741823
1073741823
1073741823
1073741823
1073741823
1073741823
1065353213
1073741823
1073741823
1073741823
1073741823
1073741823
1073741823
1073741823
1073741823
1073741823
1073741823
1073741823
1073741823
1073741823
1073741823
1073741823
1073741823
1073741823
1073741823
1073741823
1073741823
1073741823
1073741823
1073741823
1073741823
1073741823
1073741823
1073741823
1073741823
1073741823
1073741823
1073741823
1073741823
1073741823
1073741823
1073741823
1073741823
1073741823
1073741823
1073741823
1073741823
1073741823
1073741823
1073741823
1073741823
1073741823
1073741823
1073741823
1073741823
1073741823
1073741823
1073741823
1073741823
1073741823
1073741823
1073741823
1073741823
1073741823
1073741823
1073741823
1073741823
1073741823
1073741823
1073741823
1073741823
1073741823
1073741823
1073741823
1073741823
1073741823
1073741823
1073741823
1073741823
1073741823
1073741823
1073741823
1073741823
1073741823
1073741823
1073741823
1073741823
1073741823
1073741823
1073741823
1073741823
1073741823
1073741823
1073741823
1073741823
1073610751
1073741823
1073741823
1073741823
1073741823
1073741823
1073741823
1073741823
1073741823
1073741823
1073741823
1073741823
1073741823
1073741823
1002438399
1073741823
1073741823
1073741823
1073741823
1073741823
1073741823
1073741823
1073741823
1073741823
1073741823
1073741823
1073741823
1073741823
1073741823
1073741823
1073741823
1073741823
1073741823
1073741823
1073741823
1073741823
1073741823
1073741823
1073741823
1073741823
1073741823
1073741823
1073741823
1073741823
1073741823
1073741823
1073741823
1073741823
1073741823
1073741823
1073741823
1073741823
1073741823
1073741823
1056964607
1073741823
1073741823
1073741823
1073741823
1073741823
1073741823
1073741823
1073741823
1073741823
1073741823
1073741823
1073741823
1073741823
1073741823
1073741823
1073741823
1073741823
1073741823
1073741823
1073741823
1073741823
1073741823
1073741823
1073741823
1073741823
1073741823
1073741823
1073741823
1073741823
1073741823
1073741823
1073741823
1073741823
1073741823
1073741823
1073741823
1073741823
1073741823
1073741823
1073741823
1073741823
1073741823
1073741823
1073741823
1073741823
1073676287
1073741823
1073741823
1073741823
1073741823
1073741823
1073741823
1073741823
1073741823
1073741823
1073741823
1040187375
1073741823
1073741823
1073741823
1073741823
1073741823
1073741823
1073741823
1073741823
1073741823
1073741823
1073741823
1073741823
1073741823
1073741823
1073741823
1073741823
1073741823
1073741823
1073741823
1073741823
1073741823
973070302
1073741823
1073741823
1073741823
1073741823
1073741823
1073741823
1073741823
1073741823
1073741823
1073741823
1073741823
1073741823
1073741823
1073741823
822047662
1073741823
1073741823
1073741823
1073741823
1073741823
1073741823
1073741823
1073741823
1073741823
1073741823
1073741823
1073741823
1073741823
1073741823
1073741823
1073741823
1073741823
1073741823
1073741823
1073741823
1073741823
1073741823
1073741823
1073741823
1073741823
1073741823
1073741823
1073741823
1073741823
1073741823
1073741823
1073741823
1073741823
1073741823
1073741823
1073741823
1073741823
1073741823
1073741823
1073741823
1073741823
1073741823
1073741823
1006632959
1073741823
1073741823
1006632959
1073741823
1073741823
1073741823
1073741823
1073741823
1073741823
1073741823
1073741823
1073741823
1073741823
1073741823
1073741823
1073741823
1073741823
1073733631
1073741823
1073741823
1073741823
1073741823
1073741823
1073741823
1073741823
1073741823
1073741823
1073741823
1073741823
1073741823
1073741823
1073741823
1073741823
1073741823
1073741823
1073741823
1073741823
1073741823
1073741823
1073741823
1073741823
1073741823
1073741823
1073741823
1073741823
1073741823
1073741823
1073741823
1073741823
1073676287
1073741823
1073741823
1073741823
1073741823
1073741823
1073741823
1073741823
1073741823
1072693247
1073741823
1073741823
1073741823
1073741823
1073741823
1073741823
1073741823
1073741823
1073741823
1073741823
1073741823
1073741823
1073741823
1073741823
1073741823
1073741823
1073741823
1073741823
1073741823
1073741823
1073741823
1073217535
1073741823
1073741823
1073741823
1073741823
1073741823
1073741823
1073741823
1073741823
1073741823
1073741823
1073741823
1073741823
1073741823
1073741823
1073741823
1073741823
1073741823
1073741823
1073741823
1073741823
1073741823
1073741823
1073741823
1073741823
1073741823
1073741823
1073741823
1073741823
1073741823
1065353215
520093695
1073741823
1073741819
1073741823
1073741823
1073741823
1073741823
1073741823
1073741823
1073741823
1073741823
1073741823
1073741823
1073741823
1073741823
1073741823
1073741823
1073741823
1073741823
1073741823
1073741823
1073741823
1073741823
1073741823
1073741823
1073741823
1073741823
1073741823
1073741823
1073741823
1073741823
1073741823
1065353205
1073741823
1073741823
1073741823
1073741823
1073741823
1073741823
1073733631
1073741791
1073741823
1073741823
1073741823
1073741823
1073741823
1073741823
1073741823
1073741823
1073741823
1073741823
1073741823
1073741823
1073741823
1073741823
1073741823
1073741823
1073741823
1073741823
1073741823
1073741823
1073741823
1073741823
1073741823
1073741823
1073741823
1073741823
1073741823
1073741823
1073741823
1073741823
1073741823
1073741823
0
1073741823
1073741823
1073741823
1073741823
1073741823
1073741823
1073741823
1073741823
1073741823
1073741823
1073741823
1073741823
1073741823
1073741823
1073741823
1073741823
1073741823
1073741823
1073741823
1073741823
1073741823
1073741823
1073741823
1073741823
1073741823
1073741823
1073741823
1073741823
1073741823
469728191
1073741823
1073741823
1073741823
1073741823
1073741823
1073741823
1073741823
1073741823
1073741823
1073741823
1073741823
1073741823
1056964607
1073741823
1073741823
1073741823
1073741823
1073741823
1073741823
1073741823
1073741823
1073741823
1073741823
1073741823
1073741823
1073741823
1073741823
1073741823
1073741823
1073741823
1073741823
1073741823
1073741823
1073741823
1073741823
1073741823
1073741823
1073741823
1073741823
1073741823
1073741823
1073741823
1073741823
1073741823
1073741823
1073741823
1073741823
1073741823
1073733631
1073741823
1073741823
1073741823
1073741823
1073741823
1073741823
1073741823
1073741823
1073741823
1073741823
1073741823
1073741823
1073741823
1073741823
1073741823
1073741823
1073741823
1073741823
1073741823
1073741823
1073741823
1073741823
1073741823
1073741823
1073741823
1073741823
1073741823
1073741823
1073741823
1073741823
1073741823
1073741823
1073741823
1073741823
1073741823
1073741823
1073741311
1073741823
1073741823
1073741823
1073741823
1073741823
1073741823
1073741823
1073741823
1073741823
1073741823
1073741823
1073741823
1073741823
1073709055
1073741823
1073741823
1073741823
1073741823
1073733631
1073741823
1073741823
1073741823
1073741823
1073741823
1073741823
1073741823
1073741823
1073741823
1073741823
1073741823
1073741821
1073741823
1073741823
1073741823
1073741823
1073741823
1073741823
1073741823
1073741823
1073741823
1073741823
1073741823
520093695
1073741823
1073741821
1073741823
1073741823
1073741823
1073741823
1073741823
1073741823
1073741823
1073741823
1073741823
1073741823
1073741823
1073741823
1073741823
1073741823
1073741823
1073741823
1073741823
1073741823
1073741823
1073741823
1073741823
1073741823
1073741823
1073741823
1073741823
1073741823
1073741807
1073741823
128486241
1073741823
1073741823
1073741823
1073741823
1073741823
1073741823
1073741823
1073741823
1073741823
1073741823
1073741823
1073741823
1073741823
1073741823
1073741823
1073741823
1073741823
1073741823
1073741823
1073741823
1073741823
1073741823
1073741823
1073741823
1073741823
1073741823
1073741823
1073741823
1073741823
1073741823
1073741823
1073741823
1073741823
1073741823
973078527
189715133
1006632959
1073741823
1073741823
1073741823
1073741823
1073741823
1073741823
1073741823
1073741823
1073741823
1073739775
1073741823
1073741823
1073741823
1073741823
1073741823
1073741823
1073741823
1073741823
1073741823
1069547519
1073741823
968753150
1073741823
1073741823
1073741823
1073741823
1073741823
1073741823
1073741823
1073741823
1073741823
1073741823
1073741791
1073741823
1073479675
1073741823
1073741823
1073741823
1073741823
1073741823
1073741823
1073741823
1073741823
1073741823
1073741823
1073739775
1073741823
1073741823
1073741823
1073741823
1073741823
1073741823
1073741823
937426943
1073741823
1073741823
1073741823
1073741823
1073741823
1073741823
1073741823
1073741823
1073741823
1073741823
1071644671
1073741823
1073741823
1073741823
1073741823
1073741823
1073741823
1073741823
1073741823
1073741823
1073741823
1073741823
1073741823
1073741823
1073741823
1073741823
1073741823
1073741823
1073741823
1073741823
1073741823
1073741823
1073741823
1073741823
1073741823
1073741823
1073741823
1073741823
1073741823
1073741823
1073741823
1073741823
1073741823
1073741823
1073741823
1073741823
1073741823
1073741823
1073741823
1073741823
1073741823
1073741823
1073741823
1073741823
1073741823
1073741823
1073741823
1073741823
1073741823
1073741823
1073741823
1073741823
1073741823
1073741823
1073741823
1073741823
1073741823
1073741823
1073741823
1073741823
1073741823
1073741823
1073741823
1073741823
1073741823
1073741823
1073741823
1073741823
1073741823
1073741823
1073741823
1073741823
1073741823
1073741823
1073741823
1073741823
1073741823
1073741823
1073741823
1073741823
1073741823
1073741823
1073741823
1073741823
1073741823
1073741823
1073741823
1073741823
1073741823
1073741823
1073741823
1073741823
1073741823
1073741823
1073741823
1073741823
1073741823
1073741823
1073741823
1073741823
1073741823
1073741823
1073741823
1073741823
1073741823
1073741823
1073741823
1073741823
1073741823
1073741823
1006632959
1073741823
1073741823
1073741823
1073741823
1073741823
1073741823
1073741823
1073741823
1073741823
1073741823
1073741823
1071644671
1073741823
1073741823
1073741823
1073741823
1073741823
1073741823
1073741823
1073741823
1073741823
1073741823
1073741823
1073741823
1073741823
1073741823
1073741823
1073741823
1073741823
1073741823
1073741823
1073741823
1073741823
1073741823
1073741823
1073741823
1073741823
1073741823
1073741823
1073741823
1073741823
1073741823
1073741823
1073741823
1073741823
1073741823
1073741823
1073741823
1073741823
1073741823
1073741823
1073741823
1073741823
1073741823
1073741823
201261053
1073741823
1073741823
1073741823
1073741823
1073741567
1073741823
1073741823
1073741823
1073741823
1073741823
1073741823
1073741823
1073741823
1073741823
1073741823
1073741823
1073741823
1073741823
1073741819
1073741823
1073741823
1073741823
1073741823
1073741823
1073741823
1073741823
1073741823
805302271
1073741823
1073741823
1073741823
1073741823
1073741823
1073741823
1073741823
1073741823
1073741823
1073741823
1073741823
1073741823
1073741823
1073741823
1073741823
1073741823
1073741823
1073741823
1073741823
1073741823
1073741823
1073741823
1073741823
1073741823
1073741823
1073741823
1073741807
1073741823
1073741823
1073741823
1073741823
1073741823
1073741823
1073741823
1073741823
1073741823
1073741823
1073741823
1073741823
1073741823
1073741823
1073741823
1073741823
1073741823
1073741823
1073741823
1073741823
1073741823
1073741823
1031405567
1073741823
1073741823
1073741823
1073741823
1073741823
1073741823
1073741823
1073741823
1073741823
1073741823
1073741823
1073741823
1073741823
1073741823
1073741823
1073741823
1073741823
1073741823
1073741823
1073741823
1073741823
1073741823
1073741823
1073741823
1073741823
1073741823
1073741823
1073741823
1073741823
1073741823
1073741823
1073741823
1073741823
1073741823
1073741823
1073741823
1073741823
1073741823
1073741823
1073741823
1073741823
1073741823
1073741823
1073741823
1073741823
1073741823
1073741823
1073741823
1073741823
1073741823
1073741823
1073741823
1073741823
1073741823
1073741823
1073741823
1073741823
1073741823
1073741823
1073741823
1073741823
1073741823
1073741823
1073741823
1073741823
1073741823
1073741823
1073741823
1073741823
1073741823
1073741823
1073741823
1073741823
1073741823
1073741823
1073741823
1073741823
1073741823
1073741823
1073741823
1073741823
1073741823
1073741823
1073741823
1073741823
1073741823
1073741823
1073741823
1073741823
1073741823
1073741823
1073741823
1073741695
1073741823
1073741823
1073741823
1073741823
1073741823
1073741823
1073741823
1073741823
1073741823
1073741823
1073741823
1073741823
1073741823
1073741823
1073741823
1073741823
1073741823
1073741823
1073741311
1073741823
1073741823
1073741823
1073741823
1073741823
1073741823
1073741823
1073741823
1073741823
1073741823
1073741823
1073741823
1072693243
1073741823
1073741823
1073741823
1073741823
1073741823
1073741823
1073741823
1073741823
1073741823
1073741823
1073741823
1073741823
1073741823
1073741823
1073741823
1073741823
1073741823
1073741823
1073741823
1073741823
1056964607
1073741823
1073741823
1073741823
1065353213
1072693247
1073741823
1073741823
1073741823
1073741823
1073741823
1073741823
1073741823
1073741823
1073741823
1073741823
1073741823
1073741823
1073741823
1073741823
1073741823
1073741823
1073741823
1073741823
1073741823
1073741823
1073741823
1073741823
1073741823
1073741823
1073741823
1073741823
1073741823
1073741823
1073741823
1073741823
1073741823
1073741823
1073741823
805301628
1073741823
1073741823
1073741823
1073741823
1073741823
1073741823
1073741823
1073741823
1073741823
1073741823
1073741823
1073741823
1073741823
1073741823
1073741823
1073741823
1073741823
1073741823
1073741823
1073741823
1073741823
1073741823
1073741823
1073741823
1073741823
1073741823
1073741823
1073741823
1073741823
1073741823
1073741823
1073741823
1073741823
1073741823
1073741823
1073741823
1073741791
1073741823
1073741823
1073741823
1073741823
1073741823
1073741823
1073741821
1073741823
1073741823
1073741823
1073741823
1073741823
1073741823
1073741823
1073741823
1073741823
1073741823
1073741823
1073741823
1073741823
1073741823
1073725419
1073741823
1073741823
1073741823
1073741823
1073741823
1073741823
1073741823
1073741823
1073741823
1073741791
1073741823
1073741823
1073741823
1073741823
1073741823
1073741823
1073741823
1073741823
1073741823
1073741823
1073741823
1073741823
1073741823
1073741823
1073741823
1073741823
1073741823
1073741823
1073741823
1073741823
1073741823
1073741823
1073741823
1073741823
1069416447
1073741823
1073741823
1073741823
1073741823
1073741823
1073741823
1073741823
1073741823
1073741823
1073741823
1073741823
1073741823
1073741823
1073741823
1073741823
1073741823
1073741823
1073741823
1073741823
1073741823
1073741823
1073741823
1073741823
1073741823
1073741823
1073741823
1073741823
1073741823
1073741823
1073741823
1073741823
1073741823
1073741823
1073741823
1073741823
1073741823
1073676287
1073741823
1073741823
1073741823
1056964607
939524091
1073741823
1073741823
1073741823
1073741823
1073741823
1073741823
1073741823
1073741823
1073741823
1073741823
1073741823
536868594
1073741823
1073741823
1073725439
1073741823
1073741823
1073741311
1073741823
1073741823
1073741823
1073741823
1073741823
1073741823
1006632959
1073741823
1073741823
1073741823
1073741823
1073741823
1073741823
1073741823
1073741823
1073741823
1073741823
1073741823
1073741823
1073741823
1073741823
1073741823
1073741823
1073741823
1073741823
1073741823
1073741823
1073741823
1073741823
1073741823
1073741823
1073741823
1073741823
1073741823
1073741823
1073741823
1073741823
125668870
1073741823
1073741823
1073741823
1073741823
1073741823
1073741823
1073741823
1073733631
1073741823
1073741823
1073741823
1073741819
1073741823
1073741823
1073741823
1073741823
1073741823
1073741823
1073741823
1073741823
1073741823
1073741823
1073741823
1073741823
1073741823
1073741823
1073741823
1073741823
1073741823
1073741823
1073741823
1073741823
1073741823
1073741823
1073741823
1073741823
1073741823
1073741823
1073741823
1073741823
1073741823
1073741823
1073741823
1073741823
1073741823
1073741823
1073741823
1073741823
1073741823
1073741823
1073741823
1073741823
1073741823
1073741823
1073741823
1073741823
1073676287
1073741823
1073741823
1073741823
1073741823
1073741823
1073741823
1073741823
1073741823
1073741823
1073741823
1073741823
1073741823
1073741823
1073741823
1073741823
1073741823
1073741823
1073741823
1073741823
1073741823
1073741823
1073741823
1073741823
1073741823
1073741823
1073741823
1073741823
1073741823
1073741823
1073741823
1073741823
1073741823
1073741823
1073741823
1073741823
1073741823
1073741823
1073741823
1073741823
1073741823
1073741823
1073741823
1073741823
1073741823
1073741823
1073741823
1073741823
1073741823
1073741823
1073741823
1073741823
1073741823
1073741823
1073741823
1073741823
1073739775
1073741823
1073741823
1073741823
1073741823
1073741823
1073741823
1073741823
1073741823
514774719
1073741823
1073741823
1073741823
1073741823
1073741823
1073741823
1073741823
1073741823
1073741823
1073741823
1073741823
1073741823
1073741823
1073741823
1073741823
536870911
1073741823
1073741823
1073741823
1073741823
1073741823
1073741823
1073741823
1073741823
1073741823
1073741823
1073741823
1073741823
1073741823
1073741823
1073741823
1073741823
1073741823
1073741823
1073741823
1073741823
1073741823
1073741823
1073741823
1073741823
1073741823
1073741823
1073741823
1073741823
1073741823
1073741823
1073741823
1073741823
1073741823
1073741823
1073741823
1073741823
1073741823
1073741823
1073741823
1073741823
1073741823
1073741823
1073741823
1073741823
1073741823
1073741823
1073741823
1073741823
1073741823
1073741823
1073741823
1073741823
1073741823
1073741823
1073741823
1073741823
1073741823
1073741823
1073741823
1073741823
1073741819
1073741823
1073741823
1056964606
1073741823
1073741823
1073741823
1073741823
1073741823
1073741823
1073741823
1073741823
1073741823
1073741823
1073741823
1073741823
1073741823
1073741823
1073741823
1073741823
1073741823
1073741823
1073741807
1073741823
1073741819
1073741823
1073741823
1073741823
1073741823
1073741823
1073741823
1073741823
1073741823
1073741823
1073741823
1073741823
1073741823
1073741823
1073741823
1073741823
1073741823
1073741823
1073741823
1073741823
1073741823
1073741823
1073741823
1073725439
1073741823
1073741823
1073741823
1073741823
1073741823
1073741823
1073741823
1073741823
1073741823
1073741823
1073741823
1073741823
1073741823
1073741823
1073741823
1073741823
1073741823
1073741823
1073741823
1073741823
1073741823
1073741823
1073741823
1073741823
1073741823
1073741823
1073741823
1073741823
1073741823
1073741823
1073741823
1073741823
1073741823
1073741823
1073741823
1073741823
1073741823
1073741823
1073741823
1073741823
1073741823
1073741823
1073741823
1073741823
1073741823
1073741823
1073741823
1073741823
1073741823
1073741823
1073741823
1073741823
1073741823
1073741823
1073741823
1073741823
1073741823
1073741823
1073741823
1073741823
1073741823
1073709055
1071644671
1073741823
1073741823
1073741823
1073741823
1073741823
1073741823
1073741823
1073741823
1073741823
1073741823
1072685055
1073741823
1073741823
1073741823
1073741823
1073741823
1073741823
1073741823
1071644159
1073741823
1073741822
1073741823
1073741823
1073741823
1073741823
1023410175
1073741823
1073741823
1073741823
1073741823
1073741823
1073741823
1073741823
1073741823
1073741823
1073741823
1073741823
1073741823
1073741823
1073741823
1073741823
1073741823
1073741823
1073741823
1073741823
1073741823
1073741823
1073741823
1073741823
1073741823
1073741823
1073741823
1073741807
1073741823
1073741823
1073741823
1073741823
1073741823
1073741823
1073741823
1073741823
1073741823
1073741823
1073741823
1073741823
1073741823
1073741823
1073741823
1073741823
1073741823
1073741823
1073741823
1073741823
1073741823
1073741823
1073741823
1073741823
1073741823
1073741823
1073741823
1073741823
1073741823
1073741823
1073741823
1073741823
1073741823
1073741823
1073741823
1073741823
1073741823
1073741823
1073741823
1073741823
1073741823
1073741823
1073741823
1073741823
1073741823
1073741823
1073741823
1073741823
1073741823
1073741823
1073741823
1073741823
1073741823
1073741823
1073741823
1073741823
1073741823
1073741823
1073741823
1073741823
1073741823
1073741823
1073741823
1073741823
1073741823
1073741823
1073741823
1073741823
1073741823
1073741823
1073741695
1073741823
1073741823
1073741823
1073741823
1073741823
1073741823
1073741823
1073741823
1073741823
1073741823
1073741823
1073741823
1073741823
1073741823
1073741823
1073741823
1073741823
1073741823
1073741823
1073741823
1073741823
1073741823
1073741823
1073741823
1073741823
1073741823
1073741823
1073741823
1073725439
1073741823
1073741823
1073741823
1073741823
1073741823
1073741823
1073741823
1073741823
1040121855
1073741823
1073741823
1073741823
1073741823
1073741823
1073741823
1073741823
1073741823
1073741823
1073741823
1073741823
1073741823
1073741823
1073741823
1073741823
1073741823
1073741823
1073741823
1073741823
1073741823
1073741823
1073741823
1073741823
1073741823
1073741823
1073741823
1073741823
1073741823
1073741823
1073741823
1073741823
1073741823
1073741823
1073741823
1073741823
1073741823
1073741823
1073741823
1073741823
1073741823
1073741823
1073741823
1073741823
1073741823
1073741823
1073725439
1073741823
1073741823
1073741823
1073741823
1073741823
1073741823
1073741823
1073741823
1073741823
1073741823
1073741823
1073741823
1073725439
1073741823
1073741823
1073741823
1073741823
1073741823
870022953
1073741823
1073741823
1073741823
1073741823
1073741823
1073741823
1073741823
1073741823
1073741823
1073741823
1073741823
1073741823
1073741823
1073741823
536870911
1073741823
1073741807
1073741823
1073741823
1073741823
1073741823
1073741823
1073741823
1073741823
1073741823
1073741823
1073741823
1073741823
1073741823
1073741823
1073741823
1073741823
1073741823
1073741823
1073741823
1073741823
1073741823
1006632895
1073741823
1073741823
1073741823
1073741823
1073741823
1073741823
1073741823
1073741823
1073741823
1073741823
1073741823
1073741823
1073741823
1073741823
1073741823
1073741823
1073741823
1073741823
1073741823
1073741823
1073741823
1073741823
1073741823
1073741823
1073741823
1073741823
1073741823
1073741823
1073741823
1073741823
1073741823
1073741823
1073741823
1073741823
1073741823
1073741823
1073741823
1073741823
1073741823
1073741823
1073741823
1073741823
1073741823
1073741823
1073741823
1073740783
1073741823
1073741823
1073741823
1073741823
1073741823
1073741823
1073741823
1073741823
1073741823
1073741823
1073741823
1073741823
1073741823
1073741823
1073741823
1073741823
1073741823
1073741823
1073741823
1073741823
1073741823
1073741823
1073725439
1073741823
1073741823
1073741823
1073741823
1073741823
1073741823
1073741823
1073741823
1073741823
1073741823
1073217535
1073741823
1073741823
1073741823
1073741823
1073741823
1073741823
1073741823
1073741823
1073741823
1073741823
1073741823
1073741823
1073741823
1073733631
1073741823
1073741311
1073741823
1073741823
1073741823
1073610751
805027066
1073741823
1073741823
1073741823
1073741823
1073741823
1073741823
1073741823
1073741823
1073741823
1073741791
1073741823
1073741823
1073741823
1073741823
1073741823
1073741823
1073741823
1073741823
1073741823
1073741823
1073741823
1073741823
1073741823
1073741823
1073741823
1073741823
1073741823
1073741823
1073741823
1073741823
1073741823
1073741823
790543341
1073741823
1073741823
1073741823
1073741823
1073740799
1073741823
1073741823
1073741823
1073741823
1073741823
1073741823
1073741823
1073741823
1073741823
1073741295
1073741823
1073741823
1073741823
1072562175
1073741823
1073741823
1073741823
1073741823
1073741823
1073741823
1073741823
1073741823
1073741823
1073741823
1073741823
1073741823
1073741823
1073741823
1073741823
1073741823
