1073741823
1073741823
536870911
1073741823
1073741823
1073741823
1073741823
1073741823
1073741823
1073741823
1073741823
1073741823
1073741823
1073741823
1073741823
1073741823
1073741823
1073741823
1071642622
1073741823
1073741823
1073741823
1073741823
1073741823
1073739775
1073741819
1073741823
1073741823
1073741567
1071644671
1073741823
1073741823
1073594367
1073741823
1073741823
931135451
1073741823
1073741823
1073741823
1073741823
1073741823
1073741823
1073741823
1073741823
1073741823
1062993903
1073741823
1073741823
1073741823
1073741823
1073741823
1073741823
1073741823
1073741823
1073741823
1073741823
1073741823
1073741823
1073741823
1073741823
1073741823
1073741823
1073741823
1073741823
1073741823
1073741823
1073643518
1073741823
1073741823
1073741823
1073741822
1073741823
1073741823
1073741823
1073741823
1073741823
1073741823
1073741823
1073741823
1073741823
1073741823
1073741823
1073741823
1073741823
503308271
1073741823
1073741823
536870879
1073741823
1073740799
1073741823
1073741823
1073741823
800817151
1073741823
1073741823
1073741823
1073741823
1073741823
1073741823
1073741823
1073741823
1073741815
1073741823
1073741791
1073741823
1073741823
1073741823
1073707647
1073741815
1073741823
1073741823
1073741823
1073741567
1073741823
1006632959
1073741823
1073741823
1073741823
1073741823
1073741823
1073709055
1073741823
1073741823
1073741823
1073741823
1073741823
1065353215
1073741823
1073741823
1073741823
1073741823
1073741823
1073741823
1073741823
1073741823
1073741823
1073741823
1073741823
1073741823
1069545467
1073741823
1073741823
1073741823
1073741823
1073741823
1073741823
1073741823
1073741823
1065353213
939524095
1073741823
1073741823
1073741823
1073741823
1073741823
1073737215
1073741823
1073741823
1073741823
1073741823
1073741823
1073741567
1073741823
1073741823
1073741823
1073741823
1073741823
1073741823
1073741823
1073741823
1073741823
1073741823
1073741823
1073741823
1073741823
1073741823
1073741823
1065352702
1073741823
805301983
1056964607
1073741823
1073741823
1073741823
1073741823
1073741823
1073741823
1073741823
1073741823
1073741823
1073741823
1073741823
1073741823
1073741823
1073741823
1073741823
1073741823
1073741823
1073741823
1073741823
1073741823
1073741823
1073741823
1073741823
1073741823
1073741823
1073741823
1073741823
1073741823
1073741823
1073741823
1073741823
1073741823
1073741823
1073741823
1073741823
1073741823
1000341233
1073741823
1073741823
1073741823
1073741823
1073741823
1073741823
1073741823
1073741823
1073741823
1073741823
1073741823
1073741823
1073741823
1073741311
1073741823
1073741823
1073741823
1073741823
1073741823
1073741823
1073741823
1073741823
1073741823
1073741823
1073741823
1073741823
1073741823
536870911
1073741823
1073741823
1073741823
1073741823
1073741823
1073741823
1073741823
1073741823
1073741823
1073741823
1073741823
1073741823
535819963
1073741823
1073741823
1073741823
1073741823
1073741823
1073741823
1073741823
1073479679
1073741823
1073741823
1073741823
1073741823
1073741823
1073741823
1073741823
1073741823
1073741823
1073741823
1073479679
930807805
1073741823
1073741823
1073741823
1073741823
1073741823
1073741823
1073741823
1073741823
1073741823
1073741823
1073741823
1073741822
1073741823
1073741823
1073741823
1073741823
805306367
1073741823
1073741823
1073741823
1073741823
1073741823
1073741823
1073741823
1073741823
1073741823
1073741823
1073741823
1073741823
1073741822
1073741823
1073741823
1073741823
1073741823
1073741823
1073741823
1073741823
535822079
1038090223
1073741823
1073741823
1073741823
1073741823
1073741823
1073741823
1073741823
1073741823
1073741823
1073741823
1073741823
1073741823
536730623
1073741823
1073741823
536870911
1073741823
1073741823
1073741823
1073741823
1073741823
1073741823
1073741823
1073741823
1073741823
1073741823
1073741823
1073741823
1073741823
1073741823
1073741823
1073741823
1073741823
1073741823
805306367
1073741823
1073739775
1073741823
1073741823
1073741823
1073741823
1073741823
1073741823
1073741823
1073741823
1073741823
1073741823
1073741823
1073741823
1073741823
535822335
1073739743
1073741823
536870911
1073741823
1073741823
1073741823
1073741823
1073741823
1073741823
1073741823
1073741823
1073741823
1073741823
1073741823
1073741823
1073741823
1073741823
1073741823
1073741823
1073741823
1073741823
886513122
1073741823
1073737727
1073741823
1073741823
1073741823
1073741823
1073741823
1073741311
1073741823
1073741823
1073741823
1073741823
1073741823
1073741823
1073741823
1073741823
1073741823
1073741823
805174911
1073741823
1073741823
1073741823
1073741823
805306367
1073741823
1073741823
1073741823
1073741823
1073741823
1073741823
1073741823
1073741823
1073741823
1073741823
1073741823
1073741823
1073741823
1073741823
1073741823
1073741823
1073741823
1073741823
1073741823
535822079
1073709055
1073741823
1073741823
1073741823
1073741823
1073741823
1073741823
534732796
1073741823
1073741823
1073741823
1073741823
1073741823
1073741823
1073741791
1006632431
1073741823
1073741823
1073741823
1073741823
1073741823
1073741823
1073741823
1073347583
1073741823
1073741823
1073741823
1073741823
1073741823
1073741823
1073741823
1073741823
1073741823
0
1073741567
1073741823
1073741823
1073741823
461365211
1073741823
1073741823
1073741823
1073741823
1073741823
1073741823
1073741823
1073741823
1073741823
1073741823
1073741823
1073741823
1073741823
1073217534
1073741823
1073741823
1073741823
1073741823
1073741823
1071611871
1073741823
1073741823
1073741823
1073741823
1073741823
1073741823
1073741823
803143663
1073739771
1073741823
1073741811
1073741823
1073741823
808875855
1073741823
1073741823
1073741823
1073741823
1073741823
1073741823
939524095
1073741823
1073741823
1073741823
1073741823
1073741823
1073741823
1073741823
1073741823
1006632831
536870910
1073741823
1073741823
1073741823
938999807
1073741823
1073741823
1073741823
1073741823
1073734649
1073741823
1073741815
805306367
1073741823
1073741823
1073741823
1073741823
1073741311
939524095
1073741823
511902114
1073741823
1073741823
805166777
1073741823
1073741823
1073741823
1073741823
1073741823
1073741823
1073741823
1073725439
1073741823
1073741823
1073741823
1073741823
1073741823
1073741823
1073741823
1073741823
1073479679
536870911
1073741823
1073741823
1073741823
1073741823
1073741823
1073741823
1073741823
1073741823
1073741823
1073741823
1073741823
1073741823
1073741823
1073741823
1073741823
1073741823
939524095
536870911
1073741822
1073741823
1073741823
1073741823
1073741823
1073741823
1073741823
1073741823
1073741823
1073741823
1073741823
1073741823
1073741791
1073741823
1073741823
1073741823
1073741823
1073741823
1073741823
1073741823
1073741823
1073741823
1073741823
804224767
536870911
1073741533
1073741822
1073741823
1073741823
1073741823
1073741823
1073741823
1073692639
1073478655
1073741823
1073741823
1073741823
1073741823
1073741823
1073741823
1073741823
1073741823
1073741823
1073741823
1073741823
1073741823
805306367
1073741823
1073741823
1073741823
1073741823
1073741823
1073741807
1073741823
1073741823
1073741823
1073741823
1073741823
1073741823
304304313
1073741823
1073741823
1073741819
1006632955
1073741823
1073741823
1073741823
1073741823
1073741823
1073741823
1073741823
1073741823
622030823
1073741823
1073741823
1073741823
1073741822
1073741823
1073741823
1073741823
1073741823
1073741823
1073741823
1073741823
1073741823
1073741823
1073741823
1073741823
1073741791
1073741823
1073741823
1073741823
1073741823
1073741823
1073741823
1073741823
1073741823
1073741823
1073741823
1073741823
1073741823
1073741823
1073741823
1073741823
1073741823
1073741823
1073741823
1073741823
1073741823
1073741823
1073741695
28195728
1073741823
1073741823
536870911
1073741823
1073741823
1073741823
1073741823
1065353213
1073725439
1073739775
1073741823
1073741823
1073741823
1073741823
1073741790
1073741823
939524095
1073741567
1073741823
1073741823
1073741823
1073741823
1073741823
1073741823
939524095
1073741823
1073741823
1073741823
1073741823
1073737727
805305055
1073741823
1073741823
1073741823
1073741823
1073676287
1073741823
1073741823
1073741823
1073741823
1073741823
1073741823
1073741823
1040187391
1073741823
1073741823
1073741823
1073741823
1073741823
1073741823
1073741823
1073741823
1073741823
1073741823
1073741823
1073741823
1073741823
1073741823
1073741823
1073741823
1073741823
1073741823
1073736699
1073741823
1073741823
1073741823
1073741822
1073741823
1073741823
1073741823
1073741823
1073741823
805306367
1002437438
1073741823
1073741815
1073741823
1073741823
1073741823
1073741823
1073741823
1073741823
1073741823
1073741823
1073741823
1073741823
1073741823
1073741823
1073741823
1073741823
1073741823
1073741823
536870911
1073741823
64862135
1073741823
1073741823
1073741823
1073741823
805306367
1073741823
1073741823
1073741823
1073725439
1065353215
1073741823
1073741823
1073741823
1073741823
1073479423
1073741823
1073741823
1073741823
1073741823
1073741311
1065287549
536870911
1073741823
1073741823
1073741823
1073741823
1073741823
1073741823
1073741823
1073741823
1073741823
1073741823
805306367
1073741823
1073741823
1073741823
1073741823
1073741823
1073741823
1073741823
1073741823
804781759
1073741823
1073741823
1073741823
1073741823
794928423
1073741823
1073741823
536870911
330282363
1073741823
1073741823
1073741823
536189951
1073741823
1073741823
805306367
1073741823
1073741823
1073741823
1073741823
1073741823
1073741823
1073217535
1073741823
1073741823
1073479679
1073741823
1073741823
1073741823
536870911
1073741823
1073741823
1073741823
1073741823
1073741823
1073741823
1073741823
1073741823
1073741823
1073741822
1073741823
1073741823
1073741823
1073741823
1073741823
1073741823
1073741823
1073741823
1073741823
1073741823
1073741823
1073741823
1073741823
1073741823
1073741823
1073741823
1073741823
1073741823
1073741823
1073741823
1073741823
1073741822
1073741807
1073741823
1073741823
1073741823
1073741823
1073741823
1073741823
1073741823
1073741823
1073741823
1073741823
536805375
1073741823
1073741823
1073741823
1073741823
1073741823
1065353215
1073741823
1069547519
1073741823
1073741823
1073651239
1073741823
1073741823
1073741823
