1073741823
1073741823
1073741823
1073741823
1073741823
1073741823
1073741823
1073741823
1073741823
1073741823
1073741807
1073741823
1073741823
1073741823
1073741823
1073741823
1073737727
1073741823
1073741823
1073741823
1073741823
1073741807
1073741823
1073739775
249896883
1073741823
1073741823
1073741823
1073741823
1073741823
1073741823
1073741823
1073741823
1073217535
1073706991
1073741823
1073741823
1073741823
1069543423
1073741823
1073741823
1073741823
1073741823
1073741823
1073725439
805306367
1073741759
1073741823
1006632959
1073741823
1056960511
1056964607
1073741823
1073741823
1073741823
402653183
402653183
805304315
1040055807
1073741823
1073741807
1073741823
1073741823
1006632959
1073741823
1071644671
1073741823
1073741823
1073741823
1073741823
1073741823
1073741823
1073741807
1073741791
1073741823
1073741823
1073741823
1073741823
1073741823
1073741823
1073741823
1031798783
1073741823
267780087
1073741823
1073709039
1073741823
1073741823
1073741807
1073741823
1073741823
1073741823
1073741823
1073741823
1073741823
1073741823
1073741823
1073741823
1073741823
1073741823
1073741823
1073741823
1073741823
1073741823
1073741823
1073741823
1073741823
1073741823
1073741823
1073741823
1073741823
1073741823
1073741807
1073741823
1073740789
1073741823
1073741823
1073741823
1073741823
1073741823
1073741823
1056964607
1073741807
1073741823
1073217535
1073741823
1073741823
1073741823
1040187391
1073741823
939524095
1073741823
1073741823
1073741823
1073741823
1073741823
1073741823
1073741807
1073741823
1073741823
1073741823
1073741815
1073741823
1073741823
1073741823
536739765
1073741823
1073740799
1065353215
1073741807
536608751
1073608703
1073741823
1069547519
1073741823
1073741823
838845175
1073741823
1073741823
536739066
1073741823
1073741823
1073741823
1073741823
1073741823
1073217535
1073741823
805306367
1073741823
1073741823
1038090223
1073741807
1073741807
1073741815
1073741823
1073741823
1073741823
1073217535
1073741807
1073741823
1073741823
1073741823
1073741823
1073741823
1073737727
1073741823
1073741823
1073741823
1073741823
1073212927
1073741823
1073741823
939507710
400556031
1073741819
1073741823
1073737727
1073741823
1073741823
1073741823
799014907
1073741823
1073217535
1073741823
1067417397
1073741823
1073741823
1073741823
536870911
1073741823
1073741823
1073741823
1073741823
1073741823
1073741823
1073741823
1073739775
1073741823
1073741823
1056964591
1073741823
1073741823
1073741823
1073741823
1073741823
1073741823
1073217517
1073741807
1073741823
1073741823
1073741823
1056964607
1073741823
536346110
1073741823
1073741823
1073741823
1073741823
1073741823
1073741823
1073741823
1073741823
1073741823
1073741823
1073741823
1073741823
1040187391
1073741823
1073741823
1073741823
1073741823
1073217535
1073217535
1073741823
1073741823
1073741823
1069546875
1073741823
402653183
1073741823
1073741823
1073741823
1073741823
1068489726
1073725438
1073741823
1073741823
1073741823
1073741823
1073741823
1073741823
1073741823
1073741807
1073217535
1073741823
1073741823
1073741823
1073741823
0
1073479167
1073741823
1073741823
1073741823
1073741823
1073741823
1073741823
1073610751
1073741823
1073741823
1073741823
1073201151
1073741823
1073741823
1073217535
1056962559
1073741823
1073741823
1073741823
1073741823
1073741823
1073741823
804782063
1073741823
1073741823
1073741823
1073741823
1073741823
1004535547
1040182639
515334111
1073741823
1073217535
973076479
