1073741823
1073741823
1073741823
1073741823
1073741823
1073741823
1073741823
1065353215
1073610751
1073741567
1073741823
1073741823
973078495
1073741823
1073741823
1073741823
1073741823
1073741823
1073741815
1073741823
1073741823
1073479679
1073577983
1073741823
1073479679
1073741823
1073741823
1073741823
1073676287
1073741823
1073741823
1073741823
1073741823
1073741823
1073741823
1073741823
1073741823
1073741823
1073741823
1073741823
1073741823
1073741823
1073741823
1073741823
1073741823
1073741823
1073741823
1073741823
1073741823
1069547519
1073741823
1073676287
1073741823
1073741823
1073741823
1073741823
536870911
1056964607
1072676861
1073741823
1073741823
1073698811
1073741823
1073741823
1073741823
1073741823
805306367
1073741823
1073741823
1073741823
1065353215
1073741823
1073741823
1073676287
1073741823
1073741823
536870903
1073709055
1073741823
535822335
1073741823
1073741823
1073741823
1073741823
1073741823
1073741823
1073741823
1073741823
1073741823
1073741823
1073741823
1073741823
1073741823
1073741823
1073741823
1073741815
1073741823
1065353215
1073741823
1065025534
1073741823
1073741823
536870847
1073741823
1073741823
1073741823
1073479679
1073741823
1073741823
1073741823
1073741823
1073741823
1073741823
1073741823
1073741823
125551975
1073741823
1073741823
1073741823
1073741823
1073741823
1073741823
1073741823
1073741823
1073741823
1073741823
1073741823
1073741823
1073741823
1073741823
402653183
1073741551
1073741823
1073741823
1073741823
1073741823
1073741823
1073741823
1073741823
1073741823
1073741823
1073741823
1073741823
1073741823
1071906543
1072676863
1073741823
1073741823
1073741823
1073741823
1073741823
1073741823
1073741823
1073741823
1056964607
1073741823
939524095
1073741823
1073741311
1073741823
1073741823
1073741823
1073741823
1073741823
1073741823
1040187391
1073741823
1073741823
1073741823
939524094
1073741823
1073741823
1073741823
1073741823
1073741823
1073741823
1073741823
1073741823
1073741823
1073741823
1073741823
1073741823
1073741823
1073741823
1073676287
1073741823
1073741823
1073741823
528416255
1073741823
1073741823
1073741823
1073741823
1073741823
1073741823
1073741823
1073741819
1073741823
939523071
1073741823
1073741823
1073741823
1073741823
1073741823
1073741823
1073741823
1073741823
1073741695
1073741823
1073741823
1073741823
788398237
1073741823
1073741823
1073741823
872251135
1073676287
1073741823
1073741823
939524095
1073741823
1073741823
1073741823
1073741823
1073741823
1073741823
536870911
960359933
1073741823
536869886
1073741823
1073741823
1073741823
1073741823
1073733375
1073741823
536870911
1073741823
771747835
1073740799
1073741823
1073741823
1073741823
1073741823
1073741823
1073741823
1073741823
939524095
1073741823
1073741823
1073741823
1073741823
1073741823
1073741823
1073741823
1073741823
1073741823
1073741823
1073741823
1073741823
1073741823
1073741823
1073741823
1073741823
1073741759
1073741823
1073741695
1072693247
1073741823
1073741823
1073741823
1073741311
1073741823
536870911
1073741807
1073741823
1073741823
1073741823
1073741823
1073741823
1073741823
1073741823
1073741823
1073741823
1073741823
1073741823
1073741823
1073741823
1073741823
1073741823
1073741823
1073741823
1073741823
1073741823
1073741823
1073741823
1073741823
1073741823
1073741823
536870655
1073741823
1073741823
1073741823
1061158911
1073741823
805306367
1073741823
1073741823
1073741823
1073741823
1073741823
1073741823
1073741823
738160219
1073741823
1073741823
1073741823
1073741823
1073741823
1073741823
1073741823
939524095
1073741823
1073733631
1073741823
1073741823
1073741823
1073741823
1073741823
1073741823
1073741823
1073741823
1073741823
1073741823
1073741823
1073741823
1073741823
1073741823
1073741823
939524095
1073741823
1006370813
1073741823
1073741823
1073741823
1073741823
1073741823
1073741823
1073741823
1073741823
1073741823
536870911
1073741823
1073741823
1073741823
1073741823
1073741823
939524095
1065353215
1073741823
1073741823
536215551
1073741823
1073741823
1073725439
1073741823
1073741823
1073741823
1073741823
397933135
1073741823
1073741823
1073741823
1073741823
1073741823
1073741823
1073741823
1006370815
1073741823
1073741823
1073741815
1073741823
1073741823
1073741823
1073741823
1073741823
1073741823
1073741823
1073741823
1073741823
1073741695
1073741823
1073741823
1073741823
1073741823
1073741823
1073741823
1073741823
1073741823
1073741823
1073741823
1073741823
1073741823
267911159
1073741823
1073741823
1073741823
1073741823
1073741823
1073741823
1073741823
1073741815
1073741823
1073741823
1073741823
1073741823
1073741823
1073741823
1073741695
1073741823
1073741823
1073741823
1073741823
1073741823
1073741823
1073741823
1073741823
1073741823
1073741823
1073741823
1073741823
1073741823
1073741823
1073741823
1073741823
1073741823
1073741823
1073741823
1073741823
939524095
1073676255
1073741823
1073741823
1073741823
1073741823
1073741823
1073741823
1073741823
1073741823
1073741823
1073741823
1073741823
1073676287
1006402810
0
1073741823
1073741823
1073741823
1073741823
1073741823
1073741823
1073741823
1069546494
1073741823
1073741823
939524095
1073741823
1073741823
1073741823
1073741823
1073741823
1073741823
1073741823
939523839
1073741823
1069539327
1073741823
1073741311
1073741823
1073741823
1073741823
1069547519
1073741823
1073741823
1006632959
1073741823
1073741822
1073733631
1073741823
1073741823
1073741823
1073741823
1073741823
1073741823
1073479679
1073741823
1073741823
1073741823
1073741823
1073741823
1073741815
1073741823
1073741823
1073741823
1073741823
1073741823
1073741823
1073741823
1073741823
1073741823
1073741823
1073741823
1073741823
1073741823
1073741695
1073741823
1073741823
1073741823
1073741823
1073741823
1073741823
1073741823
1073741823
1073741823
1073741823
536870911
939524095
1073741823
805306335
1073741823
1073741823
1073741823
1073741823
1073741823
1073741823
1039138811
1073741823
1073741823
1073741823
1073741823
1073741823
1073741823
1073741823
1073741823
1073741823
1073741823
1073741791
536870911
1073741823
1073741823
1073741823
1073741823
467656703
1073741823
935255806
1073741695
1073741823
1073741823
1073741823
1073741823
1073741823
1073741823
1073741823
1073741823
1073741823
1073741823
1073741823
1073741823
1073741823
1073733631
1073741823
1073741311
1073724926
1073184767
1073741823
1073741823
1073741823
1073741822
