1073741823
1073741823
1073741823
1073741823
1073741823
1073741823
1073741823
1073741815
1073741823
1073741823
1073741823
1073741759
1004535807
1073741823
1073741823
1073741823
1073741823
1073741823
1073741823
1073741822
671080127
1073741823
1073741823
1040187391
1073741823
1040187391
1073741823
1073741823
1073741823
1073741823
1073741823
1073741823
1073741823
1073741823
1073741823
1073741823
1073741823
1073741823
1073741823
1073741823
1073741823
1073741823
1073741823
1073741823
1073741823
1073741823
1073741823
1073741823
1073741823
1073741823
1073741823
1073741823
1073741823
1073741823
1073741823
1073741823
1073741823
1073741823
1073741823
1073741823
1073741823
1073741823
1073741823
1073741823
1073717246
1073741559
1073741823
1073741823
1073479167
1073741815
1073741823
1073741823
1073741823
1073741823
1073741823
1073741823
302494739
1073741823
1073741823
1073741823
805304253
1073475582
1073741823
1073741823
1073741823
536854383
1073741823
1073741823
854499003
1073741823
1073741823
1073741823
1073741823
1073741823
1073741823
1071644671
1073741823
1073741823
1073741823
1073741823
671088639
1073741823
1073741823
1073741823
1073741823
1073741823
1073741822
1073741823
1069547519
1073741823
1073741823
1073741823
1073217535
1073741823
1073741823
1073741815
1073741823
1073741823
1073741823
1073741823
1073741823
1073741823
1073741819
1073741823
1073741823
804761591
1073741823
1073741823
1073741823
1073741823
1073741823
1073741823
1073741823
1073741823
1073741823
1073741823
1073741823
1072693247
1073741823
1073741823
1073741823
1073741823
1073733631
1073741823
1073741823
1073741823
1073741823
1073741823
1073741823
1073741823
1073741823
1073741823
1073741823
1073741823
1073741823
1073741823
1073741823
1073741823
1073741823
1073741823
1073741823
1073741823
1073741823
1073741823
805306367
1073740671
1073741823
1073741823
1073741823
1073741823
1073741823
989855741
1073741823
1073741823
1073741823
1073741823
1073741823
1073741823
1073741823
1073741823
1073741823
1073741823
616561919
1073741567
1073741823
939524095
1073741823
1073740799
1073741823
1073721333
1073741823
805304183
1065353215
1073741823
805306367
1073217535
268025787
1073741823
1073741823
1073741823
1073741823
1073741823
1073741823
1073741823
1073741823
1073741823
1073741823
1073741823
1073741823
1073741823
1040183295
1073741823
1073741821
1073741823
1073741823
1073741823
1073741823
1073741823
1073741815
1073741823
1073741823
1073741823
1073741823
1073741823
1073741823
1073741823
1073741807
1073741823
1069547519
1073740799
1073741819
805306367
1073741823
1073741823
1073741823
1073741823
1073741823
805306359
1073741823
1073741823
1073741823
1073741823
1073741823
1073741823
1073741823
1073741567
1073741823
1073741823
1073741823
1073741823
1073741823
0
1073741823
1073741823
1073741823
1073741815
1073741823
1073741823
1073741823
1073741823
1073741439
1073741823
1073741823
1073741823
1073741823
1073741823
1073741823
1073741823
1073741823
1073741823
633061175
1073741823
1073741823
1073741823
1073741823
1073741823
1073741823
1073741823
1073610751
1073741823
1073741823
1073741823
1073741823
6023231
1073741823
1073741823
995884991
1073741823
1073741823
1073741823
1073741823
1073741815
805306367
1073741822
1073741823
805306367
1073741823
1073741695
1073741823
1073741823
1073741823
1073741823
1073741823
1073741823
1073741823
1073741823
1073741823
1073741823
1073741823
1073741823
1073741823
1073741823
1073741823
1073741823
1073741823
1073741823
1073479678
1073741439
1073741823
1073741695
1073741823
1073741823
1073741823
1073741823
1073741823
1073741823
1073725439
1073709055
1073741823
1073741823
1073741823
1073741823
1073741823
1073741823
1073741823
1073741823
1073741823
1073741823
1073741823
1073741823
1073741823
1073741823
1073741823
1073741823
1073741823
1073741823
939519999
1073217407
1073741823
1073741823
1073741823
1073724415
1073741823
1073741823
1073741823
1073741823
1073741823
1073741823
1073741823
1073741823
1073741823
1073741823
1073741823
1073741823
1073741823
1073741823
1073741823
1073741823
1073741823
536870911
1073741823
1073741823
1073741823
1073741823
905967357
1073741823
1073741823
1073741823
804255103
1073741823
1073741823
1073217279
1073741823
1073741823
1073741823
1073741823
1073741823
1073741823
453702912
1073741823
1073741823
1073741807
831389161
1073741823
1073741823
1073741823
1073741823
1073741823
1073741823
1073741823
1073741823
1073741823
1073741823
1073741823
1073741501
