843
12 0
12 9970
16 9970
16 13
22 13
22 9965
23 9965
23 46
61 46
61 52
63 52
63 9944
79 9944
79 61
128 61
128 9929
132 9929
132 86
137 86
137 9948
9979 9948
9979 9964
153 9964
153 98
178 98
178 9790
190 9790
190 9786
194 9786
194 141
241 141
241 9767
313 9767
313 192
316 192
316 9738
344 9738
344 262
350 262
350 9727
351 9727
351 9707
369 9707
369 272
375 272
375 9666
379 9666
379 287
394 287
394 9657
406 9657
406 369
407 369
407 9611
420 9611
420 379
423 379
423 9590
447 9590
447 463
448 463
448 9500
483 9500
483 524
489 524
489 545
518 545
518 551
549 551
549 9732
9830 9732
9830 9464
551 9464
551 578
563 578
563 9441
570 9441
570 588
572 588
572 9419
587 9419
587 616
9921 616
9921 70
595 70
595 9394
606 9394
606 9368
649 9368
649 643
650 643
650 678
656 678
656 9658
9765 9658
9765 690
697 690
697 9332
699 9332
699 726
764 726
764 752
798 752
798 9235
799 9235
799 9163
830 9163
830 772
831 772
831 9156
842 9156
842 818
844 818
844 852
883 852
883 9149
9925 9149
9925 9922
909 9922
909 9130
915 9130
915 899
918 899
918 907
962 907
962 9048
9915 9048
9915 9841
1037 9841
1037 934
1070 934
1070 9012
1073 9012
1073 954
1090 954
1090 9412
9496 9412
9496 8950
1116 8950
1116 985
9762 985
9762 306
1122 306
1122 1001
1135 1001
1135 8887
9859 8887
9859 9765
1145 9765
1145 8783
1160 8783
1160 1076
1169 1076
1169 1097
1173 1097
1173 8736
9907 8736
9907 9810
1201 9810
1201 8715
1208 8715
1208 967
9341 967
9341 764
1221 764
1221 8704
1226 8704
1226 750
9359 750
9359 1221
1257 1221
1257 8696
8878 8696
8878 8952
9021 8952
9021 8687
1274 8687
1274 1253
9460 1253
9460 635
1289 635
1289 8673
1296 8673
1296 875
9396 875
9396 695
1308 695
1308 1365
1344 1365
1344 9251
9353 9251
9353 1397
1349 1397
1349 1417
1415 1417
1415 8551
1452 8551
1452 8527
1455 8527
1455 1516
1475 1516
1475 1530
1476 1530
1476 8518
1488 8518
1488 8509
1501 8509
1501 1596
1539 1596
1539 1581
1523 1581
1523 8433
1538 8433
1538 1653
1558 1653
1558 8374
8631 8374
8631 9617
10001 9617
10001 9977
1577 9977
1577 8364
1579 8364
1579 1661
1624 1661
1624 1672
1629 1672
1629 9045
9956 9045
9956 9934
1647 9934
1647 8310
1649 8310
1649 1367
8799 1367
8799 8309
1666 8309
1666 1725
9582 1725
9582 549
1694 549
1694 8257
1804 8257
1804 1825
8720 1825
8720 365
9702 365
9702 1764
1775 1764
1775 1819
1811 1819
1811 9058
9144 9058
9144 1832
1814 1832
1814 1911
1890 1911
1890 8123
8285 8123
8285 8176
1903 8176
1903 8102
1904 8102
1904 225
9950 225
9950 67
1972 67
1972 8099
1975 8099
1975 2033
1993 2033
1993 8075
1997 8075
1997 2048
2049 2048
2049 2077
2064 2077
2064 8002
2085 8002
2085 7991
2097 7991
2097 2203
2098 2203
2098 2211
2139 2211
2139 2289
2189 2289
2189 9496
9587 9496
9587 2303
2177 2303
2177 2343
2244 2343
2244 7953
7952 7953
7952 7876
2191 7876
2191 2325
8269 2325
8269 1822
8628 1822
8628 1552
8630 1552
8630 2355
2256 2355
2256 7828
8944 7828
8944 8787
2262 8787
2262 2364
2340 2364
2340 8001
8794 8001
8794 9487
9811 9487
9811 9706
2272 9706
2272 7757
2337 7757
2337 2341
8405 2341
8405 1414
8810 1414
8810 1252
9826 1252
9826 264
2349 264
2349 2484
2360 2484
2360 8631
8819 8631
8819 2503
2371 2503
2371 7647
8865 7647
8865 8692
2399 8692
2399 2514
2452 2514
2452 7547
2517 7547
2517 2595
2595 2595
2595 2721
2607 2721
2607 8019
8216 8019
8216 8479
9019 8479
9019 8925
2550 8925
2550 2637
2582 2637
2582 7509
7596 7509
7596 8313
8446 8313
8446 8325
2631 8325
2631 7402
2673 7402
2673 7368
2780 7368
2780 2882
2676 2882
2676 2762
2684 2762
2684 2873
2793 2873
2793 8242
8350 8242
8350 7301
2784 7301
2784 2898
9013 2898
9013 604
9498 604
9498 2904
2817 2904
2817 2997
2885 2997
2885 7370
7458 7370
7458 7465
7866 7465
7866 9454
9526 9454
9526 7206
2832 7206
2832 3040
7954 3040
7954 1818
9905 1818
9905 94
2886 94
2886 3053
2934 3053
2934 3153
2967 3153
2967 7327
7833 7327
7833 7729
2968 7729
2968 3162
3008 3162
3008 7019
8544 7019
8544 8731
8904 8731
8904 3186
2990 3186
2990 7032
7203 7032
7203 7669
8506 7669
8506 8372
3040 8372
3040 7006
3162 7006
3162 6890
3221 6890
3221 1981
8254 1981
8254 3284
3173 3284
3173 6840
7131 6840
7131 7101
8137 7101
8137 9505
9845 9505
9845 9750
3211 9750
3211 3309
3216 3309
3216 6877
3223 6877
3223 6852
3386 6852
3386 2070
8094 2070
8094 3434
3317 3434
3317 3454
3357 3454
3357 7361
9468 7361
9468 9371
3388 9371
3388 6817
3459 6817
3459 3216
8014 3216
8014 589
9503 589
9503 6749
3483 6749
3483 3514
7412 3514
7412 2497
7763 2497
7763 3492
3487 3492
3487 6696
3515 6696
3515 6675
3528 6675
3528 6630
3606 6630
3606 3649
7289 3649
7289 2876
7923 2876
7923 1071
8935 1071
8935 3550
3571 3550
3571 6656
7285 6656
7285 7403
8092 7403
8092 8194
8343 8194
8343 3612
3588 3612
3588 6567
3640 6567
3640 6558
3659 6558
3659 6523
3736 6523
3736 2994
7548 2994
7548 2510
7678 2510
7678 6472
3743 6472
3743 6467
3811 6467
3811 6419
3882 6419
3882 2869
7648 2869
7648 2367
7935 2367
7935 892
9166 892
9166 3728
3744 3728
3744 3736
3770 3736
3770 6823
6975 6823
6975 6457
3768 6457
3768 3799
7297 3799
7297 2594
8112 2594
8112 464
9635 464
9635 3819
3812 3819
3812 6350
7014 6350
7014 6970
7341 6970
7341 7980
8842 7980
8842 9793
9896 9793
9896 6330
3916 6330
3916 6309
3950 6309
3950 4007
6656 4007
6656 3225
7599 3225
7599 2418
8351 2418
8351 1580
8612 1580
8612 3927
3919 3927
3919 3956
3948 3956
3948 6229
6289 6229
6289 6443
6623 6443
6623 6677
6981 6677
6981 6839
4030 6839
4030 6182
4050 6182
4050 4098
6321 4098
6321 3886
6702 3886
6702 3494
8037 3494
8037 2129
4063 2129
4063 6127
4120 6127
4120 4111
7093 4111
7093 3160
7567 3160
7567 1532
8701 1532
8701 6088
4126 6088
4126 5934
4383 5934
4383 4382
5963 4382
5963 4239
6385 4239
6385 2393
8845 2393
8845 1044
8990 1044
8990 6058
4133 6058
4133 5983
4157 5983
4157 3646
6823 3646
6823 1666
8940 1666
8940 125
9892 125
9892 4174
4146 4174
4146 4212
4276 4212
4276 6415
7293 6415
7293 7200
4271 7200
4271 4223
4287 4223
4287 4334
4385 4334
4385 5723
6065 5723
6065 6028
6439 6028
6439 6358
6495 6358
6495 6471
6951 6471
6951 7020
7854 7020
7854 7756
4294 7756
4294 5781
4324 5781
4324 5747
4411 5747
4411 3631
7018 3631
7018 2754
8772 2754
8772 777
9479 777
9479 577
9559 577
9559 282
9790 282
9790 5654
4420 5654
4420 4449
6339 4449
6339 3285
7089 3285
7089 5635
4433 5635
4433 4426
5992 4426
5992 3155
7821 3155
7821 2218
9854 2218
9854 176
4486 176
4486 5591
4569 5591
4569 5493
4588 5493
4588 4181
6152 4181
6152 3472
7224 3472
7224 909
9146 909
9146 4483
4508 4483
4508 5565
6704 5565
6704 7940
9078 7940
9078 9019
4598 9019
4598 5432
4600 5432
4600 4338
6398 4338
6398 3302
7746 3302
7746 1729
8382 1729
8382 5342
4626 5342
4626 4601
6049 4601
6049 4190
6193 4190
6193 4001
6434 4001
6434 3731
6986 3731
6986 2909
8073 2909
8073 2112
4658 2112
4658 5296
4669 5296
4669 4606
5786 4606
5786 4485
6245 4485
6245 3715
7201 3715
7201 3118
4659 3118
4659 4655
4857 4655
4857 5245
5627 5245
5627 5563
6157 5563
6157 6453
6795 6453
6795 7262
9271 7262
9271 9468
9877 9468
9877 9785
4688 9785
4688 4686
4850 4686
4850 5848
6658 5848
6658 6564
6845 6564
6845 6691
7918 6691
7918 9137
9216 9137
9216 4718
4887 4718
4887 4738
4997 4738
4997 5193
5829 5193
5829 5804
6202 5804
6202 6186
6333 6186
6333 6793
7611 6793
7611 9145
9240 9145
9240 4797
5014 4797
5014 5164
5603 5164
5603 5394
5795 5394
5795 5788
6229 5788
6229 8308
9059 8308
9059 8992
5041 8992
5041 4817
5044 4817
5044 5176
5614 5176
5614 5348
5771 5348
5771 5830
6812 5830
6812 7544
7762 7544
7762 7932
8615 7932
8615 9293
9382 9293
9382 5135
5103 5135
5103 4879
5323 4879
5323 4808
5522 4808
5522 4786
5104 4786
5104 4829
5128 4829
5128 5130
5431 5130
5431 5302
5834 5302
5834 5725
6328 5725
6328 7827
7881 7827
7881 4888
5163 4888
5163 5022
5320 5022
5320 5085
5541 5085
5541 5246
5908 5246
5908 5765
6252 5765
6252 7008
7336 7008
7336 7493
8267 7493
8267 8162
5214 8162
5214 4997
5221 4997
5221 4907
5346 4907
5346 4661
5710 4661
5710 4516
6773 4516
6773 3207
9435 3207
9435 671
5248 671
5248 4955
5272 4955
5272 4880
5870 4880
5870 4367
6125 4367
6125 2887
8892 2887
8892 721
9387 721
9387 4931
5277 4931
5277 4900
5302 4900
5302 4739
5745 4739
5745 4497
6454 4497
6454 3779
9452 3779
9452 641
5309 641
5309 4998
5385 4998
5385 4795
5617 4795
5617 4650
5777 4650
5777 4120
6851 4120
6851 3390
7163 3390
7163 3185
7163 3185
