6791
7 0
7 23746
14 23746
14 8028
69 8028
69 4291
86 4291
86 1722
134 1722
134 148
492 148
492 3
7567 3
7567 9390
17 9390
17 9329
75 9329
75 3710
210 3710
210 1192
20289 1192
20289 109
20387 109
20387 14991
27 14991
27 20858
39 20858
39 22786
2149 22786
2149 24760
5999 24760
5999 10885
36 10885
36 15403
53 15403
53 20763
239 20763
239 24987
44 24987
44 11598
55 11598
55 14425
72 14425
72 20252
141 20252
141 23406
1369 23406
1369 24925
77 24925
77 10745
79 10745
79 6932
100 6932
100 4673
237 4673
237 1830
1600 1830
1600 863
23952 863
23952 13087
80 13087
80 8970
125 8970
125 352
165 352
165 11742
108 11742
108 14601
116 14601
116 20890
246 20890
246 23524
2580 23524
2580 24464
2756 24464
2756 9551
131 9551
131 6713
163 6713
163 1094
1611 1094
1611 644
4882 644
4882 11099
146 11099
146 4340
154 4340
154 183
780 183
780 7309
174 7309
174 16819
250 16819
250 23314
876 23314
876 24917
180 24917
180 11520
182 11520
182 4569
211 4569
211 608
9708 608
9708 453
188 453
188 14744
189 14744
189 1440
722 1440
722 803
5227 803
5227 271
8202 271
8202 10370
197 10370
197 14211
226 14211
226 22972
659 22972
659 24426
8339 24426
8339 24957
219 24957
219 8490
221 8490
221 20426
463 20426
463 21475
639 21475
639 23897
3136 23897
3136 24448
5286 24448
5286 13283
231 13283
231 6725
314 6725
314 1929
8552 1929
8552 468
252 468
252 11166
258 11166
258 19420
376 19420
376 22456
18554 22456
18554 24013
263 24013
263 8993
294 8993
294 14162
341 14162
341 20409
476 20409
476 21373
1112 21373
1112 24857
1255 24857
1255 11756
299 11756
299 18210
363 18210
363 21489
1208 21489
1208 24541
19960 24541
19960 24832
318 24832
318 5958
322 5958
322 2303
1311 2303
1311 628
10258 628
10258 3994
344 3994
344 10457
391 10457
391 19333
612 19333
612 21874
1413 21874
1413 24430
9595 24430
9595 10343
353 10343
353 7216
374 7216
374 1139
4167 1139
4167 638
379 638
379 10131
386 10131
386 6296
425 6296
425 334
582 334
582 14974
393 14974
393 6330
496 6330
496 3673
919 3673
919 1754
4189 1754
4189 13332
433 13332
433 6011
579 6011
579 2360
2899 2360
2899 2155
452 2155
452 15398
458 15398
458 10588
608 10588
608 7520
664 7520
664 1867
2725 1867
2725 14
9471 14
9471 15502
465 15502
465 14282
484 14282
484 11634
532 11634
532 2993
2968 2993
2968 779
23469 779
23469 347
506 347
506 12071
515 12071
515 18225
739 18225
739 19214
864 19214
864 24770
1536 24770
1536 14536
565 14536
565 17084
643 17084
643 21433
1376 21433
1376 23867
3904 23867
3904 11679
622 11679
622 14058
654 14058
654 23859
713 23859
713 13121
631 13121
631 10361
661 10361
661 5983
719 5983
719 5316
1418 5316
1418 450
1630 450
1630 11437
635 11437
635 15528
681 15528
681 22039
810 22039
810 22983
13608 22983
13608 24505
701 24505
701 6045
702 6045
702 13739
735 13739
735 19338
967 19338
967 21633
1202 21633
1202 23079
3851 23079
3851 24921
716 24921
716 8604
717 8604
717 5518
785 5518
785 444
969 444
969 9088
747 9088
747 6340
936 6340
936 1310
19327 1310
19327 856
759 856
759 8369
766 8369
766 12494
793 12494
793 20242
1204 20242
1204 23461
775 23461
775 9774
779 9774
779 3703
989 3703
989 1382
14587 1382
14587 790
799 790
799 12830
808 12830
808 15185
814 15185
814 18842
918 18842
918 24412
3195 24412
3195 24929
829 24929
829 14358
847 14358
847 3898
1736 3898
1736 2687
5087 2687
5087 1555
23777 1555
23777 12814
863 12814
863 20096
908 20096
908 22231
2247 22231
2247 23880
4021 23880
4021 24943
10046 24943
10046 16488
868 16488
868 11730
923 11730
923 1165
3009 1165
3009 1155
900 1155
900 13163
921 13163
921 6341
1612 6341
1612 4407
1880 4407
1880 505
9194 505
9194 52
929 52
929 17961
933 17961
933 2634
3268 2634
3268 224
19407 224
19407 104
939 104
939 17326
957 17326
957 6822
1301 6822
1301 1637
8659 1637
8659 1288
13030 1288
13030 943
19040 943
19040 12483
944 12483
944 8196
1002 8196
1002 6277
1250 6277
1250 3626
2826 3626
2826 321
3126 321
3126 15751
970 15751
970 9863
983 9863
983 2789
5345 2789
5345 434
974 434
974 17797
982 17797
982 19260
1075 19260
1075 20711
1518 20711
1518 23373
15746 23373
15746 23808
991 23808
991 17261
992 17261
992 8334
1107 8334
1107 5290
1223 5290
1223 175
1234 175
1234 14890
993 14890
993 16254
1043 16254
1043 21737
1201 21737
1201 24054
17723 24054
17723 24209
1024 24209
1024 16247
1028 16247
1028 13405
1086 13405
1086 830
9502 830
9502 333
1079 333
1079 19074
1095 19074
1095 2541
2204 2541
2204 1887
3366 1887
3366 102
8163 102
8163 11490
1109 11490
1109 16808
1393 16808
1393 17882
1494 17882
1494 22639
3062 22639
3062 24223
9714 24223
9714 16164
1150 16164
1150 16677
1169 16677
1169 21199
2039 21199
2039 21870
2479 21870
2479 23851
5888 23851
5888 24592
1167 24592
1167 12519
1194 12519
1194 20941
2401 20941
2401 24673
1170 24673
1170 10627
1188 10627
1188 3414
1347 3414
1347 2466
2087 2466
2087 1988
2562 1988
2562 9925
1222 9925
1222 7617
1236 7617
1236 2087
3653 2087
3653 421
15889 421
15889 14893
1258 14893
1258 18460
1300 18460
1300 24471
1284 24471
1284 11793
1296 11793
1296 7571
1469 7571
1469 1252
7079 1252
7079 671
1307 671
1307 14704
1308 14704
1308 20337
1510 20337
1510 24878
2216 24878
2216 15175
1332 15175
1332 8178
1632 8178
1632 4196
3495 4196
3495 784
20404 784
20404 118
1334 118
1334 9376
1343 9376
1343 17394
1368 17394
1368 23224
6238 23224
6238 23972
1351 23972
1351 14359
1355 14359
1355 19230
1819 19230
1819 22460
5020 22460
5020 24660
1378 24660
1378 14979
1379 14979
1379 3629
2162 3629
2162 261
19737 261
19737 56
1381 56
1381 12827
1427 12827
1427 15497
1448 15497
1448 23756
1425 23756
1425 17341
1429 17341
1429 11032
1614 11032
1614 4957
3590 4957
3590 2930
6374 2930
6374 2674
10674 2674
10674 594
13630 594
13630 13383
1453 13383
1453 14719
1500 14719
1500 20461
1683 20461
1683 22908
2189 22908
2189 11120
1480 11120
1480 10637
1499 10637
1499 2578
2485 2578
2485 156
2886 156
2886 12594
1502 12594
1502 17076
1613 17076
1613 17796
1751 17796
1751 20340
2408 20340
2408 22278
3135 22278
3135 23044
11705 23044
11705 24503
1530 24503
1530 12798
1558 12798
1558 21492
2623 21492
2623 23006
11049 23006
11049 23307
1556 23307
1556 7205
1575 7205
1575 12868
1664 12868
1664 13533
1685 13533
1685 22159
6612 22159
6612 24840
19825 24840
19825 15115
1633 15115
1633 7681
1704 7681
1704 6710
1917 6710
1917 1852
5402 1852
5402 769
1652 769
1652 16764
1654 16764
1654 10607
1719 10607
1719 5094
2563 5094
2563 893
10013 893
10013 481
1659 481
1659 13477
1669 13477
1669 11992
1865 11992
1865 10391
1988 10391
1988 4485
2347 4485
2347 852
13488 852
13488 426
1682 426
1682 13400
1707 13400
1707 4685
2312 4685
2312 282
4363 282
4363 222
1690 222
1690 18447
1697 18447
1697 14573
1738 14573
1738 12277
1782 12277
1782 4515
2611 4515
2611 4367
3782 4367
3782 2917
10329 2917
10329 1194
1769 1194
1769 14345
1791 14345
1791 9621
1836 9621
1836 584
22326 584
22326 15846
1792 15846
1792 5953
2164 5953
2164 4229
2664 4229
2664 2534
4640 2534
4640 1831
1817 1831
1817 17031
1828 17031
1828 19465
2007 19465
2007 20799
2888 20799
2888 22505
5332 22505
5332 24786
7160 24786
7160 7544
1833 7544
1833 14725
1972 14725
1972 18502
2437 18502
2437 21371
4761 21371
4761 23667
10816 23667
10816 12096
1871 12096
1871 14819
1893 14819
1893 19817
2370 19817
2370 24388
2829 24388
2829 11871
1894 11871
1894 16581
1983 16581
1983 19847
2596 19847
2596 22626
2692 22626
2692 24814
3276 24814
3276 12977
1902 12977
1902 13212
1934 13212
1934 18178
2226 18178
2226 20523
2475 20523
2475 22173
3159 22173
3159 24041
1944 24041
1944 14433
1964 14433
1964 5944
2975 5944
2975 4259
3610 4259
3610 1209
7312 1209
7312 11852
1949 11852
1949 8571
2004 8571
2004 5325
2446 5325
2446 4606
2774 4606
2774 2812
7324 2812
7324 340
2020 340
2020 10201
2034 10201
2034 16789
2634 16789
2634 21111
2994 21111
2994 22404
3104 22404
3104 24004
8537 24004
8537 15246
2022 15246
2022 15688
2320 15688
2320 18790
2516 18790
2516 21157
4118 21157
4118 24137
5133 24137
5133 24737
2061 24737
2061 10696
2062 10696
2062 17894
2450 17894
2450 21890
2624 21890
2624 23391
17834 23391
17834 23816
2077 23816
2077 13755
2081 13755
2081 4661
2384 4661
2384 1920
4964 1920
4964 891
12638 891
12638 9702
2108 9702
2108 15821
2349 15821
2349 20158
2459 20158
2459 20912
9927 20912
9927 24113
11142 24113
11142 11476
2123 11476
2123 11060
2142 11060
2142 540
3275 540
3275 14011
2138 14011
2138 16121
2176 16121
2176 17587
2403 17587
2403 18571
2804 18571
2804 23556
2210 23556
2210 6245
2217 6245
2217 14387
2306 14387
2306 17135
2697 17135
2697 20780
2928 20780
2928 24141
5010 24141
5010 14308
2223 14308
2223 9651
2350 9651
2350 2200
6911 2200
6911 543
6956 543
6956 11428
2249 11428
2249 7883
2439 7883
2439 6059
2907 6059
2907 1906
5243 1906
5243 944
2271 944
2271 13372
2273 13372
2273 4545
2494 4545
2494 2994
4661 2994
4661 1766
12012 1766
12012 782
2307 782
2307 10638
2314 10638
2314 19351
2378 19351
2378 24973
9168 24973
9168 15075
2318 15075
2318 19436
3242 19436
3242 23589
4787 23589
4787 24401
20420 24401
20420 24467
2380 24467
2380 10755
2396 10755
2396 5945
2639 5945
2639 5589
2769 5589
2769 4253
3607 4253
3607 1486
21789 1486
21789 407
2415 407
2415 16804
2417 16804
2417 3162
3176 3162
3176 476
23729 476
23729 13830
2435 13830
2435 13256
2467 13256
2467 6563
2640 6563
2640 1134
6189 1134
6189 13842
2471 13842
2471 18609
2835 18609
2835 23046
5739 23046
5739 24317
2507 24317
2507 12124
2510 12124
2510 8104
2627 8104
2627 7211
2696 7211
2696 2439
7742 2439
7742 477
8643 477
8643 11101
2531 11101
2531 21612
3259 21612
3259 23040
13986 23040
13986 23781
2542 23781
2542 15547
2549 15547
2549 8162
2768 8162
2768 5275
3487 5275
3487 899
12791 899
12791 15298
2557 15298
2557 11792
2668 11792
2668 6436
2800 6436
2800 4209
3202 4209
3202 2112
3553 2112
3553 17400
2603 17400
2603 18508
2870 18508
2870 19978
3898 19978
3898 21059
5536 21059
5536 23509
12262 23509
12262 24691
2630 24691
2630 14067
2635 14067
2635 24418
7231 24418
7231 16208
2644 16208
2644 16896
2682 16896
2682 23197
18506 23197
18506 23854
2689 23854
2689 12486
2694 12486
2694 18792
2909 18792
2909 19970
3972 19970
3972 21038
5019 21038
5019 21255
9427 21255
9427 23754
13740 23754
13740 12524
2722 12524
2722 9572
2757 9572
2757 1456
3654 1456
3654 1233
2760 1233
2760 8397
2828 8397
2828 16389
2845 16389
2845 24839
4328 24839
4328 13915
2820 13915
2820 8224
3003 8224
3003 4983
3010 4983
3010 2294
8180 2294
8180 1502
2843 1502
2843 13530
2856 13530
2856 4544
3359 4544
3359 792
17851 792
17851 714
2868 714
2868 18239
2893 18239
2893 22201
3112 22201
3112 24798
2877 24798
2877 15014
2901 15014
2901 11717
2953 11717
2953 9010
3419 9010
3419 2215
6205 2215
6205 1156
2878 1156
2878 11977
2908 11977
2908 17417
3188 17417
3188 24766
2911 24766
2911 10460
2939 10460
2939 16658
3294 16658
3294 21099
5117 21099
5117 24787
5685 24787
5685 15221
2948 15221
2948 15636
2969 15636
2969 16920
3038 16920
3038 21115
3721 21115
3721 24444
4731 24444
4731 14729
2982 14729
2982 15471
3000 15471
3000 21889
3959 21889
3959 24225
16620 24225
16620 6236
2985 6236
2985 7048
3014 7048
3014 12878
3048 12878
3048 20670
4100 20670
4100 23642
18575 23642
18575 10891
3047 10891
3047 5714
3260 5714
3260 3520
5327 3520
5327 123
8612 123
8612 14817
3054 14817
3054 11168
3131 11168
3131 7991
3396 7991
3396 700
11771 700
11771 350
3067 350
3067 14393
3076 14393
3076 18607
3244 18607
3244 22133
3725 22133
3725 22657
21547 22657
21547 23422
3130 23422
3130 10085
3137 10085
3137 21332
4747 21332
4747 23010
14676 23010
14676 23713
3142 23713
3142 14560
3144 14560
3144 20601
3514 20601
3514 24114
10151 24114
10151 24362
18300 24362
18300 13933
3154 13933
3154 8436
3371 8436
3371 1601
10577 1601
10577 1073
3165 1073
3165 10163
3167 10163
3167 7401
3670 7401
3670 5022
5131 5022
5131 3738
13165 3738
13165 1524
3186 1524
3186 10803
3196 10803
3196 412
5030 412
5030 10842
3189 10842
3189 7320
3252 7320
3252 1564
3820 1564
3820 791
3230 791
3230 15521
3249 15521
3249 11513
3378 11513
3378 6074
4760 6074
4760 686
4797 686
4797 10435
3255 10435
3255 8927
3556 8927
3556 6256
4440 6256
4440 3342
6613 3342
6613 2700
14482 2700
14482 1066
3267 1066
3267 16657
3283 16657
3283 9221
3394 9221
3394 8154
3482 8154
3482 7930
3848 7930
3848 4256
4225 4256
4225 1047
3289 1047
3289 15835
3310 15835
3310 17578
3367 17578
3367 21666
4359 21666
4359 24434
3304 24434
3304 18514
3317 18514
3317 11826
3451 11826
3451 3554
4900 3554
4900 2589
6247 2589
6247 728
3353 728
3353 15413
3360 15413
3360 6505
3467 6505
3467 3872
4789 3872
4789 1744
6023 1744
6023 257
6754 257
6754 13879
3399 13879
3399 11425
3471 11425
3471 1009
8850 1009
8850 151
3424 151
3424 15145
3430 15145
3430 17319
3634 17319
3634 18785
3876 18785
3876 24903
7066 24903
7066 17279
3434 17279
3434 14574
3542 14574
3542 7090
4045 7090
4045 4941
5056 4941
5056 1279
5296 1279
5296 19042
3435 19042
3435 5086
3727 5086
3727 4087
7001 4087
7001 1550
22019 1550
22019 903
3461 903
3461 9386
3480 9386
3480 12404
3550 12404
3550 18268
3628 18268
3628 22150
7359 22150
7359 24808
12252 24808
12252 17986
3489 17986
3489 10724
3678 10724
3678 2929
4499 2929
4499 1827
21224 1827
21224 125
3582 125
3582 11963
3584 11963
3584 15992
4027 15992
4027 20417
4364 20417
4364 24569
4515 24569
4515 12313
3598 12313
3598 11539
3747 11539
3747 3840
4187 3840
4187 411
4714 411
4714 18038
3609 18038
3609 18762
3731 18762
3731 20028
4084 20028
4084 21746
6118 21746
6118 24845
8377 24845
8377 15120
3694 15120
3694 8763
3925 8763
3925 7842
4085 7842
4085 4976
4816 4976
4816 1942
16082 1942
16082 529
3749 529
3749 13249
3753 13249
3753 23826
5416 23826
5416 24385
6430 24385
6430 9457
3759 9457
3759 6534
4581 6534
4581 4309
5004 4309
5004 3867
6227 3867
6227 1433
17060 1433
17060 11326
3783 11326
3783 24146
6190 24146
6190 24575
3785 24575
3785 10834
3786 10834
3786 16680
3994 16680
3994 18273
4569 18273
4569 20651
6060 20651
6060 23758
6674 23758
6674 14823
3792 14823
3792 15237
3905 15237
3905 18845
4233 18845
4233 24819
5317 24819
5317 10373
3817 10373
3817 13955
3886 13955
3886 22011
5167 22011
5167 23572
13190 23572
13190 13323
3824 13323
3824 1320
5377 1320
5377 127
6753 127
6753 9972
3857 9972
3857 9664
4213 9664
4213 7977
4666 7977
4666 702
11770 702
11770 48
3914 48
3914 9956
3968 9956
3968 20136
4424 20136
4424 20900
9327 20900
9327 23794
13636 23794
13636 13537
3919 13537
3919 19668
4182 19668
4182 22515
18073 22515
18073 24090
19701 24090
19701 14474
3943 14474
3943 14456
3991 14456
3991 11564
4063 11564
4063 3860
5052 3860
5052 1783
3978 1783
3978 9670
3985 9670
3985 704
8685 704
8685 32
4012 32
4012 11381
4047 11381
4047 15097
4496 15097
4496 22668
6926 22668
6926 24588
15117 24588
15117 10561
4025 10561
4025 4052
6002 4052
6002 1135
10425 1135
10425 22
11286 22
11286 12522
4037 12522
4037 4855
4419 4855
4419 1523
19623 1523
19623 718
4089 718
4089 15603
4132 15603
4132 11180
4246 11180
4246 7354
4389 7354
4389 3367
4712 3367
4712 655
5854 655
5854 13146
4114 13146
4114 16974
4183 16974
4183 24624
24428 24624
24428 24962
4127 24962
4127 12750
4128 12750
4128 1533
10833 1533
10833 1342
4144 1342
4144 11601
4176 11601
4176 2001
7857 2001
7857 1529
4172 1529
4172 13534
4174 13534
4174 7253
4300 7253
4300 1904
21606 1904
21606 763
4192 763
4192 16303
4202 16303
4202 21281
5918 21281
5918 23229
13150 23229
13150 24589
4240 24589
4240 12497
4271 12497
4271 10176
4390 10176
4390 7429
4733 7429
4733 3360
7295 3360
7295 409
8261 409
8261 8700
4247 8700
4247 9866
4611 9866
4611 16550
4757 16550
4757 20416
5592 20416
5592 22392
9008 22392
9008 24874
4262 24874
4262 9693
4277 9693
4277 11492
4365 11492
4365 16091
4455 16091
4455 19233
5936 19233
5936 24175
12412 24175
12412 24238
14818 24238
14818 10726
4296 10726
4296 14471
4376 14471
4376 21667
19768 21667
19768 24133
4318 24133
4318 15549
4319 15549
4319 21377
12750 21377
12750 23173
4368 23173
4368 14173
4412 14173
4412 24863
4708 24863
4708 11636
4391 11636
4391 16398
4428 16398
4428 17963
4777 17963
4777 22784
24396 22784
24396 23350
4399 23350
4399 9690
4439 9690
4439 11770
4509 11770
4509 22164
6617 22164
6617 24736
15680 24736
15680 12549
4529 12549
4529 17678
6371 17678
6371 20578
8160 20578
8160 24104
9553 24104
9553 24609
12731 24609
12731 11443
4539 11443
4539 5847
5912 5847
5912 1033
16813 1033
16813 496
4563 496
4563 9169
4571 9169
4571 24612
9913 24612
9913 6561
4577 6561
4577 12170
4648 12170
4648 21830
7234 21830
7234 23346
24319 23346
24319 9575
4580 9575
4580 19149
6694 19149
6694 21000
7257 21000
7257 23635
15955 23635
15955 24096
4631 24096
4631 15615
4642 15615
4642 13604
4677 13604
4677 4906
5320 4906
5320 4312
6577 4312
6577 3724
15561 3724
15561 2065
17047 2065
17047 13654
4673 13654
4673 8514
4756 8514
4756 914
4703 914
4703 7106
4751 7106
4751 10725
4806 10725
4806 21567
16536 21567
16536 24404
4722 24404
4722 15949
4737 15949
4737 22226
11179 22226
11179 22687
15128 22687
15128 23189
4790 23189
4790 9019
4848 9019
4848 16429
5100 16429
5100 17004
5370 17004
5370 24686
9880 24686
9880 10655
4810 10655
4810 4213
5357 4213
5357 185
10098 185
10098 7501
4811 7501
4811 15759
5142 15759
5142 19541
5508 19541
5508 24040
6368 24040
6368 24607
4842 24607
4842 6947
4885 6947
4885 13216
5068 13216
5068 20117
6082 20117
6082 21304
7262 21304
7262 24245
4845 24245
4845 6288
4855 6288
4855 23034
4862 23034
4862 7651
4879 7651
4879 13940
5090 13940
5090 21643
6191 21643
6191 23095
21089 23095
21089 23382
23691 23382
23691 24322
4863 24322
4863 8167
4894 8167
4894 1162
12044 1162
12044 28
4903 28
4903 8767
4958 8767
4958 17487
5877 17487
5877 21883
7611 21883
7611 15290
4910 15290
4910 13393
4980 13393
4980 3199
9395 3199
9395 739
4914 739
4914 10907
4982 10907
4982 4211
6058 4211
6058 1030
22090 1030
22090 1023
4957 1023
4957 6087
4960 6087
4960 18789
5365 18789
5365 23043
6055 23043
6055 24873
4971 24873
4971 4313
5059 4313
5059 14854
5157 14854
5157 19648
7028 19648
7028 23219
9077 23219
9077 24371
4986 24371
4986 6545
5016 6545
5016 2596
8506 2596
8506 71
19801 71
19801 7075
4994 7075
4994 7634
5039 7634
5039 12346
5187 12346
5187 20434
5980 20434
5980 22365
9761 22365
9761 23962
16402 23962
16402 10913
5031 10913
5031 14314
5271 14314
5271 16081
5845 16081
5845 20309
7702 20309
7702 24391
5062 24391
5062 6788
5154 6788
5154 13209
5208 13209
5208 18269
5318 18269
5318 19963
7789 19963
7789 24623
10892 24623
10892 7702
5113 7702
5113 14927
5421 14927
5421 17359
6528 17359
6528 23051
7705 23051
7705 24014
5122 24014
5122 5591
5151 5591
5151 14684
5261 14684
5261 19866
8120 19866
8120 24754
10074 24754
10074 24936
5161 24936
5161 12105
5186 12105
5186 7434
5289 7434
5289 3312
11139 3312
11139 140
11534 140
11534 10816
5200 10816
5200 2494
9462 2494
9462 489
21845 489
21845 11700
5262 11700
5262 10854
5543 10854
5543 4326
5906 4326
5906 1618
10603 1618
10603 460
5281 460
5281 7363
5288 7363
5288 16564
5612 16564
5612 21586
7581 21586
7581 23106
13466 23106
13466 24729
16592 24729
16592 6726
5347 6726
5347 9137
5548 9137
5548 20794
5846 20794
5846 22437
5422 22437
5422 10209
5454 10209
5454 4710
5914 4710
5914 1723
8442 1723
8442 847
5455 847
5455 15102
5481 15102
5481 3569
6415 3569
6415 1854
9281 1854
9281 15269
5459 15269
5459 12044
5654 12044
5654 10873
6054 10873
6054 5716
6386 5716
6386 5055
6653 5055
6653 727
5485 727
5485 13848
5528 13848
5528 22088
18153 22088
18153 24722
5516 24722
5516 7449
5636 7449
5636 16663
5785 16663
5785 17562
6747 17562
6747 19642
7711 19642
7711 24771
20863 24771
20863 9878
5564 9878
5564 8188
5955 8188
5955 2672
6922 2672
6922 2361
20590 2361
20590 1693
5565 1693
5565 15354
5577 15354
5577 10471
5916 10471
5916 2207
21809 2207
21809 1481
5578 1481
5578 12307
5633 12307
5633 15957
5757 15957
5757 17766
7085 17766
7085 19116
7984 19116
7984 21503
14958 21503
14958 24424
15975 24424
15975 9501
5607 9501
5607 11321
5629 11321
5629 15774
5964 15774
5964 21395
13431 21395
13431 22837
16821 22837
16821 9844
5638 9844
5638 15630
5715 15630
5715 18690
6479 18690
6479 24919
6533 24919
6533 10313
5683 10313
5683 7511
6335 7511
6335 4949
6961 4949
6961 1070
18194 1070
18194 255
5684 255
5684 13491
5756 13491
5756 8017
6048 8017
6048 616
13494 616
13494 267
24109 267
24109 13044
5702 13044
5702 16166
6341 16166
6341 20165
7636 20165
7636 24182
23055 24182
23055 24788
5718 24788
5718 8596
5833 8596
5833 16865
6212 16865
6212 24066
20588 24066
20588 13157
5741 13157
5741 5657
5937 5657
5937 2482
5811 2482
5811 14071
5848 14071
5848 15529
6408 15529
6408 19258
6522 19258
6522 23317
18186 23317
18186 23706
5874 23706
5874 6147
5933 6147
5933 15408
6249 15408
6249 21230
7003 21230
7003 23961
23822 23961
23822 11858
5883 11858
5883 11588
5985 11588
5985 1061
6110 1061
6110 17629
5922 17629
5922 20275
6699 20275
6699 22944
7919 22944
7919 12303
5996 12303
5996 11495
6012 11495
6012 4369
9564 4369
9564 4059
9956 4059
9956 1271
13524 1271
13524 14247
6004 14247
6004 11895
6243 11895
6243 2644
8522 2644
8522 152
6017 152
6017 14845
6020 14845
6020 2120
13839 2120
13839 1602
24793 1602
24793 12911
6031 12911
6031 11322
6080 11322
6080 6275
6260 6275
6260 5202
7354 5202
7354 960
6093 960
6093 16634
6113 16634
6113 1628
8812 1628
8812 438
9418 438
9418 6936
6140 6936
6140 11487
6278 11487
6278 23326
6428 23326
6428 12043
6162 12043
6162 18051
6327 18051
6327 19904
10908 19904
10908 21517
22407 21517
22407 6046
6208 6046
6208 14435
6536 14435
6536 21150
13422 21150
13422 15141
6229 15141
6229 13908
6292 13908
6292 1290
14078 1290
14078 1088
6261 1088
6261 13966
6273 13966
6273 18346
7881 18346
7881 20390
8879 20390
8879 22684
17483 22684
17483 24774
22462 24774
22462 13052
6293 13052
6293 16296
6395 16296
6395 21153
11446 21153
11446 23176
23851 23176
23851 13002
6296 13002
6296 11768
6377 11768
6377 7786
6493 7786
6493 4913
7847 4913
7847 2330
12693 2330
12693 773
6321 773
6321 6778
6340 6778
6340 18070
6688 18070
6688 23502
10944 23502
10944 24377
6336 24377
6336 15453
6365 15453
6365 4665
6815 4665
6815 554
8159 554
8159 7142
6344 7142
6344 6524
7071 6524
7071 6145
7223 6145
7223 2618
9929 2618
9929 2122
17266 2122
17266 1220
6404 1220
6404 10236
6436 10236
6436 13690
6700 13690
6700 19353
8070 19353
8070 23275
18551 23275
18551 24563
6422 24563
6422 9107
6454 9107
6454 21231
7263 21231
7263 23078
14693 23078
14693 23933
6462 23933
6462 5532
6481 5532
6481 13392
6566 13392
6566 18434
7384 18434
7384 22217
24752 22217
24752 23639
6474 23639
6474 7967
6500 7967
6500 3251
11795 3251
11795 1874
13426 1874
13426 12323
6486 12323
6486 8999
6588 8999
6588 1169
9189 1169
9189 105
6487 105
6487 15219
6504 15219
6504 4296
11130 4296
11130 2276
14772 2276
14772 9165
6511 9165
6511 12496
6787 12496
6787 18165
7584 18165
7584 20775
12107 20775
12107 22656
15519 22656
15519 7271
6532 7271
6532 6309
6849 6309
6849 4421
7106 4421
7106 2006
6538 2006
6538 8488
6544 8488
6544 5665
6906 5665
6906 5395
8322 5395
8322 1786
16654 1786
16654 11147
6549 11147
6549 9186
7075 9186
7075 2580
12576 2580
12576 1599
6605 1599
6605 17623
6618 17623
6618 12637
6765 12637
6765 6437
7319 6437
7319 2184
16491 2184
16491 672
6646 672
6646 11891
6711 11891
6711 5114
8617 5114
8617 437
9711 437
9711 8588
6677 8588
6677 17763
7055 17763
7055 19021
7903 19021
7903 22276
17935 22276
17935 22886
18133 22886
18133 5759
6758 5759
6758 17058
6799 17058
6799 20080
8594 20080
8594 21245
15048 21245
15048 24224
15602 24224
15602 14952
6784 14952
6784 9349
6936 9349
6936 2666
9408 2666
9408 815
11150 815
11150 12418
6821 12418
6821 16135
7253 16135
7253 18808
7343 18808
7343 24502
8847 24502
8847 10216
6864 10216
6864 16702
6994 16702
6994 20599
8015 20599
8015 24683
15558 24683
15558 24684
6893 24684
6893 17423
6899 17423
6899 7878
7251 7878
7251 5706
9889 5706
9889 1150
21904 1150
21904 8871
6897 8871
6897 14749
7081 14749
7081 17775
7345 17775
7345 19788
8435 19788
8435 24809
12743 24809
12743 10215
6918 10215
6918 14989
7026 14989
7026 18922
7882 18922
7882 20128
13245 20128
13245 22030
6919 22030
6919 12575
6929 12575
6929 18885
7027 18885
7027 21029
8719 21029
8719 24573
13868 24573
13868 10863
6938 10863
6938 14035
7061 14035
7061 24169
7557 24169
7557 12559
6940 12559
6940 9837
7185 9837
7185 5229
7478 5229
7478 3620
11234 3620
11234 3338
14945 3338
14945 266
15665 266
15665 11446
6980 11446
6980 13439
7217 13439
7217 17929
7673 17929
7673 18390
8625 18390
8625 19126
10861 19126
10861 23743
21947 23743
21947 7725
7076 7725
7076 11300
7167 11300
7167 13154
7291 13154
7291 21301
13180 21301
13180 22297
7086 22297
7086 15767
7093 15767
7093 2173
14379 2173
14379 828
7098 828
7098 9917
7105 9917
7105 14375
7394 14375
7394 17298
7542 17298
7542 19965
8706 19965
8706 21308
24313 21308
24313 23465
7103 23465
7103 9491
7230 9491
7230 3826
8137 3826
8137 132
22263 132
22263 10720
7148 10720
7148 15659
7392 15659
7392 23959
22434 23959
22434 24402
7179 24402
7179 15225
7238 15225
7238 13563
7303 13563
7303 8427
7476 8427
7476 6389
7912 6389
7912 1275
9816 1275
9816 14031
7213 14031
7213 8973
7391 8973
7391 2788
23403 2788
23403 2592
7309 2592
7309 13022
7313 13022
7313 9022
7349 9022
7349 4516
8676 4516
8676 325
14728 325
14728 10944
7339 10944
7339 23247
8292 23247
8292 23951
20830 23951
20830 14102
7365 14102
7365 10194
7418 10194
7418 1270
7419 1270
7419 9361
7487 9361
7487 6213
8667 6213
8667 4448
9651 4448
9651 2204
16301 2204
16301 908
7435 908
7435 11360
7497 11360
7497 17655
8590 17655
8590 23012
7444 23012
7444 8364
7524 8364
7524 20876
7977 20876
7977 24616
17049 24616
17049 14680
7461 14680
7461 3928
9304 3928
9304 1129
9316 1129
9316 17387
7471 17387
7471 18193
7585 18193
7585 23968
9939 23968
9939 24972
7530 24972
7530 7590
7545 7590
7545 18629
7975 18629
7975 20930
8257 20930
8257 21367
10972 21367
10972 22065
21780 22065
21780 24111
7549 24111
7549 16817
7559 16817
7559 9697
7797 9697
7797 4258
8376 4258
8376 3728
12270 3728
12270 2336
7552 2336
7552 9649
7623 9649
7623 22834
13138 22834
13138 22920
7569 22920
7569 16190
7586 16190
7586 10685
7712 10685
7712 2564
11192 2564
11192 927
7579 927
7579 12194
7582 12194
7582 4776
9275 4776
9275 1735
11715 1735
11715 11012
7620 11012
7620 8760
7769 8760
7769 2982
9822 2982
9822 439
16074 439
16074 134
7668 134
7668 15894
7695 15894
7695 7758
7828 7758
7828 4692
14453 4692
14453 2539
22248 2539
22248 1935
7754 1935
7754 19286
7853 19286
7853 9396
8083 9396
8083 7695
8152 7695
8152 1512
24551 1512
24551 1008
7777 1008
7777 15068
7826 15068
7826 1567
24855 1567
24855 682
7791 682
7791 16040
7889 16040
7889 6035
9950 6035
9950 4397
12147 4397
12147 1015
12371 1015
12371 14235
7843 14235
7843 10996
8012 10996
8012 3334
9665 3334
9665 1152
7859 1152
7859 11273
7887 11273
7887 19092
9961 19092
9961 19437
11394 19437
11394 24278
7900 24278
7900 14555
7949 14555
7949 751
8000 751
8000 10532
7916 10532
7916 11173
8011 11173
8011 19319
8584 19319
8584 24883
8834 24883
8834 9588
7958 9588
7958 21863
10334 21863
10334 24086
10764 24086
10764 18464
7967 18464
7967 6857
8406 6857
8406 3222
14039 3222
14039 653
8030 653
8030 16357
8058 16357
8058 20339
10332 20339
10332 23566
8073 23566
8073 13145
8088 13145
8088 1861
9204 1861
9204 465
23864 465
23864 455
8084 455
8084 14355
8105 14355
8105 563
18245 563
18245 14501
8093 14501
8093 10596
8398 10596
8398 6496
8860 6496
8860 4090
18677 4090
18677 1605
23233 1605
23233 7083
8101 7083
8101 21490
9813 21490
9813 22617
12326 22617
12326 24826
8113 24826
8113 11605
8116 11605
8116 17030
8739 17030
8739 20447
11044 20447
11044 23169
14904 23169
14904 13523
8126 13523
8126 18627
8553 18627
8553 21287
15305 21287
15305 21576
19053 21576
19053 24478
8132 24478
8132 16597
8193 16597
8193 2353
15844 2353
15844 2101
8144 2101
8144 12920
8203 12920
8203 17153
8648 17153
8648 23081
9153 23081
9153 23558
8157 23558
8157 15994
8264 15994
8264 1332
15895 1332
15895 1223
8166 1223
8166 11926
8245 11926
8245 18608
8703 18608
8703 24494
21901 24494
21901 18200
8205 18200
8205 8574
8417 8574
8417 6578
9562 6578
9562 5033
10544 5033
10544 3299
14888 3299
14888 2777
8231 2777
8231 12114
8263 12114
8263 2111
9910 2111
9910 567
8249 567
8249 10709
8252 10709
8252 19566
9175 19566
9175 22415
16357 22415
16357 22478
8284 22478
8284 12862
8295 12862
8295 7807
8439 7807
8439 3461
8759 3461
8759 16757
8298 16757
8298 20090
11896 20090
11896 21840
8347 21840
8347 9187
8389 9187
8389 17637
8825 17637
8825 24989
9098 24989
9098 11918
8407 11918
8407 21551
23398 21551
23398 22364
8426 22364
8426 16838
8432 16838
8432 4314
9112 4314
9112 1941
14704 1941
14704 17464
8427 17464
8427 4890
9493 4890
9493 3022
11098 3022
11098 1649
19205 1649
19205 7136
8470 7136
8470 12926
8675 12926
8675 23559
17601 23559
17601 23935
20106 23935
20106 24365
8471 24365
8471 13340
8477 13340
8477 16692
8737 16692
8737 20033
9048 20033
9048 24148
8491 24148
8491 6991
8498 6991
8498 17437
8628 17437
8628 19057
9815 19057
9815 21535
15303 21535
15303 22658
8496 22658
8496 13434
8504 13434
8504 19220
10418 19220
10418 20266
15337 20266
15337 21892
19401 21892
19401 12010
8582 12010
8582 19983
8911 19983
8911 21224
10723 21224
10723 24042
19146 24042
19146 16982
8602 16982
8602 16302
8717 16302
8717 4735
9743 4735
9743 2075
14446 2075
14446 952
15456 952
15456 7685
8618 7685
8618 4990
9191 4990
9191 3249
19859 3249
19859 2654
24125 2654
24125 5707
8651 5707
8651 8778
8758 8778
8758 11198
8822 11198
8822 20196
10869 20196
10869 24886
14570 24886
14570 16271
8672 16271
8672 6426
9094 6426
9094 1037
8707 1037
8707 7639
8742 7639
8742 2304
9043 2304
9043 1051
8732 1051
8732 14010
8733 14010
8733 3796
9621 3796
9621 2047
12110 2047
12110 246
8746 246
8746 12244
8751 12244
8751 5659
9141 5659
9141 1426
16831 1426
16831 1273
8768 1273
8768 13841
8772 13841
8772 5160
9236 5160
9236 1907
21542 1907
21542 6894
8793 6894
8793 15810
9587 15810
9587 19741
11052 19741
11052 23036
20237 23036
20237 11395
8794 11395
8794 8771
9041 8771
9041 6002
10224 6002
10224 3452
21597 3452
21597 1803
8813 1803
8813 13267
8827 13267
8827 10661
8840 10661
8840 8193
9208 8193
9208 1860
8832 1860
8832 10504
8858 10504
8858 15924
9018 15924
9018 23261
9430 23261
9430 24454
21759 24454
21759 9671
8844 9671
8844 10067
8935 10067
8935 19778
14226 19778
14226 21842
8851 21842
8851 11211
8853 11211
8853 6252
9183 6252
9183 5992
10158 5992
10158 193
10720 193
10720 18478
8873 18478
8873 17871
8982 17871
8982 6711
9143 6711
9143 3937
10003 3937
10003 391
15562 391
15562 11011
8888 11011
8888 7636
9115 7636
9115 3481
11349 3481
11349 115
20365 115
20365 15341
8889 15341
8889 4972
10477 4972
10477 1235
11323 1235
11323 13161
8939 13161
8939 17639
9402 17639
9402 22935
10323 22935
10323 11382
8944 11382
8944 14136
9223 14136
9223 18233
10058 18233
10058 21811
13612 21811
13612 22652
15314 22652
15314 19449
8960 19449
8960 7726
9262 7726
9262 4746
11780 4746
11780 2952
15982 2952
15982 1768
18004 1768
18004 9158
9007 9158
9007 16800
9058 16800
9058 19011
15071 19011
15071 21430
20198 21430
20198 21952
9024 21952
9024 9474
9045 9474
9045 5255
12014 5255
12014 4198
15583 4198
15583 3824
20832 3824
20832 2282
23451 2282
23451 12991
9075 12991
9075 20394
13808 20394
13808 24590
22696 24590
22696 13284
9084 13284
9084 14449
9093 14449
9093 17276
11498 17276
11498 19876
11926 19876
11926 24237
21342 24237
21342 24970
9101 24970
9101 12879
9108 12879
9108 8989
9311 8989
9311 5342
10564 5342
10564 1688
19991 1688
19991 884
20464 884
20464 12596
9119 12596
9119 14810
9653 14810
9653 23632
10129 23632
10129 12037
9139 12037
9139 12112
9258 12112
9258 13783
9530 13783
9530 20536
9785 20536
9785 24049
9158 24049
9158 11540
9182 11540
9182 18981
9265 18981
9265 19937
18668 19937
18668 23394
9170 23394
9170 9308
9177 9308
9177 7755
9828 7755
9828 4034
16677 4034
16677 2810
17948 2810
17948 13398
9178 13398
9178 4250
9914 4250
9914 2785
13097 2785
13097 8516
9200 8516
9200 6101
10120 6101
10120 3692
11244 3692
11244 926
9222 926
9222 7595
9297 7595
9297 18684
9727 18684
9727 21376
14510 21376
14510 24517
9235 24517
9235 6243
9331 6243
9331 13548
10094 13548
10094 20980
22290 20980
22290 21880
9282 21880
9282 13188
9318 13188
9318 3393
21134 3393
21134 7041
9325 7041
9325 12246
9499 12246
9499 18372
9892 18372
9892 20385
17076 20385
17076 21804
23717 21804
23717 13080
9385 13080
9385 15153
9508 15153
9508 19173
9763 19173
9763 24512
12281 24512
12281 16538
9424 16538
9424 13921
9609 13921
9609 5310
12284 5310
12284 4820
14508 4820
14508 1347
19110 1347
19110 834
9447 834
9447 11584
9526 11584
9526 22181
11567 22181
11567 22584
9452 22584
9452 8021
9470 8021
9470 5536
13802 5536
13802 1103
9476 1103
9476 14945
9702 14945
9702 6582
11441 6582
11441 2816
13883 2816
13883 813
19122 813
19122 7038
9481 7038
9481 12036
9902 12036
9902 13892
10347 13892
10347 18962
10912 18962
10912 23832
17181 23832
17181 23991
9583 23991
9583 7621
9584 7621
9584 1857
11309 1857
11309 1724
9625 1724
9625 12964
9788 12964
9788 9756
10269 9756
10269 8137
10755 8137
10755 7585
11064 7585
11064 6753
11954 6753
11954 1654
15518 1654
15518 6206
9680 6206
9680 12390
9758 12390
9758 14037
10194 14037
10194 17164
11813 17164
11813 19189
13727 19189
13727 22973
23176 22973
23176 9839
9732 9839
9732 7336
10225 7336
10225 4528
15193 4528
15193 3790
16779 3790
16779 611
9741 611
9741 11883
9789 11883
9789 20668
14807 20668
14807 24228
18779 24228
18779 10070
9760 10070
9760 11609
9984 11609
9984 23277
10274 23277
10274 11995
9841 11995
9841 15731
10174 15731
10174 23360
9845 23360
9845 7334
10016 7334
10016 19450
10849 19450
10849 23315
9858 23315
9858 11203
9878 11203
9878 1027
10315 1027
10315 10439
9863 10439
9863 8576
10807 8576
10807 1856
13641 1856
13641 1283
9897 1283
9897 12702
10075 12702
10075 3336
11088 3336
11088 1443
11199 1443
11199 10642
9947 10642
9947 16591
10363 16591
10363 21700
21941 21700
21941 24747
9967 24747
9967 10770
9979 10770
9979 16496
10062 16496
10062 21916
10946 21916
10946 24650
17602 24650
17602 12279
9985 12279
9985 15200
11316 15200
11316 16260
11767 16260
11767 16940
12751 16940
12751 20384
13033 20384
13033 22126
10034 22126
10034 10219
10042 10219
10042 7219
10113 7219
10113 5882
11537 5882
11537 2402
17849 2402
17849 2331
10080 2331
10080 8078
10146 8078
10146 14584
11906 14584
11906 20661
14353 20661
14353 22916
22455 22916
22455 10107
10089 10107
10089 14179
10106 14179
10106 18989
10620 18989
10620 20696
22685 20696
22685 22630
10104 22630
10104 12553
10134 12553
10134 8847
10382 8847
10382 4584
13816 4584
13816 2229
19646 2229
19646 971
22089 971
22089 13594
10131 13594
10131 15397
10435 15397
10435 24750
24700 24750
24700 15621
10140 15621
10140 10924
10259 10924
10259 499
10157 499
10157 12753
10164 12753
10164 8434
11124 8434
11124 4916
12005 4916
12005 1989
16515 1989
16515 281
10177 281
10177 12971
10217 12971
10217 10291
10565 10291
10565 5640
13492 5640
13492 2424
13634 2424
13634 427
21836 427
21836 10574
10186 10574
10186 17939
10934 17939
10934 19325
12556 19325
12556 23967
14881 23967
14881 16096
10229 16096
10229 4245
10955 4245
10955 2163
12271 2163
12271 1839
10295 1839
10295 13242
10297 13242
10297 9791
10656 9791
10656 3622
19264 3622
19264 874
22406 874
22406 14361
10309 14361
10309 6271
11274 6271
11274 3811
13472 3811
13472 1834
10325 1834
10325 9631
10442 9631
10442 19248
11951 19248
11951 21246
13162 21246
13162 24662
10356 24662
10356 10812
10386 10812
10386 16360
11102 16360
11102 19269
11697 19269
11697 23715
18688 23715
18688 24514
10369 24514
10369 13686
10497 13686
10497 8793
10690 8793
10690 3911
14118 3911
14118 900
18101 900
18101 12826
10390 12826
10390 17369
11992 17369
11992 18591
13658 18591
13658 22439
22058 22439
22058 23179
10392 23179
10392 10295
10527 10295
10527 6304
11761 6304
11761 2273
15944 2273
15944 868
23492 868
23492 13510
10398 13510
10398 9279
11043 9279
11043 3995
12609 3995
12609 1805
10447 1805
10447 9703
10458 9703
10458 14442
10926 14442
10926 17209
11314 17209
11314 23931
13889 23931
13889 12132
10535 12132
10535 9957
10568 9957
10568 3897
13564 3897
13564 1837
21601 1837
21601 9237
10562 9237
10562 14089
10648 14089
10648 19342
10703 19342
10703 20257
12073 20257
12073 23214
14516 23214
14516 24300
18963 24300
18963 8344
10581 8344
10581 17910
11351 17910
11351 21945
11732 21945
11732 23943
10589 23943
10589 8183
10671 8183
10671 22211
10995 22211
10995 10304
10595 10304
10595 20441
10750 20441
10750 22952
11893 22952
11893 15728
10646 15728
10646 18354
11686 18354
11686 21641
12049 21641
12049 14362
10666 14362
10666 10225
11086 10225
11086 7530
11733 7530
11733 4181
15845 4181
15845 2034
10710 2034
10710 15926
10813 15926
10813 10840
10949 10840
10949 35
14477 35
14477 10274
10719 10274
10719 9850
11178 9850
11178 5078
13728 5078
13728 1650
24779 1650
24779 16542
10730 16542
10730 16084
10993 16084
10993 2711
15880 2711
15880 1384
10734 1384
10734 7294
10809 7294
10809 21108
17930 21108
17930 21465
18359 21465
18359 7288
10758 7288
10758 11318
11225 11318
11225 20644
17924 20644
17924 22823
24971 22823
24971 24805
10865 24805
10865 12674
11011 12674
11011 17983
14943 17983
14943 21460
19115 21460
19115 14714
10899 14714
10899 8623
11737 8623
11737 3709
18527 3709
18527 2492
19292 2492
19292 2283
10935 2283
10935 13994
11176 13994
11176 20623
11877 20623
11877 24682
17070 24682
17070 12468
10970 12468
10970 16117
11385 16117
11385 16515
11958 16515
11958 23166
19884 23166
19884 24509
11074 24509
11074 11767
11254 11767
11254 8083
11658 8083
11658 1676
12183 1676
12183 15467
11109 15467
11109 10089
11645 10089
11645 5281
12943 5281
12943 253
16248 253
16248 11903
11122 11903
11122 6664
12124 6664
12124 5436
14267 5436
14267 1337
19759 1337
19759 10189
11177 10189
11177 13919
11280 13919
11280 20107
13814 20107
13814 24572
20291 24572
20291 12855
11217 12855
11217 24603
11278 24603
11278 14948
11221 14948
11221 16013
11582 16013
11582 19675
13279 19675
13279 23513
11297 23513
11297 9332
11299 9332
11299 5116
14729 5116
14729 2719
19106 2719
19106 1385
11331 1385
11331 10041
11334 10041
11334 17363
13493 17363
13493 20338
16907 20338
16907 23294
16909 23294
16909 13223
11335 13223
11335 18765
11876 18765
11876 24071
12038 24071
12038 14091
11348 14091
11348 16454
11590 16454
11590 20630
18505 20630
18505 22400
11377 22400
11377 11286
11382 11286
11382 18740
12727 18740
12727 20893
18024 20893
18024 22528
11383 22528
11383 9867
11502 9867
11502 16957
12280 16957
12280 20516
17275 20516
17275 21661
11409 21661
11409 13744
11557 13744
11557 4101
13075 4101
13075 3531
15817 3531
15817 802
11423 802
11423 12250
11424 12250
11424 22082
17101 22082
17101 24657
11426 24657
11426 10102
11428 10102
11428 14407
12027 14407
12027 20389
13652 20389
13652 22811
17889 22811
17889 24522
11439 24522
11439 14033
11575 14033
11575 23460
22515 23460
22515 24841
11440 24841
11440 6261
11449 6261
11449 11972
11544 11972
11544 24369
23153 24369
23153 10048
11444 10048
11444 6307
11904 6307
11904 3557
15842 3557
15842 198
16186 198
16186 12315
11495 12315
11495 8227
11955 8227
11955 6054
12206 6054
12206 1266
13404 1266
13404 15600
11533 15600
11533 15125
11923 15125
11923 5671
13449 5671
13449 4354
15455 4354
15455 2474
11539 2474
11539 10934
11558 10934
11558 16477
12733 16477
12733 24564
12742 24564
12742 10749
11569 10749
11569 17567
12128 17567
12128 24670
11579 24670
11579 13200
11625 13200
11625 24437
23214 24437
23214 24499
11584 24499
11584 14896
11615 14896
11615 22544
16417 22544
16417 18215
11655 18215
11655 13638
12075 13638
12075 4204
14631 4204
14631 2800
22287 2800
22287 1902
23823 1902
23823 14116
11661 14116
11661 4894
14037 4894
14037 2623
16000 2623
16000 708
11665 708
11665 11357
11678 11357
11678 9383
12293 9383
12293 243
12303 243
12303 11152
11714 11152
11714 13077
11889 13077
11889 22812
11983 22812
11983 15482
11739 15482
11739 20294
16579 20294
16579 23473
11740 23473
11740 14676
11886 14676
11886 17608
15491 17608
15491 24804
16014 24804
16014 9797
11748 9797
11748 14276
11878 14276
11878 18592
14173 18592
14173 22524
17997 22524
17997 24544
11775 24544
11775 8842
11782 8842
11782 15006
12358 15006
12358 19208
12872 19208
12872 22993
20956 22993
20956 23263
11787 23263
11787 12732
11801 12732
11801 17036
12417 17036
12417 20917
18634 20917
18634 22087
23050 22087
23050 14832
11827 14832
11827 11638
12080 11638
12080 8621
12699 8621
12699 729
15127 729
15127 634
11840 634
11840 7086
11867 7086
11867 13860
12387 13860
12387 16074
12829 16074
12829 19183
15251 19183
15251 19570
20386 19570
20386 21933
20929 21933
20929 7382
11854 7382
11854 10240
12059 10240
12059 11589
12300 11589
12300 20412
12960 20412
12960 11013
11871 11013
11871 17187
12734 17187
12734 20657
18926 20657
18926 23182
11917 23182
11917 8126
11918 8126
11918 12143
12078 12143
12078 15259
12449 15259
12449 20475
16250 20475
16250 23997
17161 23997
17161 9606
11978 9606
11978 8900
12237 8900
12237 7033
13755 7033
13755 5345
16523 5345
16523 27
12125 27
12125 12167
12141 12167
12141 8540
12574 8540
12574 618
12910 618
12910 12158
12146 12158
12146 15525
13051 15525
13051 19666
14348 19666
14348 24368
20182 24368
20182 12672
12181 12672
12181 5739
13408 5739
13408 2856
24534 2856
24534 368
12211 368
12211 12470
12621 12470
12621 3825
20510 3825
20510 2680
12216 2680
12216 13506
12274 13506
12274 9134
12873 9134
12873 6066
17401 6066
17401 3131
12219 3131
12219 14029
12240 14029
12240 150
13096 150
13096 15069
12312 15069
12312 13695
12567 13695
12567 6795
12680 6795
12680 5472
13241 5472
13241 3072
16606 3072
16606 1868
12321 1868
12321 8402
12378 8402
12378 14825
12774 14825
12774 19819
15749 19819
15749 22239
12336 22239
12336 8495
12384 8495
12384 17808
13421 17808
13421 19524
14932 19524
14932 19905
16296 19905
16296 21763
19113 21763
19113 23621
12344 23621
12344 11732
12349 11732
12349 9282
13081 9282
13081 6686
13635 6686
13635 2405
14827 2405
14827 1919
12368 1919
12368 13618
12563 13618
12563 17633
13261 17633
13261 20507
15017 20507
15017 22274
19718 22274
19718 7404
12419 7404
12419 13085
12506 13085
12506 16510
13679 16510
13679 16684
14759 16684
14759 22950
12438 22950
12438 11821
12624 11821
12624 5324
14727 5324
14727 3137
19461 3137
19461 1571
23779 1571
23779 25
12447 25
12447 8796
12525 8796
12525 11523
12630 11523
12630 13753
12752 13753
12752 16293
13411 16293
13411 18567
16583 18567
16583 23096
12512 23096
12512 8235
12645 8235
12645 23737
12732 23737
12732 10687
12527 10687
12527 12429
13047 12429
13047 20766
14911 20766
14911 22241
12549 22241
12549 11462
12686 11462
12686 7674
13020 7674
13020 820
13832 820
13832 14214
12559 14214
12559 9829
12847 9829
12847 9506
13250 9506
13250 6550
14421 6550
14421 1706
16105 1706
16105 14055
12622 14055
12622 10168
13117 10168
13117 8138
14390 8138
14390 1699
12643 1699
12643 10063
12660 10063
12660 18406
13827 18406
13827 22801
12670 22801
12670 6026
12712 6026
12712 17165
13123 17165
13123 20708
15963 20708
15963 23376
17066 23376
17066 14866
12674 14866
12674 9250
13213 9250
13213 3736
18918 3736
18918 2398
19344 2398
19344 12203
12700 12203
12700 5112
15601 5112
15601 3028
16124 3028
16124 2198
12721 2198
12721 12042
12805 12042
12805 18220
13949 18220
13949 24229
19677 24229
19677 24761
12775 24761
12775 13823
12823 13823
12823 11025
12936 11025
12936 9801
13179 9801
13179 4406
17596 4406
17596 3226
18944 3226
18944 14682
12828 14682
12828 15515
12913 15515
12913 17893
14735 17893
14735 19823
15446 19823
15446 22612
16678 22612
16678 12952
12863 12952
12863 16178
13534 16178
13534 17820
15603 17820
15603 20332
18989 20332
18989 21339
24302 21339
24302 21944
12886 21944
12886 12180
12917 12180
12917 8448
13483 8448
13483 5625
16335 5625
16335 3690
22812 3690
22812 3198
12890 3198
12890 13275
13032 13275
13032 16675
14103 16675
14103 23395
14648 23395
14648 10636
12949 10636
12949 15725
13407 15725
13407 18130
13922 18130
13922 22313
19698 22313
19698 11046
13041 11046
13041 13748
13663 13748
13663 21692
13892 21692
13892 24899
15312 24899
15312 7906
13052 7906
13052 12795
13115 12795
13115 17140
14254 17140
14254 19932
18857 19932
18857 24152
19929 24152
19929 12834
13071 12834
13071 6180
13210 6180
13210 493
18932 493
18932 13176
13076 13176
13076 12003
13153 12003
13153 7780
13239 7780
13239 269
23869 269
23869 14168
13132 14168
13132 17814
13346 17814
13346 19236
14363 19236
14363 23608
19030 23608
19030 10894
13173 10894
13173 6739
13566 6739
13566 580
24392 580
24392 488
13187 488
13187 9799
13237 9799
13237 9493
13323 9493
13323 7184
14333 7184
14333 5302
15911 5302
15911 1544
15918 1544
15918 15165
13199 15165
13199 9497
13445 9497
13445 1646
15928 1646
15928 16371
13200 16371
13200 88
13830 88
13830 36
13218 36
13218 12205
13327 12205
13327 12135
13559 12135
13559 5833
14115 5833
14115 3986
19463 3986
19463 1811
23382 1811
23382 11076
13231 11076
13231 10743
13379 10743
13379 4694
14544 4694
14544 2549
16571 2549
16571 1313
13272 1313
13272 10552
13293 10552
13293 6220
15219 6220
15219 2986
21973 2986
21973 1528
13297 1528
13297 9563
13312 9563
13312 18264
13451 18264
13451 20606
15364 20606
15364 23691
13368 23691
13368 10663
13391 10663
13391 949
13415 949
13415 16107
13414 16107
13414 8643
13505 8643
13505 6314
13944 6314
13944 4707
16655 4707
16655 3973
20051 3973
20051 1211
20577 1211
20577 12759
13430 12759
13430 8400
13579 8400
13579 723
20498 723
20498 299
13433 299
13433 14356
13479 14356
13479 23607
13790 23607
13790 9775
13446 9775
13446 11083
13673 11083
13673 15163
14017 15163
14017 22380
22328 22380
22328 12715
13481 12715
13481 10829
13674 10829
13674 6977
13838 6977
13838 23
15229 23
15229 10539
13510 10539
13510 13565
13623 13565
13623 21240
21290 21240
21290 21614
13569 21614
13569 14151
13625 14151
13625 17721
15276 17721
15276 21609
17050 21609
17050 7734
13598 7734
13598 14238
13675 14238
13675 19775
20065 19775
20065 24790
24833 24790
24833 11163
13638 11163
13638 12885
14097 12885
14097 18494
14668 18494
14668 20776
15053 20776
15053 22230
20558 22230
20558 12306
13653 12306
13653 16425
13739 16425
13739 24472
15246 24472
15246 8868
13725 8868
13725 9094
13771 9094
13771 13773
13823 13773
13823 19944
15329 19944
15329 22530
23755 22530
23755 10158
13734 10158
13734 5813
14220 5813
14220 3308
19458 3308
19458 1719
24473 1719
24473 10374
13764 10374
13764 13973
14140 13973
14140 20078
15461 20078
15461 23665
13809 23665
13809 15629
13940 15629
13940 9417
14493 9417
14493 6934
17862 6934
17862 1635
19572 1635
19572 1442
13826 1442
13826 10845
13859 10845
13859 8346
16090 8346
16090 3895
16294 3895
16294 7074
13828 7074
13828 10184
13865 10184
13865 24796
13852 24796
13852 6541
13913 6541
13913 20387
14008 20387
14008 22958
14655 22958
14655 10634
13945 10634
13945 9687
14088 9687
14088 5210
14725 5210
14725 492
23575 492
23575 408
13974 408
13974 14525
14033 14525
14033 4389
16339 4389
16339 1648
23354 1648
23354 1082
13990 1082
13990 16373
13997 16373
13997 11948
14120 11948
14120 9738
15000 9738
15000 7115
15508 7115
15508 3919
23727 3919
23727 2980
14005 2980
14005 8543
14014 8543
14014 18700
14618 18700
14618 22177
14060 22177
14060 13374
14101 13374
14101 7978
14150 7978
14150 7076
14613 7076
14613 5200
15121 5200
15121 2057
19211 2057
19211 1339
14068 1339
14068 6339
14114 6339
14114 13053
14460 13053
14460 16649
14560 16649
14560 23850
16693 23850
16693 9973
14089 9973
14089 10580
14193 10580
14193 21809
24770 21809
24770 22725
14102 22725
14102 6303
14232 6303
14232 19076
14677 19076
14677 22296
18409 22296
18409 22910
24467 22910
24467 11460
14105 11460
14105 7208
14196 7208
14196 3498
14522 3498
14522 766
15893 766
15893 10516
14131 10516
14131 17522
16533 17522
16533 18781
18624 18781
18624 21635
20104 21635
20104 10210
14143 10210
14143 24818
14250 24818
14250 8394
14164 8394
14164 13494
14302 13494
14302 20649
15853 20649
15853 22477
14167 22477
14167 16851
14215 16851
14215 5152
15134 5152
15134 3839
17496 3839
17496 1136
22483 1136
22483 9435
14177 9435
14177 10508
14246 10508
14246 22716
20295 22716
20295 23523
14183 23523
14183 10275
14211 10275
14211 13981
14478 13981
14478 20048
16480 20048
16480 22825
14187 22825
14187 9614
14191 9614
14191 17413
15699 17413
15699 19611
16843 19611
16843 22423
14252 22423
14252 9173
14309 9173
14309 13129
15013 13129
15013 17288
16876 17288
16876 18128
19915 18128
19915 20524
14292 20524
14292 15351
14458 15351
14458 1796
14323 1796
14323 14192
14456 14192
14456 8374
15555 8374
15555 5269
20958 5269
20958 3684
21158 3684
21158 12088
14342 12088
14342 14617
15105 14617
15105 15799
15876 15799
15876 21042
16389 21042
16389 22618
23607 22618
23607 8471
14372 8471
14372 7559
14656 7559
14656 1944
16975 1944
16975 517
21374 517
21374 10689
14451 10689
14451 11154
14505 11154
14505 16769
15106 16769
15106 22676
20448 22676
20448 13532
14475 13532
14475 13370
14817 13370
14817 97
24343 97
24343 9646
14515 9646
14515 12979
14644 12979
14644 18276
15882 18276
15882 22381
20221 22381
20221 24174
14559 24174
14559 10861
14585 10861
14585 16414
15517 16414
15517 21524
16664 21524
16664 23774
14665 23774
14665 7659
14683 7659
14683 18579
16505 18579
16505 24780
18406 24780
18406 14080
14671 14080
14671 13978
15002 13978
15002 6069
15231 6069
15231 2469
20499 2469
20499 1259
14689 1259
14689 11040
14715 11040
14715 18158
14974 18158
14974 20503
23227 20503
23227 24144
14771 24144
14771 15614
14880 15614
14880 7927
15546 7927
15546 2162
18180 2162
18180 1869
14802 1869
14802 9550
14872 9550
14872 7774
16989 7774
16989 1190
18036 1190
18036 16306
14806 16306
14806 14954
14947 14954
14947 3494
16507 3494
16507 2586
23579 2586
23579 15649
14814 15649
14814 6948
17294 6948
17294 2417
18536 2417
18536 1890
22334 1890
22334 1249
14857 1249
14857 19262
14969 19262
14969 4115
18882 4115
18882 2090
14873 2090
14873 10231
14914 10231
14914 15936
16057 15936
16057 17881
17438 17881
17438 20611
22307 20611
22307 23368
14925 23368
14925 14992
14992 14992
14992 11965
15539 11965
15539 5540
15846 5540
15846 2019
16431 2019
16431 13359
14986 13359
14986 11393
15358 11393
15358 10257
15515 10257
15515 2737
20215 2737
20215 1901
15016 1901
15016 12209
15037 12209
15037 4978
18299 4978
18299 4199
24823 4199
24823 3749
15039 3749
15039 8086
15094 8086
15094 13818
15174 13818
15174 24713
20043 24713
20043 16523
15049 16523
15049 11466
15410 11466
15410 4061
20817 4061
20817 632
15065 632
15065 4461
15080 4461
15080 14135
15204 14135
15204 18937
15684 18937
15684 23820
18248 23820
18248 12333
15107 12333
15107 13790
15659 13790
15659 23292
15160 23292
15160 13290
15414 13290
15414 20222
23402 20222
23402 24867
15166 24867
15166 12733
15368 12733
15368 17256
15827 17256
15827 24063
18628 24063
18628 13880
15199 13880
15199 17776
15287 17776
15287 24768
24293 24768
24293 13098
15227 13098
15227 12912
15323 12912
15323 4585
15927 4585
15927 1407
21634 1407
21634 6467
15260 6467
15260 4233
16183 4233
16183 3241
24871 3241
24871 2621
15338 2621
15338 13976
15406 13976
15406 17696
15869 17696
15869 23498
18499 23498
18499 14582
15343 14582
15343 12820
15541 12820
15541 8684
16511 8684
16511 1911
18940 1911
18940 1545
15506 1545
15506 12779
15599 12779
15599 8625
15970 8625
15970 3984
17954 3984
17954 3099
19120 3099
19120 13305
15521 13305
15521 11456
15768 11456
15768 2483
18124 2483
18124 1500
15566 1500
15566 8282
15736 8282
15736 17073
18167 17073
18167 23964
15578 23964
15578 16072
15624 16072
15624 5027
19138 5027
19138 4097
23927 4097
23927 4036
15630 4036
15630 8629
15990 8629
15990 17742
16202 17742
16202 19309
19950 19309
19950 23672
15669 23672
15669 11894
15698 11894
15698 20613
18533 20613
18533 21121
24216 21121
24216 21845
15701 21845
15701 13727
15709 13727
15709 11631
16059 11631
16059 8037
16584 8037
16584 3623
17270 3623
17270 12425
15718 12425
15718 17624
16156 17624
16156 19379
18454 19379
18454 21653
15728 21653
15728 12645
15823 12645
15823 13813
16405 13813
16405 18416
18838 18416
18838 22753
21554 22753
21554 10336
15742 10336
15742 5336
17287 5336
17287 2758
18035 2758
18035 11983
15788 11983
15788 13756
16151 13756
16151 19384
17909 19384
17909 22815
18018 22815
18018 13474
15796 13474
15796 13380
15945 13380
15945 8407
16855 8407
16855 4045
20621 4045
20621 1593
24327 1593
24327 54
15830 54
15830 13331
15901 13331
15901 17473
17524 17473
17524 21911
17661 21911
17661 16508
15987 16508
15987 11506
16408 11506
16408 4178
23559 4178
23559 3465
16017 3465
16017 12409
16159 12409
16159 22955
16894 22955
16894 14589
16019 14589
16019 11974
16336 11974
16336 2442
17741 2442
17741 273
18507 273
18507 10664
16045 10664
16045 17415
16695 17415
16695 18576
18031 18576
18031 22302
19361 22302
19361 7727
16049 7727
16049 19721
16388 19721
16388 21394
24535 21394
24535 13728
16076 13728
16076 9331
16895 9331
16895 6382
17014 6382
17014 2834
16093 2834
16093 17304
16114 17304
16114 1559
18064 1559
18064 14001
16178 14001
16178 16732
16398 16732
16398 20506
24067 20506
24067 13504
16206 13504
16206 17310
16256 17310
16256 20381
19674 20381
19674 22980
16228 22980
16228 18877
16347 18877
16347 11572
16543 11572
16543 6472
18046 6472
18046 3793
16261 3793
16261 10022
16293 10022
16293 5618
19054 5618
19054 1568
23411 1568
23411 12505
16266 12505
16266 10418
16528 10418
16528 2288
16271 2288
16271 11577
16363 11577
16363 18313
16942 18313
16942 21616
23210 21616
23210 7257
16279 7257
16279 18532
16377 18532
16377 24202
17716 24202
17716 10281
16302 10281
16302 7881
17090 7881
17090 6284
17615 6284
17615 3157
19489 3157
19489 11708
16348 11708
16348 10233
16810 10233
16810 4139
19963 4139
19963 3501
16407 3501
16407 4759
16482 4759
16482 12727
16836 12727
16836 16108
17299 16108
17299 18631
19668 18631
19668 20961
16409 20961
16409 8743
16506 8743
16506 18002
18776 18002
18776 21307
22737 21307
22737 23549
16416 23549
16416 12683
16459 12683
16459 6113
16560 6113
16560 2542
19111 2542
19111 5655
16564 5655
16564 6570
16679 6570
16679 19265
18275 19265
18275 24706
20662 24706
20662 16669
16572 16669
16572 15891
16754 15891
16754 384
16816 384
16816 6763
16593 6763
16593 9514
16776 9514
16776 23724
17044 23724
17044 14981
16630 14981
16630 11047
16881 11047
16881 6092
17718 6092
17718 860
22794 860
22794 8734
16633 8734
16633 18953
17405 18953
17405 20139
22400 20139
22400 21450
16646 21450
16646 12649
16734 12649
16734 5770
17165 5770
17165 5304
18098 5304
18098 5993
16667 5993
16667 4795
18621 4795
18621 1100
24795 1100
24795 569
16682 569
16682 15253
16712 15253
16712 18023
24008 18023
24008 20881
16751 20881
16751 15468
16789 15468
16789 7138
16927 7138
16927 6237
19004 6237
19004 3976
19278 3976
19278 9408
16766 9408
16766 21629
17200 21629
17200 23002
16777 23002
16777 6983
16823 6983
16823 15851
18597 15851
18597 20863
22365 20863
22365 16365
16781 16365
16781 11481
17015 11481
17015 8276
18297 8276
18297 5715
22804 5715
22804 5408
16791 5408
16791 15776
16792 15776
16792 5037
19372 5037
19372 3662
23836 3662
23836 2906
16814 2906
16814 12585
16857 12585
16857 3108
17109 3108
17109 15695
16873 15695
16873 14644
16924 14644
16924 2382
18935 2382
18935 2076
16917 2076
16917 8668
16947 8668
16947 21671
16929 21671
16929 15088
16953 15088
16953 8703
17762 8703
17762 1950
21614 1950
21614 15986
16961 15986
16961 24383
18636 24383
18636 24441
16970 24441
16970 14081
17001 14081
17001 1400
22567 1400
22567 987
16987 987
16987 17331
17037 17331
17037 629
17003 629
17003 11470
17033 11470
17033 6746
17579 6746
17579 2722
17829 2722
17829 16139
17021 16139
17021 19569
17231 19569
17231 24196
17028 24196
17028 8614
17058 8614
17058 22430
17103 22430
17103 11034
17036 11034
17036 10452
17077 10452
17077 5809
18135 5809
18135 4396
21482 4396
21482 2265
17061 2265
17061 15113
17176 15113
17176 20529
18229 20529
18229 23484
20286 23484
20286 12056
17085 12056
17085 11696
17281 11696
17281 9096
18278 9096
18278 806
17099 806
17099 8875
17116 8875
17116 18499
20146 18499
20146 22883
24558 22883
24558 7122
17120 7122
17120 10680
17140 10680
17140 20012
21615 20012
21615 20838
17123 20838
17123 13424
17139 13424
17139 2597
17840 2597
17840 1765
17149 1765
17149 11412
17310 11412
17310 16124
17569 16124
17569 22557
17937 22557
17937 8388
17154 8388
17154 6891
18522 6891
18522 3647
24484 3647
24484 10785
17163 10785
17163 12722
18045 12722
18045 15740
19123 15740
19123 19275
22440 19275
22440 9730
17169 9730
17169 3927
17303 3927
17303 3225
22635 3225
22635 939
23876 939
23876 15012
17195 15012
17195 12895
17260 12895
17260 4524
17749 4524
17749 4235
21427 4235
21427 3441
17197 3441
17197 11261
17208 11261
17208 15508
17451 15508
17451 16630
19642 16630
19642 23446
17213 23446
17213 9364
17323 9364
17323 2008
17376 2008
17376 13923
17272 13923
17272 12761
17628 12761
17628 5562
19116 5562
19116 4261
21617 4261
21617 2660
17395 2660
17395 12833
17505 12833
17505 8689
18008 8689
18008 3657
22133 3657
22133 3290
17409 3290
17409 8312
17484 8312
17484 15895
18596 15895
18596 18418
23562 18418
23562 21184
17427 21184
17427 15771
17434 15771
17434 8723
17775 8723
17775 8347
18478 8347
18478 5460
19529 5460
19529 1241
20300 1241
20300 11879
17466 11879
17466 7618
20597 7618
20597 2370
21226 2370
21226 10767
17474 10767
17474 14360
18026 14360
18026 19430
24033 19430
24033 20103
17525 20103
17525 11752
17538 11752
17538 4044
18707 4044
18707 1435
24039 1435
24039 9366
17537 9366
17537 11690
17576 11690
17576 12580
17882 12580
17882 13448
18106 13448
18106 19893
22761 19893
22761 22320
17559 22320
17559 15556
17797 15556
17797 6735
17921 6735
17921 31
17605 31
17605 9577
17713 9577
17713 4436
17821 4436
17821 9978
17623 9978
17623 12521
17982 12521
17982 20840
22586 20840
22586 21857
22772 21857
22772 16487
17646 16487
17646 15640
17710 15640
17710 2978
23352 2978
23352 975
24517 975
24517 9770
17669 9770
17669 12204
17776 12204
17776 14700
18586 14700
18586 24501
24516 24501
24516 9292
17682 9292
17682 11450
17976 11450
17976 16031
18302 16031
18302 18208
19184 18208
19184 22134
21449 22134
21449 24940
22930 24940
22930 8714
17724 8714
17724 7603
19638 7603
19638 4051
21710 4051
21710 2559
17760 2559
17760 14741
17794 14741
17794 9445
17886 9445
17886 298
21028 298
21028 245
17774 245
17774 10672
17798 10672
17798 19415
18481 19415
18481 19757
21541 19757
21541 23136
17858 23136
17858 14195
18119 14195
18119 20067
19974 20067
19974 22068
22660 22068
22660 23830
17860 23830
17860 8954
18219 8954
18219 22751
18351 22751
18351 11186
17869 11186
17869 7368
18422 7368
18422 4413
20477 4413
20477 9773
17877 9773
17877 10984
17914 10984
17914 23296
18105 23296
18105 9871
17919 9871
17919 10097
17974 10097
17974 14936
18557 14936
18557 21864
18567 21864
18567 9194
17973 9194
17973 7272
18836 7272
18836 4214
22284 4214
22284 1118
18015 1118
18015 14821
18061 14821
18061 3744
19280 3744
19280 3472
18016 3472
18016 10413
18040 10413
18040 731
19247 731
19247 14364
18085 14364
18085 12015
18470 12015
18470 6302
18993 6302
18993 4582
24965 4582
24965 11132
18107 11132
18107 5866
19084 5866
19084 1504
20158 1504
20158 9567
18160 9567
18160 12151
18205 12151
18205 19979
19075 19979
19075 21451
18164 21451
18164 7001
18211 7001
18211 13936
18367 13936
18367 19264
19337 19264
19337 20301
18175 20301
18175 8209
18253 8209
18253 20792
19136 20792
19136 21597
18227 21597
18227 6993
18546 6993
18546 19793
19637 19793
19637 24896
18230 24896
18230 9952
18386 9952
18386 17284
18682 17284
18682 18935
22427 18935
22427 21272
18231 21272
18231 15212
18269 15212
18269 19625
18301 19625
18301 7500
18250 7500
18250 9723
18338 9723
18338 14046
18607 14046
18607 17840
20127 17840
20127 21174
23713 21174
23713 14785
18270 14785
18270 18737
18273 18737
18273 9197
18271 9197
18271 15383
18491 15383
18491 17886
21297 17886
21297 21610
18287 21610
18287 6969
18635 6969
18635 21416
21892 21416
21892 9238
18355 9238
18355 10897
18413 10897
18413 13012
18487 13012
18487 20448
20113 20448
20113 12134
18388 12134
18388 10858
18440 10858
18440 6584
19656 6584
19656 3427
21149 3427
21149 8907
18399 8907
18399 13306
19078 13306
19078 22058
20892 22058
20892 12028
18458 12028
18458 21520
21237 21520
21237 21966
18484 21966
18484 14244
18526 14244
18526 23022
22214 23022
22214 24651
18512 24651
18512 6738
18604 6738
18604 19640
24821 19640
24821 22776
18544 22776
18544 9416
18598 9416
18598 16080
18990 16080
18990 18990
21608 18990
21608 20989
23414 20989
23414 23995
18565 23995
18565 12034
18592 12034
18592 16906
20493 16906
20493 21470
18572 21470
18572 9231
18616 9231
18616 6222
20282 6222
20282 4145
18608 4145
18608 11161
18762 11161
18762 18185
19093 18185
19093 7572
18618 7572
18618 5087
19565 5087
19565 1179
21326 1179
21326 10268
18640 10268
18640 11328
19282 11328
19282 20830
18648 20830
18648 10242
18756 10242
18756 7023
21578 7023
21578 2274
23774 2274
23774 14241
18735 14241
18735 5065
19085 5065
19085 2537
18747 2537
18747 8091
18769 8091
18769 11259
19061 11259
19061 12929
19410 12929
19410 18241
22199 18241
22199 20207
24809 20207
24809 21497
18777 21497
18777 10740
18957 10740
18957 14608
19528 14608
19528 16908
23770 16908
23770 17734
24050 17734
24050 8114
18787 8114
18787 7829
19403 7829
19403 4663
23396 4663
23396 2677
18789 2677
18789 14756
18825 14756
18825 17409
19933 17409
19933 23077
20514 23077
20514 7538
18809 7538
18809 8042
18928 8042
18928 12651
19335 12651
19335 18463
20045 18463
20045 22906
20433 22906
20433 7646
18863 7646
18863 15300
19129 15300
19129 20444
20068 20444
20068 22268
23814 22268
23814 9507
18975 9507
18975 12069
20086 12069
20086 17865
20970 17865
20970 22523
23312 22523
23312 23206
18997 23206
18997 9314
19000 9314
19000 21525
21771 21525
21771 22543
22473 22543
22473 23359
19013 23359
19013 10170
19055 10170
19055 17985
20816 17985
20816 22363
24658 22363
24658 17149
19024 17149
19024 11831
19165 11831
19165 7276
19691 7276
19691 4843
23805 4843
23805 2386
19073 2386
19073 9826
19131 9826
19131 17354
20088 17354
20088 20460
20997 20460
20997 21887
23457 21887
23457 8696
19087 8696
19087 18044
21154 18044
21154 19050
19090 19050
19090 7487
19127 7487
19127 22326
22643 22326
22643 22819
19098 22819
19098 7648
19121 7648
19121 3862
21004 3862
21004 7246
19103 7246
19103 9813
19329 9813
19329 13540
19940 13540
19940 19448
21594 19448
21594 20682
24588 20682
24588 11074
19132 11074
19132 7775
21415 7775
21415 4560
24458 4560
24458 17091
19151 17091
19151 8609
20014 8609
20014 1026
20205 1026
20205 8101
19160 8101
19160 8106
19462 8106
19462 16442
20999 16442
20999 22246
19197 22246
19197 7339
19481 7339
19481 19830
24412 19830
24412 24122
19262 24122
19262 12449
19323 12449
19323 19714
23485 19714
23485 13681
19285 13681
19285 9253
19310 9253
19310 4365
19442 4365
19442 180
19301 180
19301 9630
19511 9630
19511 14464
19738 14464
19738 21073
21717 21073
21717 21821
19348 21821
19348 11604
19360 11604
19360 5736
20144 5736
20144 712
19358 712
19358 8952
19375 8952
19375 13977
20046 13977
20046 18985
23047 18985
23047 23250
19378 23250
19378 11043
19514 11043
19514 23776
20120 23776
20120 24565
19389 24565
19389 8572
19504 8572
19504 3483
22175 3483
22175 1943
19460 1943
19460 11284
19470 11284
19470 19268
19564 19268
19564 7642
19483 7642
19483 9913
19592 9913
19592 18597
24259 18597
24259 23058
19551 23058
19551 16864
19700 16864
19700 6062
22126 6062
22126 3943
23660 3943
23660 3612
19598 3612
19598 12777
19655 12777
19655 9981
20035 9981
20035 2525
23356 2525
23356 10701
19619 10701
19619 7521
20293 7521
20293 5969
22140 5969
22140 3663
19639 3663
19639 9855
19686 9855
19686 1276
19654 1276
19654 5681
19726 5681
19726 14711
19911 14711
19911 16900
23446 16900
23446 20875
24494 20875
24494 9940
19675 9940
19675 17462
20926 17462
20926 20612
21355 20612
21355 10000
19697 10000
19697 12403
20322 12403
20322 14183
21161 14183
21161 16300
21592 16300
21592 17680
22266 17680
22266 22969
19729 22969
19729 14543
19827 14543
19827 8589
20636 8589
20636 3207
22467 3207
22467 833
19736 833
19736 10461
19828 10461
19828 22978
20233 22978
20233 13018
19805 13018
19805 12398
19849 12398
19849 1720
21319 1720
21319 10993
19839 10993
19839 12933
20306 12933
20306 16997
22158 16997
22158 19620
22760 19620
22760 19713
19868 19713
19868 11864
19951 11864
19951 20531
24342 20531
24342 23369
19870 23369
19870 13481
19880 13481
19880 11053
20125 11053
20125 8867
20855 8867
20855 6581
22115 6581
22115 2493
22560 2493
22560 7126
19900 7126
19900 9351
20032 9351
20032 21020
21033 21020
21033 24129
19927 24129
19927 7558
20151 7558
20151 19441
24773 19441
24773 20236
19928 20236
19928 10850
20412 10850
20412 6706
21749 6706
21749 5602
23981 5602
23981 11697
19959 11697
19959 5836
22454 5836
22454 2049
20007 2049
20007 10942
20131 10942
20131 14154
20384 14154
20384 17938
20628 17938
20628 20284
22209 20284
22209 12317
20013 12317
20013 10950
20259 10950
20259 5233
21317 5233
21317 2768
20082 2768
20082 16375
20099 16375
20099 313
21052 313
21052 15513
20103 15513
20103 15997
20431 15997
20431 18641
24701 18641
24701 19584
20109 19584
20109 13932
20367 13932
20367 20191
24404 20191
24404 23646
20175 23646
20175 9255
20222 9255
20222 16708
20733 16708
20733 22375
24141 22375
24141 12076
20213 12076
20213 14607
20583 14607
20583 15809
21015 15809
21015 19035
24434 19035
24434 20628
20283 20628
20283 11751
20317 11751
20317 8075
20468 8075
20468 539
21653 539
21653 8508
20292 8508
20292 10624
20378 10624
20378 14965
20487 14965
20487 18369
22085 18369
22085 21771
20310 21771
20310 9454
20383 9454
20383 3478
23004 3478
23004 14973
20385 14973
20385 12528
20607 12528
20607 7599
21445 7599
21445 6452
20424 6452
20424 15698
20446 15698
20446 3746
22015 3746
22015 3713
20427 3713
20427 11064
20456 11064
20456 16969
20848 16969
20848 19041
21751 19041
21751 24158
22522 24158
22522 8886
20441 8886
20441 15231
20691 15231
20691 17468
22300 17468
22300 21500
23667 21500
23667 15391
20453 15391
20453 11303
20578 11303
20578 6010
24217 6010
24217 5072
20457 5072
20457 9781
20679 9781
20679 6358
21091 6358
21091 3497
20520 3497
20520 12426
20531 12426
20531 22649
20951 22649
20951 12884
20526 12884
20526 9601
20994 9601
20994 5242
21198 5242
21198 15016
20538 15016
20538 9909
20771 9909
20771 4817
22704 4817
22704 1658
22861 1658
22861 15082
20563 15082
20563 11441
21020 11441
21020 9564
21277 9564
21277 4510
22366 4510
22366 4427
20599 4427
20599 13005
20716 13005
20716 10756
20822 10756
20822 4588
20629 4588
20629 8087
20831 8087
20831 21906
21386 21906
21386 15361
20640 15361
20640 16954
21668 16954
21668 22431
20700 22431
20700 9510
20725 9510
20725 15100
20915 15100
20915 17619
24980 17619
24980 19119
20744 19119
20744 12305
20845 12305
20845 17863
23556 17863
23556 18819
20769 18819
20769 10977
20945 10977
20945 7804
21679 7804
21679 5322
20786 5322
20786 14592
20957 14592
20957 3455
21080 3455
21080 13312
20849 13312
20849 14558
20906 14558
20906 20084
22161 20084
22161 11302
20860 11302
20860 12467
21473 12467
21473 17421
22912 17421
22912 19496
23807 19496
23807 6272
20885 6272
20885 12643
20968 12643
20968 20244
23017 20244
23017 21608
20900 21608
20900 8431
20980 8431
20980 16123
22667 16123
22667 20285
20984 20285
20984 16356
21043 16356
21043 18104
20987 18104
20987 13983
21026 13983
21026 23819
21282 23819
21282 13170
21013 13170
21013 9247
21099 9247
21099 6158
21517 6158
21517 5870
21038 5870
21038 7212
21078 7212
21078 1329
21066 1329
21066 17194
21152 17194
21152 20887
21307 20887
21307 11698
21071 11698
21071 10110
21135 10110
21135 5397
24083 5397
24083 2653
24426 2653
24426 12595
21075 12595
21075 17049
23497 17049
23497 24051
23783 24051
23783 15247
21087 15247
21087 4236
23154 4236
23154 2041
23325 2041
23325 6512
21097 6512
21097 1542
21182 1542
21182 13815
21110 13815
21110 8671
21221 8671
21221 3725
21722 3725
21722 12166
21128 12166
21128 7770
21373 7770
21373 4183
23829 4183
23829 1316
21138 1316
21138 15539
21206 15539
21206 10367
21534 10367
21534 5471
22088 5471
22088 4807
21150 4807
21150 12740
21442 12740
21442 21333
21212 21333
21212 16412
21240 16412
21240 9794
21532 9794
21532 1748
21248 1748
21248 11298
21275 11298
21275 9111
21782 9111
21782 1193
21287 1193
21287 15017
21310 15017
21310 1254
21886 1254
21886 10364
21299 10364
21299 12960
21837 12960
21837 14762
22536 14762
22536 18875
23491 18875
23491 12630
21341 12630
21341 8563
21423 8563
21423 7751
21624 7751
21624 6614
21915 6614
21915 3149
21344 3149
21344 11340
21349 11340
21349 16681
21539 16681
21539 19520
21352 19520
21352 7017
21353 7017
21353 17772
21425 17772
21425 24800
21356 24800
21356 11002
21389 11002
21389 21463
21747 21463
21747 11212
21380 11212
21380 14835
21591 14835
21591 23804
23323 23804
23323 12720
21387 12720
21387 13384
21429 13384
21429 18730
24175 18730
24175 20085
24214 20085
24214 8996
21404 8996
21404 12909
21584 12909
21584 21893
24341 21893
24341 22098
21420 22098
21420 9908
21444 9908
21444 20802
23463 20802
23463 15230
21481 15230
21481 15324
21667 15324
21667 21930
21560 21930
21560 12739
21581 12739
21581 23442
23377 23442
23377 12677
21587 12677
21587 8885
22198 8885
22198 5588
24200 5588
24200 3238
21609 3238
21609 10777
21754 10777
21754 4658
21628 4658
21628 11017
21725 11017
21725 4503
24322 4503
24322 1000
21674 1000
21674 9643
21728 9643
21728 607
21693 607
21693 12752
21899 12752
21899 5341
23434 5341
23434 6903
21738 6903
21738 6856
22719 6856
22719 5544
21760 5544
21760 7613
21827 7613
21827 21611
21774 21611
21774 6463
21972 6463
21972 5808
22967 5808
22967 8611
21788 8611
21788 8776
22072 8776
22072 14814
22825 14814
22825 18587
24391 18587
24391 18912
21820 18912
21820 12526
21929 12526
21929 17950
22677 17950
22677 7985
21843 7985
21843 15285
23709 15285
23709 19487
21844 19487
21844 12807
21909 12807
21909 17410
23974 17410
23974 18351
21848 18351
21848 8494
21928 8494
21928 5755
22956 5755
22956 7737
21853 7737
21853 14675
23060 14675
23060 19759
21906 19759
21906 12002
21970 12002
21970 11769
22079 11769
22079 3453
22332 3453
22332 12480
21934 12480
21934 18196
22051 18196
22051 7096
22004 7096
22004 1285
22188 1285
22188 15872
22041 15872
22041 14882
22187 14882
22187 4751
24895 4751
24895 4551
22086 4551
22086 14213
22264 14213
22264 18049
23406 18049
23406 21293
23873 21293
23873 9305
22123 9305
22123 15939
22317 15939
22317 21903
23162 21903
23162 8741
22127 8741
22127 4660
24006 4660
24006 2176
24563 2176
24563 8591
22167 8591
22167 15198
22184 15198
22184 22066
22185 22066
22185 9412
22183 9412
22183 10819
22429 10819
22429 22323
22865 22323
22865 12587
22234 12587
22234 4904
23124 4904
23124 2291
22235 2291
22235 7051
22306 7051
22306 20005
22851 20005
22851 13927
22244 13927
22244 13497
22965 13497
22965 10832
23263 10832
23263 7895
23855 7895
23855 5226
22288 5226
22288 11808
22321 11808
22321 2123
22298 2123
22298 11295
22445 11295
22445 3174
22731 3174
22731 10125
22313 10125
22313 11426
22472 11426
22472 18836
22753 18836
22753 20739
23892 20739
23892 12966
22344 12966
22344 15588
23144 15588
23144 18482
23583 18482
23583 17029
22381 17029
22381 8293
22518 8293
22518 7488
24230 7488
24230 6119
24932 6119
24932 5103
22450 5103
22450 16996
22565 16996
22565 19921
23313 19921
23313 7337
22456 7337
22456 13545
22827 13545
22827 16790
23847 16790
23847 18394
24781 18394
24781 22504
22460 22504
22460 11784
22562 11784
22562 7522
24180 7522
24180 4815
22511 4815
22511 7069
22561 7069
22561 23194
23211 23194
23211 8819
22524 8819
22524 15122
22715 15122
22715 17042
23141 17042
23141 21309
23217 21309
23217 17847
22540 17847
22540 16268
22848 16268
22848 7493
22867 7493
22867 2769
23543 2769
23543 1469
22556 1469
22556 10033
22734 10033
22734 8324
23430 8324
23430 4805
24269 4805
24269 4285
22592 4285
22592 10779
22832 10779
22832 18421
23653 18421
23653 23134
23668 23134
23668 12492
22599 12492
22599 10164
23013 10164
23013 6762
24785 6762
24785 6133
22614 6133
22614 10154
22619 10154
22619 16334
22679 16334
22679 13136
22831 13136
22831 17861
23113 17861
23113 20746
24915 20746
24915 24293
22743 24293
22743 9990
22972 9990
22972 4416
23029 4416
23029 6886
22791 6886
22791 9251
22940 9251
22940 13770
24096 13770
24096 19328
22793 19328
22793 13663
22980 13663
22980 12119
23442 12119
23442 2023
24528 2023
24528 1099
22796 1099
22796 13539
23037 13539
23037 8134
23379 8134
23379 2010
22844 2010
22844 11880
23234 11880
23234 4549
22855 4549
22855 12749
22876 12749
22876 23501
23219 23501
23219 14445
22869 14445
22869 17336
24962 17336
24962 23175
22886 23175
22886 9887
22971 9887
22971 16948
23040 16948
23040 9760
22978 9760
22978 14770
23529 14770
23529 21322
23020 21322
23020 6926
23100 6926
23100 17526
24169 17526
24169 17876
23059 17876
23059 5564
23221 5564
23221 18317
23082 18317
23082 12657
23572 12657
23572 1659
23801 1659
23801 12957
23086 12957
23086 9249
23859 9249
23859 5948
23092 5948
23092 11908
23190 11908
23190 14517
24301 14517
24301 21104
23139 21104
23139 14049
23708 14049
23708 18853
23903 18853
23903 19033
23145 19033
23145 10846
23171 10846
23171 9108
23370 9108
23370 3638
24382 3638
24382 15815
23168 15815
23168 7418
24539 7418
24539 6499
23208 6499
23208 10055
23314 10055
23314 6466
23216 6466
23216 13482
23767 13482
23767 8804
23843 8804
23843 7535
23222 7535
23222 13871
23455 13871
23455 9530
23751 9530
23751 8236
24489 8236
24489 13300
23229 13300
23229 9278
23707 9278
23707 8093
23880 8093
23880 5209
23246 5209
23246 8682
23715 8682
23715 1598
24080 1598
24080 6102
23321 6102
23321 5768
23817 5768
23817 3974
23357 3974
23357 14705
23425 14705
23425 7860
23484 7860
23484 7546
23386 7546
23386 6627
23989 6627
23989 2348
23404 2348
23404 9256
23419 9256
23419 13984
24416 13984
24416 18166
24541 18166
24541 18306
23580 18306
23580 10646
23916 10646
23916 8211
24041 8211
24041 10153
23628 10153
23628 13058
24373 13058
24373 15735
24514 15735
24514 11350
23632 11350
23632 10147
24122 10147
24122 1829
24603 1829
24603 12856
23635 12856
23635 9845
24007 9845
24007 3598
24032 3598
24032 15818
23647 15818
23647 19580
23710 19580
23710 10410
23669 10410
23669 11557
23794 11557
23794 16910
23881 16910
23881 15167
23702 15167
23702 13328
24417 13328
24417 11434
24906 11434
24906 6606
23819 6606
23819 9218
23878 9218
23878 14761
24171 14761
24171 17034
23882 17034
23882 9471
23896 9471
23896 17374
24649 17374
24649 10303
23895 10303
23895 16834
24211 16834
24211 12057
23898 12057
23898 22606
23998 22606
23998 6769
23917 6769
23917 13698
24741 13698
24741 15046
24840 15046
24840 9098
23938 9098
23938 9737
24173 9737
24173 19710
24928 19710
24928 7698
23977 7698
23977 10962
24356 10962
24356 20160
24410 20160
24410 10775
23979 10775
23979 18033
23988 18033
23988 9807
23983 9807
23983 5469
24055 5469
24055 9852
23987 9852
23987 9034
24525 9034
24525 4273
24870 4273
24870 7569
24018 7569
24018 7552
24418 7552
24418 236
24026 236
24026 11850
24114 11850
24114 6766
24665 6766
24665 12441
24040 12441
24040 13709
24437 13709
24437 19889
24104 19889
24104 15679
24204 15679
24204 4733
24733 4733
24733 9106
24110 9106
24110 13769
24334 13769
24334 14961
24573 14961
24573 16612
24206 16612
24206 7626
24721 7626
24721 3907
24227 3907
24227 9525
24251 9525
24251 18903
24963 18903
24963 15050
24229 15050
24229 7980
24290 7980
24290 12539
24254 12539
24254 10768
24452 10768
24452 6757
24349 6757
24349 6155
24660 6155
24660 13215
24374 13215
24374 10839
24451 10839
24451 11248
24381 11248
24381 9668
24435 9668
24435 16568
24395 16568
24395 8146
24470 8146
24470 17040
24663 17040
24663 9542
24438 9542
24438 10658
24585 10658
24585 9685
24441 9685
24441 5606
24481 5606
24481 17750
24485 17750
24485 9958
24709 9958
24709 8967
24520 8967
24520 7850
24587 7850
24587 23160
24591 23160
24591 7467
24630 7467
24630 4321
24604 4321
24604 15943
24604 15943
24604 11550
24632 11550
24632 10513
24670 10513
24670 11133
24639 11133
24639 16884
24807 16884
24807 12609
24644 12609
24644 20313
24970 20313
24970 7282
24652 7282
24652 10090
24787 10090
24787 23908
24686 23908
24686 12063
24945 12063
24945 15452
24722 15452
24722 8724
24792 8724
24792 14606
24756 14606
24756 10742
24790 10742
24790 3263
24864 3263
24864 11691
24831 11691
24831 10211
24860 10211
24860 11839
24832 11839
24832 7665
24925 7665
24925 5679
24910 5679
24910 8195
24991 8195
24991 10050
24917 10050
24917 10499
24994 10499
24994 21514
24994 21514
